>>> Readying Destination to Recieve VM
>>> Tap Device tap0 Already in Use
>>> Successfull Started Destination
>>> Tap Device tap0 Already in Use
>>> Starting VM in Source
>>> VM Up & Running
>>> Starting Memcached in VM
>>> Started Memcached in VM, Process ID : 2205
>>> Starting Memaslap in Client
>>> Started Memaslap in Client, Process ID : 4821
{"QMP": {"version": {"qemu": {"micro": 2, "minor": 1, "major": 8}, "package": ""}, "capabilities": ["oob"]}}
{"return": {}}
Starting PreCopy Migartion
{"return": {}}
Starting Iterations ...
Iteration 1 
Iteration 0 
# Pages Received in Current Iteration : 0
Iteration 1 
# Pages Transferred in Current Iteration : 2101458
Fake Dirty Count : 0
Iteration 2 
# Pages Received in Current Iteration : 2101458
Iteration 2 
# Pages Transferred in Current Iteration : 137493
Fake Dirty Count : 62294
Iteration 3 
# Pages Received in Current Iteration : 137493
Iteration 3 
# Pages Transferred in Current Iteration : 32131
Fake Dirty Count : 14088
Iteration 4 
# Pages Received in Current Iteration : 32131
Iteration 4 
# Pages Transferred in Current Iteration : 9666
Fake Dirty Count : 3589
Iteration 5 
Function : migration_completion 
# Pages Received in Current Iteration : 9666
Iteration 5 
# Pages Transferred in Current Iteration : 3125
Fake Dirty Count : 922
# Pages Received in Current Iteration : 3125
>>> Checking for Migration Status
>>> Migration Completed
root@10.22.196.195:/home/vmuser/Desktop/cpu_usage.log
/mnt/nfs/samindu/mrmpplm/Data-and-Logs/Experiment-Data/interim_2024-08-13_1/Vanilla_PreCopy_2024-08-13_1/Memcached_2024-08-13_1/RAM8192/Experiment8/
receiving incremental file list
cpu_usage.log
              0   0%    0.00kB/s    0:00:00           17,714 100%   16.89MB/s    0:00:00 (xfr#1, to-chk=0/1)

sent 43 bytes  received 17,810 bytes  11,902.00 bytes/sec
total size is 17,714  speedup is 0.99
root@10.22.196.195:/home/vmuser/Desktop/mem_usage.log
/mnt/nfs/samindu/mrmpplm/Data-and-Logs/Experiment-Data/interim_2024-08-13_1/Vanilla_PreCopy_2024-08-13_1/Memcached_2024-08-13_1/RAM8192/Experiment8/
receiving incremental file list
mem_usage.log
              0   0%    0.00kB/s    0:00:00           66,758 100%   63.67MB/s    0:00:00 (xfr#1, to-chk=0/1)

sent 43 bytes  received 66,867 bytes  44,606.67 bytes/sec
total size is 66,758  speedup is 1.00
root@10.22.196.195:/home/vmuser/Desktop/net_usage.log
/mnt/nfs/samindu/mrmpplm/Data-and-Logs/Experiment-Data/interim_2024-08-13_1/Vanilla_PreCopy_2024-08-13_1/Memcached_2024-08-13_1/RAM8192/Experiment8/
receiving incremental file list
net_usage.log
              0   0%    0.00kB/s    0:00:00            9,164 100%    8.74MB/s    0:00:00 (xfr#1, to-chk=0/1)

sent 43 bytes  received 9,261 bytes  18,608.00 bytes/sec
total size is 9,164  speedup is 0.98
