             total       used       free     shared    buffers     cached
Mem:           15G       690M        14G       3.7M        38M       289M
-/+ buffers/cache:       361M        15G
Swap:         8.0G         0B       8.0G

             total       used       free     shared    buffers     cached
Mem:           15G       689M        14G       1.9M        38M       288M
-/+ buffers/cache:       362M        15G
Swap:         8.0G         0B       8.0G

             total       used       free     shared    buffers     cached
Mem:           15G       689M        14G       1.9M        38M       288M
-/+ buffers/cache:       362M        15G
Swap:         8.0G         0B       8.0G

             total       used       free     shared    buffers     cached
Mem:           15G       689M        14G       1.9M        38M       288M
-/+ buffers/cache:       362M        15G
Swap:         8.0G         0B       8.0G

             total       used       free     shared    buffers     cached
Mem:           15G       689M        14G       1.9M        38M       288M
-/+ buffers/cache:       362M        15G
Swap:         8.0G         0B       8.0G

             total       used       free     shared    buffers     cached
Mem:           15G       689M        14G       1.9M        38M       288M
-/+ buffers/cache:       362M        15G
Swap:         8.0G         0B       8.0G

             total       used       free     shared    buffers     cached
Mem:           15G       689M        14G       1.9M        38M       288M
-/+ buffers/cache:       362M        15G
Swap:         8.0G         0B       8.0G

             total       used       free     shared    buffers     cached
Mem:           15G       688M        14G       1.9M        38M       288M
-/+ buffers/cache:       361M        15G
Swap:         8.0G         0B       8.0G

             total       used       free     shared    buffers     cached
Mem:           15G       688M        14G       1.9M        38M       288M
-/+ buffers/cache:       361M        15G
Swap:         8.0G         0B       8.0G

             total       used       free     shared    buffers     cached
Mem:           15G       688M        14G       1.9M        38M       288M
-/+ buffers/cache:       361M        15G
Swap:         8.0G         0B       8.0G

             total       used       free     shared    buffers     cached
Mem:           15G       691M        14G       1.9M        38M       288M
-/+ buffers/cache:       364M        15G
Swap:         8.0G         0B       8.0G

             total       used       free     shared    buffers     cached
Mem:           15G       710M        14G       1.9M        38M       289M
-/+ buffers/cache:       383M        15G
Swap:         8.0G         0B       8.0G

             total       used       free     shared    buffers     cached
Mem:           15G       737M        14G       1.9M        38M       289M
-/+ buffers/cache:       409M        15G
Swap:         8.0G         0B       8.0G

             total       used       free     shared    buffers     cached
Mem:           15G       697M        14G       1.9M        38M       289M
-/+ buffers/cache:       369M        15G
Swap:         8.0G         0B       8.0G

             total       used       free     shared    buffers     cached
Mem:           15G       698M        14G       1.9M        38M       290M
-/+ buffers/cache:       369M        15G
Swap:         8.0G         0B       8.0G

             total       used       free     shared    buffers     cached
Mem:           15G       698M        14G       1.9M        38M       290M
-/+ buffers/cache:       369M        15G
Swap:         8.0G         0B       8.0G

             total       used       free     shared    buffers     cached
Mem:           15G       698M        14G       1.9M        38M       290M
-/+ buffers/cache:       369M        15G
Swap:         8.0G         0B       8.0G

             total       used       free     shared    buffers     cached
Mem:           15G       698M        14G       1.9M        38M       290M
-/+ buffers/cache:       369M        15G
Swap:         8.0G         0B       8.0G

             total       used       free     shared    buffers     cached
Mem:           15G       698M        14G       1.9M        38M       290M
-/+ buffers/cache:       369M        15G
Swap:         8.0G         0B       8.0G

             total       used       free     shared    buffers     cached
Mem:           15G       698M        14G       1.9M        38M       290M
-/+ buffers/cache:       369M        15G
Swap:         8.0G         0B       8.0G

             total       used       free     shared    buffers     cached
Mem:           15G       698M        14G       1.9M        38M       290M
-/+ buffers/cache:       369M        15G
Swap:         8.0G         0B       8.0G

             total       used       free     shared    buffers     cached
Mem:           15G       698M        14G       1.9M        38M       290M
-/+ buffers/cache:       369M        15G
Swap:         8.0G         0B       8.0G

             total       used       free     shared    buffers     cached
Mem:           15G       698M        14G       1.9M        38M       290M
-/+ buffers/cache:       369M        15G
Swap:         8.0G         0B       8.0G

             total       used       free     shared    buffers     cached
Mem:           15G       698M        14G       1.9M        38M       290M
-/+ buffers/cache:       369M        15G
Swap:         8.0G         0B       8.0G

             total       used       free     shared    buffers     cached
Mem:           15G       698M        14G       1.9M        38M       290M
-/+ buffers/cache:       369M        15G
Swap:         8.0G         0B       8.0G

             total       used       free     shared    buffers     cached
Mem:           15G       698M        14G       1.9M        38M       290M
-/+ buffers/cache:       369M        15G
Swap:         8.0G         0B       8.0G

             total       used       free     shared    buffers     cached
Mem:           15G       698M        14G       1.9M        38M       290M
-/+ buffers/cache:       369M        15G
Swap:         8.0G         0B       8.0G

             total       used       free     shared    buffers     cached
Mem:           15G       698M        14G       1.9M        38M       290M
-/+ buffers/cache:       369M        15G
Swap:         8.0G         0B       8.0G

             total       used       free     shared    buffers     cached
Mem:           15G       698M        14G       1.9M        38M       290M
-/+ buffers/cache:       369M        15G
Swap:         8.0G         0B       8.0G

             total       used       free     shared    buffers     cached
Mem:           15G       698M        14G       1.9M        38M       290M
-/+ buffers/cache:       369M        15G
Swap:         8.0G         0B       8.0G

             total       used       free     shared    buffers     cached
Mem:           15G       698M        14G       1.9M        38M       290M
-/+ buffers/cache:       369M        15G
Swap:         8.0G         0B       8.0G

             total       used       free     shared    buffers     cached
Mem:           15G       698M        14G       1.9M        38M       290M
-/+ buffers/cache:       369M        15G
Swap:         8.0G         0B       8.0G

             total       used       free     shared    buffers     cached
Mem:           15G       698M        14G       1.9M        38M       290M
-/+ buffers/cache:       369M        15G
Swap:         8.0G         0B       8.0G

             total       used       free     shared    buffers     cached
Mem:           15G       703M        14G       1.9M        38M       290M
-/+ buffers/cache:       374M        15G
Swap:         8.0G         0B       8.0G

             total       used       free     shared    buffers     cached
Mem:           15G       719M        14G       1.9M        38M       290M
-/+ buffers/cache:       390M        15G
Swap:         8.0G         0B       8.0G

             total       used       free     shared    buffers     cached
Mem:           15G       733M        14G       1.9M        38M       290M
-/+ buffers/cache:       404M        15G
Swap:         8.0G         0B       8.0G

             total       used       free     shared    buffers     cached
Mem:           15G       748M        14G       1.9M        38M       290M
-/+ buffers/cache:       419M        15G
Swap:         8.0G         0B       8.0G

             total       used       free     shared    buffers     cached
Mem:           15G       761M        14G       1.9M        38M       290M
-/+ buffers/cache:       432M        15G
Swap:         8.0G         0B       8.0G

             total       used       free     shared    buffers     cached
Mem:           15G       776M        14G       1.9M        38M       290M
-/+ buffers/cache:       447M        15G
Swap:         8.0G         0B       8.0G

             total       used       free     shared    buffers     cached
Mem:           15G       791M        14G       1.9M        38M       290M
-/+ buffers/cache:       462M        15G
Swap:         8.0G         0B       8.0G

             total       used       free     shared    buffers     cached
Mem:           15G       806M        14G       1.9M        38M       290M
-/+ buffers/cache:       477M        15G
Swap:         8.0G         0B       8.0G

             total       used       free     shared    buffers     cached
Mem:           15G       818M        14G       1.9M        38M       290M
-/+ buffers/cache:       489M        15G
Swap:         8.0G         0B       8.0G

             total       used       free     shared    buffers     cached
Mem:           15G       832M        14G       1.9M        38M       290M
-/+ buffers/cache:       503M        15G
Swap:         8.0G         0B       8.0G

             total       used       free     shared    buffers     cached
Mem:           15G       848M        14G       1.9M        38M       290M
-/+ buffers/cache:       519M        15G
Swap:         8.0G         0B       8.0G

             total       used       free     shared    buffers     cached
Mem:           15G       862M        14G       1.9M        38M       290M
-/+ buffers/cache:       533M        15G
Swap:         8.0G         0B       8.0G

             total       used       free     shared    buffers     cached
Mem:           15G       877M        14G       1.9M        38M       290M
-/+ buffers/cache:       548M        15G
Swap:         8.0G         0B       8.0G

             total       used       free     shared    buffers     cached
Mem:           15G       891M        14G       1.9M        38M       290M
-/+ buffers/cache:       563M        15G
Swap:         8.0G         0B       8.0G

             total       used       free     shared    buffers     cached
Mem:           15G       906M        14G       1.9M        38M       290M
-/+ buffers/cache:       577M        15G
Swap:         8.0G         0B       8.0G

             total       used       free     shared    buffers     cached
Mem:           15G       922M        14G       1.9M        38M       290M
-/+ buffers/cache:       593M        15G
Swap:         8.0G         0B       8.0G

             total       used       free     shared    buffers     cached
Mem:           15G       932M        14G       1.9M        38M       290M
-/+ buffers/cache:       604M        15G
Swap:         8.0G         0B       8.0G

             total       used       free     shared    buffers     cached
Mem:           15G       947M        14G       1.9M        38M       290M
-/+ buffers/cache:       618M        15G
Swap:         8.0G         0B       8.0G

             total       used       free     shared    buffers     cached
Mem:           15G       960M        14G       1.9M        38M       290M
-/+ buffers/cache:       631M        15G
Swap:         8.0G         0B       8.0G

             total       used       free     shared    buffers     cached
Mem:           15G       975M        14G       1.9M        38M       290M
-/+ buffers/cache:       646M        15G
Swap:         8.0G         0B       8.0G

             total       used       free     shared    buffers     cached
Mem:           15G       990M        14G       1.9M        38M       290M
-/+ buffers/cache:       661M        15G
Swap:         8.0G         0B       8.0G

             total       used       free     shared    buffers     cached
Mem:           15G       1.0G        14G       1.9M        38M       290M
-/+ buffers/cache:       676M        15G
Swap:         8.0G         0B       8.0G

             total       used       free     shared    buffers     cached
Mem:           15G       1.0G        14G       1.9M        38M       290M
-/+ buffers/cache:       691M        14G
Swap:         8.0G         0B       8.0G

             total       used       free     shared    buffers     cached
Mem:           15G       1.0G        14G       1.9M        38M       290M
-/+ buffers/cache:       705M        14G
Swap:         8.0G         0B       8.0G

             total       used       free     shared    buffers     cached
Mem:           15G       1.0G        14G       1.9M        38M       290M
-/+ buffers/cache:       720M        14G
Swap:         8.0G         0B       8.0G

             total       used       free     shared    buffers     cached
Mem:           15G       1.0G        14G       1.9M        38M       290M
-/+ buffers/cache:       735M        14G
Swap:         8.0G         0B       8.0G

             total       used       free     shared    buffers     cached
Mem:           15G       1.1G        14G       1.9M        38M       290M
-/+ buffers/cache:       750M        14G
Swap:         8.0G         0B       8.0G

             total       used       free     shared    buffers     cached
Mem:           15G       1.1G        14G       1.9M        38M       290M
-/+ buffers/cache:       765M        14G
Swap:         8.0G         0B       8.0G

             total       used       free     shared    buffers     cached
Mem:           15G       1.1G        14G       1.9M        38M       290M
-/+ buffers/cache:       779M        14G
Swap:         8.0G         0B       8.0G

             total       used       free     shared    buffers     cached
Mem:           15G       1.1G        14G       1.9M        38M       290M
-/+ buffers/cache:       793M        14G
Swap:         8.0G         0B       8.0G

             total       used       free     shared    buffers     cached
Mem:           15G       1.1G        14G       1.9M        38M       290M
-/+ buffers/cache:       808M        14G
Swap:         8.0G         0B       8.0G

             total       used       free     shared    buffers     cached
Mem:           15G       1.1G        14G       1.9M        38M       290M
-/+ buffers/cache:       820M        14G
Swap:         8.0G         0B       8.0G

             total       used       free     shared    buffers     cached
Mem:           15G       1.1G        14G       1.9M        38M       290M
-/+ buffers/cache:       832M        14G
Swap:         8.0G         0B       8.0G

             total       used       free     shared    buffers     cached
Mem:           15G       1.1G        14G       1.9M        38M       290M
-/+ buffers/cache:       847M        14G
Swap:         8.0G         0B       8.0G

             total       used       free     shared    buffers     cached
Mem:           15G       1.2G        14G       1.9M        38M       290M
-/+ buffers/cache:       862M        14G
Swap:         8.0G         0B       8.0G

             total       used       free     shared    buffers     cached
Mem:           15G       1.2G        14G       1.9M        38M       290M
-/+ buffers/cache:       877M        14G
Swap:         8.0G         0B       8.0G

             total       used       free     shared    buffers     cached
Mem:           15G       1.2G        14G       1.9M        38M       290M
-/+ buffers/cache:       892M        14G
Swap:         8.0G         0B       8.0G

             total       used       free     shared    buffers     cached
Mem:           15G       1.2G        14G       1.9M        38M       290M
-/+ buffers/cache:       910M        14G
Swap:         8.0G         0B       8.0G

             total       used       free     shared    buffers     cached
Mem:           15G       1.2G        14G       1.9M        38M       290M
-/+ buffers/cache:       925M        14G
Swap:         8.0G         0B       8.0G

             total       used       free     shared    buffers     cached
Mem:           15G       1.2G        14G       1.9M        38M       290M
-/+ buffers/cache:       939M        14G
Swap:         8.0G         0B       8.0G

             total       used       free     shared    buffers     cached
Mem:           15G       1.3G        14G       1.9M        38M       290M
-/+ buffers/cache:       954M        14G
Swap:         8.0G         0B       8.0G

             total       used       free     shared    buffers     cached
Mem:           15G       1.3G        14G       1.9M        38M       290M
-/+ buffers/cache:       968M        14G
Swap:         8.0G         0B       8.0G

             total       used       free     shared    buffers     cached
Mem:           15G       1.3G        14G       1.9M        38M       290M
-/+ buffers/cache:       983M        14G
Swap:         8.0G         0B       8.0G

             total       used       free     shared    buffers     cached
Mem:           15G       1.3G        14G       1.9M        38M       290M
-/+ buffers/cache:       997M        14G
Swap:         8.0G         0B       8.0G

             total       used       free     shared    buffers     cached
Mem:           15G       1.3G        14G       1.9M        38M       290M
-/+ buffers/cache:       1.0G        14G
Swap:         8.0G         0B       8.0G

             total       used       free     shared    buffers     cached
Mem:           15G       1.3G        14G       1.9M        38M       290M
-/+ buffers/cache:       1.0G        14G
Swap:         8.0G         0B       8.0G

             total       used       free     shared    buffers     cached
Mem:           15G       1.3G        14G       1.9M        38M       290M
-/+ buffers/cache:       1.0G        14G
Swap:         8.0G         0B       8.0G

             total       used       free     shared    buffers     cached
Mem:           15G       1.4G        14G       1.9M        38M       290M
-/+ buffers/cache:       1.0G        14G
Swap:         8.0G         0B       8.0G

             total       used       free     shared    buffers     cached
Mem:           15G       1.4G        14G       1.9M        38M       290M
-/+ buffers/cache:       1.0G        14G
Swap:         8.0G         0B       8.0G

             total       used       free     shared    buffers     cached
Mem:           15G       1.4G        14G       1.9M        38M       290M
-/+ buffers/cache:       1.1G        14G
Swap:         8.0G         0B       8.0G

             total       used       free     shared    buffers     cached
Mem:           15G       1.4G        14G       1.9M        38M       290M
-/+ buffers/cache:       1.1G        14G
Swap:         8.0G         0B       8.0G

             total       used       free     shared    buffers     cached
Mem:           15G       1.4G        14G       1.9M        38M       290M
-/+ buffers/cache:       1.1G        14G
Swap:         8.0G         0B       8.0G

             total       used       free     shared    buffers     cached
Mem:           15G       1.4G        14G       1.9M        38M       290M
-/+ buffers/cache:       1.1G        14G
Swap:         8.0G         0B       8.0G

             total       used       free     shared    buffers     cached
Mem:           15G       1.4G        14G       1.9M        38M       290M
-/+ buffers/cache:       1.1G        14G
Swap:         8.0G         0B       8.0G

             total       used       free     shared    buffers     cached
Mem:           15G       1.5G        14G       1.9M        38M       290M
-/+ buffers/cache:       1.1G        14G
Swap:         8.0G         0B       8.0G

             total       used       free     shared    buffers     cached
Mem:           15G       1.5G        14G       1.9M        38M       290M
-/+ buffers/cache:       1.1G        14G
Swap:         8.0G         0B       8.0G

             total       used       free     shared    buffers     cached
Mem:           15G       1.5G        14G       1.9M        38M       290M
-/+ buffers/cache:       1.2G        14G
Swap:         8.0G         0B       8.0G

             total       used       free     shared    buffers     cached
Mem:           15G       1.5G        14G       1.9M        38M       290M
-/+ buffers/cache:       1.2G        14G
Swap:         8.0G         0B       8.0G

             total       used       free     shared    buffers     cached
Mem:           15G       1.5G        14G       1.9M        38M       290M
-/+ buffers/cache:       1.2G        14G
Swap:         8.0G         0B       8.0G

             total       used       free     shared    buffers     cached
Mem:           15G       1.5G        14G       1.9M        38M       290M
-/+ buffers/cache:       1.2G        14G
Swap:         8.0G         0B       8.0G

             total       used       free     shared    buffers     cached
Mem:           15G       1.5G        14G       1.9M        38M       290M
-/+ buffers/cache:       1.2G        14G
Swap:         8.0G         0B       8.0G

             total       used       free     shared    buffers     cached
Mem:           15G       1.6G        14G       1.9M        38M       290M
-/+ buffers/cache:       1.2G        14G
Swap:         8.0G         0B       8.0G

             total       used       free     shared    buffers     cached
Mem:           15G       1.6G        14G       1.9M        38M       290M
-/+ buffers/cache:       1.2G        14G
Swap:         8.0G         0B       8.0G

             total       used       free     shared    buffers     cached
Mem:           15G       1.6G        14G       1.9M        38M       290M
-/+ buffers/cache:       1.3G        14G
Swap:         8.0G         0B       8.0G

             total       used       free     shared    buffers     cached
Mem:           15G       1.6G        14G       1.9M        38M       290M
-/+ buffers/cache:       1.3G        14G
Swap:         8.0G         0B       8.0G

             total       used       free     shared    buffers     cached
Mem:           15G       1.6G        14G       1.9M        38M       290M
-/+ buffers/cache:       1.3G        14G
Swap:         8.0G         0B       8.0G

             total       used       free     shared    buffers     cached
Mem:           15G       1.6G        14G       1.9M        38M       290M
-/+ buffers/cache:       1.3G        14G
Swap:         8.0G         0B       8.0G

             total       used       free     shared    buffers     cached
Mem:           15G       1.6G        14G       1.9M        38M       290M
-/+ buffers/cache:       1.3G        14G
Swap:         8.0G         0B       8.0G

             total       used       free     shared    buffers     cached
Mem:           15G       1.6G        14G       1.9M        38M       290M
-/+ buffers/cache:       1.3G        14G
Swap:         8.0G         0B       8.0G

             total       used       free     shared    buffers     cached
Mem:           15G       1.7G        14G       1.9M        38M       290M
-/+ buffers/cache:       1.3G        14G
Swap:         8.0G         0B       8.0G

             total       used       free     shared    buffers     cached
Mem:           15G       1.7G        13G       1.9M        38M       290M
-/+ buffers/cache:       1.4G        14G
Swap:         8.0G         0B       8.0G

             total       used       free     shared    buffers     cached
Mem:           15G       1.7G        13G       1.9M        38M       290M
-/+ buffers/cache:       1.4G        14G
Swap:         8.0G         0B       8.0G

             total       used       free     shared    buffers     cached
Mem:           15G       1.7G        13G       1.9M        38M       290M
-/+ buffers/cache:       1.4G        14G
Swap:         8.0G         0B       8.0G

             total       used       free     shared    buffers     cached
Mem:           15G       1.7G        13G       1.9M        38M       290M
-/+ buffers/cache:       1.4G        14G
Swap:         8.0G         0B       8.0G

             total       used       free     shared    buffers     cached
Mem:           15G       1.7G        13G       1.9M        38M       290M
-/+ buffers/cache:       1.4G        14G
Swap:         8.0G         0B       8.0G

             total       used       free     shared    buffers     cached
Mem:           15G       1.7G        13G       1.9M        38M       290M
-/+ buffers/cache:       1.4G        14G
Swap:         8.0G         0B       8.0G

             total       used       free     shared    buffers     cached
Mem:           15G       1.8G        13G       1.9M        38M       290M
-/+ buffers/cache:       1.4G        14G
Swap:         8.0G         0B       8.0G

             total       used       free     shared    buffers     cached
Mem:           15G       1.8G        13G       1.9M        38M       290M
-/+ buffers/cache:       1.5G        14G
Swap:         8.0G         0B       8.0G

             total       used       free     shared    buffers     cached
Mem:           15G       1.8G        13G       1.9M        38M       290M
-/+ buffers/cache:       1.5G        14G
Swap:         8.0G         0B       8.0G

             total       used       free     shared    buffers     cached
Mem:           15G       1.8G        13G       1.9M        38M       290M
-/+ buffers/cache:       1.5G        14G
Swap:         8.0G         0B       8.0G

             total       used       free     shared    buffers     cached
Mem:           15G       1.8G        13G       1.9M        38M       290M
-/+ buffers/cache:       1.5G        14G
Swap:         8.0G         0B       8.0G

             total       used       free     shared    buffers     cached
Mem:           15G       1.8G        13G       1.9M        38M       290M
-/+ buffers/cache:       1.5G        14G
Swap:         8.0G         0B       8.0G

             total       used       free     shared    buffers     cached
Mem:           15G       1.8G        13G       1.9M        38M       290M
-/+ buffers/cache:       1.5G        14G
Swap:         8.0G         0B       8.0G

             total       used       free     shared    buffers     cached
Mem:           15G       1.9G        13G       1.9M        38M       290M
-/+ buffers/cache:       1.5G        14G
Swap:         8.0G         0B       8.0G

             total       used       free     shared    buffers     cached
Mem:           15G       1.9G        13G       1.9M        38M       290M
-/+ buffers/cache:       1.6G        14G
Swap:         8.0G         0B       8.0G

             total       used       free     shared    buffers     cached
Mem:           15G       1.9G        13G       1.9M        38M       290M
-/+ buffers/cache:       1.6G        14G
Swap:         8.0G         0B       8.0G

             total       used       free     shared    buffers     cached
Mem:           15G       1.9G        13G       1.9M        38M       290M
-/+ buffers/cache:       1.6G        14G
Swap:         8.0G         0B       8.0G

             total       used       free     shared    buffers     cached
Mem:           15G       1.9G        13G       1.9M        38M       290M
-/+ buffers/cache:       1.6G        14G
Swap:         8.0G         0B       8.0G

             total       used       free     shared    buffers     cached
Mem:           15G       1.9G        13G       1.9M        38M       290M
-/+ buffers/cache:       1.6G        14G
Swap:         8.0G         0B       8.0G

             total       used       free     shared    buffers     cached
Mem:           15G       2.0G        13G       1.9M        38M       290M
-/+ buffers/cache:       1.6G        14G
Swap:         8.0G         0B       8.0G

             total       used       free     shared    buffers     cached
Mem:           15G       2.0G        13G       1.9M        38M       290M
-/+ buffers/cache:       1.6G        14G
Swap:         8.0G         0B       8.0G

             total       used       free     shared    buffers     cached
Mem:           15G       2.0G        13G       1.9M        38M       290M
-/+ buffers/cache:       1.7G        14G
Swap:         8.0G         0B       8.0G

             total       used       free     shared    buffers     cached
Mem:           15G       2.0G        13G       1.9M        38M       290M
-/+ buffers/cache:       1.7G        13G
Swap:         8.0G         0B       8.0G

             total       used       free     shared    buffers     cached
Mem:           15G       2.0G        13G       1.9M        38M       290M
-/+ buffers/cache:       1.7G        13G
Swap:         8.0G         0B       8.0G

             total       used       free     shared    buffers     cached
Mem:           15G       2.0G        13G       1.9M        38M       290M
-/+ buffers/cache:       1.7G        13G
Swap:         8.0G         0B       8.0G

             total       used       free     shared    buffers     cached
Mem:           15G       2.0G        13G       1.9M        38M       290M
-/+ buffers/cache:       1.7G        13G
Swap:         8.0G         0B       8.0G

             total       used       free     shared    buffers     cached
Mem:           15G       2.1G        13G       1.9M        38M       290M
-/+ buffers/cache:       1.7G        13G
Swap:         8.0G         0B       8.0G

             total       used       free     shared    buffers     cached
Mem:           15G       2.1G        13G       1.9M        38M       290M
-/+ buffers/cache:       1.7G        13G
Swap:         8.0G         0B       8.0G

             total       used       free     shared    buffers     cached
Mem:           15G       2.1G        13G       1.9M        38M       290M
-/+ buffers/cache:       1.8G        13G
Swap:         8.0G         0B       8.0G

             total       used       free     shared    buffers     cached
Mem:           15G       2.1G        13G       1.9M        38M       290M
-/+ buffers/cache:       1.8G        13G
Swap:         8.0G         0B       8.0G

             total       used       free     shared    buffers     cached
Mem:           15G       2.1G        13G       1.9M        38M       290M
-/+ buffers/cache:       1.8G        13G
Swap:         8.0G         0B       8.0G

             total       used       free     shared    buffers     cached
Mem:           15G       2.1G        13G       1.9M        38M       290M
-/+ buffers/cache:       1.8G        13G
Swap:         8.0G         0B       8.0G

             total       used       free     shared    buffers     cached
Mem:           15G       2.1G        13G       1.9M        38M       290M
-/+ buffers/cache:       1.8G        13G
Swap:         8.0G         0B       8.0G

             total       used       free     shared    buffers     cached
Mem:           15G       2.2G        13G       1.9M        38M       290M
-/+ buffers/cache:       1.8G        13G
Swap:         8.0G         0B       8.0G

             total       used       free     shared    buffers     cached
Mem:           15G       2.2G        13G       1.9M        38M       290M
-/+ buffers/cache:       1.9G        13G
Swap:         8.0G         0B       8.0G

             total       used       free     shared    buffers     cached
Mem:           15G       2.2G        13G       1.9M        38M       290M
-/+ buffers/cache:       1.9G        13G
Swap:         8.0G         0B       8.0G

             total       used       free     shared    buffers     cached
Mem:           15G       2.2G        13G       1.9M        38M       290M
-/+ buffers/cache:       1.9G        13G
Swap:         8.0G         0B       8.0G

             total       used       free     shared    buffers     cached
Mem:           15G       2.2G        13G       1.9M        38M       290M
-/+ buffers/cache:       1.9G        13G
Swap:         8.0G         0B       8.0G

             total       used       free     shared    buffers     cached
Mem:           15G       2.2G        13G       1.9M        38M       290M
-/+ buffers/cache:       1.9G        13G
Swap:         8.0G         0B       8.0G

             total       used       free     shared    buffers     cached
Mem:           15G       2.2G        13G       1.9M        38M       290M
-/+ buffers/cache:       1.9G        13G
Swap:         8.0G         0B       8.0G

             total       used       free     shared    buffers     cached
Mem:           15G       2.3G        13G       1.9M        38M       290M
-/+ buffers/cache:       1.9G        13G
Swap:         8.0G         0B       8.0G

             total       used       free     shared    buffers     cached
Mem:           15G       2.3G        13G       1.9M        38M       290M
-/+ buffers/cache:       2.0G        13G
Swap:         8.0G         0B       8.0G

             total       used       free     shared    buffers     cached
Mem:           15G       2.3G        13G       1.9M        38M       290M
-/+ buffers/cache:       2.0G        13G
Swap:         8.0G         0B       8.0G

             total       used       free     shared    buffers     cached
Mem:           15G       2.3G        13G       1.9M        38M       290M
-/+ buffers/cache:       2.0G        13G
Swap:         8.0G         0B       8.0G

             total       used       free     shared    buffers     cached
Mem:           15G       2.3G        13G       1.9M        38M       290M
-/+ buffers/cache:       2.0G        13G
Swap:         8.0G         0B       8.0G

             total       used       free     shared    buffers     cached
Mem:           15G       2.3G        13G       1.9M        38M       290M
-/+ buffers/cache:       2.0G        13G
Swap:         8.0G         0B       8.0G

             total       used       free     shared    buffers     cached
Mem:           15G       2.3G        13G       1.9M        38M       290M
-/+ buffers/cache:       2.0G        13G
Swap:         8.0G         0B       8.0G

             total       used       free     shared    buffers     cached
Mem:           15G       2.4G        13G       1.9M        38M       290M
-/+ buffers/cache:       2.0G        13G
Swap:         8.0G         0B       8.0G

             total       used       free     shared    buffers     cached
Mem:           15G       2.4G        13G       1.9M        38M       290M
-/+ buffers/cache:       2.1G        13G
Swap:         8.0G         0B       8.0G

             total       used       free     shared    buffers     cached
Mem:           15G       2.4G        13G       1.9M        38M       290M
-/+ buffers/cache:       2.1G        13G
Swap:         8.0G         0B       8.0G

             total       used       free     shared    buffers     cached
Mem:           15G       2.4G        13G       1.9M        38M       290M
-/+ buffers/cache:       2.1G        13G
Swap:         8.0G         0B       8.0G

             total       used       free     shared    buffers     cached
Mem:           15G       2.4G        13G       1.9M        38M       290M
-/+ buffers/cache:       2.1G        13G
Swap:         8.0G         0B       8.0G

             total       used       free     shared    buffers     cached
Mem:           15G       2.4G        13G       1.9M        38M       290M
-/+ buffers/cache:       2.1G        13G
Swap:         8.0G         0B       8.0G

             total       used       free     shared    buffers     cached
Mem:           15G       2.4G        13G       1.9M        38M       290M
-/+ buffers/cache:       2.1G        13G
Swap:         8.0G         0B       8.0G

             total       used       free     shared    buffers     cached
Mem:           15G       2.4G        13G       1.9M        38M       290M
-/+ buffers/cache:       2.1G        13G
Swap:         8.0G         0B       8.0G

             total       used       free     shared    buffers     cached
Mem:           15G       2.5G        13G       1.9M        38M       290M
-/+ buffers/cache:       2.1G        13G
Swap:         8.0G         0B       8.0G

             total       used       free     shared    buffers     cached
Mem:           15G       2.5G        13G       1.9M        38M       290M
-/+ buffers/cache:       2.1G        13G
Swap:         8.0G         0B       8.0G

             total       used       free     shared    buffers     cached
Mem:           15G       2.5G        13G       1.9M        38M       290M
-/+ buffers/cache:       2.2G        13G
Swap:         8.0G         0B       8.0G

             total       used       free     shared    buffers     cached
Mem:           15G       2.5G        13G       1.9M        38M       290M
-/+ buffers/cache:       2.2G        13G
Swap:         8.0G         0B       8.0G

             total       used       free     shared    buffers     cached
Mem:           15G       2.5G        13G       1.9M        38M       290M
-/+ buffers/cache:       2.2G        13G
Swap:         8.0G         0B       8.0G

             total       used       free     shared    buffers     cached
Mem:           15G       2.5G        13G       1.9M        38M       290M
-/+ buffers/cache:       2.2G        13G
Swap:         8.0G         0B       8.0G

             total       used       free     shared    buffers     cached
Mem:           15G       2.5G        13G       1.9M        38M       290M
-/+ buffers/cache:       2.2G        13G
Swap:         8.0G         0B       8.0G

             total       used       free     shared    buffers     cached
Mem:           15G       2.6G        13G       1.9M        38M       290M
-/+ buffers/cache:       2.2G        13G
Swap:         8.0G         0B       8.0G

             total       used       free     shared    buffers     cached
Mem:           15G       2.6G        13G       1.9M        38M       290M
-/+ buffers/cache:       2.2G        13G
Swap:         8.0G         0B       8.0G

             total       used       free     shared    buffers     cached
Mem:           15G       2.6G        13G       1.9M        38M       290M
-/+ buffers/cache:       2.3G        13G
Swap:         8.0G         0B       8.0G

             total       used       free     shared    buffers     cached
Mem:           15G       2.6G        13G       1.9M        38M       290M
-/+ buffers/cache:       2.3G        13G
Swap:         8.0G         0B       8.0G

             total       used       free     shared    buffers     cached
Mem:           15G       2.6G        13G       1.9M        38M       290M
-/+ buffers/cache:       2.3G        13G
Swap:         8.0G         0B       8.0G

             total       used       free     shared    buffers     cached
Mem:           15G       2.6G        13G       1.9M        38M       290M
-/+ buffers/cache:       2.3G        13G
Swap:         8.0G         0B       8.0G

             total       used       free     shared    buffers     cached
Mem:           15G       2.6G        13G       1.9M        38M       290M
-/+ buffers/cache:       2.3G        13G
Swap:         8.0G         0B       8.0G

             total       used       free     shared    buffers     cached
Mem:           15G       2.7G        13G       1.9M        38M       290M
-/+ buffers/cache:       2.3G        13G
Swap:         8.0G         0B       8.0G

             total       used       free     shared    buffers     cached
Mem:           15G       2.7G        13G       1.9M        38M       290M
-/+ buffers/cache:       2.3G        13G
Swap:         8.0G         0B       8.0G

             total       used       free     shared    buffers     cached
Mem:           15G       2.7G        13G       1.9M        38M       290M
-/+ buffers/cache:       2.3G        13G
Swap:         8.0G         0B       8.0G

             total       used       free     shared    buffers     cached
Mem:           15G       2.7G        13G       1.9M        38M       290M
-/+ buffers/cache:       2.3G        13G
Swap:         8.0G         0B       8.0G

             total       used       free     shared    buffers     cached
Mem:           15G       2.7G        12G       1.9M        38M       290M
-/+ buffers/cache:       2.4G        13G
Swap:         8.0G         0B       8.0G

             total       used       free     shared    buffers     cached
Mem:           15G       2.7G        12G       1.9M        38M       290M
-/+ buffers/cache:       2.4G        13G
Swap:         8.0G         0B       8.0G

             total       used       free     shared    buffers     cached
Mem:           15G       2.7G        12G       1.9M        38M       290M
-/+ buffers/cache:       2.4G        13G
Swap:         8.0G         0B       8.0G

             total       used       free     shared    buffers     cached
Mem:           15G       2.7G        12G       1.9M        38M       290M
-/+ buffers/cache:       2.4G        13G
Swap:         8.0G         0B       8.0G

             total       used       free     shared    buffers     cached
Mem:           15G       2.7G        12G       1.9M        38M       290M
-/+ buffers/cache:       2.4G        13G
Swap:         8.0G         0B       8.0G

             total       used       free     shared    buffers     cached
Mem:           15G       2.8G        12G       1.9M        38M       290M
-/+ buffers/cache:       2.4G        13G
Swap:         8.0G         0B       8.0G

             total       used       free     shared    buffers     cached
Mem:           15G       2.8G        12G       1.9M        38M       290M
-/+ buffers/cache:       2.5G        13G
Swap:         8.0G         0B       8.0G

             total       used       free     shared    buffers     cached
Mem:           15G       2.8G        12G       1.9M        38M       290M
-/+ buffers/cache:       2.5G        13G
Swap:         8.0G         0B       8.0G

             total       used       free     shared    buffers     cached
Mem:           15G       2.8G        12G       1.9M        38M       290M
-/+ buffers/cache:       2.5G        13G
Swap:         8.0G         0B       8.0G

             total       used       free     shared    buffers     cached
Mem:           15G       2.8G        12G       1.9M        38M       290M
-/+ buffers/cache:       2.5G        13G
Swap:         8.0G         0B       8.0G

             total       used       free     shared    buffers     cached
Mem:           15G       2.8G        12G       1.9M        38M       290M
-/+ buffers/cache:       2.5G        13G
Swap:         8.0G         0B       8.0G

             total       used       free     shared    buffers     cached
Mem:           15G       2.9G        12G       1.9M        38M       290M
-/+ buffers/cache:       2.5G        13G
Swap:         8.0G         0B       8.0G

             total       used       free     shared    buffers     cached
Mem:           15G       2.9G        12G       1.9M        38M       290M
-/+ buffers/cache:       2.5G        13G
Swap:         8.0G         0B       8.0G

             total       used       free     shared    buffers     cached
Mem:           15G       2.9G        12G       1.9M        38M       290M
-/+ buffers/cache:       2.6G        13G
Swap:         8.0G         0B       8.0G

             total       used       free     shared    buffers     cached
Mem:           15G       2.9G        12G       1.9M        38M       290M
-/+ buffers/cache:       2.6G        13G
Swap:         8.0G         0B       8.0G

             total       used       free     shared    buffers     cached
Mem:           15G       2.9G        12G       1.9M        38M       290M
-/+ buffers/cache:       2.6G        13G
Swap:         8.0G         0B       8.0G

             total       used       free     shared    buffers     cached
Mem:           15G       2.9G        12G       1.9M        38M       290M
-/+ buffers/cache:       2.6G        13G
Swap:         8.0G         0B       8.0G

             total       used       free     shared    buffers     cached
Mem:           15G       2.9G        12G       1.9M        38M       290M
-/+ buffers/cache:       2.6G        13G
Swap:         8.0G         0B       8.0G

             total       used       free     shared    buffers     cached
Mem:           15G       2.9G        12G       1.9M        38M       290M
-/+ buffers/cache:       2.6G        13G
Swap:         8.0G         0B       8.0G

             total       used       free     shared    buffers     cached
Mem:           15G       3.0G        12G       1.9M        38M       290M
-/+ buffers/cache:       2.6G        13G
Swap:         8.0G         0B       8.0G

             total       used       free     shared    buffers     cached
Mem:           15G       3.0G        12G       1.9M        38M       290M
-/+ buffers/cache:       2.7G        13G
Swap:         8.0G         0B       8.0G

             total       used       free     shared    buffers     cached
Mem:           15G       3.0G        12G       1.9M        38M       290M
-/+ buffers/cache:       2.7G        13G
Swap:         8.0G         0B       8.0G

             total       used       free     shared    buffers     cached
Mem:           15G       3.0G        12G       1.9M        38M       290M
-/+ buffers/cache:       2.7G        12G
Swap:         8.0G         0B       8.0G

             total       used       free     shared    buffers     cached
Mem:           15G       3.0G        12G       1.9M        38M       290M
-/+ buffers/cache:       2.7G        12G
Swap:         8.0G         0B       8.0G

             total       used       free     shared    buffers     cached
Mem:           15G       3.0G        12G       1.9M        38M       290M
-/+ buffers/cache:       2.7G        12G
Swap:         8.0G         0B       8.0G

             total       used       free     shared    buffers     cached
Mem:           15G       3.0G        12G       1.9M        38M       290M
-/+ buffers/cache:       2.7G        12G
Swap:         8.0G         0B       8.0G

             total       used       free     shared    buffers     cached
Mem:           15G       3.1G        12G       1.9M        38M       290M
-/+ buffers/cache:       2.7G        12G
Swap:         8.0G         0B       8.0G

             total       used       free     shared    buffers     cached
Mem:           15G       3.1G        12G       1.9M        38M       290M
-/+ buffers/cache:       2.7G        12G
Swap:         8.0G         0B       8.0G

             total       used       free     shared    buffers     cached
Mem:           15G       3.1G        12G       1.9M        38M       290M
-/+ buffers/cache:       2.8G        12G
Swap:         8.0G         0B       8.0G

             total       used       free     shared    buffers     cached
Mem:           15G       3.1G        12G       1.9M        38M       290M
-/+ buffers/cache:       2.8G        12G
Swap:         8.0G         0B       8.0G

             total       used       free     shared    buffers     cached
Mem:           15G       3.1G        12G       1.9M        38M       290M
-/+ buffers/cache:       2.8G        12G
Swap:         8.0G         0B       8.0G

             total       used       free     shared    buffers     cached
Mem:           15G       3.1G        12G       1.9M        38M       290M
-/+ buffers/cache:       2.8G        12G
Swap:         8.0G         0B       8.0G

             total       used       free     shared    buffers     cached
Mem:           15G       3.1G        12G       1.9M        38M       290M
-/+ buffers/cache:       2.8G        12G
Swap:         8.0G         0B       8.0G

             total       used       free     shared    buffers     cached
Mem:           15G       3.1G        12G       1.9M        38M       290M
-/+ buffers/cache:       2.8G        12G
Swap:         8.0G         0B       8.0G

             total       used       free     shared    buffers     cached
Mem:           15G       3.2G        12G       1.9M        38M       290M
-/+ buffers/cache:       2.8G        12G
Swap:         8.0G         0B       8.0G

             total       used       free     shared    buffers     cached
Mem:           15G       3.2G        12G       1.9M        38M       290M
-/+ buffers/cache:       2.9G        12G
Swap:         8.0G         0B       8.0G

             total       used       free     shared    buffers     cached
Mem:           15G       3.2G        12G       1.9M        38M       290M
-/+ buffers/cache:       2.9G        12G
Swap:         8.0G         0B       8.0G

             total       used       free     shared    buffers     cached
Mem:           15G       3.2G        12G       1.9M        38M       290M
-/+ buffers/cache:       2.9G        12G
Swap:         8.0G         0B       8.0G

             total       used       free     shared    buffers     cached
Mem:           15G       3.2G        12G       1.9M        38M       290M
-/+ buffers/cache:       2.9G        12G
Swap:         8.0G         0B       8.0G

             total       used       free     shared    buffers     cached
Mem:           15G       3.2G        12G       1.9M        38M       290M
-/+ buffers/cache:       2.9G        12G
Swap:         8.0G         0B       8.0G

             total       used       free     shared    buffers     cached
Mem:           15G       3.2G        12G       1.9M        38M       290M
-/+ buffers/cache:       2.9G        12G
Swap:         8.0G         0B       8.0G

             total       used       free     shared    buffers     cached
Mem:           15G       3.3G        12G       5.5M        38M       294M
-/+ buffers/cache:       2.9G        12G
Swap:         8.0G         0B       8.0G

             total       used       free     shared    buffers     cached
Mem:           15G       3.3G        12G       1.9M        38M       290M
-/+ buffers/cache:       3.0G        12G
Swap:         8.0G         0B       8.0G

             total       used       free     shared    buffers     cached
Mem:           15G       3.3G        12G       1.9M        38M       290M
-/+ buffers/cache:       3.0G        12G
Swap:         8.0G         0B       8.0G

             total       used       free     shared    buffers     cached
Mem:           15G       3.3G        12G       1.9M        38M       290M
-/+ buffers/cache:       3.0G        12G
Swap:         8.0G         0B       8.0G

             total       used       free     shared    buffers     cached
Mem:           15G       3.3G        12G       1.9M        38M       290M
-/+ buffers/cache:       3.0G        12G
Swap:         8.0G         0B       8.0G

             total       used       free     shared    buffers     cached
Mem:           15G       3.3G        12G       1.9M        38M       290M
-/+ buffers/cache:       3.0G        12G
Swap:         8.0G         0B       8.0G

             total       used       free     shared    buffers     cached
Mem:           15G       3.3G        12G       1.9M        38M       290M
-/+ buffers/cache:       3.0G        12G
Swap:         8.0G         0B       8.0G

             total       used       free     shared    buffers     cached
Mem:           15G       3.4G        12G       1.9M        38M       290M
-/+ buffers/cache:       3.0G        12G
Swap:         8.0G         0B       8.0G

             total       used       free     shared    buffers     cached
Mem:           15G       3.4G        12G       1.9M        39M       290M
-/+ buffers/cache:       3.0G        12G
Swap:         8.0G         0B       8.0G

             total       used       free     shared    buffers     cached
Mem:           15G       3.4G        12G       1.9M        39M       290M
-/+ buffers/cache:       3.1G        12G
Swap:         8.0G         0B       8.0G

             total       used       free     shared    buffers     cached
Mem:           15G       3.4G        12G       1.9M        39M       290M
-/+ buffers/cache:       3.1G        12G
Swap:         8.0G         0B       8.0G

             total       used       free     shared    buffers     cached
Mem:           15G       3.4G        12G       1.9M        39M       290M
-/+ buffers/cache:       3.1G        12G
Swap:         8.0G         0B       8.0G

             total       used       free     shared    buffers     cached
Mem:           15G       3.4G        12G       1.9M        39M       290M
-/+ buffers/cache:       3.1G        12G
Swap:         8.0G         0B       8.0G

             total       used       free     shared    buffers     cached
Mem:           15G       3.5G        12G       1.9M        39M       290M
-/+ buffers/cache:       3.1G        12G
Swap:         8.0G         0B       8.0G

             total       used       free     shared    buffers     cached
Mem:           15G       3.5G        12G       1.9M        39M       290M
-/+ buffers/cache:       3.1G        12G
Swap:         8.0G         0B       8.0G

             total       used       free     shared    buffers     cached
Mem:           15G       3.5G        12G       1.9M        39M       290M
-/+ buffers/cache:       3.2G        12G
Swap:         8.0G         0B       8.0G

             total       used       free     shared    buffers     cached
Mem:           15G       3.5G        12G       1.9M        39M       290M
-/+ buffers/cache:       3.2G        12G
Swap:         8.0G         0B       8.0G

             total       used       free     shared    buffers     cached
Mem:           15G       3.5G        12G       1.9M        39M       290M
-/+ buffers/cache:       3.2G        12G
Swap:         8.0G         0B       8.0G

             total       used       free     shared    buffers     cached
Mem:           15G       3.5G        12G       1.9M        39M       290M
-/+ buffers/cache:       3.2G        12G
Swap:         8.0G         0B       8.0G

             total       used       free     shared    buffers     cached
Mem:           15G       3.5G        12G       1.9M        39M       290M
-/+ buffers/cache:       3.2G        12G
Swap:         8.0G         0B       8.0G

             total       used       free     shared    buffers     cached
Mem:           15G       3.6G        12G       1.9M        39M       290M
-/+ buffers/cache:       3.2G        12G
Swap:         8.0G         0B       8.0G

             total       used       free     shared    buffers     cached
Mem:           15G       3.6G        12G       1.9M        39M       290M
-/+ buffers/cache:       3.3G        12G
Swap:         8.0G         0B       8.0G

             total       used       free     shared    buffers     cached
Mem:           15G       3.6G        12G       1.9M        39M       290M
-/+ buffers/cache:       3.3G        12G
Swap:         8.0G         0B       8.0G

             total       used       free     shared    buffers     cached
Mem:           15G       3.6G        12G       1.9M        39M       290M
-/+ buffers/cache:       3.3G        12G
Swap:         8.0G         0B       8.0G

             total       used       free     shared    buffers     cached
Mem:           15G       3.6G        12G       1.9M        39M       290M
-/+ buffers/cache:       3.3G        12G
Swap:         8.0G         0B       8.0G

             total       used       free     shared    buffers     cached
Mem:           15G       3.6G        12G       1.9M        39M       290M
-/+ buffers/cache:       3.3G        12G
Swap:         8.0G         0B       8.0G

             total       used       free     shared    buffers     cached
Mem:           15G       3.7G        12G       1.9M        39M       290M
-/+ buffers/cache:       3.3G        12G
Swap:         8.0G         0B       8.0G

             total       used       free     shared    buffers     cached
Mem:           15G       3.7G        11G       1.9M        39M       290M
-/+ buffers/cache:       3.4G        12G
Swap:         8.0G         0B       8.0G

             total       used       free     shared    buffers     cached
Mem:           15G       3.7G        11G       1.9M        39M       290M
-/+ buffers/cache:       3.4G        12G
Swap:         8.0G         0B       8.0G

             total       used       free     shared    buffers     cached
Mem:           15G       3.7G        11G       1.9M        39M       290M
-/+ buffers/cache:       3.4G        12G
Swap:         8.0G         0B       8.0G

             total       used       free     shared    buffers     cached
Mem:           15G       3.7G        11G       1.9M        39M       290M
-/+ buffers/cache:       3.4G        12G
Swap:         8.0G         0B       8.0G

             total       used       free     shared    buffers     cached
Mem:           15G       3.7G        11G       1.9M        39M       290M
-/+ buffers/cache:       3.4G        12G
Swap:         8.0G         0B       8.0G

             total       used       free     shared    buffers     cached
Mem:           15G       3.8G        11G       1.9M        39M       290M
-/+ buffers/cache:       3.4G        12G
Swap:         8.0G         0B       8.0G

             total       used       free     shared    buffers     cached
Mem:           15G       3.8G        11G       1.9M        39M       290M
-/+ buffers/cache:       3.4G        12G
Swap:         8.0G         0B       8.0G

             total       used       free     shared    buffers     cached
Mem:           15G       3.8G        11G       1.9M        39M       290M
-/+ buffers/cache:       3.5G        12G
Swap:         8.0G         0B       8.0G

             total       used       free     shared    buffers     cached
Mem:           15G       3.8G        11G       1.9M        39M       290M
-/+ buffers/cache:       3.5G        12G
Swap:         8.0G         0B       8.0G

             total       used       free     shared    buffers     cached
Mem:           15G       3.8G        11G       1.9M        39M       290M
-/+ buffers/cache:       3.5G        12G
Swap:         8.0G         0B       8.0G

             total       used       free     shared    buffers     cached
Mem:           15G       3.8G        11G       1.9M        39M       290M
-/+ buffers/cache:       3.5G        12G
Swap:         8.0G         0B       8.0G

             total       used       free     shared    buffers     cached
Mem:           15G       3.8G        11G       1.9M        39M       290M
-/+ buffers/cache:       3.5G        12G
Swap:         8.0G         0B       8.0G

             total       used       free     shared    buffers     cached
Mem:           15G       3.8G        11G       1.9M        39M       290M
-/+ buffers/cache:       3.5G        12G
Swap:         8.0G         0B       8.0G

             total       used       free     shared    buffers     cached
Mem:           15G       3.9G        11G       1.9M        39M       291M
-/+ buffers/cache:       3.5G        12G
Swap:         8.0G         0B       8.0G
