Linux 4.4.0-142-generic (vm) 	2025-02-22 	_x86_64_	(1 CPU)

10:47:05     CPU    %usr   %nice    %sys %iowait    %irq   %soft  %steal  %guest  %gnice   %idle
10:47:06     all   43.56    0.00   11.88    0.00    0.00    0.00    0.00    0.00    0.00   44.55
10:47:07     all   12.87    0.00    3.96    0.00    0.00    0.00    0.00    0.00    0.00   83.17
10:47:08     all    0.00    0.00    0.00    0.00    0.00    0.00    0.00    0.00    0.00  100.00
10:47:09     all    0.00    0.00    0.00    0.00    0.00    0.00    0.00    0.00    0.00  100.00
10:47:10     all    1.00    0.00    0.00    0.00    0.00    0.00    0.00    0.00    0.00   99.00
10:47:11     all    0.00    0.00    0.00    7.00    0.00    0.00    0.00    0.00    0.00   93.00
10:47:12     all    0.00    0.00    1.00    0.00    0.00    0.00    0.00    0.00    0.00   99.00
10:47:13     all    1.00    0.00    1.00    7.00    0.00    0.00    0.00    0.00    0.00   91.00
10:47:14     all    0.00    0.00    0.00    0.00    0.00    0.00    0.00    0.00    0.00  100.00
10:47:15     all    8.91    0.00    1.98    0.99    0.00    0.00    0.00    0.00    0.00   88.12
10:47:16     all   13.13    8.08    6.06    0.00    0.00    0.00    0.00    0.00    0.00   72.73
10:47:17     all    7.92   87.13    4.95    0.00    0.00    0.00    0.00    0.00    0.00    0.00
10:47:18     all    7.14   24.49    9.18    2.04    0.00    0.00    0.00    0.00    0.00   57.14
10:47:19     all   11.88    0.00    4.95    9.90    0.00    0.00    0.00    0.00    0.00   73.27
10:47:20     all   11.88    0.00    2.97    0.00    0.00    0.00    0.00    0.00    0.00   85.15
10:47:21     all    0.00    0.00    0.00    0.00    0.00    0.00    0.00    0.00    0.00  100.00
10:47:22     all    0.00    0.00    0.00    0.00    0.00    0.00    0.00    0.00    0.00  100.00
10:47:23     all    0.00    0.00    0.00    0.00    0.00    0.00    0.00    0.00    0.00  100.00
10:47:24     all    0.00    0.00    0.00    8.08    0.00    0.00    0.00    0.00    0.00   91.92
10:47:25     all    0.00    0.00    0.00    0.00    0.00    0.00    0.00    0.00    0.00  100.00
10:47:26     all   19.80    0.00    7.92    0.00    0.00    0.00    0.00    0.00    0.00   72.28
10:47:27     all    5.88    0.00    3.92    0.98    0.00    0.00    0.00    0.00    0.00   89.22
10:47:28     all    0.99    0.00    0.00    0.00    0.00    0.00    0.00    0.00    0.00   99.01
10:47:29     all    0.00    0.00    0.00    6.12    0.00    0.00    0.00    0.00    0.00   93.88
10:47:30     all    0.00    0.00    0.00    0.00    0.00    0.00    0.00    0.00    0.00  100.00
10:47:31     all    0.00    0.00    0.00    0.00    0.00    0.00    0.00    0.00    0.00  100.00
10:47:32     all    0.00    0.00    0.00    0.00    0.00    0.00    0.00    0.00    0.00  100.00
10:47:33     all    0.00    0.00    0.00    0.00    0.00    0.00    0.00    0.00    0.00  100.00
10:47:34     all    0.00    0.00    0.00    0.00    0.00    0.00    0.00    0.00    0.00  100.00
10:47:35     all    0.00    0.00    0.00    8.08    0.00    0.00    0.00    0.00    0.00   91.92
10:47:36     all    0.00    0.00    0.00    0.00    0.00    0.00    0.00    0.00    0.00  100.00
10:47:37     all    0.00    0.00    0.00    0.00    0.00    0.00    0.00    0.00    0.00  100.00
10:47:38     all    3.06    0.00    3.06    0.00    0.00    0.00    0.00    0.00    0.00   93.88
10:47:39     all   17.53    0.00   25.77    0.00    0.00    6.19    0.00    0.00    0.00   50.52
10:47:40     all   13.64    0.00   21.59    4.55    0.00    4.55    0.00    0.00    0.00   55.68
10:47:41     all   18.07    0.00   18.07    0.00    0.00    3.61    0.00    0.00    0.00   60.24
10:47:42     all   22.99    0.00   20.69    0.00    0.00    1.15    0.00    0.00    0.00   55.17
10:47:43     all   19.79    0.00   22.92    0.00    0.00    5.21    0.00    0.00    0.00   52.08
10:47:44     all   20.00    0.00   25.26    0.00    0.00    2.11    0.00    0.00    0.00   52.63
10:47:45     all   18.75    0.00   22.92    4.17    0.00    5.21    0.00    0.00    0.00   48.96
10:47:46     all   28.26    0.00   17.39    0.00    0.00    3.26    0.00    0.00    0.00   51.09
10:47:47     all   20.00    0.00   22.11    0.00    0.00    1.05    0.00    0.00    0.00   56.84
10:47:48     all   28.57    0.00   16.48    0.00    0.00    2.20    0.00    0.00    0.00   52.75
10:47:49     all   13.40    0.00   24.74    0.00    0.00    4.12    0.00    0.00    0.00   57.73
10:47:50     all   15.56    0.00   24.44    0.00    0.00    5.56    0.00    0.00    0.00   54.44
10:47:51     all   16.84    0.00   20.00    4.21    0.00    3.16    0.00    0.00    0.00   55.79
10:47:52     all   11.49    0.00   21.84    0.00    0.00    4.60    0.00    0.00    0.00   62.07
10:47:53     all   42.55    0.00   11.70    0.00    0.00    2.13    0.00    0.00    0.00   43.62
10:47:54     all   14.61    0.00   16.85    0.00    0.00    2.25    0.00    0.00    0.00   66.29
10:47:55     all   12.79    0.00   18.60    0.00    0.00    3.49    0.00    0.00    0.00   65.12
10:47:56     all   16.67    0.00   20.00    4.44    0.00    3.33    0.00    0.00    0.00   55.56
10:47:57     all   23.66    0.00   20.43    0.00    0.00    0.00    0.00    0.00    0.00   55.91
10:47:58     all   16.48    0.00   21.98    0.00    0.00    3.30    0.00    0.00    0.00   58.24
10:47:59     all   17.58    0.00   16.48    0.00    0.00    3.30    0.00    0.00    0.00   62.64
10:48:00     all   19.32    0.00   20.45    0.00    0.00    1.14    0.00    0.00    0.00   59.09
10:48:01     all    8.14    0.00   24.42   18.60    0.00    5.81    0.00    0.00    0.00   43.02
10:48:02     all   15.38    0.00   16.67    0.00    0.00    1.28    0.00    0.00    0.00   66.67
10:48:03     all   26.37    0.00   17.58    0.00    0.00    2.20    0.00    0.00    0.00   53.85
10:48:04     all   19.78    0.00   19.78    0.00    0.00    2.20    0.00    0.00    0.00   58.24
10:48:05     all   18.18    0.00   22.73    0.00    0.00    2.27    0.00    0.00    0.00   56.82
10:48:06     all   22.45    0.00   22.45    0.00    0.00    4.08    0.00    0.00    0.00   51.02
10:48:07     all   18.18    0.00   23.86   13.64    0.00    2.27    0.00    0.00    0.00   42.05
10:48:08     all   51.09    0.00   15.22    0.00    0.00    1.09    0.00    0.00    0.00   32.61
10:48:09     all   42.55    0.00   14.89    0.00    0.00    1.06    0.00    0.00    0.00   41.49
10:48:10     all   16.67    0.00   23.33    0.00    0.00    5.56    0.00    0.00    0.00   54.44
10:48:11     all   18.39    0.00   21.84    0.00    0.00    4.60    0.00    0.00    0.00   55.17
10:48:12     all   22.11    0.00   20.00    6.32    0.00    5.26    0.00    0.00    0.00   46.32
10:48:13     all   24.18    0.00   17.58    0.00    0.00    3.30    0.00    0.00    0.00   54.95
10:48:14     all   26.60    0.00   19.15    0.00    0.00    4.26    0.00    0.00    0.00   50.00
10:48:15     all   16.85    0.00   25.84    3.37    0.00    3.37    0.00    0.00    0.00   50.56
10:48:16     all   23.08    0.00   14.29    1.10    0.00    4.40    0.00    0.00    0.00   57.14
10:48:17     all   20.22    0.00   17.98    0.00    0.00    3.37    0.00    0.00    0.00   58.43
10:48:18     all   14.61    0.00   23.60    0.00    0.00    3.37    0.00    0.00    0.00   58.43
10:48:19     all   15.38    0.00   24.18    0.00    0.00    3.30    0.00    0.00    0.00   57.14
10:48:20     all   16.47    0.00   21.18    0.00    0.00    2.35    0.00    0.00    0.00   60.00
10:48:21     all   20.21    0.00   19.15   45.74    0.00    3.19    0.00    0.00    0.00   11.70
10:48:22     all   18.60    0.00   19.77    0.00    0.00    2.33    0.00    0.00    0.00   59.30
10:48:23     all   16.46    0.00   18.99    0.00    0.00    1.27    0.00    0.00    0.00   63.29
10:48:24     all   14.94    0.00   25.29    0.00    0.00    2.30    0.00    0.00    0.00   57.47
10:48:25     all   16.47    0.00   22.35    0.00    0.00    3.53    0.00    0.00    0.00   57.65
10:48:26     all   16.84    0.00   25.26   41.05    0.00    1.05    0.00    0.00    0.00   15.79
10:48:27     all   23.91    0.00   19.57   34.78    0.00    4.35    0.00    0.00    0.00   17.39
10:48:28     all   18.68    0.00   27.47    0.00    0.00    1.10    0.00    0.00    0.00   52.75
10:48:29     all   25.25    0.00   24.24    0.00    0.00    3.03    0.00    0.00    0.00   47.47
10:48:30     all   26.09    0.00   20.65    0.00    0.00    3.26    0.00    0.00    0.00   50.00
10:48:31     all   29.17    0.00   17.71   14.58    0.00    3.12    0.00    0.00    0.00   35.42
10:48:32     all   21.65    0.00   26.80   40.21    0.00    4.12    0.00    0.00    0.00    7.22
10:48:33     all   16.48    0.00   21.98    0.00    0.00    6.59    0.00    0.00    0.00   54.95
10:48:34     all   32.99    0.00   18.56    0.00    0.00    3.09    0.00    0.00    0.00   45.36
10:48:35     all   43.75    0.00    9.38    0.00    0.00    2.08    0.00    0.00    0.00   44.79
10:48:36     all   37.62    0.00   18.81    0.00    0.00    1.98    0.00    0.00    0.00   41.58
10:48:37     all   78.64    0.00    2.91   18.45    0.00    0.00    0.00    0.00    0.00    0.00
10:48:38     all   54.90    0.00    7.84    2.94    0.00    0.98    0.00    0.00    0.00   33.33
10:48:39     all   72.22    0.00    2.78    0.93    0.00    0.00    0.00    0.00    0.00   24.07
10:48:40     all   72.32    0.00    2.68    0.89    0.00    0.00    0.00    0.00    0.00   24.11
10:48:41     all   71.82    0.00    2.73    0.91    0.00    1.82    0.00    0.00    0.00   22.73
10:48:42     all   78.38    0.00    0.90   13.51    0.00    0.00    0.00    0.00    0.00    7.21
10:48:43     all   78.95    0.00    1.75    2.63    0.00    0.00    0.00    0.00    0.00   16.67
10:48:44     all   76.79    0.00    1.79    0.00    0.00    0.00    0.00    0.00    0.00   21.43
10:48:45     all   81.03    0.00    1.72    0.86    0.00    1.72    0.00    0.00    0.00   14.66
10:48:46     all   80.36    0.00    1.79    0.89    0.00    0.00    0.00    0.00    0.00   16.96
10:48:47     all   84.26    0.00    0.93    1.85    0.00    0.00    0.00    0.00    0.00   12.96
10:48:48     all   84.55    0.00    0.91    5.45    0.00    0.00    0.00    0.00    0.00    9.09
10:48:49     all   89.11    0.00    9.90    0.00    0.00    0.00    0.00    0.00    0.00    0.99
10:48:50     all   84.00    0.00   16.00    0.00    0.00    0.00    0.00    0.00    0.00    0.00
10:48:51     all   79.80    0.00   20.20    0.00    0.00    0.00    0.00    0.00    0.00    0.00
10:48:52     all   84.00    0.00   16.00    0.00    0.00    0.00    0.00    0.00    0.00    0.00
10:48:53     all   99.01    0.00    0.99    0.00    0.00    0.00    0.00    0.00    0.00    0.00
10:48:54     all   91.00    0.00    9.00    0.00    0.00    0.00    0.00    0.00    0.00    0.00
10:48:55     all   92.00    0.00    8.00    0.00    0.00    0.00    0.00    0.00    0.00    0.00
10:48:56     all   83.00    0.00   17.00    0.00    0.00    0.00    0.00    0.00    0.00    0.00
10:48:57     all   85.00    0.00   15.00    0.00    0.00    0.00    0.00    0.00    0.00    0.00
10:48:58     all   92.00    0.00    8.00    0.00    0.00    0.00    0.00    0.00    0.00    0.00
10:48:59     all   92.00    0.00    8.00    0.00    0.00    0.00    0.00    0.00    0.00    0.00
10:49:00     all   98.00    0.00    2.00    0.00    0.00    0.00    0.00    0.00    0.00    0.00
10:49:01     all   88.00    0.00   12.00    0.00    0.00    0.00    0.00    0.00    0.00    0.00
10:49:02     all   96.04    0.00    1.98    0.00    0.00    0.00    0.00    0.00    0.00    1.98
10:49:03     all   89.81    0.00    0.00    1.85    0.00    0.00    0.00    0.00    0.00    8.33
10:49:04     all   81.65    0.00    1.83    0.92    0.00    0.00    0.00    0.00    0.00   15.60
10:49:05     all   79.65    0.00    1.77    0.88    0.00    0.00    0.00    0.00    0.00   17.70
10:49:06     all   83.04    0.00    0.00    0.89    0.00    0.89    0.00    0.00    0.00   15.18
10:49:07     all   85.19    0.00    1.85    0.00    0.00    0.00    0.00    0.00    0.00   12.96
10:49:08     all   82.88    0.00    0.90    0.90    0.00    0.00    0.00    0.00    0.00   15.32
10:49:09     all   83.64    0.00    0.91    6.36    0.00    0.91    0.00    0.00    0.00    8.18
10:49:10     all   81.98    0.00    2.70    0.90    0.00    0.00    0.00    0.00    0.00   14.41
10:49:11     all   84.68    0.00    0.00    0.90    0.00    0.00    0.00    0.00    0.00   14.41
10:49:12     all   91.67    0.00    0.93    0.93    0.00    0.00    0.00    0.00    0.00    6.48
10:49:13     all   90.83    0.00    0.00    0.92    0.00    0.00    0.00    0.00    0.00    8.26
10:49:14     all   93.40    0.00    0.00    2.83    0.00    0.00    0.00    0.00    0.00    3.77
10:49:15     all   90.74    0.00    0.00    1.85    0.00    0.00    0.00    0.00    0.00    7.41
10:49:16     all   90.65    0.00    0.93    0.00    0.00    0.00    0.00    0.00    0.00    8.41
10:49:17     all   86.61    0.00    0.89    1.79    0.00    0.89    0.00    0.00    0.00    9.82
10:49:18     all   86.67    0.00    0.95    0.00    0.00    0.00    0.00    0.00    0.00   12.38
10:49:19     all   86.49    0.00    1.80    2.70    0.00    0.00    0.00    0.00    0.00    9.01
10:49:20     all   88.18    0.00    0.00    0.91    0.00    0.91    0.00    0.00    0.00   10.00
10:49:21     all   87.27    0.00    0.91    0.91    0.00    0.00    0.00    0.00    0.00   10.91
10:49:22     all   89.09    0.00    0.00    0.91    0.00    0.00    0.00    0.00    0.00   10.00
10:49:23     all   89.72    0.00    0.00    0.00    0.00    0.00    0.00    0.00    0.00   10.28
10:49:24     all   88.39    0.00    0.00    0.89    0.00    0.00    0.00    0.00    0.00   10.71
10:49:25     all   88.18    0.00    0.00    1.82    0.00    0.00    0.00    0.00    0.00   10.00
10:49:26     all   86.49    0.00    0.00    0.90    0.00    0.90    0.00    0.00    0.00   11.71
10:49:27     all   87.27    0.00    0.91    0.91    0.00    0.00    0.00    0.00    0.00   10.91
10:49:28     all   86.49    0.00    0.90    0.90    0.00    0.00    0.00    0.00    0.00   11.71
10:49:29     all   88.18    0.00    0.91    0.00    0.00    0.00    0.00    0.00    0.00   10.91
10:49:30     all   86.61    0.00    0.89    3.57    0.00    0.89    0.00    0.00    0.00    8.04
10:49:31     all   87.27    0.00    0.00    1.82    0.00    0.00    0.00    0.00    0.00   10.91
10:49:32     all   90.83    0.00    0.00    0.00    0.00    0.00    0.00    0.00    0.00    9.17
10:49:33     all   84.55    0.00    0.91    1.82    0.00    0.00    0.00    0.00    0.00   12.73
10:49:34     all   73.83    0.00    0.93    0.00    0.00    0.00    0.00    0.00    0.00   25.23
10:49:35     all   86.11    0.00    0.93    1.85    0.00    0.00    0.00    0.00    0.00   11.11
10:49:36     all   85.45    0.00    3.64    0.00    0.00    0.91    0.00    0.00    0.00   10.00
10:49:37     all   90.83    0.00    0.00    1.83    0.00    0.00    0.00    0.00    0.00    7.34
10:49:38     all   93.46    0.00    0.00    0.00    0.00    0.00    0.00    0.00    0.00    6.54
10:49:39     all   90.00    0.00    0.00    0.91    0.00    0.00    0.00    0.00    0.00    9.09
10:49:40     all   88.99    0.00    0.00    0.92    0.00    0.92    0.00    0.00    0.00    9.17
10:49:41     all   92.52    0.00    0.00    0.93    0.00    0.00    0.00    0.00    0.00    6.54
10:49:42     all   89.91    0.00    0.92    0.92    0.00    0.00    0.00    0.00    0.00    8.26
10:49:43     all   90.74    0.00    0.00    0.93    0.00    0.00    0.00    0.00    0.00    8.33
10:49:44     all   88.07    0.00    0.92    0.92    0.00    0.00    0.00    0.00    0.00   10.09
10:49:45     all   88.89    0.00    0.00    0.93    0.00    0.00    0.00    0.00    0.00   10.19
10:49:46     all   89.91    0.00    0.00    1.83    0.00    0.00    0.00    0.00    0.00    8.26
10:49:47     all   88.99    0.00    0.92    0.92    0.00    0.00    0.00    0.00    0.00    9.17
10:49:48     all   91.67    0.00    0.00    0.00    0.00    0.00    0.00    0.00    0.00    8.33
10:49:49     all   88.18    0.00    0.91    1.82    0.00    0.00    0.00    0.00    0.00    9.09
10:49:50     all   88.99    0.00    0.92    0.92    0.00    0.00    0.00    0.00    0.00    9.17
10:49:51     all   86.49    0.00    0.00    2.70    0.00    0.00    0.00    0.00    0.00   10.81
10:49:52     all   89.72    0.00    1.87    0.93    0.00    0.00    0.00    0.00    0.00    7.48
10:49:53     all   91.67    0.00    0.00    0.93    0.00    0.00    0.00    0.00    0.00    7.41
10:49:54     all   92.59    0.00    0.00    0.00    0.00    0.00    0.00    0.00    0.00    7.41
10:49:55     all   90.83    0.00    0.00    0.92    0.00    0.00    0.00    0.00    0.00    8.26
10:49:56     all   88.99    0.00    1.83    0.92    0.00    0.00    0.00    0.00    0.00    8.26
10:49:57     all   89.81    0.00    0.00    1.85    0.00    0.00    0.00    0.00    0.00    8.33
10:49:58     all   88.99    0.00    0.00    0.92    0.00    0.00    0.00    0.00    0.00   10.09
10:49:59     all   89.81    0.00    0.93    0.93    0.00    0.00    0.00    0.00    0.00    8.33
10:50:00     all   85.05    0.00    7.48    0.93    0.00    0.00    0.00    0.00    0.00    6.54
10:50:01     all   89.91    0.00    0.92    0.92    0.00    0.00    0.00    0.00    0.00    8.26
10:50:02     all   92.52    0.00    0.00    5.61    0.00    0.93    0.00    0.00    0.00    0.93
10:50:03     all   89.81    0.00    0.93    2.78    0.00    0.00    0.00    0.00    0.00    6.48
10:50:04     all   91.67    0.00    0.00    0.93    0.00    0.00    0.00    0.00    0.00    7.41
10:50:05     all   94.23    0.00    0.00    0.00    0.00    0.00    0.00    0.00    0.00    5.77
Average:     all   52.89    0.66    7.57    2.25    0.00    1.00    0.00    0.00    0.00   35.64
