  Time           eth0       
HH:MM:SS   KB/s in  KB/s out
00:15:22      0.18      0.06
00:15:23      0.33      0.00
00:15:24      0.06      0.00
00:15:25      0.06      0.06
00:15:26      0.00      0.00
00:15:27      0.00      0.00
00:15:28      0.06      0.00
00:15:29      0.00      0.04
00:15:30      0.00      0.08
00:15:31      2.11      0.41
00:15:32      1.15      3.03
00:15:33      0.33      0.00
00:15:34      0.00      0.00
00:15:35      0.00      0.00
00:15:36      0.06      0.00
00:15:37      0.33      0.00
00:15:38      0.00      0.00
00:15:39      0.06      0.00
00:15:40      0.00      0.00
00:15:41      2.44      0.47
00:15:42      1.38      3.50
00:15:43      0.00      0.00
  Time           eth0       
HH:MM:SS   KB/s in  KB/s out
00:15:44      0.06      0.00
00:15:45      0.00      0.00
00:15:46      0.00      0.00
00:15:47      0.00      0.00
00:15:48      0.00      0.00
00:15:49      0.00      0.00
00:15:50      0.00      0.00
00:15:51      0.33      0.00
00:15:52      0.12      0.00
00:15:53      0.00      0.00
00:15:54  12367.84    782.34
00:15:55  17459.53   1103.17
00:15:56  16226.79   1025.07
00:15:57  16996.21   1074.06
00:15:58  16693.05   1055.33
00:15:59  15931.11   1006.51
00:16:00  16617.09   1050.35
00:16:01  15427.62    975.21
00:16:02  16343.10   1032.57
00:16:03  17770.88   1123.37
00:16:04  18318.27   1157.39
00:16:05  16178.06   1022.07
  Time           eth0       
HH:MM:SS   KB/s in  KB/s out
00:16:06  16569.00   1047.35
00:16:07  13229.63    836.80
00:16:08  16971.01   1072.32
00:16:09  16695.72   1054.97
00:16:10  17185.29   1085.93
00:16:11  16074.85   1016.12
00:16:12  15863.91   1002.28
00:16:13  15685.70    991.58
00:16:14  17370.45   1097.42
00:16:15  16022.92   1012.76
00:16:16  17459.81   1103.14
00:16:17  17685.23   1117.72
00:16:18  17007.12   1074.53
00:16:19  17351.51   1096.44
00:16:20  14847.06    938.31
00:16:21   7537.34    477.16
00:16:22  15934.31   1007.17
00:16:23  16018.49   1012.33
00:16:24  16562.68   1046.23
00:16:25  14614.37    923.90
00:16:26  17165.43   1084.82
00:16:27  17524.02   1107.46
  Time           eth0       
HH:MM:SS   KB/s in  KB/s out
00:16:28  16856.80   1065.17
00:16:29  16403.50   1036.31
00:16:30  16744.11   1058.20
00:16:31  16119.77   1018.50
00:16:32  17045.39   1077.47
00:16:33  17068.54   1078.77
00:16:34  16192.25   1022.92
00:16:35  16174.58   1022.19
00:16:36  16006.58   1011.73
00:16:37  15543.45    981.96
00:16:38  16637.67   1051.83
00:16:39  16590.79   1048.14
00:16:40  15566.84    983.87
00:16:41  16501.08   1042.98
00:16:42  15541.01    982.10
00:16:43  17076.56   1078.99
00:16:44  16515.88   1043.70
00:16:45  15766.14    996.01
00:16:46  18191.10   1149.78
00:16:47  17027.08   1075.86
00:16:48  16681.53   1054.03
00:16:49   4358.17    276.24
  Time           eth0       
HH:MM:SS   KB/s in  KB/s out
00:16:50  11807.00    747.71
00:16:51  15540.21    981.90
00:16:52  16425.53   1037.92
00:16:53  16131.03   1019.21
00:16:54  16037.10   1013.37
00:16:55  16761.44   1059.58
00:16:56  17061.42   1077.74
00:16:57  16969.45   1072.36
00:16:58  16174.54   1022.20
00:16:59  17396.29   1099.70
00:17:00  15983.08   1009.67
00:17:01  16824.76   1063.65
00:17:02  16204.63   1023.74
00:17:03  17291.53   1092.70
00:17:04  17018.72   1075.55
00:17:05  15624.89    987.61
00:17:06  16417.62   1036.99
00:17:07  16061.25   1015.09
00:17:08  15860.72   1002.59
00:17:09  16070.17   1015.18
00:17:10  16838.87   1064.33
00:17:11  16144.84   1020.16
  Time           eth0       
HH:MM:SS   KB/s in  KB/s out
00:17:12  16759.17   1058.86
00:17:13  17138.13   1083.02
00:17:14  16599.25   1049.48
00:17:15  16184.35   1022.75
00:17:16  16775.12   1060.01
00:17:17  16253.93   1027.22
00:17:18  16963.14   1071.61
00:17:19  16102.12   1017.92
00:17:20  15909.61   1005.03
00:17:21  16483.26   1041.69
00:17:22  16427.08   1037.95
00:17:23  15599.67    985.80
00:17:24  15841.81   1001.47
00:17:25  16033.20   1012.74
00:17:26  16846.59   1065.03
00:17:27  17209.49   1087.32
00:17:28  17000.15   1074.44
00:17:29  16874.15   1066.39
00:17:30  16256.77   1026.89
00:17:31  16695.55   1055.06
00:17:32  17398.16   1099.75
00:17:33  17200.06   1087.15
  Time           eth0       
HH:MM:SS   KB/s in  KB/s out
00:17:34  17152.83   1083.52
00:17:35  16895.12   1068.10
00:17:36  17353.32   1096.26
00:17:37  17027.24   1075.87
00:17:38  16365.17   1034.61
00:17:39  17372.21   1097.43
00:17:40  15987.19   1010.43
00:17:41  16320.93   1031.67
00:17:42  15164.68    958.24
00:17:43  16791.48   1060.66
00:17:44  10704.30    676.91
00:17:45      0.00      0.00
00:17:46   3542.16    224.84
00:17:47  17189.34   1086.24
00:17:48  17189.94   1086.30
00:17:49  17164.45   1084.33
00:17:50  16706.55   1056.11
00:17:51  17182.70   1085.48
00:17:52  16960.60   1072.17
00:17:53  16814.90   1062.60
00:17:54  16914.94   1068.48
00:17:55  17367.24   1097.79
  Time           eth0       
HH:MM:SS   KB/s in  KB/s out
00:17:56  16849.29   1064.98
00:17:57  15280.93    965.21
00:17:58  15837.78   1000.78
00:17:59  15643.22    988.98
00:18:00  16739.58   1057.89
00:18:01  16194.76   1023.41
00:18:02  15829.76    999.84
00:18:03  16134.37   1019.88
00:18:04  17401.10   1099.33
00:18:05  17287.23   1092.52
00:18:06  16755.82   1058.79
00:18:07  16313.36   1031.34
00:18:08  16886.15   1066.74
00:18:09  16773.14   1059.89
00:18:10  17274.33   1091.92
00:18:11  17348.48   1096.46
00:18:12  18391.34   1161.93
00:18:13  17330.95   1095.50
00:18:14  14746.64    931.46
00:18:15  16906.90   1068.68
00:18:16  14560.38    919.83
00:18:17  11803.42    745.90
  Time           eth0       
HH:MM:SS   KB/s in  KB/s out
00:18:18  11158.16    705.18
00:18:19  11318.07    715.52
00:18:20  10782.53    681.10
00:18:21  10664.82    674.38
00:18:22  12214.00    771.47
00:18:23  12281.06    776.16
00:18:24  11962.42    755.94
00:18:25  11702.71    739.32
00:18:26  11955.05    755.48
00:18:27  11650.11    736.58
00:18:28  10338.35    652.94
00:18:29  11832.33    747.80
00:18:30   8763.68    554.24
00:18:31  11208.05    708.21
00:18:32  12503.76    789.87
00:18:33  11658.57    736.80
00:18:34  11538.66    729.03
00:18:35  11709.14    739.95
00:18:36  11677.38    737.99
00:18:37  12866.01    812.98
00:18:38  11501.13    726.72
00:18:39  11460.35    724.22
  Time           eth0       
HH:MM:SS   KB/s in  KB/s out
00:18:40  11803.04    746.23
00:18:41  11445.29    723.05
00:18:42  11615.83    734.15
00:18:43  11790.55    745.16
00:18:44  11287.96    713.33
00:18:45  11615.55    733.96
00:18:46  11871.43    750.63
00:18:47  12691.09    801.78
00:18:48  12729.55    804.21
00:18:49  12447.92    786.63
00:18:50  12336.86    779.61
00:18:51  11693.15    738.15
00:18:52   9941.09    629.86
00:18:53  15780.32    997.15
00:18:54  15473.69    977.81
00:18:55  15249.50    963.67
00:18:56  15749.04    995.60
00:18:57  15458.67    976.60
00:18:58  15411.30    974.09
00:18:59  15233.52    962.38
00:19:00  15701.90    992.62
00:19:01  15297.04    966.68
  Time           eth0       
HH:MM:SS   KB/s in  KB/s out
00:19:02  14434.08    911.78
00:19:03  14841.64    938.26
00:19:04  15406.68    973.25
00:19:05  15379.34    971.95
00:19:06  16069.97   1015.81
00:19:07  15632.81    987.68
00:19:08  15657.79    989.26
00:19:09  12137.85    767.08
00:19:10  15163.21    958.22
00:19:11  15556.54    983.29
00:19:12  16107.41   1017.72
00:19:13  13829.02    873.84
00:19:14  15163.13    958.22
00:19:15  14217.78    898.62
00:19:16  15001.31    947.75
00:19:17  15001.05    948.04
00:19:18  14681.98    927.81
00:19:19  14591.85    922.12
00:19:20  14454.64    913.44
00:19:21  15370.54    971.40
00:19:22  14028.60    886.52
00:19:23  14073.22    889.27
  Time           eth0       
HH:MM:SS   KB/s in  KB/s out
00:19:24  14847.58    938.49
00:19:25  15478.04    977.89
00:19:26  14862.00    939.40
00:19:27  15006.78    948.91
00:19:28  14834.67    937.24
00:19:29  16941.14   1070.72
00:19:30  16520.21   1043.73
00:19:31  15641.74    988.46
00:19:32  15594.11    985.24
00:19:33  15496.31    979.42
00:19:34  14124.92    892.59
00:19:35  13004.17    822.46
00:19:36  12101.71    764.39
00:19:37  11175.78    706.53
00:19:38  12629.53    798.18
00:19:39  12312.25    777.89
00:19:40  11160.98    705.44
00:19:41  11503.71    727.25
00:19:42  10562.77    667.50
00:19:43  12178.96    769.27
00:19:44   9629.90    608.91
00:19:45  10587.07    668.66
  Time           eth0       
HH:MM:SS   KB/s in  KB/s out
00:19:46  11184.97    707.22
00:19:47  15280.41    965.84
00:19:48  12057.49    762.01
00:19:49  14779.50    933.61
00:19:50  14030.55    887.01
00:19:51  14378.55    908.64
00:19:52  15146.01    956.68
00:19:53  14279.31    902.73
00:19:54   1565.95     98.73
00:19:55      0.12      0.00
00:19:56      0.00      0.00
00:19:57     13.77      1.57
00:19:58      6.85      0.88
00:19:59     13.71      1.64
00:20:00      0.00      0.00
00:20:01   1488.10     95.52
00:20:02  17177.72   1085.38
00:20:03  13033.60    824.13
00:20:04  17045.31   1076.65
00:20:05  16478.22   1041.76
00:20:06  14014.51    885.85
00:20:07  12419.62    784.63
  Time           eth0       
HH:MM:SS   KB/s in  KB/s out
00:20:08   6084.44    385.63
00:20:09  13771.74    869.92
00:20:10  11878.76    751.00
00:20:11  10446.95    660.26
00:20:12  10387.30    655.90
00:20:13  10980.13    693.88
00:20:14  10915.57    690.10
00:20:15  10587.40    668.93
00:20:16  12247.31    774.19
00:20:17  11037.33    697.51
00:20:18   6662.43    424.04
00:20:19   2689.91    171.05
00:20:20   5819.26    461.85
