Linux 4.4.0-142-generic (vm) 	2025-02-22 	_x86_64_	(1 CPU)

22:51:16     CPU    %usr   %nice    %sys %iowait    %irq   %soft  %steal  %guest  %gnice   %idle
22:51:17     all   50.00    0.00   18.00    0.00    0.00    0.00    0.00    0.00    0.00   32.00
22:51:18     all   11.00    0.00    1.00    1.00    0.00    0.00    0.00    0.00    0.00   87.00
22:51:19     all    0.00    0.00    0.00    0.00    0.00    0.00    0.00    0.00    0.00  100.00
22:51:20     all    0.00    0.00    0.00    0.00    0.00    0.00    0.00    0.00    0.00  100.00
22:51:21     all    0.00    0.00    0.00   25.25    0.00    0.00    0.00    0.00    0.00   74.75
22:51:22     all    0.00    0.00    0.00   22.00    0.00    0.00    0.00    0.00    0.00   78.00
22:51:23     all    0.00    0.00    0.00    0.00    0.00    0.00    0.00    0.00    0.00  100.00
22:51:24     all    0.00    0.00    0.00    0.00    0.00    0.00    0.00    0.00    0.00  100.00
22:51:25     all    1.01    0.00    3.03   91.92    0.00    0.00    0.00    0.00    0.00    4.04
22:51:26     all    8.08    0.00    3.03   35.35    0.00    0.00    0.00    0.00    0.00   53.54
22:51:27     all   10.00    5.00    4.00    0.00    0.00    0.00    0.00    0.00    0.00   81.00
22:51:28     all   19.00   72.00    8.00    1.00    0.00    0.00    0.00    0.00    0.00    0.00
22:51:29     all    6.06   71.72   17.17    5.05    0.00    0.00    0.00    0.00    0.00    0.00
22:51:30     all   13.27   71.43    9.18    6.12    0.00    0.00    0.00    0.00    0.00    0.00
22:51:31     all   12.00   85.00    3.00    0.00    0.00    0.00    0.00    0.00    0.00    0.00
22:51:32     all    1.00   99.00    0.00    0.00    0.00    0.00    0.00    0.00    0.00    0.00
22:51:33     all    0.00   77.23    5.94   16.83    0.00    0.00    0.00    0.00    0.00    0.00
22:51:34     all   52.94   11.76   10.78    1.96    0.00    0.00    0.00    0.00    0.00   22.55
22:51:35     all   28.57    0.00    6.12    0.00    0.00    0.00    0.00    0.00    0.00   65.31
22:51:36     all    0.00    0.00    0.99    0.00    0.00    0.00    0.00    0.00    0.00   99.01
22:51:37     all   12.00    0.00    5.00    0.00    0.00    0.00    0.00    0.00    0.00   83.00
22:51:38     all   27.72    0.00    6.93    0.00    0.00    0.00    0.00    0.00    0.00   65.35
22:51:39     all    0.00    0.00    0.00    7.00    0.00    0.00    0.00    0.00    0.00   93.00
22:51:40     all    0.00    0.00    0.00    0.00    0.00    0.00    0.00    0.00    0.00  100.00
22:51:41     all    0.00    0.00    0.00    0.00    0.00    0.00    0.00    0.00    0.00  100.00
22:51:42     all    0.00    0.00    0.00    0.00    0.00    0.00    0.00    0.00    0.00  100.00
22:51:43     all    0.00    0.00    0.00    0.00    0.00    0.00    0.00    0.00    0.00  100.00
22:51:44     all    0.00    0.00    0.00    7.07    0.00    0.00    0.00    0.00    0.00   92.93
22:51:45     all    0.00    0.00    0.00    0.00    0.00    0.00    0.00    0.00    0.00  100.00
22:51:46     all    0.00    0.00    0.00    0.00    0.00    0.00    0.00    0.00    0.00  100.00
22:51:47     all    0.00    0.00    0.00    0.00    0.00    0.00    0.00    0.00    0.00  100.00
22:51:48     all    0.00    0.00    0.00    0.00    0.00    0.00    0.00    0.00    0.00  100.00
22:51:49     all    0.00    0.00    0.00    0.00    0.00    0.00    0.00    0.00    0.00  100.00
22:51:50     all   14.74    0.00   24.21    7.37    0.00    5.26    0.00    0.00    0.00   48.42
22:51:51     all   15.00    0.00   27.00    0.00    0.00    7.00    0.00    0.00    0.00   51.00
22:51:52     all   17.89    0.00   23.16    0.00    0.00    5.26    0.00    0.00    0.00   53.68
22:51:53     all   20.83    0.00   22.92    0.00    0.00    4.17    0.00    0.00    0.00   52.08
22:51:54     all   27.66    0.00   18.09    0.00    0.00    2.13    0.00    0.00    0.00   52.13
22:51:55     all   23.71    0.00   13.40    5.15    0.00    3.09    0.00    0.00    0.00   54.64
22:51:56     all   35.05    0.00    9.28    0.00    0.00    2.06    0.00    0.00    0.00   53.61
22:51:57     all   29.70    0.00   10.89    0.00    0.00    3.96    0.00    0.00    0.00   55.45
22:51:58     all   26.04    0.00    8.33    0.00    0.00    4.17    0.00    0.00    0.00   61.46
22:51:59     all   34.07    0.00    9.89    0.00    0.00    0.00    0.00    0.00    0.00   56.04
22:52:00     all   41.94    0.00    8.60    2.15    0.00    1.08    0.00    0.00    0.00   46.24
22:52:01     all   39.42    0.00   14.42    0.00    0.00    1.92    0.00    0.00    0.00   44.23
22:52:02     all   56.57    0.00   11.11    0.00    0.00    1.01    0.00    0.00    0.00   31.31
22:52:03     all   37.37    0.00   15.15    0.00    0.00    2.02    0.00    0.00    0.00   45.45
22:52:04     all   29.79    0.00   13.83    0.00    0.00    2.13    0.00    0.00    0.00   54.26
22:52:05     all   32.65    0.00   11.22    0.00    0.00    5.10    0.00    0.00    0.00   51.02
22:52:06     all   31.25    0.00   11.46    4.17    0.00    3.12    0.00    0.00    0.00   50.00
22:52:07     all   37.11    0.00   10.31    0.00    0.00    1.03    0.00    0.00    0.00   51.55
22:52:08     all   32.63    0.00   14.74    0.00    0.00    1.05    0.00    0.00    0.00   51.58
22:52:09     all   32.29    0.00   13.54    0.00    0.00    3.12    0.00    0.00    0.00   51.04
22:52:10     all   36.36    0.00   14.14    0.00    0.00    3.03    0.00    0.00    0.00   46.46
22:52:11     all   35.35    0.00   14.14    4.04    0.00    2.02    0.00    0.00    0.00   44.44
22:52:12     all   37.23    0.00   11.70    0.00    0.00    0.00    0.00    0.00    0.00   51.06
22:52:13     all   22.22    0.00   21.21    0.00    0.00    3.03    0.00    0.00    0.00   53.54
22:52:14     all   64.42    0.00    8.65    0.00    0.00    1.92    0.00    0.00    0.00   25.00
22:52:15     all   44.79    0.00    9.38    0.00    0.00    1.04    0.00    0.00    0.00   44.79
22:52:16     all   32.00    0.00   13.00    4.00    0.00    3.00    0.00    0.00    0.00   48.00
22:52:17     all   14.74    0.00   20.00    0.00    0.00    4.21    0.00    0.00    0.00   61.05
22:52:18     all   17.82    0.00   27.72    5.94    0.00    4.95    0.00    0.00    0.00   43.56
22:52:19     all   14.74    0.00   27.37    0.00    0.00    4.21    0.00    0.00    0.00   53.68
22:52:20     all   20.79    0.00   22.77    0.00    0.00    6.93    0.00    0.00    0.00   49.50
22:52:21     all   17.89    0.00   25.26    0.00    0.00    5.26    0.00    0.00    0.00   51.58
22:52:22     all   15.79    0.00   26.32    0.00    0.00    3.16    0.00    0.00    0.00   54.74
22:52:23     all   31.96    0.00   13.40    6.19    0.00    1.03    0.00    0.00    0.00   47.42
22:52:24     all   41.84    0.00    9.18    0.00    0.00    3.06    0.00    0.00    0.00   45.92
22:52:25     all   35.42    0.00   10.42    0.00    0.00    3.12    0.00    0.00    0.00   51.04
22:52:26     all   41.24    0.00   11.34    0.00    0.00    2.06    0.00    0.00    0.00   45.36
22:52:27     all   36.27    0.00   18.63    0.00    0.00    1.96    0.00    0.00    0.00   43.14
22:52:28     all   32.63    0.00   15.79    0.00    0.00    2.11    0.00    0.00    0.00   49.47
22:52:29     all   38.46    0.00   10.99    3.30    0.00    0.00    0.00    0.00    0.00   47.25
22:52:30     all   35.42    0.00   10.42    0.00    0.00    1.04    0.00    0.00    0.00   53.12
22:52:31     all   38.61    0.00   12.87    0.00    0.00    1.98    0.00    0.00    0.00   46.53
22:52:32     all   32.99    0.00   15.46    0.00    0.00    1.03    0.00    0.00    0.00   50.52
22:52:33     all   30.53    0.00   12.63    0.00    0.00    2.11    0.00    0.00    0.00   54.74
22:52:34     all   39.36    0.00    8.51    3.19    0.00    2.13    0.00    0.00    0.00   46.81
22:52:35     all   34.34    0.00   14.14    0.00    0.00    2.02    0.00    0.00    0.00   49.49
22:52:36     all   32.04    0.00   17.48    0.00    0.00    1.94    0.00    0.00    0.00   48.54
22:52:37     all   30.53    0.00   12.63    0.00    0.00    3.16    0.00    0.00    0.00   53.68
22:52:38     all   31.00    0.00   13.00    0.00    0.00    5.00    0.00    0.00    0.00   51.00
22:52:39     all   32.32    0.00   14.14    5.05    0.00    1.01    0.00    0.00    0.00   47.47
22:52:40     all   78.43    0.00    6.86    0.00    0.00    0.98    0.00    0.00    0.00   13.73
22:52:41     all   57.73    0.00    9.28    0.00    0.00    1.03    0.00    0.00    0.00   31.96
22:52:42     all   25.71    0.00   20.95    0.00    0.00    4.76    0.00    0.00    0.00   48.57
22:52:43     all   25.00    0.00   24.00    0.00    0.00    2.00    0.00    0.00    0.00   49.00
22:52:44     all   30.43    0.00   15.22    0.00    0.00    2.17    0.00    0.00    0.00   52.17
22:52:45     all   27.96    0.00   12.90    3.23    0.00    2.15    0.00    0.00    0.00   53.76
22:52:46     all   28.00    0.00   18.00    0.00    0.00    2.00    0.00    0.00    0.00   52.00
22:52:47     all   35.79    0.00   10.53    0.00    0.00    2.11    0.00    0.00    0.00   51.58
22:52:48     all   31.63    0.00   14.29    0.00    0.00    3.06    0.00    0.00    0.00   51.02
22:52:49     all   28.57    0.00   13.19    0.00    0.00    0.00    0.00    0.00    0.00   58.24
22:52:50     all   38.14    0.00    9.28    4.12    0.00    3.09    0.00    0.00    0.00   45.36
22:52:51     all   32.99    0.00   11.34    0.00    0.00    4.12    0.00    0.00    0.00   51.55
22:52:52     all   27.72    0.00   14.85    0.00    0.00    2.97    0.00    0.00    0.00   54.46
22:52:53     all   35.00    0.00   11.00    0.00    0.00    2.00    0.00    0.00    0.00   52.00
22:52:54     all   26.80    0.00   14.43    0.00    0.00    4.12    0.00    0.00    0.00   54.64
22:52:55     all   24.74    0.00   17.53    4.12    0.00    3.09    0.00    0.00    0.00   50.52
22:52:56     all   16.33    0.00   23.47    0.00    0.00    7.14    0.00    0.00    0.00   53.06
22:52:57     all   27.27    0.00   21.21    0.00    0.00    3.03    0.00    0.00    0.00   48.48
22:52:58     all   28.12    0.00   16.67    0.00    0.00    2.08    0.00    0.00    0.00   53.12
22:52:59     all   31.63    0.00   11.22    0.00    0.00    2.04    0.00    0.00    0.00   55.10
22:53:00     all   22.00    0.00   18.00    0.00    0.00    5.00    0.00    0.00    0.00   55.00
22:53:01     all   25.49    0.00   21.57    5.88    0.00    2.94    0.00    0.00    0.00   44.12
22:53:02     all   24.00    0.00   17.00    0.00    0.00    5.00    0.00    0.00    0.00   54.00
22:53:03     all   29.03    0.00   18.28    0.00    0.00    2.15    0.00    0.00    0.00   50.54
22:53:04     all   34.04    0.00   12.77    0.00    0.00    1.06    0.00    0.00    0.00   52.13
22:53:05     all   22.92    0.00   20.83    0.00    0.00    2.08    0.00    0.00    0.00   54.17
22:53:06     all   21.05    0.00   23.16   30.53    0.00    4.21    0.00    0.00    0.00   21.05
22:53:07     all   20.79    0.00   25.74    0.00    0.00    0.99    0.00    0.00    0.00   52.48
22:53:08     all   20.21    0.00   22.34    0.00    0.00    2.13    0.00    0.00    0.00   55.32
22:53:09     all   16.83    0.00   29.70    0.00    0.00    2.97    0.00    0.00    0.00   50.50
22:53:10     all   19.59    0.00   24.74    0.00    0.00    2.06    0.00    0.00    0.00   53.61
22:53:11     all   29.00    0.00   18.00    7.00    0.00    4.00    0.00    0.00    0.00   42.00
22:53:12     all   25.00    0.00   24.00    0.00    0.00    4.00    0.00    0.00    0.00   47.00
22:53:13     all   20.00    0.00   21.05    0.00    0.00    3.16    0.00    0.00    0.00   55.79
22:53:14     all   21.78    0.00   22.77    0.00    0.00    5.94    0.00    0.00    0.00   49.50
22:53:15     all   27.08    0.00   18.75    0.00    0.00    1.04    0.00    0.00    0.00   53.12
22:53:16     all   22.77    0.00   20.79    0.00    0.00    2.97    0.00    0.00    0.00   53.47
22:53:17     all   25.77    0.00   18.56    3.09    0.00    2.06    0.00    0.00    0.00   50.52
22:53:18     all   15.05    0.00   24.73    0.00    0.00    3.23    0.00    0.00    0.00   56.99
22:53:19     all   19.78    0.00   19.78    0.00    0.00    3.30    0.00    0.00    0.00   57.14
22:53:20     all   19.00    0.00   31.00   12.00    0.00    3.00    0.00    0.00    0.00   35.00
22:53:21     all   21.65    0.00   20.62   52.58    0.00    5.15    0.00    0.00    0.00    0.00
22:53:22     all   19.05    0.00   30.48   47.62    0.00    2.86    0.00    0.00    0.00    0.00
22:53:23     all   18.18    0.00   27.27   52.53    0.00    2.02    0.00    0.00    0.00    0.00
22:53:24     all   18.18    0.00   22.22   55.56    0.00    4.04    0.00    0.00    0.00    0.00
22:53:25     all   32.99    0.00   14.43   50.52    0.00    2.06    0.00    0.00    0.00    0.00
22:53:26     all   26.60    0.00   12.77   59.57    0.00    1.06    0.00    0.00    0.00    0.00
22:53:27     all   65.38    0.00    3.85    3.85    0.00    0.00    0.00    0.00    0.00   26.92
22:53:28     all   65.71    0.00    2.86    0.00    0.00    1.90    0.00    0.00    0.00   29.52
22:53:29     all   58.49    0.00    4.72    0.00    0.00    0.00    0.00    0.00    0.00   36.79
22:53:30     all   61.11    0.00    3.70    0.93    0.00    0.93    0.00    0.00    0.00   33.33
22:53:31     all   65.09    0.00    2.83    0.00    0.00    0.00    0.00    0.00    0.00   32.08
22:53:32     all   66.67    0.00    2.78    0.93    0.00    0.00    0.00    0.00    0.00   29.63
22:53:33     all   65.09    0.00    2.83    1.89    0.00    0.94    0.00    0.00    0.00   29.25
22:53:34     all   68.47    0.00    2.70    0.90    0.00    1.80    0.00    0.00    0.00   26.13
22:53:35     all   66.67    0.00    3.60    0.00    0.00    0.90    0.00    0.00    0.00   28.83
22:53:36     all   64.22    0.00    4.59    0.92    0.00    0.00    0.00    0.00    0.00   30.28
22:53:37     all   72.48    0.00    1.83    0.00    0.00    0.92    0.00    0.00    0.00   24.77
22:53:38     all   70.64    0.00    2.75    2.75    0.00    0.00    0.00    0.00    0.00   23.85
22:53:39     all   66.96    0.00    3.57    0.89    0.00    0.89    0.00    0.00    0.00   27.68
22:53:40     all   72.90    0.00    0.93    0.00    0.00    0.00    0.00    0.00    0.00   26.17
22:53:41     all   69.64    0.00    3.57    0.89    0.00    0.00    0.00    0.00    0.00   25.89
22:53:42     all   75.00    0.00    2.78    0.00    0.00    0.00    0.00    0.00    0.00   22.22
22:53:43     all   98.00    0.00    2.00    0.00    0.00    0.00    0.00    0.00    0.00    0.00
22:53:44     all   94.00    0.00    6.00    0.00    0.00    0.00    0.00    0.00    0.00    0.00
22:53:45     all   98.00    0.00    2.00    0.00    0.00    0.00    0.00    0.00    0.00    0.00
22:53:46     all   41.94    0.00    8.60    0.00    0.00    1.08    0.00    0.00    0.00   48.39
22:53:47     all   27.78    0.00   12.22    0.00    0.00    1.11    0.00    0.00    0.00   58.89
22:53:48     all   20.65    0.00   17.39    0.00    0.00    3.26    0.00    0.00    0.00   58.70
22:53:49     all   97.10    0.00    2.74    0.00    0.00    0.16    0.00    0.00    0.00    0.00
22:53:56     all   96.00    0.00    1.00    3.00    0.00    0.00    0.00    0.00    0.00    0.00
22:53:57     all   98.00    0.00    0.00    2.00    0.00    0.00    0.00    0.00    0.00    0.00
22:53:58     all   65.35    0.00    6.93    8.91    0.00    0.99    0.00    0.00    0.00   17.82
22:53:59     all   75.45    0.00    0.91    0.91    0.00    0.91    0.00    0.00    0.00   21.82
22:54:00     all   80.73    0.00    4.59    0.92    0.00    0.00    0.00    0.00    0.00   13.76
22:54:01     all   87.04    0.00    0.93    2.78    0.00    0.00    0.00    0.00    0.00    9.26
22:54:02     all   87.50    0.00    0.89    1.79    0.00    0.00    0.00    0.00    0.00    9.82
22:54:03     all   87.39    0.00    0.00    0.00    0.00    0.00    0.00    0.00    0.00   12.61
22:54:04     all   82.88    0.00    1.80    0.90    0.00    0.00    0.00    0.00    0.00   14.41
22:54:05     all   77.98    0.00    0.92    0.92    0.00    0.00    0.00    0.00    0.00   20.18
22:54:06     all   45.28    0.00    4.72    0.00    0.00    0.00    0.00    0.00    0.00   50.00
22:54:07     all   36.19    0.00    3.81    6.67    0.00    0.95    0.00    0.00    0.00   52.38
22:54:08     all   30.69    0.00    0.99    0.99    0.00    0.99    0.00    0.00    0.00   66.34
22:54:09     all   33.01    0.00    4.85    0.00    0.00    0.97    0.00    0.00    0.00   61.17
22:54:10     all   35.92    0.00    1.94    0.97    0.00    0.00    0.00    0.00    0.00   61.17
22:54:11     all   34.34    0.00    3.03    0.00    0.00    0.00    0.00    0.00    0.00   62.63
22:54:12     all   36.79    0.00    3.77    4.72    0.00    0.94    0.00    0.00    0.00   53.77
22:54:13     all   35.29    0.00    2.94    0.00    0.00    0.98    0.00    0.00    0.00   60.78
22:54:14     all   31.63    0.00    3.06    1.02    0.00    0.00    0.00    0.00    0.00   64.29
22:54:15     all   36.27    0.00    3.92    0.98    0.00    0.00    0.00    0.00    0.00   58.82
22:54:16     all   35.00    0.00    3.00    0.00    0.00    1.00    0.00    0.00    0.00   61.00
22:54:17     all   32.32    0.00    6.06    0.00    0.00    0.00    0.00    0.00    0.00   61.62
22:54:18     all   33.65    0.00    4.81    5.77    0.00    0.00    0.00    0.00    0.00   55.77
22:54:19     all   32.65    0.00    3.06    0.00    0.00    0.00    0.00    0.00    0.00   64.29
22:54:20     all   21.00    0.00    4.00    1.00    0.00    1.00    0.00    0.00    0.00   73.00
22:54:21     all   35.24    0.00    4.76    0.95    0.00    0.95    0.00    0.00    0.00   58.10
22:54:22     all   35.29    0.00    4.90    0.00    0.00    0.00    0.00    0.00    0.00   59.80
Average:     all   36.12    2.66   10.26    3.85    0.00    1.57    0.00    0.00    0.00   45.54
