>>> Readying Destination to Recieve VM
>>> Tap Device tap0 Already in Use
>>> Successfull Started Destination
>>> Tap Device tap0 Already in Use
>>> Starting VM in Source
>>> VM Up & Running
>>> Starting Memcached in VM
>>> Started Memcached in VM, Process ID : 2105
>>> Starting Memaslap in Client
>>> Started Memaslap in Client, Process ID : 146051
{"QMP": {"version": {"qemu": {"micro": 2, "minor": 1, "major": 8}, "package": ""}, "capabilities": ["oob"]}}
{"return": {}}
{"return": {}}
{"QMP": {"version": {"qemu": {"micro": 2, "minor": 1, "major": 8}, "package": ""}, "capabilities": ["oob"]}}
{"return": {}}
{"return": {}}
>>> Enabling Data Compression
{"QMP": {"version": {"qemu": {"micro": 2, "minor": 1, "major": 8}, "package": ""}, "capabilities": ["oob"]}}
{"return": {}}
{"return": {}}
{"QMP": {"version": {"qemu": {"micro": 2, "minor": 1, "major": 8}, "package": ""}, "capabilities": ["oob"]}}
{"return": {}}
{"return": {}}
>>> Enabling HBFDP
{"QMP": {"version": {"qemu": {"micro": 2, "minor": 1, "major": 8}, "package": ""}, "capabilities": ["oob"]}}
{"return": {}}
{"return": {}}
{"QMP": {"version": {"qemu": {"micro": 2, "minor": 1, "major": 8}, "package": ""}, "capabilities": ["oob"]}}
{"return": {}}
Starting PreCopy Migartion
{"return": {}}
Starting Iterations ...
Iteration 1 
# Pages Selected to Transfer : 2101458
Iteration 0 
# Pages Received in Current Iteration : 0
Iteration 1 
# Pages Transferred in Current Iteration : 2101458
Fake Dirty Count : 0
Iteration 2 
# Pages Received in Current Iteration : 2101458
# Pages Selected to Transfer : 222781
Iteration 2 
# Pages Transferred in Current Iteration : 58854
Fake Dirty Count : 163927
Iteration 3 
# Pages Selected to Transfer : 56574
# Pages Received in Current Iteration : 58854
Iteration 3 
# Pages Transferred in Current Iteration : 15429
Fake Dirty Count : 41145
Iteration 4 
# Pages Selected to Transfer : 22489
# Pages Received in Current Iteration : 15429
Iteration 4 
# Pages Transferred in Current Iteration : 6439
Fake Dirty Count : 16050
Iteration 5 
# Pages Selected to Transfer : 7946
# Pages Received in Current Iteration : 6439
Iteration 5 
# Pages Transferred in Current Iteration : 3206
Fake Dirty Count : 4740
Iteration 6 
# Pages Selected to Transfer : 2790
Function : migration_completion 
# Pages Received in Current Iteration : 3206
Iteration 6 
# Pages Transferred in Current Iteration : 1178
Fake Dirty Count : 1629
# Pages Received in Current Iteration : 1178
>>> Checking for Migration Status
>>> Migration Completed
root@10.22.196.195:/home/vmuser/Desktop/cpu_usage.log
/mnt/nfs/samindu/mrmpplm/Data-and-Logs/Experiment-Data/final_2025-02-21_1/Memcached_2025-02-21_1/HBFDP_Compress_PreCopy.Murmur3_2025-02-22_1/RAM8192/Experiment6
receiving incremental file list
cpu_usage.log
              0   0%    0.00kB/s    0:00:00           17,714 100%   16.89MB/s    0:00:00 (xfr#1, to-chk=0/1)

sent 43 bytes  received 17,811 bytes  11,902.67 bytes/sec
total size is 17,714  speedup is 0.99
root@10.22.196.195:/home/vmuser/Desktop/mem_usage.log
/mnt/nfs/samindu/mrmpplm/Data-and-Logs/Experiment-Data/final_2025-02-21_1/Memcached_2025-02-21_1/HBFDP_Compress_PreCopy.Murmur3_2025-02-22_1/RAM8192/Experiment6
receiving incremental file list
mem_usage.log
              0   0%    0.00kB/s    0:00:00           70,685 100%   67.41MB/s    0:00:00 (xfr#1, to-chk=0/1)

sent 43 bytes  received 70,793 bytes  47,224.00 bytes/sec
total size is 70,685  speedup is 1.00
root@10.22.196.195:/home/vmuser/Desktop/net_usage.log
/mnt/nfs/samindu/mrmpplm/Data-and-Logs/Experiment-Data/final_2025-02-21_1/Memcached_2025-02-21_1/HBFDP_Compress_PreCopy.Murmur3_2025-02-22_1/RAM8192/Experiment6
receiving incremental file list
net_usage.log
              0   0%    0.00kB/s    0:00:00            9,686 100%    9.24MB/s    0:00:00 (xfr#1, to-chk=0/1)

sent 43 bytes  received 9,783 bytes  19,652.00 bytes/sec
total size is 9,686  speedup is 0.99
