             total       used       free     shared    buffers     cached
Mem:           15G       689M        14G       3.7M        38M       290M
-/+ buffers/cache:       360M        15G
Swap:         8.0G         0B       8.0G

             total       used       free     shared    buffers     cached
Mem:           15G       705M        14G       3.7M        38M       290M
-/+ buffers/cache:       375M        15G
Swap:         8.0G         0B       8.0G

             total       used       free     shared    buffers     cached
Mem:           15G       691M        14G       3.7M        38M       291M
-/+ buffers/cache:       361M        15G
Swap:         8.0G         0B       8.0G

             total       used       free     shared    buffers     cached
Mem:           15G       691M        14G       3.7M        38M       291M
-/+ buffers/cache:       361M        15G
Swap:         8.0G         0B       8.0G

             total       used       free     shared    buffers     cached
Mem:           15G       702M        14G       3.7M        38M       291M
-/+ buffers/cache:       371M        15G
Swap:         8.0G         0B       8.0G

             total       used       free     shared    buffers     cached
Mem:           15G       692M        14G       3.7M        38M       291M
-/+ buffers/cache:       361M        15G
Swap:         8.0G         0B       8.0G

             total       used       free     shared    buffers     cached
Mem:           15G       692M        14G       3.7M        38M       291M
-/+ buffers/cache:       361M        15G
Swap:         8.0G         0B       8.0G

             total       used       free     shared    buffers     cached
Mem:           15G       692M        14G       3.7M        38M       291M
-/+ buffers/cache:       361M        15G
Swap:         8.0G         0B       8.0G

             total       used       free     shared    buffers     cached
Mem:           15G       692M        14G       3.7M        38M       291M
-/+ buffers/cache:       361M        15G
Swap:         8.0G         0B       8.0G

             total       used       free     shared    buffers     cached
Mem:           15G       692M        14G       3.7M        38M       291M
-/+ buffers/cache:       361M        15G
Swap:         8.0G         0B       8.0G

             total       used       free     shared    buffers     cached
Mem:           15G       692M        14G       3.7M        38M       291M
-/+ buffers/cache:       361M        15G
Swap:         8.0G         0B       8.0G

             total       used       free     shared    buffers     cached
Mem:           15G       693M        14G       3.7M        38M       291M
-/+ buffers/cache:       362M        15G
Swap:         8.0G         0B       8.0G

             total       used       free     shared    buffers     cached
Mem:           15G       693M        14G       3.7M        38M       291M
-/+ buffers/cache:       362M        15G
Swap:         8.0G         0B       8.0G

             total       used       free     shared    buffers     cached
Mem:           15G       693M        14G       3.7M        38M       291M
-/+ buffers/cache:       362M        15G
Swap:         8.0G         0B       8.0G

             total       used       free     shared    buffers     cached
Mem:           15G       693M        14G       3.7M        38M       291M
-/+ buffers/cache:       362M        15G
Swap:         8.0G         0B       8.0G

             total       used       free     shared    buffers     cached
Mem:           15G       693M        14G       3.7M        38M       291M
-/+ buffers/cache:       362M        15G
Swap:         8.0G         0B       8.0G

             total       used       free     shared    buffers     cached
Mem:           15G       694M        14G       3.7M        38M       292M
-/+ buffers/cache:       363M        15G
Swap:         8.0G         0B       8.0G

             total       used       free     shared    buffers     cached
Mem:           15G       694M        14G       3.7M        38M       292M
-/+ buffers/cache:       363M        15G
Swap:         8.0G         0B       8.0G

             total       used       free     shared    buffers     cached
Mem:           15G       694M        14G       3.7M        38M       292M
-/+ buffers/cache:       363M        15G
Swap:         8.0G         0B       8.0G

             total       used       free     shared    buffers     cached
Mem:           15G       694M        14G       3.7M        38M       292M
-/+ buffers/cache:       363M        15G
Swap:         8.0G         0B       8.0G

             total       used       free     shared    buffers     cached
Mem:           15G       694M        14G       3.7M        38M       292M
-/+ buffers/cache:       363M        15G
Swap:         8.0G         0B       8.0G

             total       used       free     shared    buffers     cached
Mem:           15G       695M        14G       3.7M        38M       292M
-/+ buffers/cache:       364M        15G
Swap:         8.0G         0B       8.0G

             total       used       free     shared    buffers     cached
Mem:           15G       694M        14G       3.7M        38M       292M
-/+ buffers/cache:       364M        15G
Swap:         8.0G         0B       8.0G

             total       used       free     shared    buffers     cached
Mem:           15G       694M        14G       3.7M        38M       292M
-/+ buffers/cache:       364M        15G
Swap:         8.0G         0B       8.0G

             total       used       free     shared    buffers     cached
Mem:           15G       694M        14G       3.7M        38M       292M
-/+ buffers/cache:       364M        15G
Swap:         8.0G         0B       8.0G

             total       used       free     shared    buffers     cached
Mem:           15G       694M        14G       3.7M        38M       292M
-/+ buffers/cache:       364M        15G
Swap:         8.0G         0B       8.0G

             total       used       free     shared    buffers     cached
Mem:           15G       694M        14G       3.7M        38M       292M
-/+ buffers/cache:       364M        15G
Swap:         8.0G         0B       8.0G

             total       used       free     shared    buffers     cached
Mem:           15G       694M        14G       3.7M        38M       292M
-/+ buffers/cache:       364M        15G
Swap:         8.0G         0B       8.0G

             total       used       free     shared    buffers     cached
Mem:           15G       694M        14G       3.7M        38M       292M
-/+ buffers/cache:       364M        15G
Swap:         8.0G         0B       8.0G

             total       used       free     shared    buffers     cached
Mem:           15G       694M        14G       3.7M        38M       292M
-/+ buffers/cache:       364M        15G
Swap:         8.0G         0B       8.0G

             total       used       free     shared    buffers     cached
Mem:           15G       694M        14G       3.7M        38M       292M
-/+ buffers/cache:       364M        15G
Swap:         8.0G         0B       8.0G

             total       used       free     shared    buffers     cached
Mem:           15G       694M        14G       3.7M        38M       292M
-/+ buffers/cache:       364M        15G
Swap:         8.0G         0B       8.0G

             total       used       free     shared    buffers     cached
Mem:           15G       694M        14G       3.7M        38M       292M
-/+ buffers/cache:       364M        15G
Swap:         8.0G         0B       8.0G

             total       used       free     shared    buffers     cached
Mem:           15G       698M        14G       3.7M        38M       292M
-/+ buffers/cache:       367M        15G
Swap:         8.0G         0B       8.0G

             total       used       free     shared    buffers     cached
Mem:           15G       711M        14G       3.7M        38M       292M
-/+ buffers/cache:       380M        15G
Swap:         8.0G         0B       8.0G

             total       used       free     shared    buffers     cached
Mem:           15G       725M        14G       3.7M        38M       292M
-/+ buffers/cache:       394M        15G
Swap:         8.0G         0B       8.0G

             total       used       free     shared    buffers     cached
Mem:           15G       739M        14G       3.7M        38M       292M
-/+ buffers/cache:       408M        15G
Swap:         8.0G         0B       8.0G

             total       used       free     shared    buffers     cached
Mem:           15G       753M        14G       3.7M        38M       292M
-/+ buffers/cache:       422M        15G
Swap:         8.0G         0B       8.0G

             total       used       free     shared    buffers     cached
Mem:           15G       763M        14G       3.7M        38M       292M
-/+ buffers/cache:       432M        15G
Swap:         8.0G         0B       8.0G

             total       used       free     shared    buffers     cached
Mem:           15G       777M        14G       3.7M        38M       292M
-/+ buffers/cache:       446M        15G
Swap:         8.0G         0B       8.0G

             total       used       free     shared    buffers     cached
Mem:           15G       791M        14G       3.7M        38M       292M
-/+ buffers/cache:       460M        15G
Swap:         8.0G         0B       8.0G

             total       used       free     shared    buffers     cached
Mem:           15G       805M        14G       3.7M        38M       292M
-/+ buffers/cache:       474M        15G
Swap:         8.0G         0B       8.0G

             total       used       free     shared    buffers     cached
Mem:           15G       817M        14G       3.7M        38M       292M
-/+ buffers/cache:       486M        15G
Swap:         8.0G         0B       8.0G

             total       used       free     shared    buffers     cached
Mem:           15G       832M        14G       3.7M        38M       292M
-/+ buffers/cache:       501M        15G
Swap:         8.0G         0B       8.0G

             total       used       free     shared    buffers     cached
Mem:           15G       847M        14G       3.7M        38M       292M
-/+ buffers/cache:       516M        15G
Swap:         8.0G         0B       8.0G

             total       used       free     shared    buffers     cached
Mem:           15G       861M        14G       3.7M        38M       292M
-/+ buffers/cache:       530M        15G
Swap:         8.0G         0B       8.0G

             total       used       free     shared    buffers     cached
Mem:           15G       875M        14G       3.7M        38M       292M
-/+ buffers/cache:       544M        15G
Swap:         8.0G         0B       8.0G

             total       used       free     shared    buffers     cached
Mem:           15G       890M        14G       3.7M        38M       292M
-/+ buffers/cache:       559M        15G
Swap:         8.0G         0B       8.0G

             total       used       free     shared    buffers     cached
Mem:           15G       904M        14G       3.7M        38M       292M
-/+ buffers/cache:       573M        15G
Swap:         8.0G         0B       8.0G

             total       used       free     shared    buffers     cached
Mem:           15G       919M        14G       3.7M        38M       292M
-/+ buffers/cache:       588M        15G
Swap:         8.0G         0B       8.0G

             total       used       free     shared    buffers     cached
Mem:           15G       931M        14G       3.7M        38M       292M
-/+ buffers/cache:       600M        15G
Swap:         8.0G         0B       8.0G

             total       used       free     shared    buffers     cached
Mem:           15G       947M        14G       3.7M        38M       292M
-/+ buffers/cache:       616M        15G
Swap:         8.0G         0B       8.0G

             total       used       free     shared    buffers     cached
Mem:           15G       960M        14G       3.7M        38M       292M
-/+ buffers/cache:       629M        15G
Swap:         8.0G         0B       8.0G

             total       used       free     shared    buffers     cached
Mem:           15G       974M        14G       3.7M        38M       292M
-/+ buffers/cache:       643M        15G
Swap:         8.0G         0B       8.0G

             total       used       free     shared    buffers     cached
Mem:           15G       987M        14G       3.7M        38M       292M
-/+ buffers/cache:       656M        15G
Swap:         8.0G         0B       8.0G

             total       used       free     shared    buffers     cached
Mem:           15G       1.0G        14G       3.7M        38M       292M
-/+ buffers/cache:       669M        15G
Swap:         8.0G         0B       8.0G

             total       used       free     shared    buffers     cached
Mem:           15G       1.0G        14G       3.7M        38M       292M
-/+ buffers/cache:       683M        15G
Swap:         8.0G         0B       8.0G

             total       used       free     shared    buffers     cached
Mem:           15G       1.0G        14G       3.7M        38M       292M
-/+ buffers/cache:       697M        14G
Swap:         8.0G         0B       8.0G

             total       used       free     shared    buffers     cached
Mem:           15G       1.0G        14G       3.7M        38M       292M
-/+ buffers/cache:       711M        14G
Swap:         8.0G         0B       8.0G

             total       used       free     shared    buffers     cached
Mem:           15G       1.0G        14G       3.7M        38M       292M
-/+ buffers/cache:       726M        14G
Swap:         8.0G         0B       8.0G

             total       used       free     shared    buffers     cached
Mem:           15G       1.0G        14G       3.7M        38M       292M
-/+ buffers/cache:       743M        14G
Swap:         8.0G         0B       8.0G

             total       used       free     shared    buffers     cached
Mem:           15G       1.1G        14G       3.7M        38M       292M
-/+ buffers/cache:       758M        14G
Swap:         8.0G         0B       8.0G

             total       used       free     shared    buffers     cached
Mem:           15G       1.1G        14G       3.7M        38M       292M
-/+ buffers/cache:       773M        14G
Swap:         8.0G         0B       8.0G

             total       used       free     shared    buffers     cached
Mem:           15G       1.1G        14G       3.7M        38M       292M
-/+ buffers/cache:       789M        14G
Swap:         8.0G         0B       8.0G

             total       used       free     shared    buffers     cached
Mem:           15G       1.1G        14G       3.7M        38M       292M
-/+ buffers/cache:       804M        14G
Swap:         8.0G         0B       8.0G

             total       used       free     shared    buffers     cached
Mem:           15G       1.1G        14G       3.7M        38M       292M
-/+ buffers/cache:       815M        14G
Swap:         8.0G         0B       8.0G

             total       used       free     shared    buffers     cached
Mem:           15G       1.1G        14G       3.7M        38M       292M
-/+ buffers/cache:       826M        14G
Swap:         8.0G         0B       8.0G

             total       used       free     shared    buffers     cached
Mem:           15G       1.1G        14G       3.7M        38M       292M
-/+ buffers/cache:       839M        14G
Swap:         8.0G         0B       8.0G

             total       used       free     shared    buffers     cached
Mem:           15G       1.2G        14G       3.7M        38M       292M
-/+ buffers/cache:       853M        14G
Swap:         8.0G         0B       8.0G

             total       used       free     shared    buffers     cached
Mem:           15G       1.2G        14G       3.7M        38M       292M
-/+ buffers/cache:       867M        14G
Swap:         8.0G         0B       8.0G

             total       used       free     shared    buffers     cached
Mem:           15G       1.2G        14G       3.7M        38M       292M
-/+ buffers/cache:       882M        14G
Swap:         8.0G         0B       8.0G

             total       used       free     shared    buffers     cached
Mem:           15G       1.2G        14G       3.7M        38M       292M
-/+ buffers/cache:       896M        14G
Swap:         8.0G         0B       8.0G

             total       used       free     shared    buffers     cached
Mem:           15G       1.2G        14G       3.7M        38M       292M
-/+ buffers/cache:       911M        14G
Swap:         8.0G         0B       8.0G

             total       used       free     shared    buffers     cached
Mem:           15G       1.2G        14G       3.7M        38M       292M
-/+ buffers/cache:       925M        14G
Swap:         8.0G         0B       8.0G

             total       used       free     shared    buffers     cached
Mem:           15G       1.2G        14G       3.7M        38M       292M
-/+ buffers/cache:       940M        14G
Swap:         8.0G         0B       8.0G

             total       used       free     shared    buffers     cached
Mem:           15G       1.3G        14G       3.7M        38M       292M
-/+ buffers/cache:       954M        14G
Swap:         8.0G         0B       8.0G

             total       used       free     shared    buffers     cached
Mem:           15G       1.3G        14G       3.7M        38M       292M
-/+ buffers/cache:       968M        14G
Swap:         8.0G         0B       8.0G

             total       used       free     shared    buffers     cached
Mem:           15G       1.3G        14G       3.7M        38M       292M
-/+ buffers/cache:       983M        14G
Swap:         8.0G         0B       8.0G

             total       used       free     shared    buffers     cached
Mem:           15G       1.3G        14G       3.7M        38M       292M
-/+ buffers/cache:       996M        14G
Swap:         8.0G         0B       8.0G

             total       used       free     shared    buffers     cached
Mem:           15G       1.3G        14G       3.7M        38M       292M
-/+ buffers/cache:       1.0G        14G
Swap:         8.0G         0B       8.0G

             total       used       free     shared    buffers     cached
Mem:           15G       1.3G        14G       3.7M        38M       292M
-/+ buffers/cache:       1.0G        14G
Swap:         8.0G         0B       8.0G

             total       used       free     shared    buffers     cached
Mem:           15G       1.3G        14G       3.7M        38M       292M
-/+ buffers/cache:       1.0G        14G
Swap:         8.0G         0B       8.0G

             total       used       free     shared    buffers     cached
Mem:           15G       1.4G        14G       3.7M        38M       292M
-/+ buffers/cache:       1.0G        14G
Swap:         8.0G         0B       8.0G

             total       used       free     shared    buffers     cached
Mem:           15G       1.4G        14G       3.7M        38M       292M
-/+ buffers/cache:       1.0G        14G
Swap:         8.0G         0B       8.0G

             total       used       free     shared    buffers     cached
Mem:           15G       1.4G        14G       3.7M        38M       292M
-/+ buffers/cache:       1.1G        14G
Swap:         8.0G         0B       8.0G

             total       used       free     shared    buffers     cached
Mem:           15G       1.4G        14G       3.7M        38M       292M
-/+ buffers/cache:       1.1G        14G
Swap:         8.0G         0B       8.0G

             total       used       free     shared    buffers     cached
Mem:           15G       1.4G        14G       3.7M        38M       292M
-/+ buffers/cache:       1.1G        14G
Swap:         8.0G         0B       8.0G

             total       used       free     shared    buffers     cached
Mem:           15G       1.4G        14G       3.7M        38M       292M
-/+ buffers/cache:       1.1G        14G
Swap:         8.0G         0B       8.0G

             total       used       free     shared    buffers     cached
Mem:           15G       1.4G        14G       3.7M        38M       292M
-/+ buffers/cache:       1.1G        14G
Swap:         8.0G         0B       8.0G

             total       used       free     shared    buffers     cached
Mem:           15G       1.5G        14G       3.7M        38M       292M
-/+ buffers/cache:       1.1G        14G
Swap:         8.0G         0B       8.0G

             total       used       free     shared    buffers     cached
Mem:           15G       1.5G        14G       3.7M        38M       292M
-/+ buffers/cache:       1.2G        14G
Swap:         8.0G         0B       8.0G

             total       used       free     shared    buffers     cached
Mem:           15G       1.5G        14G       3.7M        38M       292M
-/+ buffers/cache:       1.2G        14G
Swap:         8.0G         0B       8.0G

             total       used       free     shared    buffers     cached
Mem:           15G       1.5G        14G       3.7M        38M       292M
-/+ buffers/cache:       1.2G        14G
Swap:         8.0G         0B       8.0G

             total       used       free     shared    buffers     cached
Mem:           15G       1.5G        14G       3.7M        38M       292M
-/+ buffers/cache:       1.2G        14G
Swap:         8.0G         0B       8.0G

             total       used       free     shared    buffers     cached
Mem:           15G       1.5G        14G       3.7M        38M       292M
-/+ buffers/cache:       1.2G        14G
Swap:         8.0G         0B       8.0G

             total       used       free     shared    buffers     cached
Mem:           15G       1.5G        14G       3.7M        38M       292M
-/+ buffers/cache:       1.2G        14G
Swap:         8.0G         0B       8.0G

             total       used       free     shared    buffers     cached
Mem:           15G       1.6G        14G       3.7M        38M       292M
-/+ buffers/cache:       1.2G        14G
Swap:         8.0G         0B       8.0G

             total       used       free     shared    buffers     cached
Mem:           15G       1.6G        14G       3.7M        38M       292M
-/+ buffers/cache:       1.2G        14G
Swap:         8.0G         0B       8.0G

             total       used       free     shared    buffers     cached
Mem:           15G       1.6G        14G       3.7M        38M       292M
-/+ buffers/cache:       1.3G        14G
Swap:         8.0G         0B       8.0G

             total       used       free     shared    buffers     cached
Mem:           15G       1.6G        14G       3.7M        38M       292M
-/+ buffers/cache:       1.3G        14G
Swap:         8.0G         0B       8.0G

             total       used       free     shared    buffers     cached
Mem:           15G       1.6G        14G       3.7M        38M       292M
-/+ buffers/cache:       1.3G        14G
Swap:         8.0G         0B       8.0G

             total       used       free     shared    buffers     cached
Mem:           15G       1.6G        14G       3.7M        38M       292M
-/+ buffers/cache:       1.3G        14G
Swap:         8.0G         0B       8.0G

             total       used       free     shared    buffers     cached
Mem:           15G       1.6G        14G       3.7M        38M       292M
-/+ buffers/cache:       1.3G        14G
Swap:         8.0G         0B       8.0G

             total       used       free     shared    buffers     cached
Mem:           15G       1.6G        14G       3.7M        38M       292M
-/+ buffers/cache:       1.3G        14G
Swap:         8.0G         0B       8.0G

             total       used       free     shared    buffers     cached
Mem:           15G       1.7G        14G       3.7M        38M       292M
-/+ buffers/cache:       1.3G        14G
Swap:         8.0G         0B       8.0G

             total       used       free     shared    buffers     cached
Mem:           15G       1.7G        13G       3.7M        38M       292M
-/+ buffers/cache:       1.4G        14G
Swap:         8.0G         0B       8.0G

             total       used       free     shared    buffers     cached
Mem:           15G       1.7G        13G       3.7M        38M       292M
-/+ buffers/cache:       1.4G        14G
Swap:         8.0G         0B       8.0G

             total       used       free     shared    buffers     cached
Mem:           15G       1.7G        13G       3.7M        38M       292M
-/+ buffers/cache:       1.4G        14G
Swap:         8.0G         0B       8.0G

             total       used       free     shared    buffers     cached
Mem:           15G       1.7G        13G       3.7M        38M       292M
-/+ buffers/cache:       1.4G        14G
Swap:         8.0G         0B       8.0G

             total       used       free     shared    buffers     cached
Mem:           15G       1.7G        13G       3.7M        38M       292M
-/+ buffers/cache:       1.4G        14G
Swap:         8.0G         0B       8.0G

             total       used       free     shared    buffers     cached
Mem:           15G       1.8G        13G       3.7M        38M       292M
-/+ buffers/cache:       1.4G        14G
Swap:         8.0G         0B       8.0G

             total       used       free     shared    buffers     cached
Mem:           15G       1.8G        13G       3.7M        38M       292M
-/+ buffers/cache:       1.4G        14G
Swap:         8.0G         0B       8.0G

             total       used       free     shared    buffers     cached
Mem:           15G       1.8G        13G       3.7M        38M       292M
-/+ buffers/cache:       1.5G        14G
Swap:         8.0G         0B       8.0G

             total       used       free     shared    buffers     cached
Mem:           15G       1.8G        13G       3.7M        38M       292M
-/+ buffers/cache:       1.5G        14G
Swap:         8.0G         0B       8.0G

             total       used       free     shared    buffers     cached
Mem:           15G       1.8G        13G       3.7M        38M       292M
-/+ buffers/cache:       1.5G        14G
Swap:         8.0G         0B       8.0G

             total       used       free     shared    buffers     cached
Mem:           15G       1.8G        13G       3.7M        38M       292M
-/+ buffers/cache:       1.5G        14G
Swap:         8.0G         0B       8.0G

             total       used       free     shared    buffers     cached
Mem:           15G       1.8G        13G       3.7M        38M       292M
-/+ buffers/cache:       1.5G        14G
Swap:         8.0G         0B       8.0G

             total       used       free     shared    buffers     cached
Mem:           15G       1.8G        13G       3.7M        38M       292M
-/+ buffers/cache:       1.5G        14G
Swap:         8.0G         0B       8.0G

             total       used       free     shared    buffers     cached
Mem:           15G       1.9G        13G       3.7M        38M       292M
-/+ buffers/cache:       1.5G        14G
Swap:         8.0G         0B       8.0G

             total       used       free     shared    buffers     cached
Mem:           15G       1.9G        13G       3.7M        38M       292M
-/+ buffers/cache:       1.6G        14G
Swap:         8.0G         0B       8.0G

             total       used       free     shared    buffers     cached
Mem:           15G       1.9G        13G       3.7M        39M       292M
-/+ buffers/cache:       1.6G        14G
Swap:         8.0G         0B       8.0G

             total       used       free     shared    buffers     cached
Mem:           15G       1.9G        13G       3.7M        39M       292M
-/+ buffers/cache:       1.6G        14G
Swap:         8.0G         0B       8.0G

             total       used       free     shared    buffers     cached
Mem:           15G       1.9G        13G       3.7M        39M       292M
-/+ buffers/cache:       1.6G        14G
Swap:         8.0G         0B       8.0G

             total       used       free     shared    buffers     cached
Mem:           15G       1.9G        13G       3.7M        39M       292M
-/+ buffers/cache:       1.6G        14G
Swap:         8.0G         0B       8.0G

             total       used       free     shared    buffers     cached
Mem:           15G       1.9G        13G       3.7M        39M       292M
-/+ buffers/cache:       1.6G        14G
Swap:         8.0G         0B       8.0G

             total       used       free     shared    buffers     cached
Mem:           15G       2.0G        13G       3.7M        39M       292M
-/+ buffers/cache:       1.6G        14G
Swap:         8.0G         0B       8.0G

             total       used       free     shared    buffers     cached
Mem:           15G       2.0G        13G       3.7M        39M       292M
-/+ buffers/cache:       1.7G        14G
Swap:         8.0G         0B       8.0G

             total       used       free     shared    buffers     cached
Mem:           15G       2.0G        13G       3.7M        39M       292M
-/+ buffers/cache:       1.7G        14G
Swap:         8.0G         0B       8.0G

             total       used       free     shared    buffers     cached
Mem:           15G       2.0G        13G       3.7M        39M       292M
-/+ buffers/cache:       1.7G        13G
Swap:         8.0G         0B       8.0G

             total       used       free     shared    buffers     cached
Mem:           15G       2.0G        13G       3.7M        39M       292M
-/+ buffers/cache:       1.7G        13G
Swap:         8.0G         0B       8.0G

             total       used       free     shared    buffers     cached
Mem:           15G       2.0G        13G       3.7M        39M       292M
-/+ buffers/cache:       1.7G        13G
Swap:         8.0G         0B       8.0G

             total       used       free     shared    buffers     cached
Mem:           15G       2.0G        13G       3.7M        39M       292M
-/+ buffers/cache:       1.7G        13G
Swap:         8.0G         0B       8.0G

             total       used       free     shared    buffers     cached
Mem:           15G       2.1G        13G       3.7M        39M       292M
-/+ buffers/cache:       1.7G        13G
Swap:         8.0G         0B       8.0G

             total       used       free     shared    buffers     cached
Mem:           15G       2.1G        13G       3.7M        39M       292M
-/+ buffers/cache:       1.8G        13G
Swap:         8.0G         0B       8.0G

             total       used       free     shared    buffers     cached
Mem:           15G       2.1G        13G       3.7M        39M       292M
-/+ buffers/cache:       1.8G        13G
Swap:         8.0G         0B       8.0G

             total       used       free     shared    buffers     cached
Mem:           15G       2.1G        13G       3.7M        39M       292M
-/+ buffers/cache:       1.8G        13G
Swap:         8.0G         0B       8.0G

             total       used       free     shared    buffers     cached
Mem:           15G       2.1G        13G       3.7M        39M       292M
-/+ buffers/cache:       1.8G        13G
Swap:         8.0G         0B       8.0G

             total       used       free     shared    buffers     cached
Mem:           15G       2.1G        13G       3.7M        39M       292M
-/+ buffers/cache:       1.8G        13G
Swap:         8.0G         0B       8.0G

             total       used       free     shared    buffers     cached
Mem:           15G       2.1G        13G       3.7M        39M       292M
-/+ buffers/cache:       1.8G        13G
Swap:         8.0G         0B       8.0G

             total       used       free     shared    buffers     cached
Mem:           15G       2.2G        13G       3.7M        39M       292M
-/+ buffers/cache:       1.8G        13G
Swap:         8.0G         0B       8.0G

             total       used       free     shared    buffers     cached
Mem:           15G       2.2G        13G       3.7M        39M       292M
-/+ buffers/cache:       1.9G        13G
Swap:         8.0G         0B       8.0G

             total       used       free     shared    buffers     cached
Mem:           15G       2.2G        13G       3.7M        39M       292M
-/+ buffers/cache:       1.9G        13G
Swap:         8.0G         0B       8.0G

             total       used       free     shared    buffers     cached
Mem:           15G       2.2G        13G       3.7M        39M       292M
-/+ buffers/cache:       1.9G        13G
Swap:         8.0G         0B       8.0G

             total       used       free     shared    buffers     cached
Mem:           15G       2.2G        13G       3.7M        39M       292M
-/+ buffers/cache:       1.9G        13G
Swap:         8.0G         0B       8.0G

             total       used       free     shared    buffers     cached
Mem:           15G       2.2G        13G       3.7M        39M       292M
-/+ buffers/cache:       1.9G        13G
Swap:         8.0G         0B       8.0G

             total       used       free     shared    buffers     cached
Mem:           15G       2.3G        13G       3.7M        39M       292M
-/+ buffers/cache:       1.9G        13G
Swap:         8.0G         0B       8.0G

             total       used       free     shared    buffers     cached
Mem:           15G       2.3G        13G       3.7M        39M       292M
-/+ buffers/cache:       1.9G        13G
Swap:         8.0G         0B       8.0G

             total       used       free     shared    buffers     cached
Mem:           15G       2.3G        13G       3.7M        39M       292M
-/+ buffers/cache:       2.0G        13G
Swap:         8.0G         0B       8.0G

             total       used       free     shared    buffers     cached
Mem:           15G       2.3G        13G       3.7M        39M       292M
-/+ buffers/cache:       2.0G        13G
Swap:         8.0G         0B       8.0G

             total       used       free     shared    buffers     cached
Mem:           15G       2.3G        13G       3.7M        39M       292M
-/+ buffers/cache:       2.0G        13G
Swap:         8.0G         0B       8.0G

             total       used       free     shared    buffers     cached
Mem:           15G       2.3G        13G       3.7M        39M       292M
-/+ buffers/cache:       2.0G        13G
Swap:         8.0G         0B       8.0G

             total       used       free     shared    buffers     cached
Mem:           15G       2.3G        13G       3.7M        39M       292M
-/+ buffers/cache:       2.0G        13G
Swap:         8.0G         0B       8.0G

             total       used       free     shared    buffers     cached
Mem:           15G       2.3G        13G       3.7M        39M       292M
-/+ buffers/cache:       2.0G        13G
Swap:         8.0G         0B       8.0G

             total       used       free     shared    buffers     cached
Mem:           15G       2.4G        13G       3.7M        39M       292M
-/+ buffers/cache:       2.0G        13G
Swap:         8.0G         0B       8.0G

             total       used       free     shared    buffers     cached
Mem:           15G       2.4G        13G       3.7M        39M       292M
-/+ buffers/cache:       2.0G        13G
Swap:         8.0G         0B       8.0G

             total       used       free     shared    buffers     cached
Mem:           15G       2.4G        13G       3.7M        39M       292M
-/+ buffers/cache:       2.1G        13G
Swap:         8.0G         0B       8.0G

             total       used       free     shared    buffers     cached
Mem:           15G       2.4G        13G       3.7M        39M       292M
-/+ buffers/cache:       2.1G        13G
Swap:         8.0G         0B       8.0G

             total       used       free     shared    buffers     cached
Mem:           15G       2.4G        13G       3.7M        39M       292M
-/+ buffers/cache:       2.1G        13G
Swap:         8.0G         0B       8.0G

             total       used       free     shared    buffers     cached
Mem:           15G       2.4G        13G       3.7M        39M       292M
-/+ buffers/cache:       2.1G        13G
Swap:         8.0G         0B       8.0G

             total       used       free     shared    buffers     cached
Mem:           15G       2.4G        13G       3.7M        39M       292M
-/+ buffers/cache:       2.1G        13G
Swap:         8.0G         0B       8.0G

             total       used       free     shared    buffers     cached
Mem:           15G       2.4G        13G       3.7M        39M       292M
-/+ buffers/cache:       2.1G        13G
Swap:         8.0G         0B       8.0G

             total       used       free     shared    buffers     cached
Mem:           15G       2.4G        13G       3.7M        39M       292M
-/+ buffers/cache:       2.1G        13G
Swap:         8.0G         0B       8.0G

             total       used       free     shared    buffers     cached
Mem:           15G       2.5G        13G       3.7M        39M       292M
-/+ buffers/cache:       2.1G        13G
Swap:         8.0G         0B       8.0G

             total       used       free     shared    buffers     cached
Mem:           15G       2.5G        13G       3.7M        39M       292M
-/+ buffers/cache:       2.1G        13G
Swap:         8.0G         0B       8.0G

             total       used       free     shared    buffers     cached
Mem:           15G       2.5G        13G       3.7M        39M       292M
-/+ buffers/cache:       2.2G        13G
Swap:         8.0G         0B       8.0G

             total       used       free     shared    buffers     cached
Mem:           15G       2.5G        13G       3.7M        39M       292M
-/+ buffers/cache:       2.2G        13G
Swap:         8.0G         0B       8.0G

             total       used       free     shared    buffers     cached
Mem:           15G       2.5G        13G       3.7M        39M       292M
-/+ buffers/cache:       2.2G        13G
Swap:         8.0G         0B       8.0G

             total       used       free     shared    buffers     cached
Mem:           15G       2.5G        13G       3.7M        39M       292M
-/+ buffers/cache:       2.2G        13G
Swap:         8.0G         0B       8.0G

             total       used       free     shared    buffers     cached
Mem:           15G       2.5G        13G       3.7M        39M       292M
-/+ buffers/cache:       2.2G        13G
Swap:         8.0G         0B       8.0G

             total       used       free     shared    buffers     cached
Mem:           15G       2.5G        13G       3.7M        39M       292M
-/+ buffers/cache:       2.2G        13G
Swap:         8.0G         0B       8.0G

             total       used       free     shared    buffers     cached
Mem:           15G       2.6G        13G       3.7M        39M       292M
-/+ buffers/cache:       2.2G        13G
Swap:         8.0G         0B       8.0G

             total       used       free     shared    buffers     cached
Mem:           15G       2.6G        13G       3.7M        39M       292M
-/+ buffers/cache:       2.3G        13G
Swap:         8.0G         0B       8.0G

             total       used       free     shared    buffers     cached
Mem:           15G       2.6G        13G       3.7M        39M       292M
-/+ buffers/cache:       2.3G        13G
Swap:         8.0G         0B       8.0G

             total       used       free     shared    buffers     cached
Mem:           15G       2.6G        13G       3.7M        39M       292M
-/+ buffers/cache:       2.3G        13G
Swap:         8.0G         0B       8.0G

             total       used       free     shared    buffers     cached
Mem:           15G       2.6G        13G       3.7M        39M       292M
-/+ buffers/cache:       2.3G        13G
Swap:         8.0G         0B       8.0G

             total       used       free     shared    buffers     cached
Mem:           15G       2.6G        13G       3.7M        39M       292M
-/+ buffers/cache:       2.3G        13G
Swap:         8.0G         0B       8.0G

             total       used       free     shared    buffers     cached
Mem:           15G       2.7G        13G       3.7M        39M       292M
-/+ buffers/cache:       2.3G        13G
Swap:         8.0G         0B       8.0G

             total       used       free     shared    buffers     cached
Mem:           15G       2.7G        13G       3.7M        39M       292M
-/+ buffers/cache:       2.3G        13G
Swap:         8.0G         0B       8.0G

             total       used       free     shared    buffers     cached
Mem:           15G       2.7G        12G       3.7M        39M       292M
-/+ buffers/cache:       2.4G        13G
Swap:         8.0G         0B       8.0G

             total       used       free     shared    buffers     cached
Mem:           15G       2.7G        12G       3.7M        39M       292M
-/+ buffers/cache:       2.4G        13G
Swap:         8.0G         0B       8.0G

             total       used       free     shared    buffers     cached
Mem:           15G       2.7G        12G       3.7M        39M       292M
-/+ buffers/cache:       2.4G        13G
Swap:         8.0G         0B       8.0G

             total       used       free     shared    buffers     cached
Mem:           15G       2.7G        12G       3.7M        39M       292M
-/+ buffers/cache:       2.4G        13G
Swap:         8.0G         0B       8.0G

             total       used       free     shared    buffers     cached
Mem:           15G       2.7G        12G       3.7M        39M       292M
-/+ buffers/cache:       2.4G        13G
Swap:         8.0G         0B       8.0G

             total       used       free     shared    buffers     cached
Mem:           15G       2.7G        12G       3.7M        39M       292M
-/+ buffers/cache:       2.4G        13G
Swap:         8.0G         0B       8.0G

             total       used       free     shared    buffers     cached
Mem:           15G       2.7G        12G       3.7M        39M       292M
-/+ buffers/cache:       2.4G        13G
Swap:         8.0G         0B       8.0G

             total       used       free     shared    buffers     cached
Mem:           15G       2.8G        12G       3.7M        39M       292M
-/+ buffers/cache:       2.4G        13G
Swap:         8.0G         0B       8.0G

             total       used       free     shared    buffers     cached
Mem:           15G       2.8G        12G       3.7M        39M       292M
-/+ buffers/cache:       2.4G        13G
Swap:         8.0G         0B       8.0G

             total       used       free     shared    buffers     cached
Mem:           15G       2.8G        12G       3.7M        39M       292M
-/+ buffers/cache:       2.5G        13G
Swap:         8.0G         0B       8.0G

             total       used       free     shared    buffers     cached
Mem:           15G       2.8G        12G       3.7M        39M       292M
-/+ buffers/cache:       2.5G        13G
Swap:         8.0G         0B       8.0G

             total       used       free     shared    buffers     cached
Mem:           15G       2.8G        12G       3.7M        39M       292M
-/+ buffers/cache:       2.5G        13G
Swap:         8.0G         0B       8.0G

             total       used       free     shared    buffers     cached
Mem:           15G       2.8G        12G       3.7M        39M       292M
-/+ buffers/cache:       2.5G        13G
Swap:         8.0G         0B       8.0G

             total       used       free     shared    buffers     cached
Mem:           15G       2.8G        12G       3.7M        39M       292M
-/+ buffers/cache:       2.5G        13G
Swap:         8.0G         0B       8.0G

             total       used       free     shared    buffers     cached
Mem:           15G       2.8G        12G       3.7M        39M       292M
-/+ buffers/cache:       2.5G        13G
Swap:         8.0G         0B       8.0G

             total       used       free     shared    buffers     cached
Mem:           15G       2.8G        12G       3.7M        39M       292M
-/+ buffers/cache:       2.5G        13G
Swap:         8.0G         0B       8.0G

             total       used       free     shared    buffers     cached
Mem:           15G       2.9G        12G       3.7M        39M       292M
-/+ buffers/cache:       2.5G        13G
Swap:         8.0G         0B       8.0G

             total       used       free     shared    buffers     cached
Mem:           15G       2.9G        12G       3.7M        39M       292M
-/+ buffers/cache:       2.5G        13G
Swap:         8.0G         0B       8.0G

             total       used       free     shared    buffers     cached
Mem:           15G       2.9G        12G       3.7M        39M       292M
-/+ buffers/cache:       2.6G        13G
Swap:         8.0G         0B       8.0G

             total       used       free     shared    buffers     cached
Mem:           15G       2.9G        12G       3.7M        39M       292M
-/+ buffers/cache:       2.6G        13G
Swap:         8.0G         0B       8.0G

             total       used       free     shared    buffers     cached
Mem:           15G       2.9G        12G       3.7M        39M       292M
-/+ buffers/cache:       2.6G        13G
Swap:         8.0G         0B       8.0G

             total       used       free     shared    buffers     cached
Mem:           15G       2.9G        12G       3.7M        39M       292M
-/+ buffers/cache:       2.6G        13G
Swap:         8.0G         0B       8.0G

             total       used       free     shared    buffers     cached
Mem:           15G       2.9G        12G       3.7M        39M       292M
-/+ buffers/cache:       2.6G        13G
Swap:         8.0G         0B       8.0G

             total       used       free     shared    buffers     cached
Mem:           15G       2.9G        12G       3.7M        39M       292M
-/+ buffers/cache:       2.6G        13G
Swap:         8.0G         0B       8.0G

             total       used       free     shared    buffers     cached
Mem:           15G       3.0G        12G       3.7M        39M       292M
-/+ buffers/cache:       2.6G        13G
Swap:         8.0G         0B       8.0G

             total       used       free     shared    buffers     cached
Mem:           15G       3.0G        12G       3.7M        39M       292M
-/+ buffers/cache:       2.6G        13G
Swap:         8.0G         0B       8.0G

             total       used       free     shared    buffers     cached
Mem:           15G       3.0G        12G       3.7M        39M       292M
-/+ buffers/cache:       2.7G        13G
Swap:         8.0G         0B       8.0G

             total       used       free     shared    buffers     cached
Mem:           15G       3.0G        12G       3.7M        39M       292M
-/+ buffers/cache:       2.7G        13G
Swap:         8.0G         0B       8.0G

             total       used       free     shared    buffers     cached
Mem:           15G       3.0G        12G       3.7M        39M       292M
-/+ buffers/cache:       2.7G        12G
Swap:         8.0G         0B       8.0G

             total       used       free     shared    buffers     cached
Mem:           15G       3.0G        12G       3.7M        39M       292M
-/+ buffers/cache:       2.7G        12G
Swap:         8.0G         0B       8.0G

             total       used       free     shared    buffers     cached
Mem:           15G       3.0G        12G       3.7M        39M       292M
-/+ buffers/cache:       2.7G        12G
Swap:         8.0G         0B       8.0G

             total       used       free     shared    buffers     cached
Mem:           15G       3.0G        12G       3.7M        39M       292M
-/+ buffers/cache:       2.7G        12G
Swap:         8.0G         0B       8.0G

             total       used       free     shared    buffers     cached
Mem:           15G       3.0G        12G       3.7M        39M       292M
-/+ buffers/cache:       2.7G        12G
Swap:         8.0G         0B       8.0G

             total       used       free     shared    buffers     cached
Mem:           15G       3.1G        12G       3.7M        39M       292M
-/+ buffers/cache:       2.7G        12G
Swap:         8.0G         0B       8.0G

             total       used       free     shared    buffers     cached
Mem:           15G       3.1G        12G       3.7M        39M       292M
-/+ buffers/cache:       2.7G        12G
Swap:         8.0G         0B       8.0G

             total       used       free     shared    buffers     cached
Mem:           15G       3.1G        12G       3.7M        39M       292M
-/+ buffers/cache:       2.8G        12G
Swap:         8.0G         0B       8.0G

             total       used       free     shared    buffers     cached
Mem:           15G       3.1G        12G       3.7M        39M       292M
-/+ buffers/cache:       2.8G        12G
Swap:         8.0G         0B       8.0G

             total       used       free     shared    buffers     cached
Mem:           15G       3.1G        12G       3.7M        39M       292M
-/+ buffers/cache:       2.8G        12G
Swap:         8.0G         0B       8.0G

             total       used       free     shared    buffers     cached
Mem:           15G       3.1G        12G       3.7M        39M       292M
-/+ buffers/cache:       2.8G        12G
Swap:         8.0G         0B       8.0G

             total       used       free     shared    buffers     cached
Mem:           15G       3.1G        12G       3.7M        39M       292M
-/+ buffers/cache:       2.8G        12G
Swap:         8.0G         0B       8.0G

             total       used       free     shared    buffers     cached
Mem:           15G       3.1G        12G       3.7M        39M       292M
-/+ buffers/cache:       2.8G        12G
Swap:         8.0G         0B       8.0G

             total       used       free     shared    buffers     cached
Mem:           15G       3.2G        12G       3.7M        39M       292M
-/+ buffers/cache:       2.8G        12G
Swap:         8.0G         0B       8.0G

             total       used       free     shared    buffers     cached
Mem:           15G       3.2G        12G       3.7M        39M       292M
-/+ buffers/cache:       2.8G        12G
Swap:         8.0G         0B       8.0G

             total       used       free     shared    buffers     cached
Mem:           15G       3.2G        12G       3.7M        39M       292M
-/+ buffers/cache:       2.9G        12G
Swap:         8.0G         0B       8.0G

             total       used       free     shared    buffers     cached
Mem:           15G       3.2G        12G       3.7M        39M       292M
-/+ buffers/cache:       2.9G        12G
Swap:         8.0G         0B       8.0G

             total       used       free     shared    buffers     cached
Mem:           15G       3.2G        12G       3.7M        39M       292M
-/+ buffers/cache:       2.9G        12G
Swap:         8.0G         0B       8.0G

             total       used       free     shared    buffers     cached
Mem:           15G       3.2G        12G       3.7M        39M       292M
-/+ buffers/cache:       2.9G        12G
Swap:         8.0G         0B       8.0G

             total       used       free     shared    buffers     cached
Mem:           15G       3.2G        12G       3.7M        39M       292M
-/+ buffers/cache:       2.9G        12G
Swap:         8.0G         0B       8.0G

             total       used       free     shared    buffers     cached
Mem:           15G       3.2G        12G       3.7M        39M       292M
-/+ buffers/cache:       2.9G        12G
Swap:         8.0G         0B       8.0G

             total       used       free     shared    buffers     cached
Mem:           15G       3.2G        12G       3.7M        39M       292M
-/+ buffers/cache:       2.9G        12G
Swap:         8.0G         0B       8.0G

             total       used       free     shared    buffers     cached
Mem:           15G       3.2G        12G       3.7M        39M       292M
-/+ buffers/cache:       2.9G        12G
Swap:         8.0G         0B       8.0G

             total       used       free     shared    buffers     cached
Mem:           15G       3.3G        12G       3.7M        39M       292M
-/+ buffers/cache:       2.9G        12G
Swap:         8.0G         0B       8.0G

             total       used       free     shared    buffers     cached
Mem:           15G       3.3G        12G       3.7M        39M       292M
-/+ buffers/cache:       2.9G        12G
Swap:         8.0G         0B       8.0G

             total       used       free     shared    buffers     cached
Mem:           15G       3.3G        12G       3.7M        39M       292M
-/+ buffers/cache:       3.0G        12G
Swap:         8.0G         0B       8.0G

             total       used       free     shared    buffers     cached
Mem:           15G       3.3G        12G       3.7M        39M       292M
-/+ buffers/cache:       3.0G        12G
Swap:         8.0G         0B       8.0G

             total       used       free     shared    buffers     cached
Mem:           15G       3.3G        12G       3.7M        39M       292M
-/+ buffers/cache:       3.0G        12G
Swap:         8.0G         0B       8.0G

             total       used       free     shared    buffers     cached
Mem:           15G       3.3G        12G       3.7M        39M       292M
-/+ buffers/cache:       3.0G        12G
Swap:         8.0G         0B       8.0G

             total       used       free     shared    buffers     cached
Mem:           15G       3.3G        12G       3.7M        39M       292M
-/+ buffers/cache:       3.0G        12G
Swap:         8.0G         0B       8.0G

             total       used       free     shared    buffers     cached
Mem:           15G       3.3G        12G       3.7M        39M       292M
-/+ buffers/cache:       3.0G        12G
Swap:         8.0G         0B       8.0G

             total       used       free     shared    buffers     cached
Mem:           15G       3.3G        12G       3.7M        39M       292M
-/+ buffers/cache:       3.0G        12G
Swap:         8.0G         0B       8.0G

             total       used       free     shared    buffers     cached
Mem:           15G       3.3G        12G       3.7M        39M       292M
-/+ buffers/cache:       3.0G        12G
Swap:         8.0G         0B       8.0G

             total       used       free     shared    buffers     cached
Mem:           15G       3.4G        12G       3.7M        39M       292M
-/+ buffers/cache:       3.0G        12G
Swap:         8.0G         0B       8.0G

             total       used       free     shared    buffers     cached
Mem:           15G       3.4G        12G       3.7M        39M       292M
-/+ buffers/cache:       3.0G        12G
Swap:         8.0G         0B       8.0G

             total       used       free     shared    buffers     cached
Mem:           15G       3.4G        12G       3.7M        39M       292M
-/+ buffers/cache:       3.0G        12G
Swap:         8.0G         0B       8.0G

             total       used       free     shared    buffers     cached
Mem:           15G       3.4G        12G       3.7M        39M       292M
-/+ buffers/cache:       3.1G        12G
Swap:         8.0G         0B       8.0G

             total       used       free     shared    buffers     cached
Mem:           15G       3.4G        12G       3.7M        39M       292M
-/+ buffers/cache:       3.1G        12G
Swap:         8.0G         0B       8.0G

             total       used       free     shared    buffers     cached
Mem:           15G       3.4G        12G       3.7M        39M       292M
-/+ buffers/cache:       3.1G        12G
Swap:         8.0G         0B       8.0G

             total       used       free     shared    buffers     cached
Mem:           15G       3.4G        12G       3.7M        39M       292M
-/+ buffers/cache:       3.1G        12G
Swap:         8.0G         0B       8.0G

             total       used       free     shared    buffers     cached
Mem:           15G       3.4G        12G       3.7M        39M       292M
-/+ buffers/cache:       3.1G        12G
Swap:         8.0G         0B       8.0G

             total       used       free     shared    buffers     cached
Mem:           15G       3.4G        12G       3.7M        39M       292M
-/+ buffers/cache:       3.1G        12G
Swap:         8.0G         0B       8.0G

             total       used       free     shared    buffers     cached
Mem:           15G       3.4G        12G       3.7M        39M       292M
-/+ buffers/cache:       3.1G        12G
Swap:         8.0G         0B       8.0G

             total       used       free     shared    buffers     cached
Mem:           15G       3.4G        12G       3.7M        39M       292M
-/+ buffers/cache:       3.1G        12G
Swap:         8.0G         0B       8.0G

             total       used       free     shared    buffers     cached
Mem:           15G       3.4G        12G       3.7M        39M       292M
-/+ buffers/cache:       3.1G        12G
Swap:         8.0G         0B       8.0G

             total       used       free     shared    buffers     cached
Mem:           15G       3.5G        12G       3.7M        39M       292M
-/+ buffers/cache:       3.1G        12G
Swap:         8.0G         0B       8.0G

             total       used       free     shared    buffers     cached
Mem:           15G       3.5G        12G       3.7M        39M       292M
-/+ buffers/cache:       3.1G        12G
Swap:         8.0G         0B       8.0G

             total       used       free     shared    buffers     cached
Mem:           15G       3.5G        12G       7.4M        39M       296M
-/+ buffers/cache:       3.2G        12G
Swap:         8.0G         0B       8.0G

             total       used       free     shared    buffers     cached
Mem:           15G       3.5G        12G       3.7M        39M       292M
-/+ buffers/cache:       3.2G        12G
Swap:         8.0G         0B       8.0G

             total       used       free     shared    buffers     cached
Mem:           15G       3.5G        12G       3.7M        39M       292M
-/+ buffers/cache:       3.2G        12G
Swap:         8.0G         0B       8.0G

             total       used       free     shared    buffers     cached
Mem:           15G       3.5G        12G       3.7M        39M       292M
-/+ buffers/cache:       3.2G        12G
Swap:         8.0G         0B       8.0G

             total       used       free     shared    buffers     cached
Mem:           15G       3.5G        12G       3.7M        39M       292M
-/+ buffers/cache:       3.2G        12G
Swap:         8.0G         0B       8.0G

             total       used       free     shared    buffers     cached
Mem:           15G       3.5G        12G       3.7M        39M       292M
-/+ buffers/cache:       3.2G        12G
Swap:         8.0G         0B       8.0G

             total       used       free     shared    buffers     cached
Mem:           15G       3.5G        12G       3.7M        39M       292M
-/+ buffers/cache:       3.2G        12G
Swap:         8.0G         0B       8.0G

             total       used       free     shared    buffers     cached
Mem:           15G       3.5G        12G       3.7M        39M       292M
-/+ buffers/cache:       3.2G        12G
Swap:         8.0G         0B       8.0G

             total       used       free     shared    buffers     cached
Mem:           15G       3.5G        12G       3.7M        39M       292M
-/+ buffers/cache:       3.2G        12G
Swap:         8.0G         0B       8.0G

             total       used       free     shared    buffers     cached
Mem:           15G       3.5G        12G       3.7M        39M       292M
-/+ buffers/cache:       3.2G        12G
Swap:         8.0G         0B       8.0G

             total       used       free     shared    buffers     cached
Mem:           15G       3.5G        12G       3.7M        39M       292M
-/+ buffers/cache:       3.2G        12G
Swap:         8.0G         0B       8.0G

             total       used       free     shared    buffers     cached
Mem:           15G       3.5G        12G       3.7M        39M       292M
-/+ buffers/cache:       3.2G        12G
Swap:         8.0G         0B       8.0G

             total       used       free     shared    buffers     cached
Mem:           15G       3.5G        12G       3.7M        39M       292M
-/+ buffers/cache:       3.2G        12G
Swap:         8.0G         0B       8.0G

             total       used       free     shared    buffers     cached
Mem:           15G       3.6G        12G       3.7M        39M       292M
-/+ buffers/cache:       3.2G        12G
Swap:         8.0G         0B       8.0G

             total       used       free     shared    buffers     cached
Mem:           15G       3.6G        12G       3.7M        39M       292M
-/+ buffers/cache:       3.2G        12G
Swap:         8.0G         0B       8.0G

             total       used       free     shared    buffers     cached
Mem:           15G       3.6G        12G       3.7M        39M       292M
-/+ buffers/cache:       3.2G        12G
Swap:         8.0G         0B       8.0G

             total       used       free     shared    buffers     cached
Mem:           15G       3.6G        12G       3.7M        39M       292M
-/+ buffers/cache:       3.3G        12G
Swap:         8.0G         0B       8.0G

             total       used       free     shared    buffers     cached
Mem:           15G       3.6G        12G       3.7M        39M       292M
-/+ buffers/cache:       3.3G        12G
Swap:         8.0G         0B       8.0G

             total       used       free     shared    buffers     cached
Mem:           15G       3.6G        12G       3.7M        39M       292M
-/+ buffers/cache:       3.3G        12G
Swap:         8.0G         0B       8.0G

             total       used       free     shared    buffers     cached
Mem:           15G       3.6G        12G       3.7M        39M       292M
-/+ buffers/cache:       3.3G        12G
Swap:         8.0G         0B       8.0G

             total       used       free     shared    buffers     cached
Mem:           15G       3.6G        12G       3.7M        39M       292M
-/+ buffers/cache:       3.3G        12G
Swap:         8.0G         0B       8.0G

             total       used       free     shared    buffers     cached
Mem:           15G       3.6G        12G       3.7M        39M       292M
-/+ buffers/cache:       3.3G        12G
Swap:         8.0G         0B       8.0G

             total       used       free     shared    buffers     cached
Mem:           15G       3.6G        12G       3.7M        39M       292M
-/+ buffers/cache:       3.3G        12G
Swap:         8.0G         0B       8.0G

             total       used       free     shared    buffers     cached
Mem:           15G       3.7G        12G       3.7M        39M       292M
-/+ buffers/cache:       3.3G        12G
Swap:         8.0G         0B       8.0G

             total       used       free     shared    buffers     cached
Mem:           15G       3.7G        12G       3.7M        39M       292M
-/+ buffers/cache:       3.3G        12G
Swap:         8.0G         0B       8.0G

             total       used       free     shared    buffers     cached
Mem:           15G       3.7G        11G       3.7M        39M       292M
-/+ buffers/cache:       3.4G        12G
Swap:         8.0G         0B       8.0G

             total       used       free     shared    buffers     cached
Mem:           15G       3.7G        11G       3.7M        39M       292M
-/+ buffers/cache:       3.4G        12G
Swap:         8.0G         0B       8.0G

             total       used       free     shared    buffers     cached
Mem:           15G       3.7G        11G       3.7M        39M       292M
-/+ buffers/cache:       3.4G        12G
Swap:         8.0G         0B       8.0G

             total       used       free     shared    buffers     cached
Mem:           15G       3.7G        11G       3.7M        39M       292M
-/+ buffers/cache:       3.4G        12G
Swap:         8.0G         0B       8.0G

             total       used       free     shared    buffers     cached
Mem:           15G       3.7G        11G       3.7M        39M       292M
-/+ buffers/cache:       3.4G        12G
Swap:         8.0G         0B       8.0G

             total       used       free     shared    buffers     cached
Mem:           15G       3.7G        11G       3.7M        39M       292M
-/+ buffers/cache:       3.4G        12G
Swap:         8.0G         0B       8.0G

             total       used       free     shared    buffers     cached
Mem:           15G       3.8G        11G       3.7M        39M       292M
-/+ buffers/cache:       3.4G        12G
Swap:         8.0G         0B       8.0G

             total       used       free     shared    buffers     cached
Mem:           15G       3.8G        11G       3.7M        39M       292M
-/+ buffers/cache:       3.4G        12G
Swap:         8.0G         0B       8.0G

             total       used       free     shared    buffers     cached
Mem:           15G       3.8G        11G       3.7M        39M       292M
-/+ buffers/cache:       3.4G        12G
Swap:         8.0G         0B       8.0G

             total       used       free     shared    buffers     cached
Mem:           15G       3.8G        11G       3.7M        39M       292M
-/+ buffers/cache:       3.5G        12G
Swap:         8.0G         0B       8.0G

             total       used       free     shared    buffers     cached
Mem:           15G       3.8G        11G       3.7M        39M       292M
-/+ buffers/cache:       3.5G        12G
Swap:         8.0G         0B       8.0G

             total       used       free     shared    buffers     cached
Mem:           15G       3.8G        11G       3.7M        39M       292M
-/+ buffers/cache:       3.5G        12G
Swap:         8.0G         0B       8.0G

             total       used       free     shared    buffers     cached
Mem:           15G       3.8G        11G       3.7M        39M       292M
-/+ buffers/cache:       3.5G        12G
Swap:         8.0G         0B       8.0G

             total       used       free     shared    buffers     cached
Mem:           15G       3.8G        11G       3.7M        39M       292M
-/+ buffers/cache:       3.5G        12G
Swap:         8.0G         0B       8.0G

             total       used       free     shared    buffers     cached
Mem:           15G       3.8G        11G       3.7M        39M       292M
-/+ buffers/cache:       3.5G        12G
Swap:         8.0G         0B       8.0G

             total       used       free     shared    buffers     cached
Mem:           15G       3.8G        11G       3.7M        39M       292M
-/+ buffers/cache:       3.5G        12G
Swap:         8.0G         0B       8.0G

             total       used       free     shared    buffers     cached
Mem:           15G       3.9G        11G       3.7M        39M       292M
-/+ buffers/cache:       3.5G        12G
Swap:         8.0G         0B       8.0G

             total       used       free     shared    buffers     cached
Mem:           15G       3.9G        11G       3.7M        39M       292M
-/+ buffers/cache:       3.5G        12G
Swap:         8.0G         0B       8.0G

             total       used       free     shared    buffers     cached
Mem:           15G       3.9G        11G       3.7M        39M       292M
-/+ buffers/cache:       3.6G        12G
Swap:         8.0G         0B       8.0G

             total       used       free     shared    buffers     cached
Mem:           15G       3.9G        11G       3.7M        39M       292M
-/+ buffers/cache:       3.6G        12G
Swap:         8.0G         0B       8.0G

             total       used       free     shared    buffers     cached
Mem:           15G       3.9G        11G       3.7M        39M       292M
-/+ buffers/cache:       3.6G        12G
Swap:         8.0G         0B       8.0G
