  Time           eth0       
HH:MM:SS   KB/s in  KB/s out
15:13:19      0.06      0.06
15:13:20      0.33      0.00
15:13:21      0.00      0.00
15:13:22      0.06      0.06
15:13:23      0.00      0.00
15:13:24      0.00      0.00
15:13:25      0.00      0.00
15:13:26      0.00      0.04
15:13:27      0.00      0.00
15:13:28      0.24      0.26
15:13:29      3.08      3.27
15:13:30      0.06      0.00
15:13:31      0.72      0.32
15:13:32      7.02      0.68
15:13:33      0.00      0.00
15:13:34      0.33      0.00
15:13:35      0.00      0.00
15:13:36      0.06      0.00
15:13:37      0.00      0.00
15:13:38      2.39      0.37
15:13:39      1.49      3.50
15:13:40      0.00      0.00
  Time           eth0       
HH:MM:SS   KB/s in  KB/s out
15:13:41      0.12      0.00
15:13:42      0.06      0.00
15:13:43      0.06      0.00
15:13:44      0.00      0.00
15:13:45      0.00      0.00
15:13:46      0.00      0.00
15:13:47      0.00      0.00
15:13:48      0.00      0.00
15:13:49      0.39      0.00
15:13:50      0.00      0.00
15:13:51  10740.36    679.42
15:13:52  15205.71    960.95
15:13:53  15286.02    965.62
15:13:54  15226.06    962.41
15:13:55  17105.28   1080.37
15:13:56  17604.69   1112.99
15:13:57  17894.78   1130.98
15:13:58  15743.73    995.00
15:13:59  17572.87   1110.71
15:14:00  18274.66   1154.77
15:14:01  18957.88   1197.88
15:14:02  17042.59   1077.35
  Time           eth0       
HH:MM:SS   KB/s in  KB/s out
15:14:03  15979.33   1009.72
15:14:04  13137.91    830.94
15:14:05  17162.77   1084.65
15:14:06  17471.52   1103.80
15:14:07  17337.65   1095.68
15:14:08  18161.69   1147.85
15:14:09  16567.25   1046.95
15:14:10  17010.83   1074.67
15:14:11  17486.51   1105.11
15:14:12  16955.22   1071.47
15:14:13  16193.89   1023.07
15:14:14  16906.58   1068.66
15:14:15  16459.72   1040.23
15:14:16  15190.45    959.51
15:14:17  16303.11   1030.18
15:14:18   7739.74    490.55
15:14:19  16377.12   1034.93
15:14:20  16150.83   1020.42
15:14:21  15768.58    996.84
15:14:22  16402.43   1036.61
15:14:23  17233.38   1088.75
15:14:24  16194.89   1023.63
  Time           eth0       
HH:MM:SS   KB/s in  KB/s out
15:14:25  16292.82   1029.44
15:14:26  15781.63    997.66
15:14:27  15850.94   1001.75
15:14:28  16005.07   1011.21
15:14:29  16647.64   1052.15
15:14:30  16306.41   1030.61
15:14:31  17732.52   1120.44
15:14:32  18364.13   1160.53
15:14:33  18213.97   1150.99
15:14:34  15821.53    999.97
15:14:35  15896.59   1004.49
15:14:36  14638.12    924.89
15:14:37  14452.04    913.57
15:14:38  13974.87    883.20
15:14:39  13729.29    867.46
15:14:40  14351.21    906.98
15:14:41  14019.84    885.96
15:14:42  13580.88    858.15
15:14:43  13748.57    868.44
15:14:44  13178.57    833.09
15:14:45  14457.45    913.62
15:14:46  15552.26    982.59
  Time           eth0       
HH:MM:SS   KB/s in  KB/s out
15:14:47   8895.61    562.97
15:14:48   6430.70    406.86
15:14:49  16831.52   1063.79
15:14:50  17707.68   1118.94
15:14:51  15032.57    950.30
15:14:52  15347.52    969.72
15:14:53  15082.20    953.03
15:14:54  15108.17    955.10
15:14:55  15512.61    980.23
15:14:56  14889.44    940.56
15:14:57  14008.68    885.26
15:14:58  13984.78    883.82
15:14:59  14688.90    928.61
15:15:00  16788.50   1060.49
15:15:01  17455.30   1103.55
15:15:02  17427.06   1100.85
15:15:03  16109.91   1018.48
15:15:04  16188.17   1022.70
15:15:05  15823.76    999.94
15:15:06  14579.38    921.25
15:15:07  14231.21    899.54
15:15:08  14364.53    907.82
  Time           eth0       
HH:MM:SS   KB/s in  KB/s out
15:15:09  13589.66    858.76
15:15:10  13728.18    867.32
15:15:11  14205.72    897.86
15:15:12  13843.55    874.90
15:15:13  14165.11    895.22
15:15:14  14542.32    918.91
15:15:15  15193.50    960.14
15:15:16  15841.92   1000.82
15:15:17  17341.95   1095.98
15:15:18  17741.40   1121.00
15:15:19  17850.32   1127.86
15:15:20  17411.87   1100.90
15:15:21  17227.40   1088.30
15:15:22  17539.83   1108.70
15:15:23  16497.12   1042.21
15:15:24  17514.02   1106.78
15:15:25  15710.27    992.72
15:15:26  14119.57    892.34
15:15:27  15701.64    992.51
15:15:28  14343.49    905.99
15:15:29  13412.69    847.96
15:15:30  13144.33    830.28
  Time           eth0       
HH:MM:SS   KB/s in  KB/s out
15:15:31  14182.38    896.38
15:15:32  13433.26    849.18
15:15:33  13599.51    858.97
15:15:34  14401.34    910.36
15:15:35  18010.83   1138.03
15:15:36  18460.44   1166.88
15:15:37  16109.48   1017.92
15:15:38  14867.25    939.23
15:15:39  14640.92    924.99
15:15:40  14026.07    886.79
15:15:41  15275.61    965.01
15:15:42  14148.08    894.14
15:15:43  15251.40    964.08
15:15:44  14971.04    946.08
15:15:45  15271.18    964.73
15:15:46  13392.94    846.75
15:15:47      6.85      0.50
15:15:48     20.56      2.78
15:15:49  15049.28    951.47
15:15:50  18465.23   1167.25
15:15:51  15766.68    995.84
15:15:52  16225.29   1025.62
  Time           eth0       
HH:MM:SS   KB/s in  KB/s out
15:15:53  16966.47   1072.03
15:15:54  16490.97   1042.06
15:15:55  18367.96   1161.08
15:15:56  16947.19   1070.67
15:15:57  18083.77   1142.64
15:15:58  17226.29   1088.81
15:15:59  17148.26   1083.50
15:16:00  17690.24   1117.91
15:16:01  17282.98   1092.03
15:16:02  16699.16   1055.65
15:16:03  17606.66   1112.97
15:16:04  17679.68   1117.25
15:16:05  15670.58    990.14
15:16:06  15162.43    957.81
15:16:07  15423.73    975.19
15:16:08  15719.85    993.39
15:16:09  15638.16    988.02
15:16:10  15543.86    982.42
15:16:16    666.22     41.79
15:16:17     35.44      5.01
15:16:18     41.12      2.60
15:16:20      8.17      0.50
  Time           eth0       
HH:MM:SS   KB/s in  KB/s out
15:16:21     34.98      2.62
15:16:22     68.54      4.33
15:16:25     12.45      0.57
15:16:26     28.25      3.08
15:16:27     20.56      1.30
15:16:29     12.13      0.57
15:16:30     14.09      1.78
15:16:31     21.01      1.30
15:16:34      7.76      0.36
15:16:35     21.27      2.21
15:16:36     20.56      1.30
15:16:39      7.51      0.45
15:16:40     61.81      4.34
15:16:41   8994.08    569.29
15:16:42  15123.34    955.98
15:16:43  16218.54   1024.48
15:16:44  15195.84    960.64
15:16:45  15337.71    969.32
15:16:46  15826.46    999.99
15:16:47  16223.92   1024.96
15:16:48  15625.28    987.85
15:16:49  15819.63    999.32
  Time           eth0       
HH:MM:SS   KB/s in  KB/s out
15:16:50  11909.09    752.94
15:16:51  12347.89    779.87
15:16:52  13154.01    831.61
15:16:53  12316.87    778.40
15:16:54  12519.27    790.71
15:16:55  12550.43    793.18
15:16:56  12208.52    771.58
15:16:57  12693.54    802.28
15:16:58  12509.34    790.30
15:16:59  13833.98    874.58
15:17:00  13261.22    837.74
15:17:01  13531.94    855.14
15:17:02  12687.64    801.99
15:17:03  13380.47    845.71
15:17:04  13434.57    848.48
15:17:05  13273.21    838.93
15:17:06  13191.12    833.96
15:17:07  12855.68    812.23
15:17:08  13476.46    851.77
15:17:09  12548.29    792.90
15:17:10  12362.31    780.71
15:17:11  12614.45    797.64
  Time           eth0       
HH:MM:SS   KB/s in  KB/s out
15:17:12  12423.29    784.71
15:17:13  13193.61    834.18
15:17:14  13399.39    846.76
15:17:15  12890.21    814.49
15:17:16  14181.89    895.78
15:17:17  13359.97    844.63
15:17:18  13444.65    849.26
15:17:19  12882.22    814.58
15:17:20  13607.67    859.42
15:17:21  13459.62    850.56
15:17:22  13338.75    843.00
15:17:23  13716.48    867.16
15:17:24  12756.52    805.85
15:17:25  13930.63    880.53
15:17:26  13000.05    821.45
15:17:27  14227.50    898.94
15:17:28  12924.72    817.03
15:17:29  11455.83    724.01
15:17:30  11881.21    750.31
15:17:31  12286.13    776.48
15:17:32  12883.39    814.41
15:17:33  13843.45    874.60
  Time           eth0       
HH:MM:SS   KB/s in  KB/s out
15:17:34  12180.82    769.61
15:17:35  12787.52    808.38
15:17:36  12661.83    800.15
15:17:37  12328.23    778.85
15:17:38  12997.33    821.42
15:17:39  12595.34    796.02
15:17:40  14752.89    932.61
15:17:41  11201.01    707.83
15:17:42  14538.61    918.89
15:17:43  13891.27    877.67
15:17:44  14067.75    888.85
15:17:45  12782.45    807.99
15:17:46  13170.16    832.47
15:17:47  12767.22    806.52
15:17:48  12257.01    774.42
15:17:49  13251.43    837.48
15:17:50  12248.29    773.85
15:17:51  12533.79    792.41
15:17:52  14269.32    901.59
15:17:53  13747.43    868.75
15:17:54  13218.91    835.28
15:17:55  13947.39    881.46
  Time           eth0       
HH:MM:SS   KB/s in  KB/s out
15:17:56  13862.08    875.93
15:17:57  10610.65    670.96
15:17:58  14207.49    897.39
15:17:59  15234.94    962.83
15:18:00  13351.39    844.40
15:18:01  13823.39    873.03
15:18:02  13531.83    855.20
15:18:03  13737.51    868.27
15:18:04  14649.56    925.74
15:18:05  13856.22    875.92
15:18:06  14798.82    935.19
15:18:07  14658.28    926.10
15:18:08  13181.71    832.91
15:18:09  13974.66    883.33
15:18:10  14095.35    890.32
15:18:11  14561.50    920.86
15:18:12  13581.64    858.08
15:18:13  13559.77    857.44
15:18:14  14027.45    886.39
15:18:15  14657.58    926.43
15:18:16  13521.73    854.94
15:18:17  13600.50    859.47
  Time           eth0       
HH:MM:SS   KB/s in  KB/s out
15:18:18  13721.22    866.75
15:18:19  13799.65    872.55
15:18:20  13311.52    841.42
15:18:21  12706.36    802.96
15:18:22  13245.10    836.99
15:18:23  13551.84    855.96
15:18:25  13148.80    831.00
15:18:26  11069.92    702.71
15:18:27   9077.23    596.25
15:18:28   9527.46    676.65
15:18:29   3187.12    208.50
