>>> Readying Destination to Recieve VM
>>> Tap Device tap0 Already in Use
>>> Successfull Started Destination
>>> Tap Device tap0 Already in Use
>>> Starting VM in Source
>>> VM Up & Running
>>> Starting Memcached in VM
>>> Started Memcached in VM, Process ID : 2130
>>> Starting Memaslap in Client
>>> Started Memaslap in Client, Process ID : 86115
>>> Enabling XBZRLE
{"QMP": {"version": {"qemu": {"micro": 2, "minor": 1, "major": 8}, "package": ""}, "capabilities": ["oob"]}}
{"return": {}}
{"return": {}}
{"QMP": {"version": {"qemu": {"micro": 2, "minor": 1, "major": 8}, "package": ""}, "capabilities": ["oob"]}}
{"return": {}}
{"return": {}}
>>> Enabling HBFDP
{"QMP": {"version": {"qemu": {"micro": 2, "minor": 1, "major": 8}, "package": ""}, "capabilities": ["oob"]}}
{"return": {}}
{"return": {}}
{"QMP": {"version": {"qemu": {"micro": 2, "minor": 1, "major": 8}, "package": ""}, "capabilities": ["oob"]}}
{"return": {}}
Starting PreCopy Migartion
{"return": {}}
Starting Iterations ...
Iteration 1 
Iteration 0 
# Pages Received in Current Iteration : 0
Iteration 1 
# Pages Transferred in Current Iteration : 4198610
Fake Dirty Count : 0
Iteration 2 
# Pages Received in Current Iteration : 4198610
Iteration 2 
# Pages Transferred in Current Iteration : 112813
Fake Dirty Count : 148961
Iteration 3 
# Pages Received in Current Iteration : 112813
Iteration 3 
# Pages Transferred in Current Iteration : 23215
Fake Dirty Count : 25433
Iteration 4 
# Pages Received in Current Iteration : 23215
Iteration 4 
# Pages Transferred in Current Iteration : 7088
Fake Dirty Count : 5829
Iteration 5 
# Pages Received in Current Iteration : 7088
Iteration 5 
# Pages Transferred in Current Iteration : 4002
Fake Dirty Count : 2455
Iteration 6 
# Pages Received in Current Iteration : 4002
Iteration 6 
# Pages Transferred in Current Iteration : 3443
Fake Dirty Count : 2213
Iteration 7 
# Pages Received in Current Iteration : 3443
Iteration 7 
# Pages Transferred in Current Iteration : 3253
Fake Dirty Count : 1990
Iteration 8 
# Pages Received in Current Iteration : 3253
Iteration 8 
# Pages Transferred in Current Iteration : 3358
Fake Dirty Count : 2010
Iteration 9 
# Pages Received in Current Iteration : 3358
Function : migration_completion 
Iteration 9 
# Pages Transferred in Current Iteration : 2408
Fake Dirty Count : 1820
# Pages Received in Current Iteration : 2408
>>> Checking for Migration Status
>>> Migration Completed
root@10.22.196.195:/home/vmuser/Desktop/cpu_usage.log
/mnt/nfs/samindu/mrmpplm/Data-and-Logs/Experiment-Data/interim_2024-08-15_1/HBFDP_XBZRLE_PreCopy.Murmur3_2024-08-17_1/Memcached_2024-08-17_1/RAM16384/Experiment1/
receiving incremental file list
cpu_usage.log
              0   0%    0.00kB/s    0:00:00           17,714 100%   16.89MB/s    0:00:00 (xfr#1, to-chk=0/1)

sent 43 bytes  received 17,811 bytes  11,902.67 bytes/sec
total size is 17,714  speedup is 0.99
root@10.22.196.195:/home/vmuser/Desktop/mem_usage.log
/mnt/nfs/samindu/mrmpplm/Data-and-Logs/Experiment-Data/interim_2024-08-15_1/HBFDP_XBZRLE_PreCopy.Murmur3_2024-08-17_1/Memcached_2024-08-17_1/RAM16384/Experiment1/
receiving incremental file list
mem_usage.log
              0   0%    0.00kB/s    0:00:00           69,068 100%   65.87MB/s    0:00:00 (xfr#1, to-chk=0/1)

sent 43 bytes  received 69,177 bytes  46,146.67 bytes/sec
total size is 69,068  speedup is 1.00
root@10.22.196.195:/home/vmuser/Desktop/net_usage.log
/mnt/nfs/samindu/mrmpplm/Data-and-Logs/Experiment-Data/interim_2024-08-15_1/HBFDP_XBZRLE_PreCopy.Murmur3_2024-08-17_1/Memcached_2024-08-17_1/RAM16384/Experiment1/
receiving incremental file list
net_usage.log
              0   0%    0.00kB/s    0:00:00            9,454 100%    9.02MB/s    0:00:00 (xfr#1, to-chk=0/1)

sent 43 bytes  received 9,551 bytes  6,396.00 bytes/sec
total size is 9,454  speedup is 0.99
