             total       used       free     shared    buffers     cached
Mem:          7.8G       673M       7.1G       3.4M        38M       289M
-/+ buffers/cache:       345M       7.5G
Swap:         8.0G         0B       8.0G

             total       used       free     shared    buffers     cached
Mem:          7.8G       672M       7.1G       1.5M        38M       288M
-/+ buffers/cache:       345M       7.5G
Swap:         8.0G         0B       8.0G

             total       used       free     shared    buffers     cached
Mem:          7.8G       672M       7.1G       1.6M        38M       288M
-/+ buffers/cache:       345M       7.5G
Swap:         8.0G         0B       8.0G

             total       used       free     shared    buffers     cached
Mem:          7.8G       672M       7.1G       1.6M        38M       288M
-/+ buffers/cache:       345M       7.5G
Swap:         8.0G         0B       8.0G

             total       used       free     shared    buffers     cached
Mem:          7.8G       672M       7.1G       1.6M        38M       288M
-/+ buffers/cache:       345M       7.5G
Swap:         8.0G         0B       8.0G

             total       used       free     shared    buffers     cached
Mem:          7.8G       672M       7.1G       1.6M        38M       288M
-/+ buffers/cache:       345M       7.5G
Swap:         8.0G         0B       8.0G

             total       used       free     shared    buffers     cached
Mem:          7.8G       672M       7.1G       1.6M        38M       288M
-/+ buffers/cache:       345M       7.5G
Swap:         8.0G         0B       8.0G

             total       used       free     shared    buffers     cached
Mem:          7.8G       672M       7.1G       1.6M        38M       288M
-/+ buffers/cache:       345M       7.5G
Swap:         8.0G         0B       8.0G

             total       used       free     shared    buffers     cached
Mem:          7.8G       671M       7.1G       1.6M        38M       288M
-/+ buffers/cache:       345M       7.5G
Swap:         8.0G         0B       8.0G

             total       used       free     shared    buffers     cached
Mem:          7.8G       674M       7.1G       1.6M        38M       288M
-/+ buffers/cache:       347M       7.5G
Swap:         8.0G         0B       8.0G

             total       used       free     shared    buffers     cached
Mem:          7.8G       692M       7.1G       1.6M        38M       288M
-/+ buffers/cache:       365M       7.4G
Swap:         8.0G         0B       8.0G

             total       used       free     shared    buffers     cached
Mem:          7.8G       703M       7.1G       1.6M        38M       288M
-/+ buffers/cache:       375M       7.4G
Swap:         8.0G         0B       8.0G

             total       used       free     shared    buffers     cached
Mem:          7.8G       681M       7.1G       1.6M        38M       289M
-/+ buffers/cache:       353M       7.5G
Swap:         8.0G         0B       8.0G

             total       used       free     shared    buffers     cached
Mem:          7.8G       681M       7.1G       1.6M        38M       289M
-/+ buffers/cache:       353M       7.5G
Swap:         8.0G         0B       8.0G

             total       used       free     shared    buffers     cached
Mem:          7.8G       681M       7.1G       1.6M        38M       289M
-/+ buffers/cache:       353M       7.5G
Swap:         8.0G         0B       8.0G

             total       used       free     shared    buffers     cached
Mem:          7.8G       681M       7.1G       1.6M        38M       289M
-/+ buffers/cache:       353M       7.5G
Swap:         8.0G         0B       8.0G

             total       used       free     shared    buffers     cached
Mem:          7.8G       681M       7.1G       1.6M        38M       289M
-/+ buffers/cache:       353M       7.5G
Swap:         8.0G         0B       8.0G

             total       used       free     shared    buffers     cached
Mem:          7.8G       681M       7.1G       1.6M        38M       289M
-/+ buffers/cache:       353M       7.5G
Swap:         8.0G         0B       8.0G

             total       used       free     shared    buffers     cached
Mem:          7.8G       681M       7.1G       1.6M        38M       289M
-/+ buffers/cache:       353M       7.5G
Swap:         8.0G         0B       8.0G

             total       used       free     shared    buffers     cached
Mem:          7.8G       681M       7.1G       1.6M        38M       289M
-/+ buffers/cache:       353M       7.5G
Swap:         8.0G         0B       8.0G

             total       used       free     shared    buffers     cached
Mem:          7.8G       681M       7.1G       1.6M        38M       289M
-/+ buffers/cache:       353M       7.5G
Swap:         8.0G         0B       8.0G

             total       used       free     shared    buffers     cached
Mem:          7.8G       682M       7.1G       1.6M        38M       289M
-/+ buffers/cache:       353M       7.5G
Swap:         8.0G         0B       8.0G

             total       used       free     shared    buffers     cached
Mem:          7.8G       681M       7.1G       1.6M        38M       289M
-/+ buffers/cache:       353M       7.5G
Swap:         8.0G         0B       8.0G

             total       used       free     shared    buffers     cached
Mem:          7.8G       681M       7.1G       1.6M        38M       289M
-/+ buffers/cache:       353M       7.5G
Swap:         8.0G         0B       8.0G

             total       used       free     shared    buffers     cached
Mem:          7.8G       681M       7.1G       1.6M        38M       289M
-/+ buffers/cache:       353M       7.5G
Swap:         8.0G         0B       8.0G

             total       used       free     shared    buffers     cached
Mem:          7.8G       681M       7.1G       1.6M        38M       289M
-/+ buffers/cache:       353M       7.5G
Swap:         8.0G         0B       8.0G

             total       used       free     shared    buffers     cached
Mem:          7.8G       681M       7.1G       1.6M        38M       289M
-/+ buffers/cache:       353M       7.5G
Swap:         8.0G         0B       8.0G

             total       used       free     shared    buffers     cached
Mem:          7.8G       681M       7.1G       1.6M        38M       289M
-/+ buffers/cache:       353M       7.5G
Swap:         8.0G         0B       8.0G

             total       used       free     shared    buffers     cached
Mem:          7.8G       681M       7.1G       1.6M        38M       289M
-/+ buffers/cache:       353M       7.5G
Swap:         8.0G         0B       8.0G

             total       used       free     shared    buffers     cached
Mem:          7.8G       681M       7.1G       1.6M        38M       289M
-/+ buffers/cache:       353M       7.5G
Swap:         8.0G         0B       8.0G

             total       used       free     shared    buffers     cached
Mem:          7.8G       681M       7.1G       1.6M        38M       289M
-/+ buffers/cache:       353M       7.5G
Swap:         8.0G         0B       8.0G

             total       used       free     shared    buffers     cached
Mem:          7.8G       681M       7.1G       1.6M        38M       289M
-/+ buffers/cache:       353M       7.5G
Swap:         8.0G         0B       8.0G

             total       used       free     shared    buffers     cached
Mem:          7.8G       681M       7.1G       1.6M        38M       289M
-/+ buffers/cache:       353M       7.5G
Swap:         8.0G         0B       8.0G

             total       used       free     shared    buffers     cached
Mem:          7.8G       685M       7.1G       1.6M        38M       289M
-/+ buffers/cache:       357M       7.4G
Swap:         8.0G         0B       8.0G

             total       used       free     shared    buffers     cached
Mem:          7.8G       703M       7.1G       1.6M        38M       289M
-/+ buffers/cache:       375M       7.4G
Swap:         8.0G         0B       8.0G

             total       used       free     shared    buffers     cached
Mem:          7.8G       720M       7.1G       1.6M        38M       289M
-/+ buffers/cache:       391M       7.4G
Swap:         8.0G         0B       8.0G

             total       used       free     shared    buffers     cached
Mem:          7.8G       738M       7.1G       1.6M        38M       289M
-/+ buffers/cache:       410M       7.4G
Swap:         8.0G         0B       8.0G

             total       used       free     shared    buffers     cached
Mem:          7.8G       752M       7.1G       1.6M        38M       289M
-/+ buffers/cache:       424M       7.4G
Swap:         8.0G         0B       8.0G

             total       used       free     shared    buffers     cached
Mem:          7.8G       767M       7.0G       1.6M        38M       289M
-/+ buffers/cache:       439M       7.4G
Swap:         8.0G         0B       8.0G

             total       used       free     shared    buffers     cached
Mem:          7.8G       785M       7.0G       1.6M        38M       289M
-/+ buffers/cache:       457M       7.4G
Swap:         8.0G         0B       8.0G

             total       used       free     shared    buffers     cached
Mem:          7.8G       798M       7.0G       1.6M        38M       289M
-/+ buffers/cache:       469M       7.3G
Swap:         8.0G         0B       8.0G

             total       used       free     shared    buffers     cached
Mem:          7.8G       812M       7.0G       1.6M        38M       289M
-/+ buffers/cache:       483M       7.3G
Swap:         8.0G         0B       8.0G

             total       used       free     shared    buffers     cached
Mem:          7.8G       825M       7.0G       1.6M        38M       289M
-/+ buffers/cache:       496M       7.3G
Swap:         8.0G         0B       8.0G

             total       used       free     shared    buffers     cached
Mem:          7.8G       846M       7.0G       1.6M        38M       289M
-/+ buffers/cache:       517M       7.3G
Swap:         8.0G         0B       8.0G

             total       used       free     shared    buffers     cached
Mem:          7.8G       863M       7.0G       1.6M        38M       289M
-/+ buffers/cache:       535M       7.3G
Swap:         8.0G         0B       8.0G

             total       used       free     shared    buffers     cached
Mem:          7.8G       878M       6.9G       1.6M        38M       289M
-/+ buffers/cache:       550M       7.3G
Swap:         8.0G         0B       8.0G

             total       used       free     shared    buffers     cached
Mem:          7.8G       892M       6.9G       1.6M        38M       289M
-/+ buffers/cache:       563M       7.2G
Swap:         8.0G         0B       8.0G

             total       used       free     shared    buffers     cached
Mem:          7.8G       905M       6.9G       1.6M        38M       289M
-/+ buffers/cache:       577M       7.2G
Swap:         8.0G         0B       8.0G

             total       used       free     shared    buffers     cached
Mem:          7.8G       917M       6.9G       1.6M        38M       289M
-/+ buffers/cache:       589M       7.2G
Swap:         8.0G         0B       8.0G

             total       used       free     shared    buffers     cached
Mem:          7.8G       930M       6.9G       1.6M        38M       289M
-/+ buffers/cache:       601M       7.2G
Swap:         8.0G         0B       8.0G

             total       used       free     shared    buffers     cached
Mem:          7.8G       944M       6.9G       1.6M        38M       289M
-/+ buffers/cache:       615M       7.2G
Swap:         8.0G         0B       8.0G

             total       used       free     shared    buffers     cached
Mem:          7.8G       959M       6.9G       1.6M        38M       289M
-/+ buffers/cache:       630M       7.2G
Swap:         8.0G         0B       8.0G

             total       used       free     shared    buffers     cached
Mem:          7.8G       972M       6.8G       1.6M        38M       289M
-/+ buffers/cache:       643M       7.2G
Swap:         8.0G         0B       8.0G

             total       used       free     shared    buffers     cached
Mem:          7.8G       986M       6.8G       1.6M        38M       289M
-/+ buffers/cache:       657M       7.2G
Swap:         8.0G         0B       8.0G

             total       used       free     shared    buffers     cached
Mem:          7.8G       1.0G       6.8G       1.6M        38M       289M
-/+ buffers/cache:       671M       7.1G
Swap:         8.0G         0B       8.0G

             total       used       free     shared    buffers     cached
Mem:          7.8G       1.0G       6.8G       1.6M        38M       289M
-/+ buffers/cache:       688M       7.1G
Swap:         8.0G         0B       8.0G

             total       used       free     shared    buffers     cached
Mem:          7.8G       1.0G       6.8G       1.6M        38M       289M
-/+ buffers/cache:       703M       7.1G
Swap:         8.0G         0B       8.0G

             total       used       free     shared    buffers     cached
Mem:          7.8G       1.0G       6.8G       1.6M        38M       289M
-/+ buffers/cache:       718M       7.1G
Swap:         8.0G         0B       8.0G

             total       used       free     shared    buffers     cached
Mem:          7.8G       1.0G       6.8G       1.6M        38M       289M
-/+ buffers/cache:       731M       7.1G
Swap:         8.0G         0B       8.0G

             total       used       free     shared    buffers     cached
Mem:          7.8G       1.1G       6.7G       1.6M        38M       289M
-/+ buffers/cache:       747M       7.1G
Swap:         8.0G         0B       8.0G

             total       used       free     shared    buffers     cached
Mem:          7.8G       1.1G       6.7G       1.6M        38M       289M
-/+ buffers/cache:       760M       7.1G
Swap:         8.0G         0B       8.0G

             total       used       free     shared    buffers     cached
Mem:          7.8G       1.1G       6.7G       1.6M        38M       289M
-/+ buffers/cache:       774M       7.0G
Swap:         8.0G         0B       8.0G

             total       used       free     shared    buffers     cached
Mem:          7.8G       1.1G       6.7G       1.6M        38M       289M
-/+ buffers/cache:       789M       7.0G
Swap:         8.0G         0B       8.0G

             total       used       free     shared    buffers     cached
Mem:          7.8G       1.1G       6.7G       1.6M        38M       289M
-/+ buffers/cache:       803M       7.0G
Swap:         8.0G         0B       8.0G

             total       used       free     shared    buffers     cached
Mem:          7.8G       1.1G       6.7G       1.6M        38M       289M
-/+ buffers/cache:       818M       7.0G
Swap:         8.0G         0B       8.0G

             total       used       free     shared    buffers     cached
Mem:          7.8G       1.1G       6.7G       1.6M        38M       289M
-/+ buffers/cache:       835M       7.0G
Swap:         8.0G         0B       8.0G

             total       used       free     shared    buffers     cached
Mem:          7.8G       1.2G       6.6G       1.6M        38M       289M
-/+ buffers/cache:       854M       7.0G
Swap:         8.0G         0B       8.0G

             total       used       free     shared    buffers     cached
Mem:          7.8G       1.2G       6.6G       1.6M        38M       289M
-/+ buffers/cache:       872M       6.9G
Swap:         8.0G         0B       8.0G

             total       used       free     shared    buffers     cached
Mem:          7.8G       1.2G       6.6G       1.6M        38M       289M
-/+ buffers/cache:       889M       6.9G
Swap:         8.0G         0B       8.0G

             total       used       free     shared    buffers     cached
Mem:          7.8G       1.2G       6.6G       1.6M        38M       290M
-/+ buffers/cache:       910M       6.9G
Swap:         8.0G         0B       8.0G

             total       used       free     shared    buffers     cached
Mem:          7.8G       1.2G       6.6G       1.6M        38M       290M
-/+ buffers/cache:       928M       6.9G
Swap:         8.0G         0B       8.0G

             total       used       free     shared    buffers     cached
Mem:          7.8G       1.2G       6.6G       1.6M        38M       290M
-/+ buffers/cache:       946M       6.9G
Swap:         8.0G         0B       8.0G

             total       used       free     shared    buffers     cached
Mem:          7.8G       1.3G       6.5G       1.6M        38M       290M
-/+ buffers/cache:       964M       6.9G
Swap:         8.0G         0B       8.0G

             total       used       free     shared    buffers     cached
Mem:          7.8G       1.3G       6.5G       1.6M        38M       290M
-/+ buffers/cache:       981M       6.8G
Swap:         8.0G         0B       8.0G

             total       used       free     shared    buffers     cached
Mem:          7.8G       1.3G       6.5G       1.6M        38M       290M
-/+ buffers/cache:       997M       6.8G
Swap:         8.0G         0B       8.0G

             total       used       free     shared    buffers     cached
Mem:          7.8G       1.3G       6.5G       1.6M        38M       290M
-/+ buffers/cache:       1.0G       6.8G
Swap:         8.0G         0B       8.0G

             total       used       free     shared    buffers     cached
Mem:          7.8G       1.3G       6.5G       1.6M        38M       290M
-/+ buffers/cache:       1.0G       6.8G
Swap:         8.0G         0B       8.0G

             total       used       free     shared    buffers     cached
Mem:          7.8G       1.3G       6.5G       1.6M        38M       290M
-/+ buffers/cache:       1.0G       6.8G
Swap:         8.0G         0B       8.0G

             total       used       free     shared    buffers     cached
Mem:          7.8G       1.4G       6.4G       1.6M        38M       290M
-/+ buffers/cache:       1.0G       6.8G
Swap:         8.0G         0B       8.0G

             total       used       free     shared    buffers     cached
Mem:          7.8G       1.4G       6.4G       1.6M        38M       290M
-/+ buffers/cache:       1.1G       6.7G
Swap:         8.0G         0B       8.0G

             total       used       free     shared    buffers     cached
Mem:          7.8G       1.4G       6.4G       1.6M        38M       290M
-/+ buffers/cache:       1.1G       6.7G
Swap:         8.0G         0B       8.0G

             total       used       free     shared    buffers     cached
Mem:          7.8G       1.4G       6.4G       1.6M        38M       290M
-/+ buffers/cache:       1.1G       6.7G
Swap:         8.0G         0B       8.0G

             total       used       free     shared    buffers     cached
Mem:          7.8G       1.4G       6.4G       1.6M        38M       290M
-/+ buffers/cache:       1.1G       6.7G
Swap:         8.0G         0B       8.0G

             total       used       free     shared    buffers     cached
Mem:          7.8G       1.4G       6.4G       1.6M        38M       290M
-/+ buffers/cache:       1.1G       6.7G
Swap:         8.0G         0B       8.0G

             total       used       free     shared    buffers     cached
Mem:          7.8G       1.5G       6.3G       1.6M        38M       290M
-/+ buffers/cache:       1.1G       6.7G
Swap:         8.0G         0B       8.0G

             total       used       free     shared    buffers     cached
Mem:          7.8G       1.5G       6.3G       1.6M        38M       290M
-/+ buffers/cache:       1.2G       6.6G
Swap:         8.0G         0B       8.0G

             total       used       free     shared    buffers     cached
Mem:          7.8G       1.5G       6.3G       1.6M        38M       290M
-/+ buffers/cache:       1.2G       6.6G
Swap:         8.0G         0B       8.0G

             total       used       free     shared    buffers     cached
Mem:          7.8G       1.5G       6.3G       1.6M        38M       290M
-/+ buffers/cache:       1.2G       6.6G
Swap:         8.0G         0B       8.0G

             total       used       free     shared    buffers     cached
Mem:          7.8G       1.5G       6.3G       1.6M        38M       290M
-/+ buffers/cache:       1.2G       6.6G
Swap:         8.0G         0B       8.0G

             total       used       free     shared    buffers     cached
Mem:          7.8G       1.5G       6.3G       1.6M        38M       290M
-/+ buffers/cache:       1.2G       6.6G
Swap:         8.0G         0B       8.0G

             total       used       free     shared    buffers     cached
Mem:          7.8G       1.5G       6.3G       1.6M        38M       290M
-/+ buffers/cache:       1.2G       6.6G
Swap:         8.0G         0B       8.0G

             total       used       free     shared    buffers     cached
Mem:          7.8G       1.6G       6.2G       1.6M        38M       290M
-/+ buffers/cache:       1.2G       6.6G
Swap:         8.0G         0B       8.0G

             total       used       free     shared    buffers     cached
Mem:          7.8G       1.6G       6.2G       1.6M        38M       290M
-/+ buffers/cache:       1.2G       6.6G
Swap:         8.0G         0B       8.0G

             total       used       free     shared    buffers     cached
Mem:          7.8G       1.6G       6.2G       1.6M        38M       290M
-/+ buffers/cache:       1.3G       6.5G
Swap:         8.0G         0B       8.0G

             total       used       free     shared    buffers     cached
Mem:          7.8G       1.6G       6.2G       1.6M        38M       290M
-/+ buffers/cache:       1.3G       6.5G
Swap:         8.0G         0B       8.0G

             total       used       free     shared    buffers     cached
Mem:          7.8G       1.6G       6.2G       1.6M        38M       290M
-/+ buffers/cache:       1.3G       6.5G
Swap:         8.0G         0B       8.0G

             total       used       free     shared    buffers     cached
Mem:          7.8G       1.6G       6.2G       1.6M        38M       290M
-/+ buffers/cache:       1.3G       6.5G
Swap:         8.0G         0B       8.0G

             total       used       free     shared    buffers     cached
Mem:          7.8G       1.6G       6.2G       1.6M        38M       290M
-/+ buffers/cache:       1.3G       6.5G
Swap:         8.0G         0B       8.0G

             total       used       free     shared    buffers     cached
Mem:          7.8G       1.6G       6.1G       1.6M        38M       290M
-/+ buffers/cache:       1.3G       6.5G
Swap:         8.0G         0B       8.0G

             total       used       free     shared    buffers     cached
Mem:          7.8G       1.7G       6.1G       1.6M        38M       290M
-/+ buffers/cache:       1.3G       6.5G
Swap:         8.0G         0B       8.0G

             total       used       free     shared    buffers     cached
Mem:          7.8G       1.7G       6.1G       1.6M        38M       290M
-/+ buffers/cache:       1.4G       6.4G
Swap:         8.0G         0B       8.0G

             total       used       free     shared    buffers     cached
Mem:          7.8G       1.7G       6.1G       1.6M        38M       290M
-/+ buffers/cache:       1.4G       6.4G
Swap:         8.0G         0B       8.0G

             total       used       free     shared    buffers     cached
Mem:          7.8G       1.7G       6.1G       1.6M        38M       290M
-/+ buffers/cache:       1.4G       6.4G
Swap:         8.0G         0B       8.0G

             total       used       free     shared    buffers     cached
Mem:          7.8G       1.7G       6.1G       1.6M        38M       290M
-/+ buffers/cache:       1.4G       6.4G
Swap:         8.0G         0B       8.0G

             total       used       free     shared    buffers     cached
Mem:          7.8G       1.7G       6.1G       1.6M        38M       290M
-/+ buffers/cache:       1.4G       6.4G
Swap:         8.0G         0B       8.0G

             total       used       free     shared    buffers     cached
Mem:          7.8G       1.7G       6.1G       1.6M        38M       290M
-/+ buffers/cache:       1.4G       6.4G
Swap:         8.0G         0B       8.0G

             total       used       free     shared    buffers     cached
Mem:          7.8G       1.8G       6.0G       1.6M        38M       290M
-/+ buffers/cache:       1.4G       6.4G
Swap:         8.0G         0B       8.0G

             total       used       free     shared    buffers     cached
Mem:          7.8G       1.8G       6.0G       1.6M        38M       290M
-/+ buffers/cache:       1.4G       6.3G
Swap:         8.0G         0B       8.0G

             total       used       free     shared    buffers     cached
Mem:          7.8G       1.8G       6.0G       1.6M        38M       290M
-/+ buffers/cache:       1.5G       6.3G
Swap:         8.0G         0B       8.0G

             total       used       free     shared    buffers     cached
Mem:          7.8G       1.8G       6.0G       1.6M        38M       290M
-/+ buffers/cache:       1.5G       6.3G
Swap:         8.0G         0B       8.0G

             total       used       free     shared    buffers     cached
Mem:          7.8G       1.8G       6.0G       1.6M        38M       290M
-/+ buffers/cache:       1.5G       6.3G
Swap:         8.0G         0B       8.0G

             total       used       free     shared    buffers     cached
Mem:          7.8G       1.8G       6.0G       1.6M        38M       290M
-/+ buffers/cache:       1.5G       6.3G
Swap:         8.0G         0B       8.0G

             total       used       free     shared    buffers     cached
Mem:          7.8G       1.8G       5.9G       1.6M        38M       290M
-/+ buffers/cache:       1.5G       6.3G
Swap:         8.0G         0B       8.0G

             total       used       free     shared    buffers     cached
Mem:          7.8G       1.9G       5.9G       1.6M        38M       290M
-/+ buffers/cache:       1.5G       6.3G
Swap:         8.0G         0B       8.0G

             total       used       free     shared    buffers     cached
Mem:          7.8G       1.9G       5.9G       1.6M        38M       290M
-/+ buffers/cache:       1.6G       6.2G
Swap:         8.0G         0B       8.0G

             total       used       free     shared    buffers     cached
Mem:          7.8G       1.9G       5.9G       1.6M        38M       290M
-/+ buffers/cache:       1.6G       6.2G
Swap:         8.0G         0B       8.0G

             total       used       free     shared    buffers     cached
Mem:          7.8G       1.9G       5.9G       1.6M        38M       290M
-/+ buffers/cache:       1.6G       6.2G
Swap:         8.0G         0B       8.0G

             total       used       free     shared    buffers     cached
Mem:          7.8G       1.9G       5.9G       1.6M        38M       290M
-/+ buffers/cache:       1.6G       6.2G
Swap:         8.0G         0B       8.0G

             total       used       free     shared    buffers     cached
Mem:          7.8G       1.9G       5.9G       1.6M        38M       290M
-/+ buffers/cache:       1.6G       6.2G
Swap:         8.0G         0B       8.0G

             total       used       free     shared    buffers     cached
Mem:          7.8G       2.0G       5.8G       1.6M        38M       290M
-/+ buffers/cache:       1.6G       6.2G
Swap:         8.0G         0B       8.0G

             total       used       free     shared    buffers     cached
Mem:          7.8G       2.0G       5.8G       1.6M        38M       290M
-/+ buffers/cache:       1.6G       6.2G
Swap:         8.0G         0B       8.0G

             total       used       free     shared    buffers     cached
Mem:          7.8G       2.0G       5.8G       1.6M        38M       290M
-/+ buffers/cache:       1.7G       6.1G
Swap:         8.0G         0B       8.0G

             total       used       free     shared    buffers     cached
Mem:          7.8G       2.0G       5.8G       1.6M        38M       290M
-/+ buffers/cache:       1.7G       6.1G
Swap:         8.0G         0B       8.0G

             total       used       free     shared    buffers     cached
Mem:          7.8G       2.0G       5.8G       1.6M        38M       290M
-/+ buffers/cache:       1.7G       6.1G
Swap:         8.0G         0B       8.0G

             total       used       free     shared    buffers     cached
Mem:          7.8G       2.0G       5.8G       1.6M        38M       290M
-/+ buffers/cache:       1.7G       6.1G
Swap:         8.0G         0B       8.0G

             total       used       free     shared    buffers     cached
Mem:          7.8G       2.1G       5.7G       1.6M        38M       290M
-/+ buffers/cache:       1.7G       6.1G
Swap:         8.0G         0B       8.0G

             total       used       free     shared    buffers     cached
Mem:          7.8G       2.1G       5.7G       1.6M        38M       290M
-/+ buffers/cache:       1.7G       6.1G
Swap:         8.0G         0B       8.0G

             total       used       free     shared    buffers     cached
Mem:          7.8G       2.1G       5.7G       1.6M        38M       290M
-/+ buffers/cache:       1.8G       6.0G
Swap:         8.0G         0B       8.0G

             total       used       free     shared    buffers     cached
Mem:          7.8G       2.1G       5.7G       1.6M        38M       290M
-/+ buffers/cache:       1.8G       6.0G
Swap:         8.0G         0B       8.0G

             total       used       free     shared    buffers     cached
Mem:          7.8G       2.1G       5.7G       1.6M        38M       290M
-/+ buffers/cache:       1.8G       6.0G
Swap:         8.0G         0B       8.0G

             total       used       free     shared    buffers     cached
Mem:          7.8G       2.1G       5.7G       1.6M        38M       290M
-/+ buffers/cache:       1.8G       6.0G
Swap:         8.0G         0B       8.0G

             total       used       free     shared    buffers     cached
Mem:          7.8G       2.1G       5.7G       1.6M        38M       290M
-/+ buffers/cache:       1.8G       6.0G
Swap:         8.0G         0B       8.0G

             total       used       free     shared    buffers     cached
Mem:          7.8G       2.1G       5.6G       1.6M        38M       290M
-/+ buffers/cache:       1.8G       6.0G
Swap:         8.0G         0B       8.0G

             total       used       free     shared    buffers     cached
Mem:          7.8G       2.2G       5.6G       1.6M        38M       290M
-/+ buffers/cache:       1.8G       6.0G
Swap:         8.0G         0B       8.0G

             total       used       free     shared    buffers     cached
Mem:          7.8G       2.2G       5.6G       1.6M        38M       290M
-/+ buffers/cache:       1.9G       5.9G
Swap:         8.0G         0B       8.0G

             total       used       free     shared    buffers     cached
Mem:          7.8G       2.2G       5.6G       1.6M        38M       290M
-/+ buffers/cache:       1.9G       5.9G
Swap:         8.0G         0B       8.0G

             total       used       free     shared    buffers     cached
Mem:          7.8G       2.2G       5.6G       1.6M        38M       290M
-/+ buffers/cache:       1.9G       5.9G
Swap:         8.0G         0B       8.0G

             total       used       free     shared    buffers     cached
Mem:          7.8G       2.2G       5.6G       1.6M        38M       290M
-/+ buffers/cache:       1.9G       5.9G
Swap:         8.0G         0B       8.0G

             total       used       free     shared    buffers     cached
Mem:          7.8G       2.2G       5.6G       1.6M        38M       290M
-/+ buffers/cache:       1.9G       5.9G
Swap:         8.0G         0B       8.0G

             total       used       free     shared    buffers     cached
Mem:          7.8G       2.2G       5.6G       1.6M        38M       290M
-/+ buffers/cache:       1.9G       5.9G
Swap:         8.0G         0B       8.0G

             total       used       free     shared    buffers     cached
Mem:          7.8G       2.3G       5.5G       1.6M        38M       290M
-/+ buffers/cache:       1.9G       5.9G
Swap:         8.0G         0B       8.0G

             total       used       free     shared    buffers     cached
Mem:          7.8G       2.3G       5.5G       1.6M        38M       290M
-/+ buffers/cache:       1.9G       5.9G
Swap:         8.0G         0B       8.0G

             total       used       free     shared    buffers     cached
Mem:          7.8G       2.3G       5.5G       1.6M        38M       290M
-/+ buffers/cache:       2.0G       5.8G
Swap:         8.0G         0B       8.0G

             total       used       free     shared    buffers     cached
Mem:          7.8G       2.3G       5.5G       1.6M        38M       290M
-/+ buffers/cache:       2.0G       5.8G
Swap:         8.0G         0B       8.0G

             total       used       free     shared    buffers     cached
Mem:          7.8G       2.3G       5.5G       1.6M        38M       290M
-/+ buffers/cache:       2.0G       5.8G
Swap:         8.0G         0B       8.0G

             total       used       free     shared    buffers     cached
Mem:          7.8G       2.3G       5.5G       1.6M        38M       290M
-/+ buffers/cache:       2.0G       5.8G
Swap:         8.0G         0B       8.0G

             total       used       free     shared    buffers     cached
Mem:          7.8G       2.3G       5.5G       1.6M        38M       290M
-/+ buffers/cache:       2.0G       5.8G
Swap:         8.0G         0B       8.0G

             total       used       free     shared    buffers     cached
Mem:          7.8G       2.4G       5.4G       1.6M        38M       290M
-/+ buffers/cache:       2.0G       5.8G
Swap:         8.0G         0B       8.0G

             total       used       free     shared    buffers     cached
Mem:          7.8G       2.4G       5.4G       1.6M        38M       290M
-/+ buffers/cache:       2.0G       5.7G
Swap:         8.0G         0B       8.0G

             total       used       free     shared    buffers     cached
Mem:          7.8G       2.4G       5.4G       1.6M        38M       290M
-/+ buffers/cache:       2.1G       5.7G
Swap:         8.0G         0B       8.0G

             total       used       free     shared    buffers     cached
Mem:          7.8G       2.4G       5.4G       1.6M        38M       290M
-/+ buffers/cache:       2.1G       5.7G
Swap:         8.0G         0B       8.0G

             total       used       free     shared    buffers     cached
Mem:          7.8G       2.4G       5.4G       1.6M        38M       290M
-/+ buffers/cache:       2.1G       5.7G
Swap:         8.0G         0B       8.0G

             total       used       free     shared    buffers     cached
Mem:          7.8G       2.4G       5.4G       1.6M        38M       290M
-/+ buffers/cache:       2.1G       5.7G
Swap:         8.0G         0B       8.0G

             total       used       free     shared    buffers     cached
Mem:          7.8G       2.4G       5.4G       1.6M        38M       290M
-/+ buffers/cache:       2.1G       5.7G
Swap:         8.0G         0B       8.0G

             total       used       free     shared    buffers     cached
Mem:          7.8G       2.4G       5.4G       1.6M        38M       290M
-/+ buffers/cache:       2.1G       5.7G
Swap:         8.0G         0B       8.0G

             total       used       free     shared    buffers     cached
Mem:          7.8G       2.5G       5.3G       1.6M        38M       290M
-/+ buffers/cache:       2.1G       5.7G
Swap:         8.0G         0B       8.0G

             total       used       free     shared    buffers     cached
Mem:          7.8G       2.5G       5.3G       1.6M        38M       290M
-/+ buffers/cache:       2.1G       5.6G
Swap:         8.0G         0B       8.0G

             total       used       free     shared    buffers     cached
Mem:          7.8G       2.5G       5.3G       1.6M        38M       290M
-/+ buffers/cache:       2.2G       5.6G
Swap:         8.0G         0B       8.0G

             total       used       free     shared    buffers     cached
Mem:          7.8G       2.5G       5.3G       1.6M        38M       290M
-/+ buffers/cache:       2.2G       5.6G
Swap:         8.0G         0B       8.0G

             total       used       free     shared    buffers     cached
Mem:          7.8G       2.5G       5.3G       1.6M        38M       290M
-/+ buffers/cache:       2.2G       5.6G
Swap:         8.0G         0B       8.0G

             total       used       free     shared    buffers     cached
Mem:          7.8G       2.5G       5.3G       1.6M        38M       290M
-/+ buffers/cache:       2.2G       5.6G
Swap:         8.0G         0B       8.0G

             total       used       free     shared    buffers     cached
Mem:          7.8G       2.6G       5.2G       1.6M        38M       290M
-/+ buffers/cache:       2.2G       5.6G
Swap:         8.0G         0B       8.0G

             total       used       free     shared    buffers     cached
Mem:          7.8G       2.6G       5.2G       1.6M        38M       290M
-/+ buffers/cache:       2.3G       5.5G
Swap:         8.0G         0B       8.0G

             total       used       free     shared    buffers     cached
Mem:          7.8G       2.6G       5.2G       1.6M        38M       290M
-/+ buffers/cache:       2.3G       5.5G
Swap:         8.0G         0B       8.0G

             total       used       free     shared    buffers     cached
Mem:          7.8G       2.6G       5.2G       1.6M        38M       290M
-/+ buffers/cache:       2.3G       5.5G
Swap:         8.0G         0B       8.0G

             total       used       free     shared    buffers     cached
Mem:          7.8G       2.6G       5.2G       1.6M        38M       290M
-/+ buffers/cache:       2.3G       5.5G
Swap:         8.0G         0B       8.0G

             total       used       free     shared    buffers     cached
Mem:          7.8G       2.6G       5.2G       1.6M        38M       290M
-/+ buffers/cache:       2.3G       5.5G
Swap:         8.0G         0B       8.0G

             total       used       free     shared    buffers     cached
Mem:          7.8G       2.7G       5.1G       1.6M        38M       290M
-/+ buffers/cache:       2.3G       5.5G
Swap:         8.0G         0B       8.0G

             total       used       free     shared    buffers     cached
Mem:          7.8G       2.7G       5.1G       1.6M        38M       290M
-/+ buffers/cache:       2.3G       5.5G
Swap:         8.0G         0B       8.0G

             total       used       free     shared    buffers     cached
Mem:          7.8G       2.7G       5.1G       1.6M        38M       290M
-/+ buffers/cache:       2.4G       5.4G
Swap:         8.0G         0B       8.0G

             total       used       free     shared    buffers     cached
Mem:          7.8G       2.7G       5.1G       1.6M        38M       290M
-/+ buffers/cache:       2.4G       5.4G
Swap:         8.0G         0B       8.0G

             total       used       free     shared    buffers     cached
Mem:          7.8G       2.7G       5.1G       1.6M        38M       290M
-/+ buffers/cache:       2.4G       5.4G
Swap:         8.0G         0B       8.0G

             total       used       free     shared    buffers     cached
Mem:          7.8G       2.7G       5.1G       1.6M        38M       290M
-/+ buffers/cache:       2.4G       5.4G
Swap:         8.0G         0B       8.0G

             total       used       free     shared    buffers     cached
Mem:          7.8G       2.7G       5.1G       1.6M        38M       290M
-/+ buffers/cache:       2.4G       5.4G
Swap:         8.0G         0B       8.0G

             total       used       free     shared    buffers     cached
Mem:          7.8G       2.7G       5.0G       1.6M        38M       290M
-/+ buffers/cache:       2.4G       5.4G
Swap:         8.0G         0B       8.0G

             total       used       free     shared    buffers     cached
Mem:          7.8G       2.8G       5.0G       1.6M        38M       290M
-/+ buffers/cache:       2.4G       5.4G
Swap:         8.0G         0B       8.0G

             total       used       free     shared    buffers     cached
Mem:          7.8G       2.8G       5.0G       1.6M        38M       290M
-/+ buffers/cache:       2.5G       5.3G
Swap:         8.0G         0B       8.0G

             total       used       free     shared    buffers     cached
Mem:          7.8G       2.8G       5.0G       1.6M        38M       290M
-/+ buffers/cache:       2.5G       5.3G
Swap:         8.0G         0B       8.0G

             total       used       free     shared    buffers     cached
Mem:          7.8G       2.8G       5.0G       1.6M        38M       290M
-/+ buffers/cache:       2.5G       5.3G
Swap:         8.0G         0B       8.0G

             total       used       free     shared    buffers     cached
Mem:          7.8G       2.8G       5.0G       1.6M        38M       290M
-/+ buffers/cache:       2.5G       5.3G
Swap:         8.0G         0B       8.0G

             total       used       free     shared    buffers     cached
Mem:          7.8G       2.8G       5.0G       1.6M        38M       290M
-/+ buffers/cache:       2.5G       5.3G
Swap:         8.0G         0B       8.0G

             total       used       free     shared    buffers     cached
Mem:          7.8G       2.8G       5.0G       1.6M        38M       290M
-/+ buffers/cache:       2.5G       5.3G
Swap:         8.0G         0B       8.0G

             total       used       free     shared    buffers     cached
Mem:          7.8G       2.9G       4.9G       1.6M        38M       290M
-/+ buffers/cache:       2.5G       5.3G
Swap:         8.0G         0B       8.0G

             total       used       free     shared    buffers     cached
Mem:          7.8G       2.9G       4.9G       1.6M        38M       290M
-/+ buffers/cache:       2.5G       5.2G
Swap:         8.0G         0B       8.0G

             total       used       free     shared    buffers     cached
Mem:          7.8G       2.9G       4.9G       1.6M        38M       290M
-/+ buffers/cache:       2.6G       5.2G
Swap:         8.0G         0B       8.0G

             total       used       free     shared    buffers     cached
Mem:          7.8G       2.9G       4.9G       1.6M        38M       290M
-/+ buffers/cache:       2.6G       5.2G
Swap:         8.0G         0B       8.0G

             total       used       free     shared    buffers     cached
Mem:          7.8G       2.9G       4.9G       1.6M        38M       290M
-/+ buffers/cache:       2.6G       5.2G
Swap:         8.0G         0B       8.0G

             total       used       free     shared    buffers     cached
Mem:          7.8G       2.9G       4.9G       1.6M        38M       290M
-/+ buffers/cache:       2.6G       5.2G
Swap:         8.0G         0B       8.0G

             total       used       free     shared    buffers     cached
Mem:          7.8G       2.9G       4.9G       1.6M        38M       290M
-/+ buffers/cache:       2.6G       5.2G
Swap:         8.0G         0B       8.0G

             total       used       free     shared    buffers     cached
Mem:          7.8G       3.0G       4.8G       1.6M        38M       290M
-/+ buffers/cache:       2.6G       5.2G
Swap:         8.0G         0B       8.0G

             total       used       free     shared    buffers     cached
Mem:          7.8G       3.0G       4.8G       1.6M        38M       290M
-/+ buffers/cache:       2.6G       5.2G
Swap:         8.0G         0B       8.0G

             total       used       free     shared    buffers     cached
Mem:          7.8G       3.0G       4.8G       1.6M        38M       290M
-/+ buffers/cache:       2.7G       5.1G
Swap:         8.0G         0B       8.0G

             total       used       free     shared    buffers     cached
Mem:          7.8G       3.0G       4.8G       1.6M        38M       290M
-/+ buffers/cache:       2.7G       5.1G
Swap:         8.0G         0B       8.0G

             total       used       free     shared    buffers     cached
Mem:          7.8G       3.0G       4.8G       1.6M        38M       290M
-/+ buffers/cache:       2.7G       5.1G
Swap:         8.0G         0B       8.0G

             total       used       free     shared    buffers     cached
Mem:          7.8G       3.0G       4.8G       1.6M        38M       290M
-/+ buffers/cache:       2.7G       5.1G
Swap:         8.0G         0B       8.0G

             total       used       free     shared    buffers     cached
Mem:          7.8G       3.0G       4.8G       1.6M        38M       290M
-/+ buffers/cache:       2.7G       5.1G
Swap:         8.0G         0B       8.0G

             total       used       free     shared    buffers     cached
Mem:          7.8G       3.0G       4.8G       1.6M        38M       290M
-/+ buffers/cache:       2.7G       5.1G
Swap:         8.0G         0B       8.0G

             total       used       free     shared    buffers     cached
Mem:          7.8G       3.1G       4.7G       1.6M        38M       290M
-/+ buffers/cache:       2.7G       5.1G
Swap:         8.0G         0B       8.0G

             total       used       free     shared    buffers     cached
Mem:          7.8G       3.1G       4.7G       1.6M        38M       290M
-/+ buffers/cache:       2.7G       5.1G
Swap:         8.0G         0B       8.0G

             total       used       free     shared    buffers     cached
Mem:          7.8G       3.1G       4.7G       1.6M        38M       290M
-/+ buffers/cache:       2.8G       5.0G
Swap:         8.0G         0B       8.0G

             total       used       free     shared    buffers     cached
Mem:          7.8G       3.1G       4.7G       1.6M        38M       290M
-/+ buffers/cache:       2.8G       5.0G
Swap:         8.0G         0B       8.0G

             total       used       free     shared    buffers     cached
Mem:          7.8G       3.1G       4.7G       1.6M        38M       290M
-/+ buffers/cache:       2.8G       5.0G
Swap:         8.0G         0B       8.0G

             total       used       free     shared    buffers     cached
Mem:          7.8G       3.1G       4.7G       1.6M        38M       290M
-/+ buffers/cache:       2.8G       5.0G
Swap:         8.0G         0B       8.0G

             total       used       free     shared    buffers     cached
Mem:          7.8G       3.1G       4.7G       1.6M        38M       290M
-/+ buffers/cache:       2.8G       5.0G
Swap:         8.0G         0B       8.0G

             total       used       free     shared    buffers     cached
Mem:          7.8G       3.1G       4.7G       1.6M        38M       290M
-/+ buffers/cache:       2.8G       5.0G
Swap:         8.0G         0B       8.0G

             total       used       free     shared    buffers     cached
Mem:          7.8G       3.2G       4.6G       1.6M        38M       290M
-/+ buffers/cache:       2.8G       5.0G
Swap:         8.0G         0B       8.0G

             total       used       free     shared    buffers     cached
Mem:          7.8G       3.2G       4.6G       1.6M        38M       290M
-/+ buffers/cache:       2.8G       5.0G
Swap:         8.0G         0B       8.0G

             total       used       free     shared    buffers     cached
Mem:          7.8G       3.2G       4.6G       1.6M        38M       290M
-/+ buffers/cache:       2.9G       4.9G
Swap:         8.0G         0B       8.0G

             total       used       free     shared    buffers     cached
Mem:          7.8G       3.2G       4.6G       1.6M        38M       290M
-/+ buffers/cache:       2.9G       4.9G
Swap:         8.0G         0B       8.0G

             total       used       free     shared    buffers     cached
Mem:          7.8G       3.2G       4.6G       1.6M        38M       290M
-/+ buffers/cache:       2.9G       4.9G
Swap:         8.0G         0B       8.0G

             total       used       free     shared    buffers     cached
Mem:          7.8G       3.2G       4.6G       1.6M        38M       290M
-/+ buffers/cache:       2.9G       4.9G
Swap:         8.0G         0B       8.0G

             total       used       free     shared    buffers     cached
Mem:          7.8G       3.2G       4.6G       1.6M        38M       290M
-/+ buffers/cache:       2.9G       4.9G
Swap:         8.0G         0B       8.0G

             total       used       free     shared    buffers     cached
Mem:          7.8G       3.2G       4.6G       1.6M        38M       290M
-/+ buffers/cache:       2.9G       4.9G
Swap:         8.0G         0B       8.0G

             total       used       free     shared    buffers     cached
Mem:          7.8G       3.2G       4.6G       1.6M        38M       290M
-/+ buffers/cache:       2.9G       4.9G
Swap:         8.0G         0B       8.0G

             total       used       free     shared    buffers     cached
Mem:          7.8G       3.3G       4.5G       1.6M        38M       290M
-/+ buffers/cache:       2.9G       4.9G
Swap:         8.0G         0B       8.0G

             total       used       free     shared    buffers     cached
Mem:          7.8G       3.3G       4.5G       1.6M        38M       290M
-/+ buffers/cache:       2.9G       4.9G
Swap:         8.0G         0B       8.0G

             total       used       free     shared    buffers     cached
Mem:          7.8G       3.3G       4.5G       1.6M        38M       290M
-/+ buffers/cache:       3.0G       4.8G
Swap:         8.0G         0B       8.0G

             total       used       free     shared    buffers     cached
Mem:          7.8G       3.3G       4.5G       1.6M        38M       290M
-/+ buffers/cache:       3.0G       4.8G
Swap:         8.0G         0B       8.0G

             total       used       free     shared    buffers     cached
Mem:          7.8G       3.3G       4.5G       1.6M        38M       290M
-/+ buffers/cache:       3.0G       4.8G
Swap:         8.0G         0B       8.0G

             total       used       free     shared    buffers     cached
Mem:          7.8G       3.3G       4.5G       1.6M        38M       290M
-/+ buffers/cache:       3.0G       4.8G
Swap:         8.0G         0B       8.0G

             total       used       free     shared    buffers     cached
Mem:          7.8G       3.3G       4.5G       1.6M        38M       290M
-/+ buffers/cache:       3.0G       4.8G
Swap:         8.0G         0B       8.0G

             total       used       free     shared    buffers     cached
Mem:          7.8G       3.3G       4.5G       1.6M        38M       290M
-/+ buffers/cache:       3.0G       4.8G
Swap:         8.0G         0B       8.0G

             total       used       free     shared    buffers     cached
Mem:          7.8G       3.4G       4.4G       1.6M        38M       290M
-/+ buffers/cache:       3.0G       4.8G
Swap:         8.0G         0B       8.0G

             total       used       free     shared    buffers     cached
Mem:          7.8G       3.4G       4.4G       1.6M        38M       290M
-/+ buffers/cache:       3.0G       4.7G
Swap:         8.0G         0B       8.0G

             total       used       free     shared    buffers     cached
Mem:          7.8G       3.4G       4.4G       1.6M        38M       290M
-/+ buffers/cache:       3.1G       4.7G
Swap:         8.0G         0B       8.0G

             total       used       free     shared    buffers     cached
Mem:          7.8G       3.4G       4.4G       1.6M        38M       290M
-/+ buffers/cache:       3.1G       4.7G
Swap:         8.0G         0B       8.0G

             total       used       free     shared    buffers     cached
Mem:          7.8G       3.4G       4.4G       1.6M        38M       290M
-/+ buffers/cache:       3.1G       4.7G
Swap:         8.0G         0B       8.0G

             total       used       free     shared    buffers     cached
Mem:          7.8G       3.4G       4.4G       1.6M        38M       290M
-/+ buffers/cache:       3.1G       4.7G
Swap:         8.0G         0B       8.0G

             total       used       free     shared    buffers     cached
Mem:          7.8G       3.4G       4.4G       1.6M        39M       290M
-/+ buffers/cache:       3.1G       4.7G
Swap:         8.0G         0B       8.0G

             total       used       free     shared    buffers     cached
Mem:          7.8G       3.4G       4.4G       1.6M        39M       290M
-/+ buffers/cache:       3.1G       4.7G
Swap:         8.0G         0B       8.0G

             total       used       free     shared    buffers     cached
Mem:          7.8G       3.5G       4.3G       1.6M        39M       290M
-/+ buffers/cache:       3.1G       4.7G
Swap:         8.0G         0B       8.0G

             total       used       free     shared    buffers     cached
Mem:          7.8G       3.5G       4.3G       1.6M        39M       290M
-/+ buffers/cache:       3.1G       4.6G
Swap:         8.0G         0B       8.0G

             total       used       free     shared    buffers     cached
Mem:          7.8G       3.5G       4.3G       1.6M        39M       290M
-/+ buffers/cache:       3.2G       4.6G
Swap:         8.0G         0B       8.0G

             total       used       free     shared    buffers     cached
Mem:          7.8G       3.5G       4.3G       1.6M        39M       290M
-/+ buffers/cache:       3.2G       4.6G
Swap:         8.0G         0B       8.0G

             total       used       free     shared    buffers     cached
Mem:          7.8G       3.5G       4.3G       1.6M        39M       290M
-/+ buffers/cache:       3.2G       4.6G
Swap:         8.0G         0B       8.0G

             total       used       free     shared    buffers     cached
Mem:          7.8G       3.5G       4.3G       1.6M        39M       290M
-/+ buffers/cache:       3.2G       4.6G
Swap:         8.0G         0B       8.0G

             total       used       free     shared    buffers     cached
Mem:          7.8G       3.5G       4.3G       1.6M        39M       290M
-/+ buffers/cache:       3.2G       4.6G
Swap:         8.0G         0B       8.0G

             total       used       free     shared    buffers     cached
Mem:          7.8G       3.5G       4.2G       1.6M        39M       290M
-/+ buffers/cache:       3.2G       4.6G
Swap:         8.0G         0B       8.0G

             total       used       free     shared    buffers     cached
Mem:          7.8G       3.6G       4.2G       1.6M        39M       290M
-/+ buffers/cache:       3.2G       4.6G
Swap:         8.0G         0B       8.0G

             total       used       free     shared    buffers     cached
Mem:          7.8G       3.6G       4.2G       1.6M        39M       290M
-/+ buffers/cache:       3.3G       4.5G
Swap:         8.0G         0B       8.0G

             total       used       free     shared    buffers     cached
Mem:          7.8G       3.6G       4.2G       1.6M        39M       290M
-/+ buffers/cache:       3.3G       4.5G
Swap:         8.0G         0B       8.0G

             total       used       free     shared    buffers     cached
Mem:          7.8G       3.6G       4.2G       1.6M        39M       290M
-/+ buffers/cache:       3.3G       4.5G
Swap:         8.0G         0B       8.0G

             total       used       free     shared    buffers     cached
Mem:          7.8G       3.6G       4.2G       1.6M        39M       290M
-/+ buffers/cache:       3.3G       4.5G
Swap:         8.0G         0B       8.0G

             total       used       free     shared    buffers     cached
Mem:          7.8G       3.6G       4.2G       1.6M        39M       290M
-/+ buffers/cache:       3.3G       4.5G
Swap:         8.0G         0B       8.0G

             total       used       free     shared    buffers     cached
Mem:          7.8G       3.6G       4.2G       1.6M        39M       290M
-/+ buffers/cache:       3.3G       4.5G
Swap:         8.0G         0B       8.0G

             total       used       free     shared    buffers     cached
Mem:          7.8G       3.7G       4.1G       1.6M        39M       290M
-/+ buffers/cache:       3.3G       4.5G
Swap:         8.0G         0B       8.0G

             total       used       free     shared    buffers     cached
Mem:          7.8G       3.7G       4.1G       1.6M        39M       290M
-/+ buffers/cache:       3.3G       4.5G
Swap:         8.0G         0B       8.0G

             total       used       free     shared    buffers     cached
Mem:          7.8G       3.7G       4.1G       1.6M        39M       290M
-/+ buffers/cache:       3.4G       4.4G
Swap:         8.0G         0B       8.0G

             total       used       free     shared    buffers     cached
Mem:          7.8G       3.7G       4.1G       1.6M        39M       290M
-/+ buffers/cache:       3.4G       4.4G
Swap:         8.0G         0B       8.0G

             total       used       free     shared    buffers     cached
Mem:          7.8G       3.7G       4.1G       1.6M        39M       290M
-/+ buffers/cache:       3.4G       4.4G
Swap:         8.0G         0B       8.0G

             total       used       free     shared    buffers     cached
Mem:          7.8G       3.7G       4.1G       1.6M        39M       290M
-/+ buffers/cache:       3.4G       4.4G
Swap:         8.0G         0B       8.0G

             total       used       free     shared    buffers     cached
Mem:          7.8G       3.7G       4.1G       1.6M        39M       290M
-/+ buffers/cache:       3.4G       4.4G
Swap:         8.0G         0B       8.0G

             total       used       free     shared    buffers     cached
Mem:          7.8G       3.7G       4.0G       1.6M        39M       290M
-/+ buffers/cache:       3.4G       4.4G
Swap:         8.0G         0B       8.0G

             total       used       free     shared    buffers     cached
Mem:          7.8G       3.8G       4.0G       1.6M        39M       290M
-/+ buffers/cache:       3.4G       4.4G
Swap:         8.0G         0B       8.0G

             total       used       free     shared    buffers     cached
Mem:          7.8G       3.8G       4.0G       1.6M        39M       290M
-/+ buffers/cache:       3.5G       4.3G
Swap:         8.0G         0B       8.0G

             total       used       free     shared    buffers     cached
Mem:          7.8G       3.8G       4.0G       1.6M        39M       290M
-/+ buffers/cache:       3.5G       4.3G
Swap:         8.0G         0B       8.0G

             total       used       free     shared    buffers     cached
Mem:          7.8G       3.8G       4.0G       1.6M        39M       290M
-/+ buffers/cache:       3.5G       4.3G
Swap:         8.0G         0B       8.0G

             total       used       free     shared    buffers     cached
Mem:          7.8G       3.8G       4.0G       1.6M        39M       290M
-/+ buffers/cache:       3.5G       4.3G
Swap:         8.0G         0B       8.0G

             total       used       free     shared    buffers     cached
Mem:          7.8G       3.8G       4.0G       1.6M        39M       290M
-/+ buffers/cache:       3.5G       4.3G
Swap:         8.0G         0B       8.0G

             total       used       free     shared    buffers     cached
Mem:          7.8G       3.8G       4.0G       1.6M        39M       290M
-/+ buffers/cache:       3.5G       4.3G
Swap:         8.0G         0B       8.0G

             total       used       free     shared    buffers     cached
Mem:          7.8G       3.8G       4.0G       1.6M        39M       290M
-/+ buffers/cache:       3.5G       4.3G
Swap:         8.0G         0B       8.0G

             total       used       free     shared    buffers     cached
Mem:          7.8G       3.9G       3.9G       1.6M        39M       290M
-/+ buffers/cache:       3.5G       4.3G
Swap:         8.0G         0B       8.0G

             total       used       free     shared    buffers     cached
Mem:          7.8G       3.9G       3.9G       5.3M        39M       294M
-/+ buffers/cache:       3.6G       4.2G
Swap:         8.0G         0B       8.0G

             total       used       free     shared    buffers     cached
Mem:          7.8G       3.9G       3.9G       1.6M        39M       290M
-/+ buffers/cache:       3.6G       4.2G
Swap:         8.0G         0B       8.0G

             total       used       free     shared    buffers     cached
Mem:          7.8G       3.9G       3.9G       1.6M        39M       290M
-/+ buffers/cache:       3.6G       4.2G
Swap:         8.0G         0B       8.0G

             total       used       free     shared    buffers     cached
Mem:          7.8G       3.9G       3.9G       1.6M        39M       290M
-/+ buffers/cache:       3.6G       4.2G
Swap:         8.0G         0B       8.0G

             total       used       free     shared    buffers     cached
Mem:          7.8G       3.9G       3.9G       1.6M        39M       290M
-/+ buffers/cache:       3.6G       4.2G
Swap:         8.0G         0B       8.0G

             total       used       free     shared    buffers     cached
Mem:          7.8G       3.9G       3.8G       1.6M        39M       290M
-/+ buffers/cache:       3.6G       4.2G
Swap:         8.0G         0B       8.0G

             total       used       free     shared    buffers     cached
Mem:          7.8G       4.0G       3.8G       1.6M        39M       290M
-/+ buffers/cache:       3.6G       4.2G
Swap:         8.0G         0B       8.0G

             total       used       free     shared    buffers     cached
Mem:          7.8G       4.0G       3.8G       1.6M        39M       290M
-/+ buffers/cache:       3.7G       4.1G
Swap:         8.0G         0B       8.0G

             total       used       free     shared    buffers     cached
Mem:          7.8G       4.0G       3.8G       1.6M        39M       290M
-/+ buffers/cache:       3.7G       4.1G
Swap:         8.0G         0B       8.0G

             total       used       free     shared    buffers     cached
Mem:          7.8G       4.0G       3.8G       1.6M        39M       290M
-/+ buffers/cache:       3.7G       4.1G
Swap:         8.0G         0B       8.0G

             total       used       free     shared    buffers     cached
Mem:          7.8G       4.0G       3.8G       1.6M        39M       290M
-/+ buffers/cache:       3.7G       4.1G
Swap:         8.0G         0B       8.0G

             total       used       free     shared    buffers     cached
Mem:          7.8G       4.0G       3.8G       1.6M        39M       290M
-/+ buffers/cache:       3.7G       4.1G
Swap:         8.0G         0B       8.0G

             total       used       free     shared    buffers     cached
Mem:          7.8G       4.0G       3.7G       1.6M        39M       290M
-/+ buffers/cache:       3.7G       4.1G
Swap:         8.0G         0B       8.0G

             total       used       free     shared    buffers     cached
Mem:          7.8G       4.1G       3.7G       1.6M        39M       290M
-/+ buffers/cache:       3.7G       4.1G
Swap:         8.0G         0B       8.0G

             total       used       free     shared    buffers     cached
Mem:          7.8G       4.1G       3.7G       1.6M        39M       290M
-/+ buffers/cache:       3.7G       4.0G
Swap:         8.0G         0B       8.0G

             total       used       free     shared    buffers     cached
Mem:          7.8G       4.1G       3.7G       1.6M        39M       290M
-/+ buffers/cache:       3.8G       4.0G
Swap:         8.0G         0B       8.0G

             total       used       free     shared    buffers     cached
Mem:          7.8G       4.1G       3.7G       1.6M        39M       290M
-/+ buffers/cache:       3.8G       4.0G
Swap:         8.0G         0B       8.0G

             total       used       free     shared    buffers     cached
Mem:          7.8G       4.1G       3.7G       1.6M        39M       290M
-/+ buffers/cache:       3.8G       4.0G
Swap:         8.0G         0B       8.0G

             total       used       free     shared    buffers     cached
Mem:          7.8G       4.1G       3.7G       1.6M        39M       290M
-/+ buffers/cache:       3.8G       4.0G
Swap:         8.0G         0B       8.0G

             total       used       free     shared    buffers     cached
Mem:          7.8G       4.1G       3.7G       1.6M        39M       290M
-/+ buffers/cache:       3.8G       4.0G
Swap:         8.0G         0B       8.0G

             total       used       free     shared    buffers     cached
Mem:          7.8G       4.1G       3.7G       1.6M        39M       290M
-/+ buffers/cache:       3.8G       4.0G
Swap:         8.0G         0B       8.0G

             total       used       free     shared    buffers     cached
Mem:          7.8G       4.2G       3.6G       1.6M        39M       290M
-/+ buffers/cache:       3.8G       4.0G
Swap:         8.0G         0B       8.0G

             total       used       free     shared    buffers     cached
Mem:          7.8G       4.2G       3.6G       1.6M        39M       290M
-/+ buffers/cache:       3.8G       3.9G
Swap:         8.0G         0B       8.0G

             total       used       free     shared    buffers     cached
Mem:          7.8G       4.2G       3.6G       1.6M        39M       290M
-/+ buffers/cache:       3.9G       3.9G
Swap:         8.0G         0B       8.0G

             total       used       free     shared    buffers     cached
Mem:          7.8G       4.2G       3.6G       1.6M        39M       290M
-/+ buffers/cache:       3.9G       3.9G
Swap:         8.0G         0B       8.0G

             total       used       free     shared    buffers     cached
Mem:          7.8G       4.2G       3.6G       1.6M        39M       290M
-/+ buffers/cache:       3.9G       3.9G
Swap:         8.0G         0B       8.0G

             total       used       free     shared    buffers     cached
Mem:          7.8G       4.2G       3.6G       1.6M        39M       290M
-/+ buffers/cache:       3.9G       3.9G
Swap:         8.0G         0B       8.0G

             total       used       free     shared    buffers     cached
Mem:          7.8G       4.2G       3.6G       1.6M        39M       290M
-/+ buffers/cache:       3.9G       3.9G
Swap:         8.0G         0B       8.0G

             total       used       free     shared    buffers     cached
Mem:          7.8G       4.2G       3.6G       1.6M        39M       290M
-/+ buffers/cache:       3.9G       3.9G
Swap:         8.0G         0B       8.0G

             total       used       free     shared    buffers     cached
Mem:          7.8G       4.2G       3.6G       1.6M        39M       290M
-/+ buffers/cache:       3.9G       3.9G
Swap:         8.0G         0B       8.0G

             total       used       free     shared    buffers     cached
Mem:          7.8G       4.2G       3.6G       1.6M        39M       290M
-/+ buffers/cache:       3.9G       3.9G
Swap:         8.0G         0B       8.0G

             total       used       free     shared    buffers     cached
Mem:          7.8G       4.2G       3.6G       1.6M        39M       290M
-/+ buffers/cache:       3.9G       3.9G
Swap:         8.0G         0B       8.0G

             total       used       free     shared    buffers     cached
Mem:          7.8G       4.2G       3.6G       1.6M        39M       290M
-/+ buffers/cache:       3.9G       3.9G
Swap:         8.0G         0B       8.0G

             total       used       free     shared    buffers     cached
Mem:          7.8G       4.2G       3.6G       1.6M        39M       290M
-/+ buffers/cache:       3.9G       3.9G
Swap:         8.0G         0B       8.0G

             total       used       free     shared    buffers     cached
Mem:          7.8G       4.2G       3.6G       1.6M        39M       290M
-/+ buffers/cache:       3.9G       3.9G
Swap:         8.0G         0B       8.0G

             total       used       free     shared    buffers     cached
Mem:          7.8G       4.3G       3.5G       1.6M        39M       290M
-/+ buffers/cache:       3.9G       3.9G
Swap:         8.0G         0B       8.0G

             total       used       free     shared    buffers     cached
Mem:          7.8G       4.3G       3.5G       1.6M        39M       290M
-/+ buffers/cache:       3.9G       3.8G
Swap:         8.0G         0B       8.0G

             total       used       free     shared    buffers     cached
Mem:          7.8G       4.3G       3.5G       1.6M        39M       290M
-/+ buffers/cache:       4.0G       3.8G
Swap:         8.0G         0B       8.0G

             total       used       free     shared    buffers     cached
Mem:          7.8G       4.3G       3.5G       1.6M        39M       290M
-/+ buffers/cache:       4.0G       3.8G
Swap:         8.0G         0B       8.0G

             total       used       free     shared    buffers     cached
Mem:          7.8G       4.3G       3.5G       1.6M        39M       290M
-/+ buffers/cache:       4.0G       3.8G
Swap:         8.0G         0B       8.0G

             total       used       free     shared    buffers     cached
Mem:          7.8G       4.3G       3.5G       1.6M        39M       290M
-/+ buffers/cache:       4.0G       3.8G
Swap:         8.0G         0B       8.0G

             total       used       free     shared    buffers     cached
Mem:          7.8G       4.3G       3.5G       1.6M        39M       290M
-/+ buffers/cache:       4.0G       3.8G
Swap:         8.0G         0B       8.0G

             total       used       free     shared    buffers     cached
Mem:          7.8G       4.4G       3.4G       1.6M        39M       290M
-/+ buffers/cache:       4.0G       3.8G
Swap:         8.0G         0B       8.0G
