Linux 4.4.0-142-generic (vm) 	2025-02-18 	_x86_64_	(1 CPU)

04:32:57     CPU    %usr   %nice    %sys %iowait    %irq   %soft  %steal  %guest  %gnice   %idle
04:32:58     all   48.00    0.00   20.00    0.00    0.00    0.00    0.00    0.00    0.00   32.00
04:32:59     all   13.00    0.00    1.00    0.00    0.00    0.00    0.00    0.00    0.00   86.00
04:33:00     all    0.00    0.00    1.00    0.00    0.00    0.00    0.00    0.00    0.00   99.00
04:33:01     all    0.00    0.00    0.00    0.00    0.00    0.00    0.00    0.00    0.00  100.00
04:33:02     all    4.04    0.00    0.00   26.26    0.00    0.00    0.00    0.00    0.00   69.70
04:33:03     all    0.00    0.00    0.00   20.79    0.00    0.00    0.00    0.00    0.00   79.21
04:33:04     all    0.00    0.00    0.00    0.00    0.00    0.00    0.00    0.00    0.00  100.00
04:33:05     all    0.00    0.00    1.01    8.08    0.00    0.00    0.00    0.00    0.00   90.91
04:33:06     all    0.00    0.00    0.00    0.00    0.00    0.00    0.00    0.00    0.00  100.00
04:33:07     all    8.08    0.00    3.03    0.00    0.00    0.00    0.00    0.00    0.00   88.89
04:33:08     all    8.08   34.34    6.06    0.00    0.00    0.00    0.00    0.00    0.00   51.52
04:33:09     all   10.89   80.20    7.92    0.99    0.00    0.00    0.00    0.00    0.00    0.00
04:33:10     all    4.00    7.00   11.00   10.00    0.00    0.00    0.00    0.00    0.00   68.00
04:33:11     all   24.75    0.00    4.95    2.97    0.00    0.00    0.00    0.00    0.00   67.33
04:33:12     all    0.00    0.00    0.00    0.00    0.00    0.00    0.00    0.00    0.00  100.00
04:33:13     all    0.00    0.00    0.00    0.00    0.00    0.00    0.00    0.00    0.00  100.00
04:33:14     all    0.00    0.00    0.00    0.00    0.00    0.00    0.00    0.00    0.00  100.00
04:33:15     all    0.00    0.00    0.00    0.00    0.00    0.00    0.00    0.00    0.00  100.00
04:33:16     all    0.00    0.00    0.00    8.00    0.00    0.00    0.00    0.00    0.00   92.00
04:33:17     all    0.00    0.00    0.00    0.00    0.00    0.00    0.00    0.00    0.00  100.00
04:33:18     all   12.12    0.00    5.05    0.00    0.00    0.00    0.00    0.00    0.00   82.83
04:33:19     all   16.00    0.00    4.00    0.00    0.00    0.00    0.00    0.00    0.00   80.00
04:33:20     all    0.00    0.00    0.00    0.00    0.00    0.00    0.00    0.00    0.00  100.00
04:33:21     all    0.00    0.00    0.00    6.06    0.00    0.00    0.00    0.00    0.00   93.94
04:33:22     all    0.00    0.00    0.00    0.00    0.00    0.00    0.00    0.00    0.00  100.00
04:33:23     all    1.00    0.00    0.00    0.00    0.00    0.00    0.00    0.00    0.00   99.00
04:33:24     all    0.00    0.00    0.00    0.00    0.00    0.00    0.00    0.00    0.00  100.00
04:33:25     all    0.00    0.00    0.00    0.00    0.00    0.00    0.00    0.00    0.00  100.00
04:33:26     all    0.00    0.00    0.00    7.07    0.00    0.00    0.00    0.00    0.00   92.93
04:33:27     all    0.99    0.00    0.00    0.00    0.00    0.00    0.00    0.00    0.00   99.01
04:33:28     all    0.00    0.00    0.00    0.00    0.00    0.00    0.00    0.00    0.00  100.00
04:33:29     all    0.00    0.00    0.00    0.00    0.00    0.00    0.00    0.00    0.00  100.00
04:33:30     all    0.00    0.00    2.04    0.00    0.00    0.00    0.00    0.00    0.00   97.96
04:33:31     all   15.84    0.00   34.65    0.00    0.00    5.94    0.00    0.00    0.00   43.56
04:33:32     all   19.15    0.00   28.72    3.19    0.00    4.26    0.00    0.00    0.00   44.68
04:33:33     all   16.16    0.00   34.34    0.00    0.00    4.04    0.00    0.00    0.00   45.45
04:33:34     all   18.28    0.00   24.73    0.00    0.00    3.23    0.00    0.00    0.00   53.76
04:33:35     all   21.11    0.00   20.00    0.00    0.00    4.44    0.00    0.00    0.00   54.44
04:33:36     all   19.15    0.00   22.34    0.00    0.00    5.32    0.00    0.00    0.00   53.19
04:33:37     all   20.20    0.00   23.23    4.04    0.00    5.05    0.00    0.00    0.00   47.47
04:33:38     all   34.00    0.00   19.00    0.00    0.00    4.00    0.00    0.00    0.00   43.00
04:33:39     all   14.43    0.00   25.77    0.00    0.00    6.19    0.00    0.00    0.00   53.61
04:33:40     all   29.90    0.00   19.59    0.00    0.00    5.15    0.00    0.00    0.00   45.36
04:33:41     all   13.40    0.00   22.68    0.00    0.00    7.22    0.00    0.00    0.00   56.70
04:33:42     all   21.00    0.00   21.00    4.00    0.00    7.00    0.00    0.00    0.00   47.00
04:33:43     all   22.34    0.00   19.15    0.00    0.00    4.26    0.00    0.00    0.00   54.26
04:33:44     all   17.20    0.00   21.51    0.00    0.00    7.53    0.00    0.00    0.00   53.76
04:33:45     all   36.84    0.00   16.84    0.00    0.00    3.16    0.00    0.00    0.00   43.16
04:33:46     all   31.91    0.00   15.96    0.00    0.00    2.13    0.00    0.00    0.00   50.00
04:33:47     all   18.68    0.00   23.08    0.00    0.00    4.40    0.00    0.00    0.00   53.85
04:33:48     all   22.92    0.00   20.83    3.12    0.00    4.17    0.00    0.00    0.00   48.96
04:33:49     all   20.21    0.00   21.28    0.00    0.00    2.13    0.00    0.00    0.00   56.38
04:33:50     all   18.00    0.00   24.00    0.00    0.00    7.00    0.00    0.00    0.00   51.00
04:33:51     all   19.79    0.00   20.83    0.00    0.00    6.25    0.00    0.00    0.00   53.12
04:33:52     all   25.00    0.00   16.67    0.00    0.00    7.29    0.00    0.00    0.00   51.04
04:33:53     all   12.00    0.00   30.00    5.00    0.00    4.00    0.00    0.00    0.00   49.00
04:33:54     all   17.53    0.00   24.74    0.00    0.00    4.12    0.00    0.00    0.00   53.61
04:33:55     all   17.24    0.00   19.54    0.00    0.00    1.15    0.00    0.00    0.00   62.07
04:33:56     all   15.15    0.00   26.26    0.00    0.00    6.06    0.00    0.00    0.00   52.53
04:33:57     all   24.27    0.00   24.27    0.00    0.00    2.91    0.00    0.00    0.00   48.54
04:33:58     all   23.08    0.00   23.08    3.85    0.00    5.77    0.00    0.00    0.00   44.23
04:33:59     all   18.95    0.00   24.21    6.32    0.00    3.16    0.00    0.00    0.00   47.37
04:34:00     all   19.79    0.00   26.04    0.00    0.00    4.17    0.00    0.00    0.00   50.00
04:34:01     all   62.00    0.00   11.00    0.00    0.00    1.00    0.00    0.00    0.00   26.00
04:34:02     all   13.46    0.00   29.81    0.00    0.00    5.77    0.00    0.00    0.00   50.96
04:34:03     all   20.19    0.00   23.08    0.00    0.00    4.81    0.00    0.00    0.00   51.92
04:34:04     all   17.48    0.00   25.24    4.85    0.00    6.80    0.00    0.00    0.00   45.63
04:34:05     all   19.23    0.00   24.04    0.00    0.00    5.77    0.00    0.00    0.00   50.96
04:34:06     all   18.56    0.00   25.77    0.00    0.00    3.09    0.00    0.00    0.00   52.58
04:34:07     all   23.30    0.00   26.21    0.00    0.00    2.91    0.00    0.00    0.00   47.57
04:34:08     all   20.41    0.00   22.45    0.00    0.00    4.08    0.00    0.00    0.00   53.06
04:34:09     all   21.57    0.00   21.57    0.00    0.00    5.88    0.00    0.00    0.00   50.98
04:34:10     all   17.82    0.00   23.76    4.95    0.00    5.94    0.00    0.00    0.00   47.52
04:34:11     all   16.83    0.00   27.72    0.00    0.00    1.98    0.00    0.00    0.00   53.47
04:34:12     all   14.85    0.00   28.71    0.00    0.00    2.97    0.00    0.00    0.00   53.47
04:34:13     all   17.82    0.00   27.72    0.00    0.00    2.97    0.00    0.00    0.00   51.49
04:34:14     all   20.95    0.00   25.71    0.00    0.00    4.76    0.00    0.00    0.00   48.57
04:34:15     all   25.47    0.00   22.64    3.77    0.00    3.77    0.00    0.00    0.00   44.34
04:34:16     all   13.64    0.00   20.45    0.00    0.00    5.68    0.00    0.00    0.00   60.23
04:34:17     all   21.11    0.00   17.78    0.00    0.00    2.22    0.00    0.00    0.00   58.89
04:34:18     all   15.48    0.00   15.48    0.00    0.00    4.76    0.00    0.00    0.00   64.29
04:34:19     all   18.89    0.00   18.89    0.00    0.00    4.44    0.00    0.00    0.00   57.78
04:34:20     all   14.12    0.00   20.00    4.71    0.00    7.06    0.00    0.00    0.00   54.12
04:34:21     all   18.89    0.00   17.78    0.00    0.00    6.67    0.00    0.00    0.00   56.67
04:34:22     all   18.89    0.00   20.00    0.00    0.00    4.44    0.00    0.00    0.00   56.67
04:34:23     all   15.56    0.00   20.00    0.00    0.00    6.67    0.00    0.00    0.00   57.78
04:34:24     all   17.78    0.00   20.00    0.00    0.00    4.44    0.00    0.00    0.00   57.78
04:34:25     all   25.53    0.00   17.02    0.00    0.00    4.26    0.00    0.00    0.00   53.19
04:34:26     all   15.73    0.00   22.47    5.62    0.00    4.49    0.00    0.00    0.00   51.69
04:34:27     all   20.65    0.00   21.74    0.00    0.00    3.26    0.00    0.00    0.00   54.35
04:34:28     all   24.73    0.00   17.20    0.00    0.00    3.23    0.00    0.00    0.00   54.84
04:34:29     all   16.28    0.00   18.60    0.00    0.00    2.33    0.00    0.00    0.00   62.79
04:34:30     all   18.48    0.00   20.65    0.00    0.00    3.26    0.00    0.00    0.00   57.61
04:34:31     all   56.18    0.00    7.87    4.49    0.00    2.25    0.00    0.00    0.00   29.21
04:34:32     all   73.68    0.00    3.16    0.00    0.00    1.05    0.00    0.00    0.00   22.11
04:34:33     all   15.48    0.00   10.71    0.00    0.00    2.38    0.00    0.00    0.00   71.43
04:34:34     all   19.05    0.00   15.48    0.00    0.00    2.38    0.00    0.00    0.00   63.10
04:34:35     all   17.65    0.00   16.47    0.00    0.00    3.53    0.00    0.00    0.00   62.35
04:34:36     all   16.85    0.00   17.98    4.49    0.00    4.49    0.00    0.00    0.00   56.18
04:34:37     all   14.46    0.00   15.66    0.00    0.00    4.82    0.00    0.00    0.00   65.06
04:34:38     all   20.00    0.00   20.00    0.00    0.00    4.44    0.00    0.00    0.00   55.56
04:34:39     all   17.86    0.00   15.48    0.00    0.00    4.76    0.00    0.00    0.00   61.90
04:34:40     all   17.02    0.00   22.34    0.00    0.00    4.26    0.00    0.00    0.00   56.38
04:34:41     all   16.67    0.00   15.48    0.00    0.00    3.57    0.00    0.00    0.00   64.29
04:34:42     all   14.12    0.00   21.18    4.71    0.00    2.35    0.00    0.00    0.00   57.65
04:34:43     all   17.28    0.00   16.05    0.00    0.00    2.47    0.00    0.00    0.00   64.20
04:34:44     all   15.91    0.00   22.73    0.00    0.00    2.27    0.00    0.00    0.00   59.09
04:34:45     all   15.29    0.00   20.00    0.00    0.00    1.18    0.00    0.00    0.00   63.53
04:34:46     all   13.79    0.00   21.84    0.00    0.00    2.30    0.00    0.00    0.00   62.07
04:34:47     all   19.78    0.00   19.78    4.40    0.00    5.49    0.00    0.00    0.00   50.55
04:34:48     all   15.66    0.00   18.07    0.00    0.00    2.41    0.00    0.00    0.00   63.86
04:34:49     all   17.24    0.00   20.69    0.00    0.00    2.30    0.00    0.00    0.00   59.77
04:34:50     all   11.49    0.00   24.14    0.00    0.00    2.30    0.00    0.00    0.00   62.07
04:34:51     all   13.79    0.00   21.84    0.00    0.00    4.60    0.00    0.00    0.00   59.77
04:34:52     all   19.51    0.00   15.85    3.66    0.00    3.66    0.00    0.00    0.00   57.32
04:34:53     all   17.78    0.00   20.00    0.00    0.00    4.44    0.00    0.00    0.00   57.78
04:34:54     all   14.63    0.00   19.51    0.00    0.00    1.22    0.00    0.00    0.00   64.63
04:34:55     all   14.29    0.00   17.86    0.00    0.00    3.57    0.00    0.00    0.00   64.29
04:34:56     all   14.29    0.00   19.05    0.00    0.00    2.38    0.00    0.00    0.00   64.29
04:34:57     all   12.35    0.00   18.52    0.00    0.00    2.47    0.00    0.00    0.00   66.67
04:34:58     all   14.61    0.00   20.22    5.62    0.00    3.37    0.00    0.00    0.00   56.18
04:34:59     all   17.65    0.00   16.47    0.00    0.00    2.35    0.00    0.00    0.00   63.53
04:35:00     all   19.28    0.00   16.87    0.00    0.00    2.41    0.00    0.00    0.00   61.45
04:35:01     all   22.73    0.00   17.05    0.00    0.00    4.55    0.00    0.00    0.00   55.68
04:35:02     all   16.09    0.00   19.54    0.00    0.00    3.45    0.00    0.00    0.00   60.92
04:35:03     all   11.76    0.00   20.00    5.88    0.00    4.71    0.00    0.00    0.00   57.65
04:35:04     all   22.83    0.00   16.30    0.00    0.00    5.43    0.00    0.00    0.00   55.43
04:35:05     all   23.33    0.00   15.56    0.00    0.00    4.44    0.00    0.00    0.00   56.67
04:35:06     all   21.98    0.00   18.68    0.00    0.00    2.20    0.00    0.00    0.00   57.14
04:35:07     all   19.78    0.00   19.78    0.00    0.00    4.40    0.00    0.00    0.00   56.04
04:35:08     all   22.22    0.00   16.67    4.44    0.00    1.11    0.00    0.00    0.00   55.56
04:35:09     all   18.39    0.00   17.24    0.00    0.00    3.45    0.00    0.00    0.00   60.92
04:35:10     all   18.89    0.00   17.78    0.00    0.00    5.56    0.00    0.00    0.00   57.78
04:35:11     all   18.68    0.00   16.48    0.00    0.00    6.59    0.00    0.00    0.00   58.24
04:35:12     all   14.61    0.00   20.22    0.00    0.00    6.74    0.00    0.00    0.00   58.43
04:35:13     all   15.85    0.00   14.63    0.00    0.00    2.44    0.00    0.00    0.00   67.07
04:35:14     all   21.35    0.00   17.98    4.49    0.00    4.49    0.00    0.00    0.00   51.69
04:35:15     all   13.10    0.00   19.05    0.00    0.00    5.95    0.00    0.00    0.00   61.90
04:35:16     all   12.05    0.00   15.66    0.00    0.00    4.82    0.00    0.00    0.00   67.47
04:35:17     all   13.41    0.00   15.85    0.00    0.00    6.10    0.00    0.00    0.00   64.63
04:35:18     all   21.95    0.00   14.63    0.00    0.00    1.22    0.00    0.00    0.00   62.20
04:35:19     all   20.73    0.00   13.41   14.63    0.00    3.66    0.00    0.00    0.00   47.56
04:35:20     all   19.75    0.00   13.58    0.00    0.00    2.47    0.00    0.00    0.00   64.20
04:35:21     all   20.00    0.00   14.12    0.00    0.00    4.71    0.00    0.00    0.00   61.18
04:35:22     all   15.12    0.00   18.60    0.00    0.00    1.16    0.00    0.00    0.00   65.12
04:35:23     all   18.18    0.00   21.59    0.00    0.00    1.14    0.00    0.00    0.00   59.09
04:35:24     all   17.24    0.00   19.54    4.60    0.00    3.45    0.00    0.00    0.00   55.17
04:35:25     all   21.35    0.00   20.22    0.00    0.00    1.12    0.00    0.00    0.00   57.30
04:35:26     all   20.22    0.00   21.35    0.00    0.00    1.12    0.00    0.00    0.00   57.30
04:35:27     all   14.89    0.00   24.47    0.00    0.00    4.26    0.00    0.00    0.00   56.38
04:35:28     all   16.85    0.00   22.47    0.00    0.00    4.49    0.00    0.00    0.00   56.18
04:35:29     all   13.41    0.00   19.51    0.00    0.00    3.66    0.00    0.00    0.00   63.41
04:35:30     all   20.00    0.00   16.47    4.71    0.00    2.35    0.00    0.00    0.00   56.47
04:35:31     all   57.30    0.00    7.87    0.00    0.00    2.25    0.00    0.00    0.00   32.58
04:35:32     all   98.00    0.00    2.00    0.00    0.00    0.00    0.00    0.00    0.00    0.00
04:35:33     all   78.22    0.00    3.96    0.00    0.00    0.99    0.00    0.00    0.00   16.83
04:35:34     all   22.58    0.00    9.68    0.00    0.00    3.23    0.00    0.00    0.00   64.52
04:35:35     all   13.41    0.00   14.63    4.88    0.00    3.66    0.00    0.00    0.00   63.41
04:35:36     all   20.45    0.00   18.18    0.00    0.00    3.41    0.00    0.00    0.00   57.95
04:35:37     all   15.56    0.00   20.00    0.00    0.00    3.33    0.00    0.00    0.00   61.11
04:35:38     all   23.33    0.00   15.56    0.00    0.00    4.44    0.00    0.00    0.00   56.67
04:35:39     all   16.28    0.00   15.12    0.00    0.00    3.49    0.00    0.00    0.00   65.12
04:35:40     all   17.20    0.00   19.35    4.30    0.00    5.38    0.00    0.00    0.00   53.76
04:35:41     all   17.24    0.00   17.24    0.00    0.00    4.60    0.00    0.00    0.00   60.92
04:35:42     all   14.29    0.00   16.67    0.00    0.00    3.57    0.00    0.00    0.00   65.48
04:35:43     all   18.60    0.00   25.58    0.00    0.00    5.81    0.00    0.00    0.00   50.00
04:35:44     all   15.38    0.00   20.88    0.00    0.00    6.59    0.00    0.00    0.00   57.14
04:35:45     all   19.32    0.00   17.05    0.00    0.00    5.68    0.00    0.00    0.00   57.95
04:35:46     all   15.22    0.00   23.91    4.35    0.00    4.35    0.00    0.00    0.00   52.17
04:35:47     all   14.74    0.00   22.11    0.00    0.00    7.37    0.00    0.00    0.00   55.79
04:35:48     all   29.17    0.00   17.71    0.00    0.00    3.12    0.00    0.00    0.00   50.00
04:35:49     all   23.66    0.00   16.13    0.00    0.00    2.15    0.00    0.00    0.00   58.06
04:35:50     all   25.53    0.00   13.83    0.00    0.00    1.06    0.00    0.00    0.00   59.57
04:35:51     all   29.35    0.00   10.87    3.26    0.00    2.17    0.00    0.00    0.00   54.35
04:35:52     all   27.84    0.00   13.40    0.00    0.00    3.09    0.00    0.00    0.00   55.67
04:35:53     all   24.47    0.00   21.28    0.00    0.00    5.32    0.00    0.00    0.00   48.94
04:35:54     all   29.47    0.00   20.00    0.00    0.00    3.16    0.00    0.00    0.00   47.37
04:35:55     all   29.17    0.00   18.75    0.00    0.00    5.21    0.00    0.00    0.00   46.88
04:35:56     all   21.74    0.00   23.91    3.26    0.00    3.26    0.00    0.00    0.00   47.83
04:35:57     all   25.53    0.00   19.15    1.06    0.00    1.06    0.00    0.00    0.00   53.19
Average:     all   18.04    0.73   16.15    1.30    0.00    3.14    0.00    0.00    0.00   60.62
