             total       used       free     shared    buffers     cached
Mem:          7.8G       668M       7.1G       3.4M        38M       287M
-/+ buffers/cache:       342M       7.5G
Swap:         8.0G         0B       8.0G

             total       used       free     shared    buffers     cached
Mem:          7.8G       666M       7.1G       1.5M        38M       285M
-/+ buffers/cache:       342M       7.5G
Swap:         8.0G         0B       8.0G

             total       used       free     shared    buffers     cached
Mem:          7.8G       666M       7.1G       1.6M        38M       285M
-/+ buffers/cache:       342M       7.5G
Swap:         8.0G         0B       8.0G

             total       used       free     shared    buffers     cached
Mem:          7.8G       666M       7.1G       1.6M        38M       285M
-/+ buffers/cache:       342M       7.5G
Swap:         8.0G         0B       8.0G

             total       used       free     shared    buffers     cached
Mem:          7.8G       666M       7.1G       1.6M        38M       285M
-/+ buffers/cache:       342M       7.5G
Swap:         8.0G         0B       8.0G

             total       used       free     shared    buffers     cached
Mem:          7.8G       666M       7.1G       1.6M        38M       285M
-/+ buffers/cache:       342M       7.5G
Swap:         8.0G         0B       8.0G

             total       used       free     shared    buffers     cached
Mem:          7.8G       666M       7.1G       1.6M        38M       285M
-/+ buffers/cache:       342M       7.5G
Swap:         8.0G         0B       8.0G

             total       used       free     shared    buffers     cached
Mem:          7.8G       666M       7.1G       1.6M        38M       285M
-/+ buffers/cache:       342M       7.5G
Swap:         8.0G         0B       8.0G

             total       used       free     shared    buffers     cached
Mem:          7.8G       666M       7.1G       1.6M        38M       285M
-/+ buffers/cache:       342M       7.5G
Swap:         8.0G         0B       8.0G

             total       used       free     shared    buffers     cached
Mem:          7.8G       670M       7.1G       1.6M        38M       285M
-/+ buffers/cache:       345M       7.5G
Swap:         8.0G         0B       8.0G

             total       used       free     shared    buffers     cached
Mem:          7.8G       686M       7.1G       1.6M        38M       285M
-/+ buffers/cache:       361M       7.4G
Swap:         8.0G         0B       8.0G

             total       used       free     shared    buffers     cached
Mem:          7.8G       713M       7.1G       1.6M        38M       286M
-/+ buffers/cache:       388M       7.4G
Swap:         8.0G         0B       8.0G

             total       used       free     shared    buffers     cached
Mem:          7.8G       717M       7.1G       1.6M        38M       290M
-/+ buffers/cache:       388M       7.4G
Swap:         8.0G         0B       8.0G

             total       used       free     shared    buffers     cached
Mem:          7.8G       746M       7.1G       1.6M        38M       290M
-/+ buffers/cache:       417M       7.4G
Swap:         8.0G         0B       8.0G

             total       used       free     shared    buffers     cached
Mem:          7.8G       748M       7.1G       1.6M        38M       290M
-/+ buffers/cache:       418M       7.4G
Swap:         8.0G         0B       8.0G

             total       used       free     shared    buffers     cached
Mem:          7.8G       732M       7.1G       1.6M        39M       295M
-/+ buffers/cache:       398M       7.4G
Swap:         8.0G         0B       8.0G

             total       used       free     shared    buffers     cached
Mem:          7.8G       733M       7.1G       1.7M        39M       295M
-/+ buffers/cache:       398M       7.4G
Swap:         8.0G         0B       8.0G

             total       used       free     shared    buffers     cached
Mem:          7.8G       733M       7.1G       1.7M        39M       295M
-/+ buffers/cache:       399M       7.4G
Swap:         8.0G         0B       8.0G

             total       used       free     shared    buffers     cached
Mem:          7.8G       733M       7.1G       1.7M        39M       295M
-/+ buffers/cache:       399M       7.4G
Swap:         8.0G         0B       8.0G

             total       used       free     shared    buffers     cached
Mem:          7.8G       733M       7.1G       1.7M        39M       295M
-/+ buffers/cache:       399M       7.4G
Swap:         8.0G         0B       8.0G

             total       used       free     shared    buffers     cached
Mem:          7.8G       733M       7.1G       1.7M        39M       295M
-/+ buffers/cache:       399M       7.4G
Swap:         8.0G         0B       8.0G

             total       used       free     shared    buffers     cached
Mem:          7.8G       734M       7.1G       1.7M        39M       295M
-/+ buffers/cache:       400M       7.4G
Swap:         8.0G         0B       8.0G

             total       used       free     shared    buffers     cached
Mem:          7.8G       734M       7.1G       1.7M        39M       295M
-/+ buffers/cache:       400M       7.4G
Swap:         8.0G         0B       8.0G

             total       used       free     shared    buffers     cached
Mem:          7.8G       734M       7.1G       1.7M        39M       295M
-/+ buffers/cache:       400M       7.4G
Swap:         8.0G         0B       8.0G

             total       used       free     shared    buffers     cached
Mem:          7.8G       734M       7.1G       1.7M        39M       295M
-/+ buffers/cache:       400M       7.4G
Swap:         8.0G         0B       8.0G

             total       used       free     shared    buffers     cached
Mem:          7.8G       734M       7.1G       1.7M        39M       295M
-/+ buffers/cache:       400M       7.4G
Swap:         8.0G         0B       8.0G

             total       used       free     shared    buffers     cached
Mem:          7.8G       734M       7.1G       1.7M        39M       295M
-/+ buffers/cache:       400M       7.4G
Swap:         8.0G         0B       8.0G

             total       used       free     shared    buffers     cached
Mem:          7.8G       734M       7.1G       1.7M        39M       295M
-/+ buffers/cache:       400M       7.4G
Swap:         8.0G         0B       8.0G

             total       used       free     shared    buffers     cached
Mem:          7.8G       734M       7.1G       1.7M        39M       295M
-/+ buffers/cache:       400M       7.4G
Swap:         8.0G         0B       8.0G

             total       used       free     shared    buffers     cached
Mem:          7.8G       734M       7.1G       1.7M        39M       295M
-/+ buffers/cache:       400M       7.4G
Swap:         8.0G         0B       8.0G

             total       used       free     shared    buffers     cached
Mem:          7.8G       734M       7.1G       1.7M        39M       295M
-/+ buffers/cache:       400M       7.4G
Swap:         8.0G         0B       8.0G

             total       used       free     shared    buffers     cached
Mem:          7.8G       734M       7.1G       1.7M        39M       295M
-/+ buffers/cache:       400M       7.4G
Swap:         8.0G         0B       8.0G

             total       used       free     shared    buffers     cached
Mem:          7.8G       734M       7.1G       1.7M        39M       295M
-/+ buffers/cache:       400M       7.4G
Swap:         8.0G         0B       8.0G

             total       used       free     shared    buffers     cached
Mem:          7.8G       739M       7.1G       1.7M        39M       295M
-/+ buffers/cache:       404M       7.4G
Swap:         8.0G         0B       8.0G

             total       used       free     shared    buffers     cached
Mem:          7.8G       754M       7.1G       1.7M        39M       295M
-/+ buffers/cache:       419M       7.4G
Swap:         8.0G         0B       8.0G

             total       used       free     shared    buffers     cached
Mem:          7.8G       768M       7.0G       1.7M        39M       295M
-/+ buffers/cache:       433M       7.4G
Swap:         8.0G         0B       8.0G

             total       used       free     shared    buffers     cached
Mem:          7.8G       782M       7.0G       1.7M        39M       295M
-/+ buffers/cache:       447M       7.4G
Swap:         8.0G         0B       8.0G

             total       used       free     shared    buffers     cached
Mem:          7.8G       797M       7.0G       1.7M        39M       295M
-/+ buffers/cache:       462M       7.3G
Swap:         8.0G         0B       8.0G

             total       used       free     shared    buffers     cached
Mem:          7.8G       812M       7.0G       1.7M        39M       295M
-/+ buffers/cache:       477M       7.3G
Swap:         8.0G         0B       8.0G

             total       used       free     shared    buffers     cached
Mem:          7.8G       825M       7.0G       1.7M        39M       295M
-/+ buffers/cache:       490M       7.3G
Swap:         8.0G         0B       8.0G

             total       used       free     shared    buffers     cached
Mem:          7.8G       839M       7.0G       1.7M        39M       295M
-/+ buffers/cache:       505M       7.3G
Swap:         8.0G         0B       8.0G

             total       used       free     shared    buffers     cached
Mem:          7.8G       852M       7.0G       1.7M        39M       295M
-/+ buffers/cache:       517M       7.3G
Swap:         8.0G         0B       8.0G

             total       used       free     shared    buffers     cached
Mem:          7.8G       867M       6.9G       1.7M        39M       295M
-/+ buffers/cache:       532M       7.3G
Swap:         8.0G         0B       8.0G

             total       used       free     shared    buffers     cached
Mem:          7.8G       884M       6.9G       1.7M        39M       295M
-/+ buffers/cache:       549M       7.3G
Swap:         8.0G         0B       8.0G

             total       used       free     shared    buffers     cached
Mem:          7.8G       898M       6.9G       1.7M        39M       295M
-/+ buffers/cache:       563M       7.2G
Swap:         8.0G         0B       8.0G

             total       used       free     shared    buffers     cached
Mem:          7.8G       912M       6.9G       1.7M        39M       295M
-/+ buffers/cache:       577M       7.2G
Swap:         8.0G         0B       8.0G

             total       used       free     shared    buffers     cached
Mem:          7.8G       926M       6.9G       1.7M        39M       295M
-/+ buffers/cache:       591M       7.2G
Swap:         8.0G         0B       8.0G

             total       used       free     shared    buffers     cached
Mem:          7.8G       939M       6.9G       1.7M        39M       295M
-/+ buffers/cache:       604M       7.2G
Swap:         8.0G         0B       8.0G

             total       used       free     shared    buffers     cached
Mem:          7.8G       953M       6.9G       1.7M        39M       295M
-/+ buffers/cache:       618M       7.2G
Swap:         8.0G         0B       8.0G

             total       used       free     shared    buffers     cached
Mem:          7.8G       963M       6.9G       1.7M        39M       295M
-/+ buffers/cache:       628M       7.2G
Swap:         8.0G         0B       8.0G

             total       used       free     shared    buffers     cached
Mem:          7.8G       977M       6.8G       1.7M        39M       295M
-/+ buffers/cache:       642M       7.2G
Swap:         8.0G         0B       8.0G

             total       used       free     shared    buffers     cached
Mem:          7.8G       992M       6.8G       1.7M        39M       295M
-/+ buffers/cache:       657M       7.2G
Swap:         8.0G         0B       8.0G

             total       used       free     shared    buffers     cached
Mem:          7.8G       1.0G       6.8G       1.7M        39M       295M
-/+ buffers/cache:       672M       7.1G
Swap:         8.0G         0B       8.0G

             total       used       free     shared    buffers     cached
Mem:          7.8G       1.0G       6.8G       1.7M        39M       295M
-/+ buffers/cache:       687M       7.1G
Swap:         8.0G         0B       8.0G

             total       used       free     shared    buffers     cached
Mem:          7.8G       1.0G       6.8G       1.7M        39M       295M
-/+ buffers/cache:       702M       7.1G
Swap:         8.0G         0B       8.0G

             total       used       free     shared    buffers     cached
Mem:          7.8G       1.0G       6.8G       1.7M        39M       295M
-/+ buffers/cache:       716M       7.1G
Swap:         8.0G         0B       8.0G

             total       used       free     shared    buffers     cached
Mem:          7.8G       1.0G       6.8G       1.7M        39M       295M
-/+ buffers/cache:       729M       7.1G
Swap:         8.0G         0B       8.0G

             total       used       free     shared    buffers     cached
Mem:          7.8G       1.1G       6.7G       1.7M        39M       295M
-/+ buffers/cache:       742M       7.1G
Swap:         8.0G         0B       8.0G

             total       used       free     shared    buffers     cached
Mem:          7.8G       1.1G       6.7G       1.7M        39M       295M
-/+ buffers/cache:       756M       7.1G
Swap:         8.0G         0B       8.0G

             total       used       free     shared    buffers     cached
Mem:          7.8G       1.1G       6.7G       1.7M        39M       295M
-/+ buffers/cache:       771M       7.0G
Swap:         8.0G         0B       8.0G

             total       used       free     shared    buffers     cached
Mem:          7.8G       1.1G       6.7G       1.7M        39M       295M
-/+ buffers/cache:       785M       7.0G
Swap:         8.0G         0B       8.0G

             total       used       free     shared    buffers     cached
Mem:          7.8G       1.1G       6.7G       1.7M        39M       295M
-/+ buffers/cache:       801M       7.0G
Swap:         8.0G         0B       8.0G

             total       used       free     shared    buffers     cached
Mem:          7.8G       1.1G       6.7G       1.7M        39M       295M
-/+ buffers/cache:       816M       7.0G
Swap:         8.0G         0B       8.0G

             total       used       free     shared    buffers     cached
Mem:          7.8G       1.1G       6.7G       1.7M        39M       295M
-/+ buffers/cache:       830M       7.0G
Swap:         8.0G         0B       8.0G

             total       used       free     shared    buffers     cached
Mem:          7.8G       1.2G       6.6G       1.7M        39M       295M
-/+ buffers/cache:       845M       7.0G
Swap:         8.0G         0B       8.0G

             total       used       free     shared    buffers     cached
Mem:          7.8G       1.2G       6.6G       1.7M        39M       295M
-/+ buffers/cache:       853M       7.0G
Swap:         8.0G         0B       8.0G

             total       used       free     shared    buffers     cached
Mem:          7.8G       1.2G       6.6G       1.7M        39M       295M
-/+ buffers/cache:       867M       6.9G
Swap:         8.0G         0B       8.0G

             total       used       free     shared    buffers     cached
Mem:          7.8G       1.2G       6.6G       1.7M        39M       295M
-/+ buffers/cache:       883M       6.9G
Swap:         8.0G         0B       8.0G

             total       used       free     shared    buffers     cached
Mem:          7.8G       1.2G       6.6G       1.7M        39M       295M
-/+ buffers/cache:       897M       6.9G
Swap:         8.0G         0B       8.0G

             total       used       free     shared    buffers     cached
Mem:          7.8G       1.2G       6.6G       1.7M        39M       295M
-/+ buffers/cache:       913M       6.9G
Swap:         8.0G         0B       8.0G

             total       used       free     shared    buffers     cached
Mem:          7.8G       1.2G       6.6G       1.7M        39M       295M
-/+ buffers/cache:       927M       6.9G
Swap:         8.0G         0B       8.0G

             total       used       free     shared    buffers     cached
Mem:          7.8G       1.2G       6.5G       1.7M        39M       295M
-/+ buffers/cache:       942M       6.9G
Swap:         8.0G         0B       8.0G

             total       used       free     shared    buffers     cached
Mem:          7.8G       1.3G       6.5G       1.7M        39M       295M
-/+ buffers/cache:       957M       6.9G
Swap:         8.0G         0B       8.0G

             total       used       free     shared    buffers     cached
Mem:          7.8G       1.3G       6.5G       1.7M        39M       295M
-/+ buffers/cache:       971M       6.8G
Swap:         8.0G         0B       8.0G

             total       used       free     shared    buffers     cached
Mem:          7.8G       1.3G       6.5G       1.7M        39M       295M
-/+ buffers/cache:       986M       6.8G
Swap:         8.0G         0B       8.0G

             total       used       free     shared    buffers     cached
Mem:          7.8G       1.3G       6.5G       1.7M        39M       295M
-/+ buffers/cache:       1.0G       6.8G
Swap:         8.0G         0B       8.0G

             total       used       free     shared    buffers     cached
Mem:          7.8G       1.3G       6.5G       1.7M        39M       295M
-/+ buffers/cache:       1.0G       6.8G
Swap:         8.0G         0B       8.0G

             total       used       free     shared    buffers     cached
Mem:          7.8G       1.3G       6.5G       1.7M        39M       295M
-/+ buffers/cache:       1.0G       6.8G
Swap:         8.0G         0B       8.0G

             total       used       free     shared    buffers     cached
Mem:          7.8G       1.3G       6.5G       1.7M        39M       295M
-/+ buffers/cache:       1.0G       6.8G
Swap:         8.0G         0B       8.0G

             total       used       free     shared    buffers     cached
Mem:          7.8G       1.4G       6.4G       1.7M        39M       295M
-/+ buffers/cache:       1.0G       6.8G
Swap:         8.0G         0B       8.0G

             total       used       free     shared    buffers     cached
Mem:          7.8G       1.4G       6.4G       1.7M        39M       295M
-/+ buffers/cache:       1.0G       6.8G
Swap:         8.0G         0B       8.0G

             total       used       free     shared    buffers     cached
Mem:          7.8G       1.4G       6.4G       1.7M        39M       295M
-/+ buffers/cache:       1.1G       6.7G
Swap:         8.0G         0B       8.0G

             total       used       free     shared    buffers     cached
Mem:          7.8G       1.4G       6.4G       1.7M        39M       295M
-/+ buffers/cache:       1.1G       6.7G
Swap:         8.0G         0B       8.0G

             total       used       free     shared    buffers     cached
Mem:          7.8G       1.4G       6.4G       1.7M        39M       295M
-/+ buffers/cache:       1.1G       6.7G
Swap:         8.0G         0B       8.0G

             total       used       free     shared    buffers     cached
Mem:          7.8G       1.4G       6.4G       1.7M        39M       295M
-/+ buffers/cache:       1.1G       6.7G
Swap:         8.0G         0B       8.0G

             total       used       free     shared    buffers     cached
Mem:          7.8G       1.4G       6.4G       1.7M        39M       295M
-/+ buffers/cache:       1.1G       6.7G
Swap:         8.0G         0B       8.0G

             total       used       free     shared    buffers     cached
Mem:          7.8G       1.5G       6.3G       1.7M        39M       295M
-/+ buffers/cache:       1.1G       6.7G
Swap:         8.0G         0B       8.0G

             total       used       free     shared    buffers     cached
Mem:          7.8G       1.5G       6.3G       1.7M        39M       295M
-/+ buffers/cache:       1.1G       6.7G
Swap:         8.0G         0B       8.0G

             total       used       free     shared    buffers     cached
Mem:          7.8G       1.5G       6.3G       1.7M        39M       295M
-/+ buffers/cache:       1.2G       6.6G
Swap:         8.0G         0B       8.0G

             total       used       free     shared    buffers     cached
Mem:          7.8G       1.5G       6.3G       1.7M        39M       295M
-/+ buffers/cache:       1.2G       6.6G
Swap:         8.0G         0B       8.0G

             total       used       free     shared    buffers     cached
Mem:          7.8G       1.5G       6.3G       1.7M        39M       295M
-/+ buffers/cache:       1.2G       6.6G
Swap:         8.0G         0B       8.0G

             total       used       free     shared    buffers     cached
Mem:          7.8G       1.5G       6.3G       1.7M        39M       295M
-/+ buffers/cache:       1.2G       6.6G
Swap:         8.0G         0B       8.0G

             total       used       free     shared    buffers     cached
Mem:          7.8G       1.5G       6.3G       1.7M        39M       295M
-/+ buffers/cache:       1.2G       6.6G
Swap:         8.0G         0B       8.0G

             total       used       free     shared    buffers     cached
Mem:          7.8G       1.6G       6.2G       1.7M        39M       295M
-/+ buffers/cache:       1.2G       6.6G
Swap:         8.0G         0B       8.0G

             total       used       free     shared    buffers     cached
Mem:          7.8G       1.6G       6.2G       1.7M        39M       295M
-/+ buffers/cache:       1.2G       6.6G
Swap:         8.0G         0B       8.0G

             total       used       free     shared    buffers     cached
Mem:          7.8G       1.6G       6.2G       1.7M        39M       295M
-/+ buffers/cache:       1.3G       6.5G
Swap:         8.0G         0B       8.0G

             total       used       free     shared    buffers     cached
Mem:          7.8G       1.6G       6.2G       1.7M        39M       295M
-/+ buffers/cache:       1.3G       6.5G
Swap:         8.0G         0B       8.0G

             total       used       free     shared    buffers     cached
Mem:          7.8G       1.6G       6.2G       1.7M        39M       295M
-/+ buffers/cache:       1.3G       6.5G
Swap:         8.0G         0B       8.0G

             total       used       free     shared    buffers     cached
Mem:          7.8G       1.6G       6.2G       1.7M        39M       295M
-/+ buffers/cache:       1.3G       6.5G
Swap:         8.0G         0B       8.0G

             total       used       free     shared    buffers     cached
Mem:          7.8G       1.6G       6.2G       1.7M        39M       295M
-/+ buffers/cache:       1.3G       6.5G
Swap:         8.0G         0B       8.0G

             total       used       free     shared    buffers     cached
Mem:          7.8G       1.6G       6.2G       1.7M        39M       295M
-/+ buffers/cache:       1.3G       6.5G
Swap:         8.0G         0B       8.0G

             total       used       free     shared    buffers     cached
Mem:          7.8G       1.7G       6.1G       1.7M        39M       295M
-/+ buffers/cache:       1.3G       6.5G
Swap:         8.0G         0B       8.0G

             total       used       free     shared    buffers     cached
Mem:          7.8G       1.7G       6.1G       1.7M        39M       295M
-/+ buffers/cache:       1.3G       6.5G
Swap:         8.0G         0B       8.0G

             total       used       free     shared    buffers     cached
Mem:          7.8G       1.7G       6.1G       1.7M        39M       295M
-/+ buffers/cache:       1.4G       6.4G
Swap:         8.0G         0B       8.0G

             total       used       free     shared    buffers     cached
Mem:          7.8G       1.7G       6.1G       1.7M        39M       295M
-/+ buffers/cache:       1.4G       6.4G
Swap:         8.0G         0B       8.0G

             total       used       free     shared    buffers     cached
Mem:          7.8G       1.7G       6.1G       1.7M        39M       295M
-/+ buffers/cache:       1.4G       6.4G
Swap:         8.0G         0B       8.0G

             total       used       free     shared    buffers     cached
Mem:          7.8G       1.7G       6.1G       1.7M        39M       295M
-/+ buffers/cache:       1.4G       6.4G
Swap:         8.0G         0B       8.0G

             total       used       free     shared    buffers     cached
Mem:          7.8G       1.7G       6.1G       1.7M        39M       295M
-/+ buffers/cache:       1.4G       6.4G
Swap:         8.0G         0B       8.0G

             total       used       free     shared    buffers     cached
Mem:          7.8G       1.8G       6.0G       1.7M        39M       295M
-/+ buffers/cache:       1.4G       6.4G
Swap:         8.0G         0B       8.0G

             total       used       free     shared    buffers     cached
Mem:          7.8G       1.8G       6.0G       1.7M        39M       295M
-/+ buffers/cache:       1.4G       6.4G
Swap:         8.0G         0B       8.0G

             total       used       free     shared    buffers     cached
Mem:          7.8G       1.8G       6.0G       1.7M        39M       295M
-/+ buffers/cache:       1.5G       6.3G
Swap:         8.0G         0B       8.0G

             total       used       free     shared    buffers     cached
Mem:          7.8G       1.8G       6.0G       1.7M        39M       295M
-/+ buffers/cache:       1.5G       6.3G
Swap:         8.0G         0B       8.0G

             total       used       free     shared    buffers     cached
Mem:          7.8G       1.8G       6.0G       1.7M        39M       295M
-/+ buffers/cache:       1.5G       6.3G
Swap:         8.0G         0B       8.0G

             total       used       free     shared    buffers     cached
Mem:          7.8G       1.8G       6.0G       1.7M        39M       295M
-/+ buffers/cache:       1.5G       6.3G
Swap:         8.0G         0B       8.0G

             total       used       free     shared    buffers     cached
Mem:          7.8G       1.8G       6.0G       1.7M        39M       295M
-/+ buffers/cache:       1.5G       6.3G
Swap:         8.0G         0B       8.0G

             total       used       free     shared    buffers     cached
Mem:          7.8G       1.9G       5.9G       1.7M        39M       295M
-/+ buffers/cache:       1.5G       6.3G
Swap:         8.0G         0B       8.0G

             total       used       free     shared    buffers     cached
Mem:          7.8G       1.9G       5.9G       1.7M        39M       295M
-/+ buffers/cache:       1.5G       6.3G
Swap:         8.0G         0B       8.0G

             total       used       free     shared    buffers     cached
Mem:          7.8G       1.9G       5.9G       1.7M        39M       295M
-/+ buffers/cache:       1.6G       6.2G
Swap:         8.0G         0B       8.0G

             total       used       free     shared    buffers     cached
Mem:          7.8G       1.9G       5.9G       1.7M        39M       295M
-/+ buffers/cache:       1.6G       6.2G
Swap:         8.0G         0B       8.0G

             total       used       free     shared    buffers     cached
Mem:          7.8G       1.9G       5.9G       1.7M        39M       295M
-/+ buffers/cache:       1.6G       6.2G
Swap:         8.0G         0B       8.0G

             total       used       free     shared    buffers     cached
Mem:          7.8G       1.9G       5.9G       1.7M        39M       295M
-/+ buffers/cache:       1.6G       6.2G
Swap:         8.0G         0B       8.0G

             total       used       free     shared    buffers     cached
Mem:          7.8G       1.9G       5.9G       1.7M        39M       295M
-/+ buffers/cache:       1.6G       6.2G
Swap:         8.0G         0B       8.0G

             total       used       free     shared    buffers     cached
Mem:          7.8G       1.9G       5.8G       1.7M        39M       295M
-/+ buffers/cache:       1.6G       6.2G
Swap:         8.0G         0B       8.0G

             total       used       free     shared    buffers     cached
Mem:          7.8G       2.0G       5.8G       1.7M        39M       295M
-/+ buffers/cache:       1.6G       6.2G
Swap:         8.0G         0B       8.0G

             total       used       free     shared    buffers     cached
Mem:          7.8G       2.0G       5.8G       1.7M        39M       295M
-/+ buffers/cache:       1.6G       6.1G
Swap:         8.0G         0B       8.0G

             total       used       free     shared    buffers     cached
Mem:          7.8G       2.0G       5.8G       1.7M        39M       295M
-/+ buffers/cache:       1.7G       6.1G
Swap:         8.0G         0B       8.0G

             total       used       free     shared    buffers     cached
Mem:          7.8G       2.0G       5.8G       1.7M        39M       295M
-/+ buffers/cache:       1.7G       6.1G
Swap:         8.0G         0B       8.0G

             total       used       free     shared    buffers     cached
Mem:          7.8G       2.0G       5.8G       1.7M        39M       295M
-/+ buffers/cache:       1.7G       6.1G
Swap:         8.0G         0B       8.0G

             total       used       free     shared    buffers     cached
Mem:          7.8G       2.0G       5.8G       1.7M        39M       295M
-/+ buffers/cache:       1.7G       6.1G
Swap:         8.0G         0B       8.0G

             total       used       free     shared    buffers     cached
Mem:          7.8G       2.0G       5.8G       1.7M        39M       295M
-/+ buffers/cache:       1.7G       6.1G
Swap:         8.0G         0B       8.0G

             total       used       free     shared    buffers     cached
Mem:          7.8G       2.1G       5.7G       1.7M        39M       295M
-/+ buffers/cache:       1.7G       6.1G
Swap:         8.0G         0B       8.0G

             total       used       free     shared    buffers     cached
Mem:          7.8G       2.1G       5.7G       1.7M        39M       295M
-/+ buffers/cache:       1.7G       6.1G
Swap:         8.0G         0B       8.0G

             total       used       free     shared    buffers     cached
Mem:          7.8G       2.1G       5.7G       1.7M        39M       295M
-/+ buffers/cache:       1.8G       6.0G
Swap:         8.0G         0B       8.0G

             total       used       free     shared    buffers     cached
Mem:          7.8G       2.1G       5.7G       1.7M        39M       295M
-/+ buffers/cache:       1.8G       6.0G
Swap:         8.0G         0B       8.0G

             total       used       free     shared    buffers     cached
Mem:          7.8G       2.1G       5.7G       1.7M        39M       295M
-/+ buffers/cache:       1.8G       6.0G
Swap:         8.0G         0B       8.0G

             total       used       free     shared    buffers     cached
Mem:          7.8G       2.1G       5.7G       1.7M        39M       295M
-/+ buffers/cache:       1.8G       6.0G
Swap:         8.0G         0B       8.0G

             total       used       free     shared    buffers     cached
Mem:          7.8G       2.1G       5.7G       1.7M        39M       295M
-/+ buffers/cache:       1.8G       6.0G
Swap:         8.0G         0B       8.0G

             total       used       free     shared    buffers     cached
Mem:          7.8G       2.2G       5.6G       1.7M        39M       295M
-/+ buffers/cache:       1.8G       6.0G
Swap:         8.0G         0B       8.0G

             total       used       free     shared    buffers     cached
Mem:          7.8G       2.2G       5.6G       1.7M        39M       295M
-/+ buffers/cache:       1.8G       6.0G
Swap:         8.0G         0B       8.0G

             total       used       free     shared    buffers     cached
Mem:          7.8G       2.2G       5.6G       1.7M        39M       295M
-/+ buffers/cache:       1.9G       5.9G
Swap:         8.0G         0B       8.0G

             total       used       free     shared    buffers     cached
Mem:          7.8G       2.2G       5.6G       1.7M        39M       295M
-/+ buffers/cache:       1.9G       5.9G
Swap:         8.0G         0B       8.0G

             total       used       free     shared    buffers     cached
Mem:          7.8G       2.2G       5.6G       1.7M        39M       295M
-/+ buffers/cache:       1.9G       5.9G
Swap:         8.0G         0B       8.0G

             total       used       free     shared    buffers     cached
Mem:          7.8G       2.2G       5.6G       1.7M        39M       295M
-/+ buffers/cache:       1.9G       5.9G
Swap:         8.0G         0B       8.0G

             total       used       free     shared    buffers     cached
Mem:          7.8G       2.2G       5.6G       1.7M        39M       295M
-/+ buffers/cache:       1.9G       5.9G
Swap:         8.0G         0B       8.0G

             total       used       free     shared    buffers     cached
Mem:          7.8G       2.3G       5.5G       1.7M        39M       295M
-/+ buffers/cache:       1.9G       5.9G
Swap:         8.0G         0B       8.0G

             total       used       free     shared    buffers     cached
Mem:          7.8G       2.3G       5.5G       1.7M        39M       295M
-/+ buffers/cache:       1.9G       5.9G
Swap:         8.0G         0B       8.0G

             total       used       free     shared    buffers     cached
Mem:          7.8G       2.3G       5.5G       1.7M        39M       295M
-/+ buffers/cache:       2.0G       5.8G
Swap:         8.0G         0B       8.0G

             total       used       free     shared    buffers     cached
Mem:          7.8G       2.3G       5.5G       1.7M        39M       295M
-/+ buffers/cache:       2.0G       5.8G
Swap:         8.0G         0B       8.0G

             total       used       free     shared    buffers     cached
Mem:          7.8G       2.3G       5.5G       1.7M        39M       295M
-/+ buffers/cache:       2.0G       5.8G
Swap:         8.0G         0B       8.0G

             total       used       free     shared    buffers     cached
Mem:          7.8G       2.3G       5.5G       1.7M        39M       295M
-/+ buffers/cache:       2.0G       5.8G
Swap:         8.0G         0B       8.0G

             total       used       free     shared    buffers     cached
Mem:          7.8G       2.3G       5.5G       1.7M        39M       295M
-/+ buffers/cache:       2.0G       5.8G
Swap:         8.0G         0B       8.0G

             total       used       free     shared    buffers     cached
Mem:          7.8G       2.4G       5.4G       1.7M        39M       295M
-/+ buffers/cache:       2.0G       5.8G
Swap:         8.0G         0B       8.0G

             total       used       free     shared    buffers     cached
Mem:          7.8G       2.4G       5.4G       1.7M        39M       295M
-/+ buffers/cache:       2.0G       5.8G
Swap:         8.0G         0B       8.0G

             total       used       free     shared    buffers     cached
Mem:          7.8G       2.4G       5.4G       1.7M        39M       295M
-/+ buffers/cache:       2.1G       5.7G
Swap:         8.0G         0B       8.0G

             total       used       free     shared    buffers     cached
Mem:          7.8G       2.4G       5.4G       1.7M        39M       295M
-/+ buffers/cache:       2.1G       5.7G
Swap:         8.0G         0B       8.0G

             total       used       free     shared    buffers     cached
Mem:          7.8G       2.4G       5.4G       1.7M        39M       295M
-/+ buffers/cache:       2.1G       5.7G
Swap:         8.0G         0B       8.0G

             total       used       free     shared    buffers     cached
Mem:          7.8G       2.4G       5.4G       1.7M        39M       295M
-/+ buffers/cache:       2.1G       5.7G
Swap:         8.0G         0B       8.0G

             total       used       free     shared    buffers     cached
Mem:          7.8G       2.4G       5.4G       1.7M        39M       295M
-/+ buffers/cache:       2.1G       5.7G
Swap:         8.0G         0B       8.0G

             total       used       free     shared    buffers     cached
Mem:          7.8G       2.5G       5.3G       1.7M        39M       295M
-/+ buffers/cache:       2.1G       5.7G
Swap:         8.0G         0B       8.0G

             total       used       free     shared    buffers     cached
Mem:          7.8G       2.5G       5.3G       1.7M        39M       295M
-/+ buffers/cache:       2.1G       5.7G
Swap:         8.0G         0B       8.0G

             total       used       free     shared    buffers     cached
Mem:          7.8G       2.5G       5.3G       1.7M        39M       295M
-/+ buffers/cache:       2.1G       5.7G
Swap:         8.0G         0B       8.0G

             total       used       free     shared    buffers     cached
Mem:          7.8G       2.5G       5.3G       1.7M        39M       295M
-/+ buffers/cache:       2.2G       5.6G
Swap:         8.0G         0B       8.0G

             total       used       free     shared    buffers     cached
Mem:          7.8G       2.5G       5.3G       1.7M        39M       295M
-/+ buffers/cache:       2.2G       5.6G
Swap:         8.0G         0B       8.0G

             total       used       free     shared    buffers     cached
Mem:          7.8G       2.5G       5.3G       1.7M        39M       295M
-/+ buffers/cache:       2.2G       5.6G
Swap:         8.0G         0B       8.0G

             total       used       free     shared    buffers     cached
Mem:          7.8G       2.5G       5.3G       1.7M        39M       295M
-/+ buffers/cache:       2.2G       5.6G
Swap:         8.0G         0B       8.0G

             total       used       free     shared    buffers     cached
Mem:          7.8G       2.5G       5.3G       1.7M        39M       295M
-/+ buffers/cache:       2.2G       5.6G
Swap:         8.0G         0B       8.0G

             total       used       free     shared    buffers     cached
Mem:          7.8G       2.5G       5.3G       1.7M        39M       295M
-/+ buffers/cache:       2.2G       5.6G
Swap:         8.0G         0B       8.0G

             total       used       free     shared    buffers     cached
Mem:          7.8G       2.6G       5.2G       1.7M        39M       295M
-/+ buffers/cache:       2.2G       5.6G
Swap:         8.0G         0B       8.0G

             total       used       free     shared    buffers     cached
Mem:          7.8G       2.6G       5.2G       1.7M        39M       295M
-/+ buffers/cache:       2.2G       5.6G
Swap:         8.0G         0B       8.0G

             total       used       free     shared    buffers     cached
Mem:          7.8G       2.6G       5.2G       1.7M        39M       295M
-/+ buffers/cache:       2.3G       5.5G
Swap:         8.0G         0B       8.0G

             total       used       free     shared    buffers     cached
Mem:          7.8G       2.6G       5.2G       1.7M        39M       295M
-/+ buffers/cache:       2.3G       5.5G
Swap:         8.0G         0B       8.0G

             total       used       free     shared    buffers     cached
Mem:          7.8G       2.6G       5.2G       1.7M        39M       295M
-/+ buffers/cache:       2.3G       5.5G
Swap:         8.0G         0B       8.0G

             total       used       free     shared    buffers     cached
Mem:          7.8G       2.6G       5.2G       1.7M        39M       295M
-/+ buffers/cache:       2.3G       5.5G
Swap:         8.0G         0B       8.0G

             total       used       free     shared    buffers     cached
Mem:          7.8G       2.6G       5.2G       1.7M        39M       295M
-/+ buffers/cache:       2.3G       5.5G
Swap:         8.0G         0B       8.0G

             total       used       free     shared    buffers     cached
Mem:          7.8G       2.7G       5.1G       1.7M        39M       295M
-/+ buffers/cache:       2.3G       5.5G
Swap:         8.0G         0B       8.0G

             total       used       free     shared    buffers     cached
Mem:          7.8G       2.7G       5.1G       1.7M        39M       295M
-/+ buffers/cache:       2.3G       5.5G
Swap:         8.0G         0B       8.0G

             total       used       free     shared    buffers     cached
Mem:          7.8G       2.7G       5.1G       1.7M        39M       295M
-/+ buffers/cache:       2.4G       5.4G
Swap:         8.0G         0B       8.0G

             total       used       free     shared    buffers     cached
Mem:          7.8G       2.7G       5.1G       1.7M        39M       295M
-/+ buffers/cache:       2.4G       5.4G
Swap:         8.0G         0B       8.0G

             total       used       free     shared    buffers     cached
Mem:          7.8G       2.7G       5.1G       1.7M        39M       295M
-/+ buffers/cache:       2.4G       5.4G
Swap:         8.0G         0B       8.0G

             total       used       free     shared    buffers     cached
Mem:          7.8G       2.7G       5.1G       1.7M        39M       295M
-/+ buffers/cache:       2.4G       5.4G
Swap:         8.0G         0B       8.0G

             total       used       free     shared    buffers     cached
Mem:          7.8G       2.7G       5.1G       1.7M        39M       295M
-/+ buffers/cache:       2.4G       5.4G
Swap:         8.0G         0B       8.0G

             total       used       free     shared    buffers     cached
Mem:          7.8G       2.7G       5.1G       1.7M        39M       295M
-/+ buffers/cache:       2.4G       5.4G
Swap:         8.0G         0B       8.0G

             total       used       free     shared    buffers     cached
Mem:          7.8G       2.8G       5.0G       1.7M        39M       295M
-/+ buffers/cache:       2.4G       5.4G
Swap:         8.0G         0B       8.0G

             total       used       free     shared    buffers     cached
Mem:          7.8G       2.8G       5.0G       1.7M        39M       295M
-/+ buffers/cache:       2.4G       5.4G
Swap:         8.0G         0B       8.0G

             total       used       free     shared    buffers     cached
Mem:          7.8G       2.8G       5.0G       1.7M        39M       295M
-/+ buffers/cache:       2.5G       5.3G
Swap:         8.0G         0B       8.0G

             total       used       free     shared    buffers     cached
Mem:          7.8G       2.8G       5.0G       1.7M        39M       295M
-/+ buffers/cache:       2.5G       5.3G
Swap:         8.0G         0B       8.0G

             total       used       free     shared    buffers     cached
Mem:          7.8G       2.8G       5.0G       1.7M        39M       295M
-/+ buffers/cache:       2.5G       5.3G
Swap:         8.0G         0B       8.0G

             total       used       free     shared    buffers     cached
Mem:          7.8G       2.8G       5.0G       1.7M        39M       295M
-/+ buffers/cache:       2.5G       5.3G
Swap:         8.0G         0B       8.0G

             total       used       free     shared    buffers     cached
Mem:          7.8G       2.8G       5.0G       1.7M        39M       295M
-/+ buffers/cache:       2.5G       5.3G
Swap:         8.0G         0B       8.0G

             total       used       free     shared    buffers     cached
Mem:          7.8G       2.8G       4.9G       2.2M        39M       296M
-/+ buffers/cache:       2.5G       5.3G
Swap:         8.0G         0B       8.0G

             total       used       free     shared    buffers     cached
Mem:          7.8G       2.9G       4.9G       2.2M        39M       297M
-/+ buffers/cache:       2.5G       5.3G
Swap:         8.0G         0B       8.0G

             total       used       free     shared    buffers     cached
Mem:          7.8G       2.9G       4.9G       2.2M        39M       297M
-/+ buffers/cache:       2.5G       5.3G
Swap:         8.0G         0B       8.0G

             total       used       free     shared    buffers     cached
Mem:          7.8G       2.9G       4.9G       2.2M        39M       297M
-/+ buffers/cache:       2.6G       5.2G
Swap:         8.0G         0B       8.0G

             total       used       free     shared    buffers     cached
Mem:          7.8G       2.9G       4.9G       2.2M        39M       297M
-/+ buffers/cache:       2.6G       5.2G
Swap:         8.0G         0B       8.0G

             total       used       free     shared    buffers     cached
Mem:          7.8G       2.9G       4.9G       2.2M        39M       296M
-/+ buffers/cache:       2.6G       5.2G
Swap:         8.0G         0B       8.0G

             total       used       free     shared    buffers     cached
Mem:          7.8G       2.9G       4.9G       2.2M        39M       297M
-/+ buffers/cache:       2.6G       5.2G
Swap:         8.0G         0B       8.0G

             total       used       free     shared    buffers     cached
Mem:          7.8G       2.9G       4.9G       2.2M        39M       297M
-/+ buffers/cache:       2.6G       5.2G
Swap:         8.0G         0B       8.0G

             total       used       free     shared    buffers     cached
Mem:          7.8G       2.9G       4.9G       2.2M        39M       297M
-/+ buffers/cache:       2.6G       5.2G
Swap:         8.0G         0B       8.0G

             total       used       free     shared    buffers     cached
Mem:          7.8G       2.9G       4.9G       2.2M        39M       297M
-/+ buffers/cache:       2.6G       5.2G
Swap:         8.0G         0B       8.0G

             total       used       free     shared    buffers     cached
Mem:          7.8G       2.9G       4.9G       2.2M        39M       297M
-/+ buffers/cache:       2.6G       5.2G
Swap:         8.0G         0B       8.0G

             total       used       free     shared    buffers     cached
Mem:          7.8G       3.0G       4.8G       2.2M        39M       297M
-/+ buffers/cache:       2.6G       5.2G
Swap:         8.0G         0B       8.0G

             total       used       free     shared    buffers     cached
Mem:          7.8G       3.0G       4.8G       2.2M        39M       297M
-/+ buffers/cache:       2.6G       5.2G
Swap:         8.0G         0B       8.0G

             total       used       free     shared    buffers     cached
Mem:          7.8G       3.0G       4.8G       2.2M        39M       297M
-/+ buffers/cache:       2.6G       5.2G
Swap:         8.0G         0B       8.0G

             total       used       free     shared    buffers     cached
Mem:          7.8G       3.0G       4.8G       2.2M        39M       297M
-/+ buffers/cache:       2.6G       5.1G
Swap:         8.0G         0B       8.0G

             total       used       free     shared    buffers     cached
Mem:          7.8G       3.0G       4.8G       2.2M        39M       297M
-/+ buffers/cache:       2.7G       5.1G
Swap:         8.0G         0B       8.0G

             total       used       free     shared    buffers     cached
Mem:          7.8G       3.0G       4.8G       2.2M        39M       297M
-/+ buffers/cache:       2.7G       5.1G
Swap:         8.0G         0B       8.0G

             total       used       free     shared    buffers     cached
Mem:          7.8G       3.0G       4.8G       2.2M        39M       297M
-/+ buffers/cache:       2.7G       5.1G
Swap:         8.0G         0B       8.0G

             total       used       free     shared    buffers     cached
Mem:          7.8G       3.0G       4.8G       2.2M        39M       297M
-/+ buffers/cache:       2.7G       5.1G
Swap:         8.0G         0B       8.0G

             total       used       free     shared    buffers     cached
Mem:          7.8G       3.0G       4.8G       2.2M        39M       297M
-/+ buffers/cache:       2.7G       5.1G
Swap:         8.0G         0B       8.0G

             total       used       free     shared    buffers     cached
Mem:          7.8G       3.0G       4.8G       2.2M        39M       297M
-/+ buffers/cache:       2.7G       5.1G
Swap:         8.0G         0B       8.0G

             total       used       free     shared    buffers     cached
Mem:          7.8G       3.0G       4.8G       2.2M        39M       297M
-/+ buffers/cache:       2.7G       5.1G
Swap:         8.0G         0B       8.0G

             total       used       free     shared    buffers     cached
Mem:          7.8G       3.0G       4.8G       2.2M        39M       297M
-/+ buffers/cache:       2.7G       5.1G
Swap:         8.0G         0B       8.0G

             total       used       free     shared    buffers     cached
Mem:          7.8G       3.1G       4.7G       2.2M        39M       297M
-/+ buffers/cache:       2.7G       5.1G
Swap:         8.0G         0B       8.0G

             total       used       free     shared    buffers     cached
Mem:          7.8G       3.1G       4.7G       2.2M        39M       297M
-/+ buffers/cache:       2.7G       5.1G
Swap:         8.0G         0B       8.0G

             total       used       free     shared    buffers     cached
Mem:          7.8G       3.1G       4.7G       2.2M        39M       297M
-/+ buffers/cache:       2.8G       5.0G
Swap:         8.0G         0B       8.0G

             total       used       free     shared    buffers     cached
Mem:          7.8G       3.1G       4.7G       2.2M        39M       297M
-/+ buffers/cache:       2.8G       5.0G
Swap:         8.0G         0B       8.0G

             total       used       free     shared    buffers     cached
Mem:          7.8G       3.1G       4.7G       2.2M        39M       297M
-/+ buffers/cache:       2.8G       5.0G
Swap:         8.0G         0B       8.0G

             total       used       free     shared    buffers     cached
Mem:          7.8G       3.1G       4.7G       2.2M        39M       297M
-/+ buffers/cache:       2.8G       5.0G
Swap:         8.0G         0B       8.0G

             total       used       free     shared    buffers     cached
Mem:          7.8G       3.1G       4.7G       2.2M        39M       297M
-/+ buffers/cache:       2.8G       5.0G
Swap:         8.0G         0B       8.0G

             total       used       free     shared    buffers     cached
Mem:          7.8G       3.2G       4.6G       2.2M        39M       297M
-/+ buffers/cache:       2.8G       5.0G
Swap:         8.0G         0B       8.0G

             total       used       free     shared    buffers     cached
Mem:          7.8G       3.2G       4.6G       2.2M        39M       297M
-/+ buffers/cache:       2.8G       4.9G
Swap:         8.0G         0B       8.0G

             total       used       free     shared    buffers     cached
Mem:          7.8G       3.2G       4.6G       2.2M        39M       297M
-/+ buffers/cache:       2.9G       4.9G
Swap:         8.0G         0B       8.0G

             total       used       free     shared    buffers     cached
Mem:          7.8G       3.2G       4.6G       2.2M        39M       297M
-/+ buffers/cache:       2.9G       4.9G
Swap:         8.0G         0B       8.0G

             total       used       free     shared    buffers     cached
Mem:          7.8G       3.2G       4.6G       2.2M        39M       297M
-/+ buffers/cache:       2.9G       4.9G
Swap:         8.0G         0B       8.0G

             total       used       free     shared    buffers     cached
Mem:          7.8G       3.2G       4.6G       2.2M        39M       297M
-/+ buffers/cache:       2.9G       4.9G
Swap:         8.0G         0B       8.0G

             total       used       free     shared    buffers     cached
Mem:          7.8G       3.3G       4.5G       2.2M        39M       297M
-/+ buffers/cache:       2.9G       4.9G
Swap:         8.0G         0B       8.0G

             total       used       free     shared    buffers     cached
Mem:          7.8G       3.3G       4.5G       2.2M        39M       297M
-/+ buffers/cache:       2.9G       4.8G
Swap:         8.0G         0B       8.0G

             total       used       free     shared    buffers     cached
Mem:          7.8G       3.3G       4.5G       2.2M        39M       297M
-/+ buffers/cache:       3.0G       4.8G
Swap:         8.0G         0B       8.0G

             total       used       free     shared    buffers     cached
Mem:          7.8G       3.3G       4.5G       2.2M        39M       297M
-/+ buffers/cache:       3.0G       4.8G
Swap:         8.0G         0B       8.0G

             total       used       free     shared    buffers     cached
Mem:          7.8G       3.3G       4.5G       2.2M        39M       297M
-/+ buffers/cache:       3.0G       4.8G
Swap:         8.0G         0B       8.0G

             total       used       free     shared    buffers     cached
Mem:          7.8G       3.3G       4.5G       2.2M        39M       297M
-/+ buffers/cache:       3.0G       4.8G
Swap:         8.0G         0B       8.0G

             total       used       free     shared    buffers     cached
Mem:          7.8G       3.4G       4.4G       2.2M        39M       297M
-/+ buffers/cache:       3.0G       4.8G
Swap:         8.0G         0B       8.0G

             total       used       free     shared    buffers     cached
Mem:          7.8G       3.4G       4.4G       2.2M        39M       297M
-/+ buffers/cache:       3.0G       4.8G
Swap:         8.0G         0B       8.0G

             total       used       free     shared    buffers     cached
Mem:          7.8G       3.4G       4.4G       2.2M        39M       297M
-/+ buffers/cache:       3.1G       4.7G
Swap:         8.0G         0B       8.0G

             total       used       free     shared    buffers     cached
Mem:          7.8G       3.4G       4.4G       2.2M        39M       297M
-/+ buffers/cache:       3.1G       4.7G
Swap:         8.0G         0B       8.0G

             total       used       free     shared    buffers     cached
Mem:          7.8G       3.4G       4.4G       2.2M        39M       297M
-/+ buffers/cache:       3.1G       4.7G
Swap:         8.0G         0B       8.0G

             total       used       free     shared    buffers     cached
Mem:          7.8G       3.4G       4.4G       2.2M        39M       297M
-/+ buffers/cache:       3.1G       4.7G
Swap:         8.0G         0B       8.0G

             total       used       free     shared    buffers     cached
Mem:          7.8G       3.4G       4.4G       2.2M        39M       297M
-/+ buffers/cache:       3.1G       4.7G
Swap:         8.0G         0B       8.0G

             total       used       free     shared    buffers     cached
Mem:          7.8G       3.5G       4.3G       2.2M        39M       297M
-/+ buffers/cache:       3.1G       4.7G
Swap:         8.0G         0B       8.0G

             total       used       free     shared    buffers     cached
Mem:          7.8G       3.5G       4.3G       2.2M        39M       297M
-/+ buffers/cache:       3.1G       4.7G
Swap:         8.0G         0B       8.0G

             total       used       free     shared    buffers     cached
Mem:          7.8G       3.5G       4.3G       2.2M        39M       297M
-/+ buffers/cache:       3.2G       4.6G
Swap:         8.0G         0B       8.0G

             total       used       free     shared    buffers     cached
Mem:          7.8G       3.5G       4.3G       2.2M        39M       297M
-/+ buffers/cache:       3.2G       4.6G
Swap:         8.0G         0B       8.0G

             total       used       free     shared    buffers     cached
Mem:          7.8G       3.5G       4.3G       2.2M        39M       297M
-/+ buffers/cache:       3.2G       4.6G
Swap:         8.0G         0B       8.0G

             total       used       free     shared    buffers     cached
Mem:          7.8G       3.5G       4.3G       2.2M        39M       297M
-/+ buffers/cache:       3.2G       4.6G
Swap:         8.0G         0B       8.0G

             total       used       free     shared    buffers     cached
Mem:          7.8G       3.6G       4.2G       2.2M        39M       297M
-/+ buffers/cache:       3.2G       4.6G
Swap:         8.0G         0B       8.0G

             total       used       free     shared    buffers     cached
Mem:          7.8G       3.6G       4.2G       2.2M        39M       297M
-/+ buffers/cache:       3.2G       4.6G
Swap:         8.0G         0B       8.0G

             total       used       free     shared    buffers     cached
Mem:          7.8G       3.6G       4.2G       2.2M        39M       297M
-/+ buffers/cache:       3.3G       4.5G
Swap:         8.0G         0B       8.0G

             total       used       free     shared    buffers     cached
Mem:          7.8G       3.6G       4.2G       2.2M        39M       297M
-/+ buffers/cache:       3.3G       4.5G
Swap:         8.0G         0B       8.0G

             total       used       free     shared    buffers     cached
Mem:          7.8G       3.6G       4.2G       2.2M        39M       297M
-/+ buffers/cache:       3.3G       4.5G
Swap:         8.0G         0B       8.0G

             total       used       free     shared    buffers     cached
Mem:          7.8G       3.6G       4.2G       2.2M        39M       297M
-/+ buffers/cache:       3.3G       4.5G
Swap:         8.0G         0B       8.0G

             total       used       free     shared    buffers     cached
Mem:          7.8G       3.6G       4.2G       2.2M        39M       297M
-/+ buffers/cache:       3.3G       4.5G
Swap:         8.0G         0B       8.0G

             total       used       free     shared    buffers     cached
Mem:          7.8G       3.7G       4.1G       2.2M        39M       297M
-/+ buffers/cache:       3.3G       4.5G
Swap:         8.0G         0B       8.0G

             total       used       free     shared    buffers     cached
Mem:          7.8G       3.7G       4.1G       2.2M        39M       297M
-/+ buffers/cache:       3.3G       4.5G
Swap:         8.0G         0B       8.0G

             total       used       free     shared    buffers     cached
Mem:          7.8G       3.7G       4.1G       2.2M        39M       297M
-/+ buffers/cache:       3.3G       4.4G
Swap:         8.0G         0B       8.0G

             total       used       free     shared    buffers     cached
Mem:          7.8G       3.7G       4.1G       2.2M        39M       297M
-/+ buffers/cache:       3.4G       4.4G
Swap:         8.0G         0B       8.0G

             total       used       free     shared    buffers     cached
Mem:          7.8G       3.7G       4.1G       2.2M        39M       297M
-/+ buffers/cache:       3.4G       4.4G
Swap:         8.0G         0B       8.0G

             total       used       free     shared    buffers     cached
Mem:          7.8G       3.7G       4.1G       2.2M        39M       297M
-/+ buffers/cache:       3.4G       4.4G
Swap:         8.0G         0B       8.0G

             total       used       free     shared    buffers     cached
Mem:          7.8G       3.7G       4.1G       2.2M        39M       297M
-/+ buffers/cache:       3.4G       4.4G
Swap:         8.0G         0B       8.0G

             total       used       free     shared    buffers     cached
Mem:          7.8G       3.7G       4.1G       2.2M        39M       297M
-/+ buffers/cache:       3.4G       4.4G
Swap:         8.0G         0B       8.0G

             total       used       free     shared    buffers     cached
Mem:          7.8G       3.8G       4.0G       2.2M        39M       297M
-/+ buffers/cache:       3.4G       4.4G
Swap:         8.0G         0B       8.0G

             total       used       free     shared    buffers     cached
Mem:          7.8G       3.8G       4.0G       2.2M        39M       297M
-/+ buffers/cache:       3.4G       4.4G
Swap:         8.0G         0B       8.0G

             total       used       free     shared    buffers     cached
Mem:          7.8G       3.8G       4.0G       2.2M        39M       297M
-/+ buffers/cache:       3.4G       4.4G
Swap:         8.0G         0B       8.0G

             total       used       free     shared    buffers     cached
Mem:          7.8G       3.8G       4.0G       5.9M        39M       301M
-/+ buffers/cache:       3.5G       4.3G
Swap:         8.0G         0B       8.0G

             total       used       free     shared    buffers     cached
Mem:          7.8G       3.8G       4.0G       2.2M        39M       297M
-/+ buffers/cache:       3.5G       4.3G
Swap:         8.0G         0B       8.0G

             total       used       free     shared    buffers     cached
Mem:          7.8G       3.8G       4.0G       2.2M        39M       297M
-/+ buffers/cache:       3.5G       4.3G
Swap:         8.0G         0B       8.0G

             total       used       free     shared    buffers     cached
Mem:          7.8G       3.8G       4.0G       2.2M        39M       297M
-/+ buffers/cache:       3.5G       4.3G
Swap:         8.0G         0B       8.0G

             total       used       free     shared    buffers     cached
Mem:          7.8G       3.8G       3.9G       2.2M        39M       297M
-/+ buffers/cache:       3.5G       4.3G
Swap:         8.0G         0B       8.0G

             total       used       free     shared    buffers     cached
Mem:          7.8G       3.9G       3.9G       2.2M        39M       297M
-/+ buffers/cache:       3.5G       4.3G
Swap:         8.0G         0B       8.0G

             total       used       free     shared    buffers     cached
Mem:          7.8G       3.9G       3.9G       2.2M        39M       297M
-/+ buffers/cache:       3.5G       4.2G
Swap:         8.0G         0B       8.0G

             total       used       free     shared    buffers     cached
Mem:          7.8G       3.9G       3.9G       2.2M        39M       297M
-/+ buffers/cache:       3.6G       4.2G
Swap:         8.0G         0B       8.0G

             total       used       free     shared    buffers     cached
Mem:          7.8G       3.9G       3.9G       2.2M        39M       297M
-/+ buffers/cache:       3.6G       4.2G
Swap:         8.0G         0B       8.0G

             total       used       free     shared    buffers     cached
Mem:          7.8G       3.9G       3.9G       2.2M        39M       297M
-/+ buffers/cache:       3.6G       4.2G
Swap:         8.0G         0B       8.0G

             total       used       free     shared    buffers     cached
Mem:          7.8G       3.9G       3.9G       2.2M        39M       297M
-/+ buffers/cache:       3.6G       4.2G
Swap:         8.0G         0B       8.0G

             total       used       free     shared    buffers     cached
Mem:          7.8G       3.9G       3.8G       2.2M        39M       297M
-/+ buffers/cache:       3.6G       4.2G
Swap:         8.0G         0B       8.0G

             total       used       free     shared    buffers     cached
Mem:          7.8G       4.0G       3.8G       2.2M        39M       297M
-/+ buffers/cache:       3.6G       4.2G
Swap:         8.0G         0B       8.0G

             total       used       free     shared    buffers     cached
Mem:          7.8G       4.0G       3.8G       2.2M        39M       297M
-/+ buffers/cache:       3.6G       4.2G
Swap:         8.0G         0B       8.0G

             total       used       free     shared    buffers     cached
Mem:          7.8G       4.0G       3.8G       2.2M        39M       297M
-/+ buffers/cache:       3.7G       4.1G
Swap:         8.0G         0B       8.0G

             total       used       free     shared    buffers     cached
Mem:          7.8G       4.0G       3.8G       2.2M        39M       297M
-/+ buffers/cache:       3.7G       4.1G
Swap:         8.0G         0B       8.0G

             total       used       free     shared    buffers     cached
Mem:          7.8G       4.0G       3.8G       2.2M        39M       297M
-/+ buffers/cache:       3.7G       4.1G
Swap:         8.0G         0B       8.0G

             total       used       free     shared    buffers     cached
Mem:          7.8G       4.0G       3.8G       2.2M        39M       297M
-/+ buffers/cache:       3.7G       4.1G
Swap:         8.0G         0B       8.0G

             total       used       free     shared    buffers     cached
Mem:          7.8G       4.0G       3.8G       2.2M        39M       297M
-/+ buffers/cache:       3.7G       4.1G
Swap:         8.0G         0B       8.0G

             total       used       free     shared    buffers     cached
Mem:          7.8G       4.0G       3.7G       2.2M        39M       297M
-/+ buffers/cache:       3.7G       4.1G
Swap:         8.0G         0B       8.0G

             total       used       free     shared    buffers     cached
Mem:          7.8G       4.1G       3.7G       2.2M        39M       297M
-/+ buffers/cache:       3.7G       4.1G
Swap:         8.0G         0B       8.0G

             total       used       free     shared    buffers     cached
Mem:          7.8G       4.1G       3.7G       2.2M        39M       297M
-/+ buffers/cache:       3.7G       4.1G
Swap:         8.0G         0B       8.0G

             total       used       free     shared    buffers     cached
Mem:          7.8G       4.1G       3.7G       2.2M        39M       297M
-/+ buffers/cache:       3.8G       4.0G
Swap:         8.0G         0B       8.0G

             total       used       free     shared    buffers     cached
Mem:          7.8G       4.1G       3.7G       2.2M        39M       297M
-/+ buffers/cache:       3.8G       4.0G
Swap:         8.0G         0B       8.0G

             total       used       free     shared    buffers     cached
Mem:          7.8G       4.1G       3.7G       2.2M        39M       297M
-/+ buffers/cache:       3.8G       4.0G
Swap:         8.0G         0B       8.0G

             total       used       free     shared    buffers     cached
Mem:          7.8G       4.1G       3.7G       2.2M        39M       297M
-/+ buffers/cache:       3.8G       4.0G
Swap:         8.0G         0B       8.0G

             total       used       free     shared    buffers     cached
Mem:          7.8G       4.1G       3.6G       2.2M        39M       297M
-/+ buffers/cache:       3.8G       4.0G
Swap:         8.0G         0B       8.0G

             total       used       free     shared    buffers     cached
Mem:          7.8G       4.2G       3.6G       2.2M        39M       297M
-/+ buffers/cache:       3.8G       4.0G
Swap:         8.0G         0B       8.0G

             total       used       free     shared    buffers     cached
Mem:          7.8G       4.2G       3.6G       2.2M        39M       297M
-/+ buffers/cache:       3.8G       3.9G
Swap:         8.0G         0B       8.0G

             total       used       free     shared    buffers     cached
Mem:          7.8G       4.2G       3.6G       2.2M        39M       297M
-/+ buffers/cache:       3.9G       3.9G
Swap:         8.0G         0B       8.0G

             total       used       free     shared    buffers     cached
Mem:          7.8G       4.2G       3.6G       2.2M        39M       297M
-/+ buffers/cache:       3.9G       3.9G
Swap:         8.0G         0B       8.0G

             total       used       free     shared    buffers     cached
Mem:          7.8G       4.2G       3.6G       2.2M        39M       297M
-/+ buffers/cache:       3.9G       3.9G
Swap:         8.0G         0B       8.0G

             total       used       free     shared    buffers     cached
Mem:          7.8G       4.2G       3.6G       2.2M        39M       297M
-/+ buffers/cache:       3.9G       3.9G
Swap:         8.0G         0B       8.0G

             total       used       free     shared    buffers     cached
Mem:          7.8G       4.2G       3.6G       2.2M        39M       297M
-/+ buffers/cache:       3.9G       3.9G
Swap:         8.0G         0B       8.0G

             total       used       free     shared    buffers     cached
Mem:          7.8G       4.2G       3.6G       2.2M        39M       297M
-/+ buffers/cache:       3.9G       3.9G
Swap:         8.0G         0B       8.0G

             total       used       free     shared    buffers     cached
Mem:          7.8G       4.2G       3.6G       2.2M        39M       297M
-/+ buffers/cache:       3.9G       3.9G
Swap:         8.0G         0B       8.0G

             total       used       free     shared    buffers     cached
Mem:          7.8G       4.2G       3.5G       2.2M        39M       297M
-/+ buffers/cache:       3.9G       3.9G
Swap:         8.0G         0B       8.0G

             total       used       free     shared    buffers     cached
Mem:          7.8G       4.3G       3.5G       2.2M        39M       297M
-/+ buffers/cache:       3.9G       3.9G
Swap:         8.0G         0B       8.0G

             total       used       free     shared    buffers     cached
Mem:          7.8G       4.3G       3.5G       2.2M        39M       297M
-/+ buffers/cache:       3.9G       3.9G
Swap:         8.0G         0B       8.0G

             total       used       free     shared    buffers     cached
Mem:          7.8G       4.3G       3.5G       2.2M        39M       297M
-/+ buffers/cache:       3.9G       3.9G
Swap:         8.0G         0B       8.0G

             total       used       free     shared    buffers     cached
Mem:          7.8G       4.3G       3.5G       2.2M        39M       297M
-/+ buffers/cache:       3.9G       3.9G
Swap:         8.0G         0B       8.0G

             total       used       free     shared    buffers     cached
Mem:          7.8G       4.3G       3.5G       2.2M        39M       297M
-/+ buffers/cache:       3.9G       3.8G
Swap:         8.0G         0B       8.0G

             total       used       free     shared    buffers     cached
Mem:          7.8G       4.3G       3.5G       2.2M        39M       297M
-/+ buffers/cache:       4.0G       3.8G
Swap:         8.0G         0B       8.0G
