             total       used       free     shared    buffers     cached
Mem:           15G       687M        15G       3.7M        38M       290M
-/+ buffers/cache:       358M        15G
Swap:         8.0G         0B       8.0G

             total       used       free     shared    buffers     cached
Mem:           15G       686M        15G       3.7M        38M       290M
-/+ buffers/cache:       357M        15G
Swap:         8.0G         0B       8.0G

             total       used       free     shared    buffers     cached
Mem:           15G       686M        15G       3.7M        38M       290M
-/+ buffers/cache:       357M        15G
Swap:         8.0G         0B       8.0G

             total       used       free     shared    buffers     cached
Mem:           15G       686M        15G       3.7M        38M       290M
-/+ buffers/cache:       357M        15G
Swap:         8.0G         0B       8.0G

             total       used       free     shared    buffers     cached
Mem:           15G       686M        15G       3.7M        38M       290M
-/+ buffers/cache:       357M        15G
Swap:         8.0G         0B       8.0G

             total       used       free     shared    buffers     cached
Mem:           15G       686M        15G       3.7M        38M       290M
-/+ buffers/cache:       357M        15G
Swap:         8.0G         0B       8.0G

             total       used       free     shared    buffers     cached
Mem:           15G       686M        15G       3.7M        38M       290M
-/+ buffers/cache:       357M        15G
Swap:         8.0G         0B       8.0G

             total       used       free     shared    buffers     cached
Mem:           15G       686M        15G       3.7M        38M       290M
-/+ buffers/cache:       357M        15G
Swap:         8.0G         0B       8.0G

             total       used       free     shared    buffers     cached
Mem:           15G       686M        15G       3.7M        38M       290M
-/+ buffers/cache:       357M        15G
Swap:         8.0G         0B       8.0G

             total       used       free     shared    buffers     cached
Mem:           15G       686M        15G       3.7M        38M       290M
-/+ buffers/cache:       357M        15G
Swap:         8.0G         0B       8.0G

             total       used       free     shared    buffers     cached
Mem:           15G       686M        15G       3.7M        38M       290M
-/+ buffers/cache:       357M        15G
Swap:         8.0G         0B       8.0G

             total       used       free     shared    buffers     cached
Mem:           15G       692M        14G       3.7M        38M       290M
-/+ buffers/cache:       362M        15G
Swap:         8.0G         0B       8.0G

             total       used       free     shared    buffers     cached
Mem:           15G       717M        14G       3.7M        38M       290M
-/+ buffers/cache:       387M        15G
Swap:         8.0G         0B       8.0G

             total       used       free     shared    buffers     cached
Mem:           15G       695M        14G       3.7M        38M       291M
-/+ buffers/cache:       365M        15G
Swap:         8.0G         0B       8.0G

             total       used       free     shared    buffers     cached
Mem:           15G       695M        14G       3.7M        38M       291M
-/+ buffers/cache:       365M        15G
Swap:         8.0G         0B       8.0G

             total       used       free     shared    buffers     cached
Mem:           15G       696M        14G       3.7M        38M       292M
-/+ buffers/cache:       365M        15G
Swap:         8.0G         0B       8.0G

             total       used       free     shared    buffers     cached
Mem:           15G       696M        14G       3.7M        38M       292M
-/+ buffers/cache:       365M        15G
Swap:         8.0G         0B       8.0G

             total       used       free     shared    buffers     cached
Mem:           15G       696M        14G       3.7M        38M       292M
-/+ buffers/cache:       365M        15G
Swap:         8.0G         0B       8.0G

             total       used       free     shared    buffers     cached
Mem:           15G       696M        14G       3.7M        38M       292M
-/+ buffers/cache:       365M        15G
Swap:         8.0G         0B       8.0G

             total       used       free     shared    buffers     cached
Mem:           15G       696M        14G       3.7M        38M       292M
-/+ buffers/cache:       365M        15G
Swap:         8.0G         0B       8.0G

             total       used       free     shared    buffers     cached
Mem:           15G       696M        14G       3.7M        38M       292M
-/+ buffers/cache:       365M        15G
Swap:         8.0G         0B       8.0G

             total       used       free     shared    buffers     cached
Mem:           15G       696M        14G       3.7M        38M       292M
-/+ buffers/cache:       365M        15G
Swap:         8.0G         0B       8.0G

             total       used       free     shared    buffers     cached
Mem:           15G       696M        14G       3.7M        38M       292M
-/+ buffers/cache:       365M        15G
Swap:         8.0G         0B       8.0G

             total       used       free     shared    buffers     cached
Mem:           15G       696M        14G       3.7M        38M       292M
-/+ buffers/cache:       365M        15G
Swap:         8.0G         0B       8.0G

             total       used       free     shared    buffers     cached
Mem:           15G       696M        14G       3.7M        38M       292M
-/+ buffers/cache:       365M        15G
Swap:         8.0G         0B       8.0G

             total       used       free     shared    buffers     cached
Mem:           15G       696M        14G       3.7M        38M       292M
-/+ buffers/cache:       365M        15G
Swap:         8.0G         0B       8.0G

             total       used       free     shared    buffers     cached
Mem:           15G       696M        14G       3.7M        38M       292M
-/+ buffers/cache:       365M        15G
Swap:         8.0G         0B       8.0G

             total       used       free     shared    buffers     cached
Mem:           15G       696M        14G       3.7M        38M       292M
-/+ buffers/cache:       365M        15G
Swap:         8.0G         0B       8.0G

             total       used       free     shared    buffers     cached
Mem:           15G       696M        14G       3.7M        38M       292M
-/+ buffers/cache:       365M        15G
Swap:         8.0G         0B       8.0G

             total       used       free     shared    buffers     cached
Mem:           15G       696M        14G       3.7M        38M       292M
-/+ buffers/cache:       365M        15G
Swap:         8.0G         0B       8.0G

             total       used       free     shared    buffers     cached
Mem:           15G       696M        14G       3.7M        38M       292M
-/+ buffers/cache:       365M        15G
Swap:         8.0G         0B       8.0G

             total       used       free     shared    buffers     cached
Mem:           15G       696M        14G       3.7M        38M       292M
-/+ buffers/cache:       365M        15G
Swap:         8.0G         0B       8.0G

             total       used       free     shared    buffers     cached
Mem:           15G       696M        14G       3.7M        38M       292M
-/+ buffers/cache:       365M        15G
Swap:         8.0G         0B       8.0G

             total       used       free     shared    buffers     cached
Mem:           15G       701M        14G       3.7M        38M       292M
-/+ buffers/cache:       370M        15G
Swap:         8.0G         0B       8.0G

             total       used       free     shared    buffers     cached
Mem:           15G       718M        14G       3.7M        38M       292M
-/+ buffers/cache:       387M        15G
Swap:         8.0G         0B       8.0G

             total       used       free     shared    buffers     cached
Mem:           15G       735M        14G       3.7M        38M       292M
-/+ buffers/cache:       404M        15G
Swap:         8.0G         0B       8.0G

             total       used       free     shared    buffers     cached
Mem:           15G       751M        14G       3.7M        38M       292M
-/+ buffers/cache:       420M        15G
Swap:         8.0G         0B       8.0G

             total       used       free     shared    buffers     cached
Mem:           15G       767M        14G       3.7M        38M       292M
-/+ buffers/cache:       436M        15G
Swap:         8.0G         0B       8.0G

             total       used       free     shared    buffers     cached
Mem:           15G       783M        14G       3.7M        38M       292M
-/+ buffers/cache:       452M        15G
Swap:         8.0G         0B       8.0G

             total       used       free     shared    buffers     cached
Mem:           15G       800M        14G       3.7M        38M       292M
-/+ buffers/cache:       469M        15G
Swap:         8.0G         0B       8.0G

             total       used       free     shared    buffers     cached
Mem:           15G       814M        14G       3.7M        38M       292M
-/+ buffers/cache:       483M        15G
Swap:         8.0G         0B       8.0G

             total       used       free     shared    buffers     cached
Mem:           15G       830M        14G       3.7M        38M       292M
-/+ buffers/cache:       499M        15G
Swap:         8.0G         0B       8.0G

             total       used       free     shared    buffers     cached
Mem:           15G       846M        14G       3.7M        38M       292M
-/+ buffers/cache:       515M        15G
Swap:         8.0G         0B       8.0G

             total       used       free     shared    buffers     cached
Mem:           15G       862M        14G       3.7M        38M       292M
-/+ buffers/cache:       531M        15G
Swap:         8.0G         0B       8.0G

             total       used       free     shared    buffers     cached
Mem:           15G       877M        14G       3.7M        38M       292M
-/+ buffers/cache:       546M        15G
Swap:         8.0G         0B       8.0G

             total       used       free     shared    buffers     cached
Mem:           15G       893M        14G       3.7M        38M       292M
-/+ buffers/cache:       562M        15G
Swap:         8.0G         0B       8.0G

             total       used       free     shared    buffers     cached
Mem:           15G       908M        14G       3.7M        38M       292M
-/+ buffers/cache:       577M        15G
Swap:         8.0G         0B       8.0G

             total       used       free     shared    buffers     cached
Mem:           15G       921M        14G       3.7M        38M       292M
-/+ buffers/cache:       590M        15G
Swap:         8.0G         0B       8.0G

             total       used       free     shared    buffers     cached
Mem:           15G       938M        14G       3.7M        38M       292M
-/+ buffers/cache:       607M        15G
Swap:         8.0G         0B       8.0G

             total       used       free     shared    buffers     cached
Mem:           15G       955M        14G       3.7M        38M       292M
-/+ buffers/cache:       624M        15G
Swap:         8.0G         0B       8.0G

             total       used       free     shared    buffers     cached
Mem:           15G       970M        14G       3.7M        38M       292M
-/+ buffers/cache:       639M        15G
Swap:         8.0G         0B       8.0G

             total       used       free     shared    buffers     cached
Mem:           15G       985M        14G       3.7M        38M       292M
-/+ buffers/cache:       654M        15G
Swap:         8.0G         0B       8.0G

             total       used       free     shared    buffers     cached
Mem:           15G       1.0G        14G       3.7M        38M       292M
-/+ buffers/cache:       670M        15G
Swap:         8.0G         0B       8.0G

             total       used       free     shared    buffers     cached
Mem:           15G       1.0G        14G       3.7M        38M       292M
-/+ buffers/cache:       687M        15G
Swap:         8.0G         0B       8.0G

             total       used       free     shared    buffers     cached
Mem:           15G       1.0G        14G       3.7M        38M       292M
-/+ buffers/cache:       703M        14G
Swap:         8.0G         0B       8.0G

             total       used       free     shared    buffers     cached
Mem:           15G       1.0G        14G       3.7M        38M       292M
-/+ buffers/cache:       720M        14G
Swap:         8.0G         0B       8.0G

             total       used       free     shared    buffers     cached
Mem:           15G       1.0G        14G       3.7M        38M       292M
-/+ buffers/cache:       737M        14G
Swap:         8.0G         0B       8.0G

             total       used       free     shared    buffers     cached
Mem:           15G       1.1G        14G       3.7M        38M       292M
-/+ buffers/cache:       753M        14G
Swap:         8.0G         0B       8.0G

             total       used       free     shared    buffers     cached
Mem:           15G       1.1G        14G       3.7M        38M       292M
-/+ buffers/cache:       770M        14G
Swap:         8.0G         0B       8.0G

             total       used       free     shared    buffers     cached
Mem:           15G       1.1G        14G       3.7M        38M       292M
-/+ buffers/cache:       785M        14G
Swap:         8.0G         0B       8.0G

             total       used       free     shared    buffers     cached
Mem:           15G       1.1G        14G       3.7M        38M       292M
-/+ buffers/cache:       802M        14G
Swap:         8.0G         0B       8.0G

             total       used       free     shared    buffers     cached
Mem:           15G       1.1G        14G       3.7M        38M       292M
-/+ buffers/cache:       814M        14G
Swap:         8.0G         0B       8.0G

             total       used       free     shared    buffers     cached
Mem:           15G       1.1G        14G       3.7M        38M       292M
-/+ buffers/cache:       827M        14G
Swap:         8.0G         0B       8.0G

             total       used       free     shared    buffers     cached
Mem:           15G       1.1G        14G       3.7M        38M       292M
-/+ buffers/cache:       844M        14G
Swap:         8.0G         0B       8.0G

             total       used       free     shared    buffers     cached
Mem:           15G       1.2G        14G       3.7M        38M       292M
-/+ buffers/cache:       860M        14G
Swap:         8.0G         0B       8.0G

             total       used       free     shared    buffers     cached
Mem:           15G       1.2G        14G       3.7M        38M       292M
-/+ buffers/cache:       877M        14G
Swap:         8.0G         0B       8.0G

             total       used       free     shared    buffers     cached
Mem:           15G       1.2G        14G       3.7M        38M       292M
-/+ buffers/cache:       893M        14G
Swap:         8.0G         0B       8.0G

             total       used       free     shared    buffers     cached
Mem:           15G       1.2G        14G       3.7M        38M       292M
-/+ buffers/cache:       908M        14G
Swap:         8.0G         0B       8.0G

             total       used       free     shared    buffers     cached
Mem:           15G       1.2G        14G       3.7M        38M       292M
-/+ buffers/cache:       924M        14G
Swap:         8.0G         0B       8.0G

             total       used       free     shared    buffers     cached
Mem:           15G       1.2G        14G       3.7M        38M       292M
-/+ buffers/cache:       940M        14G
Swap:         8.0G         0B       8.0G

             total       used       free     shared    buffers     cached
Mem:           15G       1.3G        14G       3.7M        38M       292M
-/+ buffers/cache:       955M        14G
Swap:         8.0G         0B       8.0G

             total       used       free     shared    buffers     cached
Mem:           15G       1.3G        14G       3.7M        38M       292M
-/+ buffers/cache:       972M        14G
Swap:         8.0G         0B       8.0G

             total       used       free     shared    buffers     cached
Mem:           15G       1.3G        14G       3.7M        38M       292M
-/+ buffers/cache:       988M        14G
Swap:         8.0G         0B       8.0G

             total       used       free     shared    buffers     cached
Mem:           15G       1.3G        14G       3.7M        38M       292M
-/+ buffers/cache:       1.0G        14G
Swap:         8.0G         0B       8.0G

             total       used       free     shared    buffers     cached
Mem:           15G       1.3G        14G       3.7M        38M       292M
-/+ buffers/cache:       1.0G        14G
Swap:         8.0G         0B       8.0G

             total       used       free     shared    buffers     cached
Mem:           15G       1.3G        14G       3.7M        38M       292M
-/+ buffers/cache:       1.0G        14G
Swap:         8.0G         0B       8.0G

             total       used       free     shared    buffers     cached
Mem:           15G       1.4G        14G       3.7M        38M       292M
-/+ buffers/cache:       1.0G        14G
Swap:         8.0G         0B       8.0G

             total       used       free     shared    buffers     cached
Mem:           15G       1.4G        14G       3.7M        38M       292M
-/+ buffers/cache:       1.0G        14G
Swap:         8.0G         0B       8.0G

             total       used       free     shared    buffers     cached
Mem:           15G       1.4G        14G       3.7M        38M       292M
-/+ buffers/cache:       1.1G        14G
Swap:         8.0G         0B       8.0G

             total       used       free     shared    buffers     cached
Mem:           15G       1.4G        14G       3.7M        38M       292M
-/+ buffers/cache:       1.1G        14G
Swap:         8.0G         0B       8.0G

             total       used       free     shared    buffers     cached
Mem:           15G       1.4G        14G       3.7M        38M       292M
-/+ buffers/cache:       1.1G        14G
Swap:         8.0G         0B       8.0G

             total       used       free     shared    buffers     cached
Mem:           15G       1.4G        14G       3.7M        38M       292M
-/+ buffers/cache:       1.1G        14G
Swap:         8.0G         0B       8.0G

             total       used       free     shared    buffers     cached
Mem:           15G       1.4G        14G       3.7M        38M       292M
-/+ buffers/cache:       1.1G        14G
Swap:         8.0G         0B       8.0G

             total       used       free     shared    buffers     cached
Mem:           15G       1.5G        14G       3.7M        38M       292M
-/+ buffers/cache:       1.1G        14G
Swap:         8.0G         0B       8.0G

             total       used       free     shared    buffers     cached
Mem:           15G       1.5G        14G       3.7M        38M       292M
-/+ buffers/cache:       1.1G        14G
Swap:         8.0G         0B       8.0G

             total       used       free     shared    buffers     cached
Mem:           15G       1.5G        14G       3.7M        38M       292M
-/+ buffers/cache:       1.2G        14G
Swap:         8.0G         0B       8.0G

             total       used       free     shared    buffers     cached
Mem:           15G       1.5G        14G       3.7M        38M       292M
-/+ buffers/cache:       1.2G        14G
Swap:         8.0G         0B       8.0G

             total       used       free     shared    buffers     cached
Mem:           15G       1.5G        14G       3.7M        38M       292M
-/+ buffers/cache:       1.2G        14G
Swap:         8.0G         0B       8.0G

             total       used       free     shared    buffers     cached
Mem:           15G       1.5G        14G       3.7M        38M       292M
-/+ buffers/cache:       1.2G        14G
Swap:         8.0G         0B       8.0G

             total       used       free     shared    buffers     cached
Mem:           15G       1.5G        14G       3.7M        38M       292M
-/+ buffers/cache:       1.2G        14G
Swap:         8.0G         0B       8.0G

             total       used       free     shared    buffers     cached
Mem:           15G       1.6G        14G       3.7M        38M       292M
-/+ buffers/cache:       1.2G        14G
Swap:         8.0G         0B       8.0G

             total       used       free     shared    buffers     cached
Mem:           15G       1.6G        14G       3.7M        38M       292M
-/+ buffers/cache:       1.2G        14G
Swap:         8.0G         0B       8.0G

             total       used       free     shared    buffers     cached
Mem:           15G       1.6G        14G       3.7M        38M       292M
-/+ buffers/cache:       1.3G        14G
Swap:         8.0G         0B       8.0G

             total       used       free     shared    buffers     cached
Mem:           15G       1.6G        14G       3.7M        38M       292M
-/+ buffers/cache:       1.3G        14G
Swap:         8.0G         0B       8.0G

             total       used       free     shared    buffers     cached
Mem:           15G       1.6G        14G       3.7M        38M       292M
-/+ buffers/cache:       1.3G        14G
Swap:         8.0G         0B       8.0G

             total       used       free     shared    buffers     cached
Mem:           15G       1.6G        14G       3.7M        38M       292M
-/+ buffers/cache:       1.3G        14G
Swap:         8.0G         0B       8.0G

             total       used       free     shared    buffers     cached
Mem:           15G       1.6G        14G       3.7M        38M       292M
-/+ buffers/cache:       1.3G        14G
Swap:         8.0G         0B       8.0G

             total       used       free     shared    buffers     cached
Mem:           15G       1.7G        14G       3.7M        38M       292M
-/+ buffers/cache:       1.3G        14G
Swap:         8.0G         0B       8.0G

             total       used       free     shared    buffers     cached
Mem:           15G       1.7G        13G       3.7M        38M       292M
-/+ buffers/cache:       1.4G        14G
Swap:         8.0G         0B       8.0G

             total       used       free     shared    buffers     cached
Mem:           15G       1.7G        13G       3.7M        38M       292M
-/+ buffers/cache:       1.4G        14G
Swap:         8.0G         0B       8.0G

             total       used       free     shared    buffers     cached
Mem:           15G       1.7G        13G       3.7M        38M       292M
-/+ buffers/cache:       1.4G        14G
Swap:         8.0G         0B       8.0G

             total       used       free     shared    buffers     cached
Mem:           15G       1.7G        13G       3.7M        38M       292M
-/+ buffers/cache:       1.4G        14G
Swap:         8.0G         0B       8.0G

             total       used       free     shared    buffers     cached
Mem:           15G       1.7G        13G       3.7M        38M       292M
-/+ buffers/cache:       1.4G        14G
Swap:         8.0G         0B       8.0G

             total       used       free     shared    buffers     cached
Mem:           15G       1.8G        13G       3.7M        38M       292M
-/+ buffers/cache:       1.4G        14G
Swap:         8.0G         0B       8.0G

             total       used       free     shared    buffers     cached
Mem:           15G       1.8G        13G       3.7M        38M       292M
-/+ buffers/cache:       1.5G        14G
Swap:         8.0G         0B       8.0G

             total       used       free     shared    buffers     cached
Mem:           15G       1.8G        13G       3.7M        38M       292M
-/+ buffers/cache:       1.5G        14G
Swap:         8.0G         0B       8.0G

             total       used       free     shared    buffers     cached
Mem:           15G       1.8G        13G       3.7M        38M       292M
-/+ buffers/cache:       1.5G        14G
Swap:         8.0G         0B       8.0G

             total       used       free     shared    buffers     cached
Mem:           15G       1.8G        13G       3.7M        38M       292M
-/+ buffers/cache:       1.5G        14G
Swap:         8.0G         0B       8.0G

             total       used       free     shared    buffers     cached
Mem:           15G       1.8G        13G       3.7M        38M       292M
-/+ buffers/cache:       1.5G        14G
Swap:         8.0G         0B       8.0G

             total       used       free     shared    buffers     cached
Mem:           15G       1.8G        13G       3.7M        38M       292M
-/+ buffers/cache:       1.5G        14G
Swap:         8.0G         0B       8.0G

             total       used       free     shared    buffers     cached
Mem:           15G       1.9G        13G       3.7M        38M       292M
-/+ buffers/cache:       1.5G        14G
Swap:         8.0G         0B       8.0G

             total       used       free     shared    buffers     cached
Mem:           15G       1.9G        13G       3.7M        38M       292M
-/+ buffers/cache:       1.6G        14G
Swap:         8.0G         0B       8.0G

             total       used       free     shared    buffers     cached
Mem:           15G       1.9G        13G       3.7M        38M       292M
-/+ buffers/cache:       1.6G        14G
Swap:         8.0G         0B       8.0G

             total       used       free     shared    buffers     cached
Mem:           15G       1.9G        13G       3.7M        38M       292M
-/+ buffers/cache:       1.6G        14G
Swap:         8.0G         0B       8.0G

             total       used       free     shared    buffers     cached
Mem:           15G       1.9G        13G       3.7M        38M       292M
-/+ buffers/cache:       1.6G        14G
Swap:         8.0G         0B       8.0G

             total       used       free     shared    buffers     cached
Mem:           15G       1.9G        13G       3.7M        38M       292M
-/+ buffers/cache:       1.6G        14G
Swap:         8.0G         0B       8.0G

             total       used       free     shared    buffers     cached
Mem:           15G       1.9G        13G       3.7M        38M       292M
-/+ buffers/cache:       1.6G        14G
Swap:         8.0G         0B       8.0G

             total       used       free     shared    buffers     cached
Mem:           15G       2.0G        13G       3.7M        38M       292M
-/+ buffers/cache:       1.6G        14G
Swap:         8.0G         0B       8.0G

             total       used       free     shared    buffers     cached
Mem:           15G       2.0G        13G       3.7M        38M       292M
-/+ buffers/cache:       1.7G        14G
Swap:         8.0G         0B       8.0G

             total       used       free     shared    buffers     cached
Mem:           15G       2.0G        13G       3.7M        38M       292M
-/+ buffers/cache:       1.7G        13G
Swap:         8.0G         0B       8.0G

             total       used       free     shared    buffers     cached
Mem:           15G       2.0G        13G       3.7M        39M       292M
-/+ buffers/cache:       1.7G        13G
Swap:         8.0G         0B       8.0G

             total       used       free     shared    buffers     cached
Mem:           15G       2.0G        13G       3.7M        39M       292M
-/+ buffers/cache:       1.7G        13G
Swap:         8.0G         0B       8.0G

             total       used       free     shared    buffers     cached
Mem:           15G       2.0G        13G       3.7M        39M       292M
-/+ buffers/cache:       1.7G        13G
Swap:         8.0G         0B       8.0G

             total       used       free     shared    buffers     cached
Mem:           15G       2.1G        13G       3.7M        39M       292M
-/+ buffers/cache:       1.7G        13G
Swap:         8.0G         0B       8.0G

             total       used       free     shared    buffers     cached
Mem:           15G       2.1G        13G       3.7M        39M       292M
-/+ buffers/cache:       1.7G        13G
Swap:         8.0G         0B       8.0G

             total       used       free     shared    buffers     cached
Mem:           15G       2.1G        13G       3.7M        39M       292M
-/+ buffers/cache:       1.8G        13G
Swap:         8.0G         0B       8.0G

             total       used       free     shared    buffers     cached
Mem:           15G       2.1G        13G       3.7M        39M       292M
-/+ buffers/cache:       1.8G        13G
Swap:         8.0G         0B       8.0G

             total       used       free     shared    buffers     cached
Mem:           15G       2.1G        13G       3.7M        39M       292M
-/+ buffers/cache:       1.8G        13G
Swap:         8.0G         0B       8.0G

             total       used       free     shared    buffers     cached
Mem:           15G       2.1G        13G       3.7M        39M       292M
-/+ buffers/cache:       1.8G        13G
Swap:         8.0G         0B       8.0G

             total       used       free     shared    buffers     cached
Mem:           15G       2.1G        13G       3.7M        39M       292M
-/+ buffers/cache:       1.8G        13G
Swap:         8.0G         0B       8.0G

             total       used       free     shared    buffers     cached
Mem:           15G       2.2G        13G       3.7M        39M       292M
-/+ buffers/cache:       1.8G        13G
Swap:         8.0G         0B       8.0G

             total       used       free     shared    buffers     cached
Mem:           15G       2.2G        13G       3.7M        39M       292M
-/+ buffers/cache:       1.9G        13G
Swap:         8.0G         0B       8.0G

             total       used       free     shared    buffers     cached
Mem:           15G       2.2G        13G       3.7M        39M       292M
-/+ buffers/cache:       1.9G        13G
Swap:         8.0G         0B       8.0G

             total       used       free     shared    buffers     cached
Mem:           15G       2.2G        13G       3.7M        39M       292M
-/+ buffers/cache:       1.9G        13G
Swap:         8.0G         0B       8.0G

             total       used       free     shared    buffers     cached
Mem:           15G       2.2G        13G       3.7M        39M       292M
-/+ buffers/cache:       1.9G        13G
Swap:         8.0G         0B       8.0G

             total       used       free     shared    buffers     cached
Mem:           15G       2.2G        13G       3.7M        39M       292M
-/+ buffers/cache:       1.9G        13G
Swap:         8.0G         0B       8.0G

             total       used       free     shared    buffers     cached
Mem:           15G       2.3G        13G       3.7M        39M       292M
-/+ buffers/cache:       1.9G        13G
Swap:         8.0G         0B       8.0G

             total       used       free     shared    buffers     cached
Mem:           15G       2.3G        13G       3.7M        39M       292M
-/+ buffers/cache:       1.9G        13G
Swap:         8.0G         0B       8.0G

             total       used       free     shared    buffers     cached
Mem:           15G       2.3G        13G       3.7M        39M       292M
-/+ buffers/cache:       2.0G        13G
Swap:         8.0G         0B       8.0G

             total       used       free     shared    buffers     cached
Mem:           15G       2.3G        13G       3.7M        39M       292M
-/+ buffers/cache:       2.0G        13G
Swap:         8.0G         0B       8.0G

             total       used       free     shared    buffers     cached
Mem:           15G       2.3G        13G       3.7M        39M       292M
-/+ buffers/cache:       2.0G        13G
Swap:         8.0G         0B       8.0G

             total       used       free     shared    buffers     cached
Mem:           15G       2.3G        13G       3.7M        39M       292M
-/+ buffers/cache:       2.0G        13G
Swap:         8.0G         0B       8.0G

             total       used       free     shared    buffers     cached
Mem:           15G       2.3G        13G       3.7M        39M       292M
-/+ buffers/cache:       2.0G        13G
Swap:         8.0G         0B       8.0G

             total       used       free     shared    buffers     cached
Mem:           15G       2.4G        13G       3.7M        39M       292M
-/+ buffers/cache:       2.0G        13G
Swap:         8.0G         0B       8.0G

             total       used       free     shared    buffers     cached
Mem:           15G       2.4G        13G       3.7M        39M       292M
-/+ buffers/cache:       2.1G        13G
Swap:         8.0G         0B       8.0G

             total       used       free     shared    buffers     cached
Mem:           15G       2.4G        13G       3.7M        39M       292M
-/+ buffers/cache:       2.1G        13G
Swap:         8.0G         0B       8.0G

             total       used       free     shared    buffers     cached
Mem:           15G       2.4G        13G       3.7M        39M       292M
-/+ buffers/cache:       2.1G        13G
Swap:         8.0G         0B       8.0G

             total       used       free     shared    buffers     cached
Mem:           15G       2.4G        13G       3.7M        39M       292M
-/+ buffers/cache:       2.1G        13G
Swap:         8.0G         0B       8.0G

             total       used       free     shared    buffers     cached
Mem:           15G       2.4G        13G       3.7M        39M       292M
-/+ buffers/cache:       2.1G        13G
Swap:         8.0G         0B       8.0G

             total       used       free     shared    buffers     cached
Mem:           15G       2.4G        13G       3.7M        39M       292M
-/+ buffers/cache:       2.1G        13G
Swap:         8.0G         0B       8.0G

             total       used       free     shared    buffers     cached
Mem:           15G       2.4G        13G       3.7M        39M       292M
-/+ buffers/cache:       2.1G        13G
Swap:         8.0G         0B       8.0G

             total       used       free     shared    buffers     cached
Mem:           15G       2.5G        13G       3.7M        39M       292M
-/+ buffers/cache:       2.1G        13G
Swap:         8.0G         0B       8.0G

             total       used       free     shared    buffers     cached
Mem:           15G       2.5G        13G       3.7M        39M       292M
-/+ buffers/cache:       2.2G        13G
Swap:         8.0G         0B       8.0G

             total       used       free     shared    buffers     cached
Mem:           15G       2.5G        13G       3.7M        39M       292M
-/+ buffers/cache:       2.2G        13G
Swap:         8.0G         0B       8.0G

             total       used       free     shared    buffers     cached
Mem:           15G       2.5G        13G       3.7M        39M       292M
-/+ buffers/cache:       2.2G        13G
Swap:         8.0G         0B       8.0G

             total       used       free     shared    buffers     cached
Mem:           15G       2.5G        13G       3.7M        39M       292M
-/+ buffers/cache:       2.2G        13G
Swap:         8.0G         0B       8.0G

             total       used       free     shared    buffers     cached
Mem:           15G       2.5G        13G       3.7M        39M       292M
-/+ buffers/cache:       2.2G        13G
Swap:         8.0G         0B       8.0G

             total       used       free     shared    buffers     cached
Mem:           15G       2.6G        13G       3.7M        39M       292M
-/+ buffers/cache:       2.2G        13G
Swap:         8.0G         0B       8.0G

             total       used       free     shared    buffers     cached
Mem:           15G       2.6G        13G       3.7M        39M       292M
-/+ buffers/cache:       2.2G        13G
Swap:         8.0G         0B       8.0G

             total       used       free     shared    buffers     cached
Mem:           15G       2.6G        13G       3.7M        39M       292M
-/+ buffers/cache:       2.3G        13G
Swap:         8.0G         0B       8.0G

             total       used       free     shared    buffers     cached
Mem:           15G       2.6G        13G       3.7M        39M       292M
-/+ buffers/cache:       2.3G        13G
Swap:         8.0G         0B       8.0G

             total       used       free     shared    buffers     cached
Mem:           15G       2.6G        13G       3.7M        39M       292M
-/+ buffers/cache:       2.3G        13G
Swap:         8.0G         0B       8.0G

             total       used       free     shared    buffers     cached
Mem:           15G       2.6G        13G       3.7M        39M       292M
-/+ buffers/cache:       2.3G        13G
Swap:         8.0G         0B       8.0G

             total       used       free     shared    buffers     cached
Mem:           15G       2.6G        13G       3.7M        39M       292M
-/+ buffers/cache:       2.3G        13G
Swap:         8.0G         0B       8.0G

             total       used       free     shared    buffers     cached
Mem:           15G       2.7G        13G       3.7M        39M       292M
-/+ buffers/cache:       2.3G        13G
Swap:         8.0G         0B       8.0G

             total       used       free     shared    buffers     cached
Mem:           15G       2.7G        12G       3.7M        39M       292M
-/+ buffers/cache:       2.4G        13G
Swap:         8.0G         0B       8.0G

             total       used       free     shared    buffers     cached
Mem:           15G       2.7G        12G       3.7M        39M       292M
-/+ buffers/cache:       2.4G        13G
Swap:         8.0G         0B       8.0G

             total       used       free     shared    buffers     cached
Mem:           15G       2.7G        12G       3.7M        39M       292M
-/+ buffers/cache:       2.4G        13G
Swap:         8.0G         0B       8.0G

             total       used       free     shared    buffers     cached
Mem:           15G       2.7G        12G       3.7M        39M       292M
-/+ buffers/cache:       2.4G        13G
Swap:         8.0G         0B       8.0G

             total       used       free     shared    buffers     cached
Mem:           15G       2.7G        12G       3.7M        39M       292M
-/+ buffers/cache:       2.4G        13G
Swap:         8.0G         0B       8.0G

             total       used       free     shared    buffers     cached
Mem:           15G       2.8G        12G       3.7M        39M       292M
-/+ buffers/cache:       2.4G        13G
Swap:         8.0G         0B       8.0G

             total       used       free     shared    buffers     cached
Mem:           15G       2.8G        12G       3.7M        39M       292M
-/+ buffers/cache:       2.4G        13G
Swap:         8.0G         0B       8.0G

             total       used       free     shared    buffers     cached
Mem:           15G       2.8G        12G       3.7M        39M       292M
-/+ buffers/cache:       2.5G        13G
Swap:         8.0G         0B       8.0G

             total       used       free     shared    buffers     cached
Mem:           15G       2.8G        12G       3.7M        39M       292M
-/+ buffers/cache:       2.5G        13G
Swap:         8.0G         0B       8.0G

             total       used       free     shared    buffers     cached
Mem:           15G       2.8G        12G       3.7M        39M       292M
-/+ buffers/cache:       2.5G        13G
Swap:         8.0G         0B       8.0G

             total       used       free     shared    buffers     cached
Mem:           15G       2.8G        12G       3.7M        39M       292M
-/+ buffers/cache:       2.5G        13G
Swap:         8.0G         0B       8.0G

             total       used       free     shared    buffers     cached
Mem:           15G       2.8G        12G       3.7M        39M       292M
-/+ buffers/cache:       2.5G        13G
Swap:         8.0G         0B       8.0G

             total       used       free     shared    buffers     cached
Mem:           15G       2.9G        12G       3.7M        39M       292M
-/+ buffers/cache:       2.5G        13G
Swap:         8.0G         0B       8.0G

             total       used       free     shared    buffers     cached
Mem:           15G       2.9G        12G       3.7M        39M       292M
-/+ buffers/cache:       2.6G        13G
Swap:         8.0G         0B       8.0G

             total       used       free     shared    buffers     cached
Mem:           15G       2.9G        12G       3.7M        39M       292M
-/+ buffers/cache:       2.6G        13G
Swap:         8.0G         0B       8.0G

             total       used       free     shared    buffers     cached
Mem:           15G       2.9G        12G       3.7M        39M       292M
-/+ buffers/cache:       2.6G        13G
Swap:         8.0G         0B       8.0G

             total       used       free     shared    buffers     cached
Mem:           15G       2.9G        12G       3.7M        39M       292M
-/+ buffers/cache:       2.6G        13G
Swap:         8.0G         0B       8.0G

             total       used       free     shared    buffers     cached
Mem:           15G       2.9G        12G       3.7M        39M       292M
-/+ buffers/cache:       2.6G        13G
Swap:         8.0G         0B       8.0G

             total       used       free     shared    buffers     cached
Mem:           15G       2.9G        12G       3.7M        39M       292M
-/+ buffers/cache:       2.6G        13G
Swap:         8.0G         0B       8.0G

             total       used       free     shared    buffers     cached
Mem:           15G       3.0G        12G       3.7M        39M       292M
-/+ buffers/cache:       2.6G        13G
Swap:         8.0G         0B       8.0G

             total       used       free     shared    buffers     cached
Mem:           15G       3.0G        12G       3.7M        39M       292M
-/+ buffers/cache:       2.6G        13G
Swap:         8.0G         0B       8.0G

             total       used       free     shared    buffers     cached
Mem:           15G       3.0G        12G       3.7M        39M       292M
-/+ buffers/cache:       2.7G        13G
Swap:         8.0G         0B       8.0G

             total       used       free     shared    buffers     cached
Mem:           15G       3.0G        12G       3.7M        39M       292M
-/+ buffers/cache:       2.7G        13G
Swap:         8.0G         0B       8.0G

             total       used       free     shared    buffers     cached
Mem:           15G       3.0G        12G       3.7M        39M       292M
-/+ buffers/cache:       2.7G        12G
Swap:         8.0G         0B       8.0G

             total       used       free     shared    buffers     cached
Mem:           15G       3.0G        12G       3.7M        39M       292M
-/+ buffers/cache:       2.7G        12G
Swap:         8.0G         0B       8.0G

             total       used       free     shared    buffers     cached
Mem:           15G       3.0G        12G       3.7M        39M       292M
-/+ buffers/cache:       2.7G        12G
Swap:         8.0G         0B       8.0G

             total       used       free     shared    buffers     cached
Mem:           15G       3.0G        12G       3.7M        39M       292M
-/+ buffers/cache:       2.7G        12G
Swap:         8.0G         0B       8.0G

             total       used       free     shared    buffers     cached
Mem:           15G       3.0G        12G       3.7M        39M       292M
-/+ buffers/cache:       2.7G        12G
Swap:         8.0G         0B       8.0G

             total       used       free     shared    buffers     cached
Mem:           15G       3.1G        12G       3.7M        39M       292M
-/+ buffers/cache:       2.7G        12G
Swap:         8.0G         0B       8.0G

             total       used       free     shared    buffers     cached
Mem:           15G       3.1G        12G       3.7M        39M       292M
-/+ buffers/cache:       2.7G        12G
Swap:         8.0G         0B       8.0G

             total       used       free     shared    buffers     cached
Mem:           15G       3.1G        12G       3.7M        39M       292M
-/+ buffers/cache:       2.8G        12G
Swap:         8.0G         0B       8.0G

             total       used       free     shared    buffers     cached
Mem:           15G       3.1G        12G       3.7M        39M       292M
-/+ buffers/cache:       2.8G        12G
Swap:         8.0G         0B       8.0G

             total       used       free     shared    buffers     cached
Mem:           15G       3.1G        12G       3.7M        39M       292M
-/+ buffers/cache:       2.8G        12G
Swap:         8.0G         0B       8.0G

             total       used       free     shared    buffers     cached
Mem:           15G       3.1G        12G       3.7M        39M       292M
-/+ buffers/cache:       2.8G        12G
Swap:         8.0G         0B       8.0G

             total       used       free     shared    buffers     cached
Mem:           15G       3.1G        12G       3.7M        39M       292M
-/+ buffers/cache:       2.8G        12G
Swap:         8.0G         0B       8.0G

             total       used       free     shared    buffers     cached
Mem:           15G       3.1G        12G       3.7M        39M       292M
-/+ buffers/cache:       2.8G        12G
Swap:         8.0G         0B       8.0G

             total       used       free     shared    buffers     cached
Mem:           15G       3.1G        12G       3.7M        39M       292M
-/+ buffers/cache:       2.8G        12G
Swap:         8.0G         0B       8.0G

             total       used       free     shared    buffers     cached
Mem:           15G       3.2G        12G       3.7M        39M       292M
-/+ buffers/cache:       2.8G        12G
Swap:         8.0G         0B       8.0G

             total       used       free     shared    buffers     cached
Mem:           15G       3.2G        12G       3.7M        39M       292M
-/+ buffers/cache:       2.8G        12G
Swap:         8.0G         0B       8.0G

             total       used       free     shared    buffers     cached
Mem:           15G       3.2G        12G       3.7M        39M       292M
-/+ buffers/cache:       2.9G        12G
Swap:         8.0G         0B       8.0G

             total       used       free     shared    buffers     cached
Mem:           15G       3.2G        12G       3.7M        39M       292M
-/+ buffers/cache:       2.9G        12G
Swap:         8.0G         0B       8.0G

             total       used       free     shared    buffers     cached
Mem:           15G       3.2G        12G       3.7M        39M       292M
-/+ buffers/cache:       2.9G        12G
Swap:         8.0G         0B       8.0G

             total       used       free     shared    buffers     cached
Mem:           15G       3.2G        12G       3.7M        39M       292M
-/+ buffers/cache:       2.9G        12G
Swap:         8.0G         0B       8.0G

             total       used       free     shared    buffers     cached
Mem:           15G       3.2G        12G       3.7M        39M       292M
-/+ buffers/cache:       2.9G        12G
Swap:         8.0G         0B       8.0G

             total       used       free     shared    buffers     cached
Mem:           15G       3.2G        12G       3.7M        39M       292M
-/+ buffers/cache:       2.9G        12G
Swap:         8.0G         0B       8.0G

             total       used       free     shared    buffers     cached
Mem:           15G       3.2G        12G       3.7M        39M       292M
-/+ buffers/cache:       2.9G        12G
Swap:         8.0G         0B       8.0G

             total       used       free     shared    buffers     cached
Mem:           15G       3.3G        12G       3.7M        39M       292M
-/+ buffers/cache:       2.9G        12G
Swap:         8.0G         0B       8.0G

             total       used       free     shared    buffers     cached
Mem:           15G       3.3G        12G       3.7M        39M       292M
-/+ buffers/cache:       2.9G        12G
Swap:         8.0G         0B       8.0G

             total       used       free     shared    buffers     cached
Mem:           15G       3.3G        12G       3.7M        39M       292M
-/+ buffers/cache:       3.0G        12G
Swap:         8.0G         0B       8.0G

             total       used       free     shared    buffers     cached
Mem:           15G       3.3G        12G       3.7M        39M       292M
-/+ buffers/cache:       3.0G        12G
Swap:         8.0G         0B       8.0G

             total       used       free     shared    buffers     cached
Mem:           15G       3.3G        12G       3.7M        39M       292M
-/+ buffers/cache:       3.0G        12G
Swap:         8.0G         0B       8.0G

             total       used       free     shared    buffers     cached
Mem:           15G       3.3G        12G       3.7M        39M       292M
-/+ buffers/cache:       3.0G        12G
Swap:         8.0G         0B       8.0G

             total       used       free     shared    buffers     cached
Mem:           15G       3.3G        12G       3.7M        39M       292M
-/+ buffers/cache:       3.0G        12G
Swap:         8.0G         0B       8.0G

             total       used       free     shared    buffers     cached
Mem:           15G       3.3G        12G       3.7M        39M       292M
-/+ buffers/cache:       3.0G        12G
Swap:         8.0G         0B       8.0G

             total       used       free     shared    buffers     cached
Mem:           15G       3.3G        12G       3.7M        39M       292M
-/+ buffers/cache:       3.0G        12G
Swap:         8.0G         0B       8.0G

             total       used       free     shared    buffers     cached
Mem:           15G       3.4G        12G       3.7M        39M       292M
-/+ buffers/cache:       3.0G        12G
Swap:         8.0G         0B       8.0G

             total       used       free     shared    buffers     cached
Mem:           15G       3.4G        12G       3.7M        39M       292M
-/+ buffers/cache:       3.0G        12G
Swap:         8.0G         0B       8.0G

             total       used       free     shared    buffers     cached
Mem:           15G       3.4G        12G       3.7M        39M       292M
-/+ buffers/cache:       3.1G        12G
Swap:         8.0G         0B       8.0G

             total       used       free     shared    buffers     cached
Mem:           15G       3.4G        12G       3.7M        39M       292M
-/+ buffers/cache:       3.1G        12G
Swap:         8.0G         0B       8.0G

             total       used       free     shared    buffers     cached
Mem:           15G       3.4G        12G       3.7M        39M       292M
-/+ buffers/cache:       3.1G        12G
Swap:         8.0G         0B       8.0G

             total       used       free     shared    buffers     cached
Mem:           15G       3.4G        12G       3.7M        39M       292M
-/+ buffers/cache:       3.1G        12G
Swap:         8.0G         0B       8.0G

             total       used       free     shared    buffers     cached
Mem:           15G       3.4G        12G       3.7M        39M       292M
-/+ buffers/cache:       3.1G        12G
Swap:         8.0G         0B       8.0G

             total       used       free     shared    buffers     cached
Mem:           15G       3.4G        12G       3.7M        39M       292M
-/+ buffers/cache:       3.1G        12G
Swap:         8.0G         0B       8.0G

             total       used       free     shared    buffers     cached
Mem:           15G       3.4G        12G       3.7M        39M       292M
-/+ buffers/cache:       3.1G        12G
Swap:         8.0G         0B       8.0G

             total       used       free     shared    buffers     cached
Mem:           15G       3.5G        12G       3.7M        39M       292M
-/+ buffers/cache:       3.1G        12G
Swap:         8.0G         0B       8.0G

             total       used       free     shared    buffers     cached
Mem:           15G       3.5G        12G       3.7M        39M       292M
-/+ buffers/cache:       3.1G        12G
Swap:         8.0G         0B       8.0G

             total       used       free     shared    buffers     cached
Mem:           15G       3.5G        12G       3.7M        39M       292M
-/+ buffers/cache:       3.1G        12G
Swap:         8.0G         0B       8.0G

             total       used       free     shared    buffers     cached
Mem:           15G       3.5G        12G       3.7M        39M       292M
-/+ buffers/cache:       3.2G        12G
Swap:         8.0G         0B       8.0G

             total       used       free     shared    buffers     cached
Mem:           15G       3.5G        12G       3.7M        39M       292M
-/+ buffers/cache:       3.2G        12G
Swap:         8.0G         0B       8.0G

             total       used       free     shared    buffers     cached
Mem:           15G       3.5G        12G       3.7M        39M       292M
-/+ buffers/cache:       3.2G        12G
Swap:         8.0G         0B       8.0G

             total       used       free     shared    buffers     cached
Mem:           15G       3.5G        12G       3.7M        39M       292M
-/+ buffers/cache:       3.2G        12G
Swap:         8.0G         0B       8.0G

             total       used       free     shared    buffers     cached
Mem:           15G       3.5G        12G       3.7M        39M       292M
-/+ buffers/cache:       3.2G        12G
Swap:         8.0G         0B       8.0G

             total       used       free     shared    buffers     cached
Mem:           15G       3.5G        12G       3.7M        39M       292M
-/+ buffers/cache:       3.2G        12G
Swap:         8.0G         0B       8.0G

             total       used       free     shared    buffers     cached
Mem:           15G       3.5G        12G       3.7M        39M       292M
-/+ buffers/cache:       3.2G        12G
Swap:         8.0G         0B       8.0G

             total       used       free     shared    buffers     cached
Mem:           15G       3.5G        12G       3.7M        39M       292M
-/+ buffers/cache:       3.2G        12G
Swap:         8.0G         0B       8.0G

             total       used       free     shared    buffers     cached
Mem:           15G       3.6G        12G       3.7M        39M       292M
-/+ buffers/cache:       3.2G        12G
Swap:         8.0G         0B       8.0G

             total       used       free     shared    buffers     cached
Mem:           15G       3.6G        12G       3.7M        39M       292M
-/+ buffers/cache:       3.2G        12G
Swap:         8.0G         0B       8.0G

             total       used       free     shared    buffers     cached
Mem:           15G       3.6G        12G       3.7M        39M       292M
-/+ buffers/cache:       3.3G        12G
Swap:         8.0G         0B       8.0G

             total       used       free     shared    buffers     cached
Mem:           15G       3.6G        12G       3.7M        39M       292M
-/+ buffers/cache:       3.3G        12G
Swap:         8.0G         0B       8.0G

             total       used       free     shared    buffers     cached
Mem:           15G       3.6G        12G       3.7M        39M       292M
-/+ buffers/cache:       3.3G        12G
Swap:         8.0G         0B       8.0G

             total       used       free     shared    buffers     cached
Mem:           15G       3.6G        12G       3.7M        39M       292M
-/+ buffers/cache:       3.3G        12G
Swap:         8.0G         0B       8.0G

             total       used       free     shared    buffers     cached
Mem:           15G       3.6G        12G       3.7M        39M       292M
-/+ buffers/cache:       3.3G        12G
Swap:         8.0G         0B       8.0G

             total       used       free     shared    buffers     cached
Mem:           15G       3.6G        12G       3.7M        39M       292M
-/+ buffers/cache:       3.3G        12G
Swap:         8.0G         0B       8.0G

             total       used       free     shared    buffers     cached
Mem:           15G       3.6G        12G       3.7M        39M       292M
-/+ buffers/cache:       3.3G        12G
Swap:         8.0G         0B       8.0G

             total       used       free     shared    buffers     cached
Mem:           15G       3.6G        12G       3.7M        39M       292M
-/+ buffers/cache:       3.3G        12G
Swap:         8.0G         0B       8.0G

             total       used       free     shared    buffers     cached
Mem:           15G       3.7G        12G       3.7M        39M       292M
-/+ buffers/cache:       3.3G        12G
Swap:         8.0G         0B       8.0G

             total       used       free     shared    buffers     cached
Mem:           15G       3.7G        12G       3.7M        39M       292M
-/+ buffers/cache:       3.3G        12G
Swap:         8.0G         0B       8.0G

             total       used       free     shared    buffers     cached
Mem:           15G       3.7G        12G       3.7M        39M       292M
-/+ buffers/cache:       3.3G        12G
Swap:         8.0G         0B       8.0G

             total       used       free     shared    buffers     cached
Mem:           15G       3.7G        11G       3.7M        39M       292M
-/+ buffers/cache:       3.4G        12G
Swap:         8.0G         0B       8.0G

             total       used       free     shared    buffers     cached
Mem:           15G       3.7G        11G       3.7M        39M       292M
-/+ buffers/cache:       3.4G        12G
Swap:         8.0G         0B       8.0G

             total       used       free     shared    buffers     cached
Mem:           15G       3.7G        11G       3.7M        39M       292M
-/+ buffers/cache:       3.4G        12G
Swap:         8.0G         0B       8.0G

             total       used       free     shared    buffers     cached
Mem:           15G       3.7G        11G       3.7M        39M       292M
-/+ buffers/cache:       3.4G        12G
Swap:         8.0G         0B       8.0G

             total       used       free     shared    buffers     cached
Mem:           15G       3.7G        11G       3.7M        39M       292M
-/+ buffers/cache:       3.4G        12G
Swap:         8.0G         0B       8.0G

             total       used       free     shared    buffers     cached
Mem:           15G       3.7G        11G       3.7M        39M       292M
-/+ buffers/cache:       3.4G        12G
Swap:         8.0G         0B       8.0G

             total       used       free     shared    buffers     cached
Mem:           15G       3.7G        11G       3.7M        39M       292M
-/+ buffers/cache:       3.4G        12G
Swap:         8.0G         0B       8.0G

             total       used       free     shared    buffers     cached
Mem:           15G       3.7G        11G       3.7M        39M       292M
-/+ buffers/cache:       3.4G        12G
Swap:         8.0G         0B       8.0G

             total       used       free     shared    buffers     cached
Mem:           15G       3.8G        11G       3.7M        39M       292M
-/+ buffers/cache:       3.4G        12G
Swap:         8.0G         0B       8.0G

             total       used       free     shared    buffers     cached
Mem:           15G       3.8G        11G       3.7M        39M       292M
-/+ buffers/cache:       3.4G        12G
Swap:         8.0G         0B       8.0G

             total       used       free     shared    buffers     cached
Mem:           15G       3.8G        11G       3.7M        39M       292M
-/+ buffers/cache:       3.4G        12G
Swap:         8.0G         0B       8.0G

             total       used       free     shared    buffers     cached
Mem:           15G       3.8G        11G       3.7M        39M       292M
-/+ buffers/cache:       3.5G        12G
Swap:         8.0G         0B       8.0G

             total       used       free     shared    buffers     cached
Mem:           15G       3.8G        11G       7.4M        39M       296M
-/+ buffers/cache:       3.5G        12G
Swap:         8.0G         0B       8.0G

             total       used       free     shared    buffers     cached
Mem:           15G       3.8G        11G       3.7M        39M       292M
-/+ buffers/cache:       3.5G        12G
Swap:         8.0G         0B       8.0G

             total       used       free     shared    buffers     cached
Mem:           15G       3.8G        11G       3.7M        39M       292M
-/+ buffers/cache:       3.5G        12G
Swap:         8.0G         0B       8.0G

             total       used       free     shared    buffers     cached
Mem:           15G       3.8G        11G       3.7M        39M       292M
-/+ buffers/cache:       3.5G        12G
Swap:         8.0G         0B       8.0G

             total       used       free     shared    buffers     cached
Mem:           15G       3.8G        11G       3.7M        39M       292M
-/+ buffers/cache:       3.5G        12G
Swap:         8.0G         0B       8.0G

             total       used       free     shared    buffers     cached
Mem:           15G       3.9G        11G       3.7M        39M       292M
-/+ buffers/cache:       3.5G        12G
Swap:         8.0G         0B       8.0G

             total       used       free     shared    buffers     cached
Mem:           15G       3.9G        11G       3.7M        39M       292M
-/+ buffers/cache:       3.5G        12G
Swap:         8.0G         0B       8.0G

             total       used       free     shared    buffers     cached
Mem:           15G       3.9G        11G       3.7M        39M       292M
-/+ buffers/cache:       3.6G        12G
Swap:         8.0G         0B       8.0G

             total       used       free     shared    buffers     cached
Mem:           15G       3.9G        11G       3.7M        39M       292M
-/+ buffers/cache:       3.6G        12G
Swap:         8.0G         0B       8.0G

             total       used       free     shared    buffers     cached
Mem:           15G       3.9G        11G       3.7M        39M       292M
-/+ buffers/cache:       3.6G        12G
Swap:         8.0G         0B       8.0G

             total       used       free     shared    buffers     cached
Mem:           15G       3.9G        11G       3.7M        39M       292M
-/+ buffers/cache:       3.6G        12G
Swap:         8.0G         0B       8.0G

             total       used       free     shared    buffers     cached
Mem:           15G       3.9G        11G       3.7M        39M       292M
-/+ buffers/cache:       3.6G        12G
Swap:         8.0G         0B       8.0G

             total       used       free     shared    buffers     cached
Mem:           15G       3.9G        11G       3.7M        39M       292M
-/+ buffers/cache:       3.6G        12G
Swap:         8.0G         0B       8.0G

             total       used       free     shared    buffers     cached
Mem:           15G       3.9G        11G       3.7M        39M       292M
-/+ buffers/cache:       3.6G        12G
Swap:         8.0G         0B       8.0G

             total       used       free     shared    buffers     cached
Mem:           15G       4.0G        11G       3.7M        39M       292M
-/+ buffers/cache:       3.6G        12G
Swap:         8.0G         0B       8.0G

             total       used       free     shared    buffers     cached
Mem:           15G       4.0G        11G       3.7M        39M       292M
-/+ buffers/cache:       3.6G        12G
Swap:         8.0G         0B       8.0G

             total       used       free     shared    buffers     cached
Mem:           15G       4.0G        11G       3.7M        39M       292M
-/+ buffers/cache:       3.7G        12G
Swap:         8.0G         0B       8.0G

             total       used       free     shared    buffers     cached
Mem:           15G       4.0G        11G       3.7M        39M       292M
-/+ buffers/cache:       3.7G        12G
Swap:         8.0G         0B       8.0G

             total       used       free     shared    buffers     cached
Mem:           15G       4.0G        11G       3.7M        39M       292M
-/+ buffers/cache:       3.7G        11G
Swap:         8.0G         0B       8.0G

             total       used       free     shared    buffers     cached
Mem:           15G       4.0G        11G       3.7M        39M       292M
-/+ buffers/cache:       3.7G        11G
Swap:         8.0G         0B       8.0G

             total       used       free     shared    buffers     cached
Mem:           15G       4.0G        11G       3.7M        39M       292M
-/+ buffers/cache:       3.7G        11G
Swap:         8.0G         0B       8.0G

             total       used       free     shared    buffers     cached
Mem:           15G       4.0G        11G       3.7M        39M       292M
-/+ buffers/cache:       3.7G        11G
Swap:         8.0G         0B       8.0G

             total       used       free     shared    buffers     cached
Mem:           15G       4.1G        11G       3.7M        39M       292M
-/+ buffers/cache:       3.7G        11G
Swap:         8.0G         0B       8.0G

             total       used       free     shared    buffers     cached
Mem:           15G       4.1G        11G       3.7M        39M       292M
-/+ buffers/cache:       3.7G        11G
Swap:         8.0G         0B       8.0G

             total       used       free     shared    buffers     cached
Mem:           15G       4.1G        11G       3.7M        39M       292M
-/+ buffers/cache:       3.8G        11G
Swap:         8.0G         0B       8.0G

             total       used       free     shared    buffers     cached
Mem:           15G       4.1G        11G       3.7M        39M       292M
-/+ buffers/cache:       3.8G        11G
Swap:         8.0G         0B       8.0G

             total       used       free     shared    buffers     cached
Mem:           15G       4.1G        11G       3.7M        39M       292M
-/+ buffers/cache:       3.8G        11G
Swap:         8.0G         0B       8.0G

             total       used       free     shared    buffers     cached
Mem:           15G       4.1G        11G       3.7M        39M       292M
-/+ buffers/cache:       3.8G        11G
Swap:         8.0G         0B       8.0G

             total       used       free     shared    buffers     cached
Mem:           15G       4.1G        11G       3.7M        39M       292M
-/+ buffers/cache:       3.8G        11G
Swap:         8.0G         0B       8.0G

             total       used       free     shared    buffers     cached
Mem:           15G       4.1G        11G       3.7M        39M       293M
-/+ buffers/cache:       3.8G        11G
Swap:         8.0G         0B       8.0G
