>>> Readying Destination to Recieve VM
>>> Tap Device tap0 Already in Use
>>> Successfull Started Destination
>>> Tap Device tap0 Already in Use
>>> Starting VM in Source
>>> VM Up & Running
>>> Starting Memcached in VM
>>> Started Memcached in VM, Process ID : 2126
>>> Starting Memaslap in Client
>>> Started Memaslap in Client, Process ID : 153329
>>> Enabling HBFDP
{"QMP": {"version": {"qemu": {"micro": 2, "minor": 1, "major": 8}, "package": ""}, "capabilities": ["oob"]}}
{"return": {}}
{"return": {}}
{"QMP": {"version": {"qemu": {"micro": 2, "minor": 1, "major": 8}, "package": ""}, "capabilities": ["oob"]}}
{"return": {}}
{"return": {}}
{"QMP": {"version": {"qemu": {"micro": 2, "minor": 1, "major": 8}, "package": ""}, "capabilities": ["oob"]}}
{"return": {}}
Starting PreCopy Migartion
{"return": {}}
Starting Iterations ...
Iteration 1 
# Pages Selected to Transfer : 1052882
Iteration 0 
# Pages Received in Current Iteration : 0
Iteration 1 
# Pages Transferred in Current Iteration : 1052882
Fake Dirty Count : 0
Iteration 2 
# Pages Selected to Transfer : 308397
# Pages Received in Current Iteration : 1052882
Iteration 2 
# Pages Transferred in Current Iteration : 88354
Fake Dirty Count : 220043
Iteration 3 
# Pages Selected to Transfer : 78792
# Pages Received in Current Iteration : 88354
Iteration 3 
# Pages Transferred in Current Iteration : 25559
Fake Dirty Count : 53233
Iteration 4 
# Pages Selected to Transfer : 26690
# Pages Received in Current Iteration : 25559
Iteration 4 
# Pages Transferred in Current Iteration : 11903
Fake Dirty Count : 14787
Iteration 5 
# Pages Selected to Transfer : 9681
# Pages Received in Current Iteration : 11903
Iteration 5 
# Pages Transferred in Current Iteration : 4265
Fake Dirty Count : 5416
Iteration 6 
# Pages Selected to Transfer : 4781
Function : migration_completion 
# Pages Received in Current Iteration : 4265
Iteration 6 
# Pages Transferred in Current Iteration : 2081
Fake Dirty Count : 2700
# Pages Received in Current Iteration : 2081
>>> Checking for Migration Status
>>> Migration Completed
root@10.22.196.195:/home/vmuser/Desktop/cpu_usage.log
/mnt/nfs/samindu/mrmpplm/Data-and-Logs/Experiment-Data/final_2025-02-22_1/Memcached_2025-02-22_1/HBFDP_PreCopy.MD5_2025-02-22_1/RAM4096/Experiment1
receiving incremental file list
cpu_usage.log
              0   0%    0.00kB/s    0:00:00           17,714 100%   16.89MB/s    0:00:00 (xfr#1, to-chk=0/1)

sent 43 bytes  received 17,811 bytes  11,902.67 bytes/sec
total size is 17,714  speedup is 0.99
root@10.22.196.195:/home/vmuser/Desktop/mem_usage.log
/mnt/nfs/samindu/mrmpplm/Data-and-Logs/Experiment-Data/final_2025-02-22_1/Memcached_2025-02-22_1/HBFDP_PreCopy.MD5_2025-02-22_1/RAM4096/Experiment1
receiving incremental file list
mem_usage.log
              0   0%    0.00kB/s    0:00:00           68,837 100%   65.65MB/s    0:00:00 (xfr#1, to-chk=0/1)

sent 43 bytes  received 68,946 bytes  45,992.67 bytes/sec
total size is 68,837  speedup is 1.00
root@10.22.196.195:/home/vmuser/Desktop/net_usage.log
/mnt/nfs/samindu/mrmpplm/Data-and-Logs/Experiment-Data/final_2025-02-22_1/Memcached_2025-02-22_1/HBFDP_PreCopy.MD5_2025-02-22_1/RAM4096/Experiment1
receiving incremental file list
net_usage.log
              0   0%    0.00kB/s    0:00:00            9,425 100%    8.99MB/s    0:00:00 (xfr#1, to-chk=0/1)

sent 43 bytes  received 9,521 bytes  6,376.00 bytes/sec
total size is 9,425  speedup is 0.99
