             total       used       free     shared    buffers     cached
Mem:           15G       690M        14G       3.7M        39M       290M
-/+ buffers/cache:       360M        15G
Swap:         8.0G         0B       8.0G

             total       used       free     shared    buffers     cached
Mem:           15G       689M        14G       3.7M        39M       291M
-/+ buffers/cache:       358M        15G
Swap:         8.0G         0B       8.0G

             total       used       free     shared    buffers     cached
Mem:           15G       689M        14G       3.7M        39M       291M
-/+ buffers/cache:       358M        15G
Swap:         8.0G         0B       8.0G

             total       used       free     shared    buffers     cached
Mem:           15G       689M        14G       3.7M        39M       291M
-/+ buffers/cache:       358M        15G
Swap:         8.0G         0B       8.0G

             total       used       free     shared    buffers     cached
Mem:           15G       689M        14G       3.7M        39M       291M
-/+ buffers/cache:       358M        15G
Swap:         8.0G         0B       8.0G

             total       used       free     shared    buffers     cached
Mem:           15G       689M        14G       3.7M        39M       291M
-/+ buffers/cache:       358M        15G
Swap:         8.0G         0B       8.0G

             total       used       free     shared    buffers     cached
Mem:           15G       689M        14G       3.7M        39M       291M
-/+ buffers/cache:       358M        15G
Swap:         8.0G         0B       8.0G

             total       used       free     shared    buffers     cached
Mem:           15G       689M        14G       3.7M        39M       291M
-/+ buffers/cache:       358M        15G
Swap:         8.0G         0B       8.0G

             total       used       free     shared    buffers     cached
Mem:           15G       689M        14G       3.7M        39M       291M
-/+ buffers/cache:       358M        15G
Swap:         8.0G         0B       8.0G

             total       used       free     shared    buffers     cached
Mem:           15G       689M        14G       3.7M        39M       291M
-/+ buffers/cache:       358M        15G
Swap:         8.0G         0B       8.0G

             total       used       free     shared    buffers     cached
Mem:           15G       689M        14G       3.7M        39M       291M
-/+ buffers/cache:       358M        15G
Swap:         8.0G         0B       8.0G

             total       used       free     shared    buffers     cached
Mem:           15G       694M        14G       3.7M        39M       291M
-/+ buffers/cache:       363M        15G
Swap:         8.0G         0B       8.0G

             total       used       free     shared    buffers     cached
Mem:           15G       703M        14G       3.7M        39M       291M
-/+ buffers/cache:       372M        15G
Swap:         8.0G         0B       8.0G

             total       used       free     shared    buffers     cached
Mem:           15G       731M        14G       3.7M        39M       291M
-/+ buffers/cache:       399M        15G
Swap:         8.0G         0B       8.0G

             total       used       free     shared    buffers     cached
Mem:           15G       698M        14G       3.7M        39M       292M
-/+ buffers/cache:       366M        15G
Swap:         8.0G         0B       8.0G

             total       used       free     shared    buffers     cached
Mem:           15G       706M        14G       3.7M        39M       292M
-/+ buffers/cache:       374M        15G
Swap:         8.0G         0B       8.0G

             total       used       free     shared    buffers     cached
Mem:           15G       698M        14G       3.7M        39M       292M
-/+ buffers/cache:       366M        15G
Swap:         8.0G         0B       8.0G

             total       used       free     shared    buffers     cached
Mem:           15G       698M        14G       3.7M        39M       292M
-/+ buffers/cache:       366M        15G
Swap:         8.0G         0B       8.0G

             total       used       free     shared    buffers     cached
Mem:           15G       698M        14G       3.7M        39M       292M
-/+ buffers/cache:       366M        15G
Swap:         8.0G         0B       8.0G

             total       used       free     shared    buffers     cached
Mem:           15G       698M        14G       3.7M        39M       292M
-/+ buffers/cache:       366M        15G
Swap:         8.0G         0B       8.0G

             total       used       free     shared    buffers     cached
Mem:           15G       698M        14G       3.7M        39M       292M
-/+ buffers/cache:       366M        15G
Swap:         8.0G         0B       8.0G

             total       used       free     shared    buffers     cached
Mem:           15G       698M        14G       3.7M        39M       292M
-/+ buffers/cache:       366M        15G
Swap:         8.0G         0B       8.0G

             total       used       free     shared    buffers     cached
Mem:           15G       698M        14G       3.7M        39M       292M
-/+ buffers/cache:       366M        15G
Swap:         8.0G         0B       8.0G

             total       used       free     shared    buffers     cached
Mem:           15G       698M        14G       3.7M        39M       292M
-/+ buffers/cache:       366M        15G
Swap:         8.0G         0B       8.0G

             total       used       free     shared    buffers     cached
Mem:           15G       698M        14G       3.7M        39M       292M
-/+ buffers/cache:       366M        15G
Swap:         8.0G         0B       8.0G

             total       used       free     shared    buffers     cached
Mem:           15G       698M        14G       3.7M        39M       292M
-/+ buffers/cache:       366M        15G
Swap:         8.0G         0B       8.0G

             total       used       free     shared    buffers     cached
Mem:           15G       698M        14G       3.7M        39M       292M
-/+ buffers/cache:       366M        15G
Swap:         8.0G         0B       8.0G

             total       used       free     shared    buffers     cached
Mem:           15G       698M        14G       3.7M        39M       292M
-/+ buffers/cache:       366M        15G
Swap:         8.0G         0B       8.0G

             total       used       free     shared    buffers     cached
Mem:           15G       698M        14G       3.7M        39M       292M
-/+ buffers/cache:       366M        15G
Swap:         8.0G         0B       8.0G

             total       used       free     shared    buffers     cached
Mem:           15G       698M        14G       3.7M        39M       292M
-/+ buffers/cache:       366M        15G
Swap:         8.0G         0B       8.0G

             total       used       free     shared    buffers     cached
Mem:           15G       698M        14G       3.7M        39M       292M
-/+ buffers/cache:       366M        15G
Swap:         8.0G         0B       8.0G

             total       used       free     shared    buffers     cached
Mem:           15G       698M        14G       3.7M        39M       292M
-/+ buffers/cache:       366M        15G
Swap:         8.0G         0B       8.0G

             total       used       free     shared    buffers     cached
Mem:           15G       698M        14G       3.7M        39M       292M
-/+ buffers/cache:       366M        15G
Swap:         8.0G         0B       8.0G

             total       used       free     shared    buffers     cached
Mem:           15G       705M        14G       3.7M        39M       292M
-/+ buffers/cache:       373M        15G
Swap:         8.0G         0B       8.0G

             total       used       free     shared    buffers     cached
Mem:           15G       721M        14G       3.7M        39M       292M
-/+ buffers/cache:       389M        15G
Swap:         8.0G         0B       8.0G

             total       used       free     shared    buffers     cached
Mem:           15G       736M        14G       3.7M        39M       292M
-/+ buffers/cache:       404M        15G
Swap:         8.0G         0B       8.0G

             total       used       free     shared    buffers     cached
Mem:           15G       752M        14G       3.7M        39M       292M
-/+ buffers/cache:       420M        15G
Swap:         8.0G         0B       8.0G

             total       used       free     shared    buffers     cached
Mem:           15G       767M        14G       3.7M        39M       292M
-/+ buffers/cache:       435M        15G
Swap:         8.0G         0B       8.0G

             total       used       free     shared    buffers     cached
Mem:           15G       783M        14G       3.7M        39M       292M
-/+ buffers/cache:       451M        15G
Swap:         8.0G         0B       8.0G

             total       used       free     shared    buffers     cached
Mem:           15G       798M        14G       3.7M        39M       292M
-/+ buffers/cache:       466M        15G
Swap:         8.0G         0B       8.0G

             total       used       free     shared    buffers     cached
Mem:           15G       813M        14G       3.7M        39M       292M
-/+ buffers/cache:       480M        15G
Swap:         8.0G         0B       8.0G

             total       used       free     shared    buffers     cached
Mem:           15G       828M        14G       3.7M        39M       292M
-/+ buffers/cache:       496M        15G
Swap:         8.0G         0B       8.0G

             total       used       free     shared    buffers     cached
Mem:           15G       843M        14G       3.7M        39M       292M
-/+ buffers/cache:       511M        15G
Swap:         8.0G         0B       8.0G

             total       used       free     shared    buffers     cached
Mem:           15G       859M        14G       3.7M        39M       292M
-/+ buffers/cache:       527M        15G
Swap:         8.0G         0B       8.0G

             total       used       free     shared    buffers     cached
Mem:           15G       876M        14G       3.7M        39M       292M
-/+ buffers/cache:       544M        15G
Swap:         8.0G         0B       8.0G

             total       used       free     shared    buffers     cached
Mem:           15G       892M        14G       3.7M        39M       292M
-/+ buffers/cache:       560M        15G
Swap:         8.0G         0B       8.0G

             total       used       free     shared    buffers     cached
Mem:           15G       907M        14G       3.7M        39M       292M
-/+ buffers/cache:       575M        15G
Swap:         8.0G         0B       8.0G

             total       used       free     shared    buffers     cached
Mem:           15G       922M        14G       3.7M        39M       292M
-/+ buffers/cache:       590M        15G
Swap:         8.0G         0B       8.0G

             total       used       free     shared    buffers     cached
Mem:           15G       935M        14G       3.7M        39M       292M
-/+ buffers/cache:       603M        15G
Swap:         8.0G         0B       8.0G

             total       used       free     shared    buffers     cached
Mem:           15G       951M        14G       3.7M        39M       292M
-/+ buffers/cache:       619M        15G
Swap:         8.0G         0B       8.0G

             total       used       free     shared    buffers     cached
Mem:           15G       966M        14G       3.7M        39M       292M
-/+ buffers/cache:       634M        15G
Swap:         8.0G         0B       8.0G

             total       used       free     shared    buffers     cached
Mem:           15G       981M        14G       3.7M        39M       292M
-/+ buffers/cache:       649M        15G
Swap:         8.0G         0B       8.0G

             total       used       free     shared    buffers     cached
Mem:           15G       995M        14G       3.7M        39M       292M
-/+ buffers/cache:       663M        15G
Swap:         8.0G         0B       8.0G

             total       used       free     shared    buffers     cached
Mem:           15G       1.0G        14G       3.7M        39M       292M
-/+ buffers/cache:       679M        15G
Swap:         8.0G         0B       8.0G

             total       used       free     shared    buffers     cached
Mem:           15G       1.0G        14G       3.7M        39M       292M
-/+ buffers/cache:       693M        14G
Swap:         8.0G         0B       8.0G

             total       used       free     shared    buffers     cached
Mem:           15G       1.0G        14G       3.7M        39M       292M
-/+ buffers/cache:       708M        14G
Swap:         8.0G         0B       8.0G

             total       used       free     shared    buffers     cached
Mem:           15G       1.0G        14G       3.7M        39M       292M
-/+ buffers/cache:       724M        14G
Swap:         8.0G         0B       8.0G

             total       used       free     shared    buffers     cached
Mem:           15G       1.0G        14G       3.7M        39M       292M
-/+ buffers/cache:       740M        14G
Swap:         8.0G         0B       8.0G

             total       used       free     shared    buffers     cached
Mem:           15G       1.1G        14G       3.7M        39M       292M
-/+ buffers/cache:       756M        14G
Swap:         8.0G         0B       8.0G

             total       used       free     shared    buffers     cached
Mem:           15G       1.1G        14G       3.7M        39M       292M
-/+ buffers/cache:       771M        14G
Swap:         8.0G         0B       8.0G

             total       used       free     shared    buffers     cached
Mem:           15G       1.1G        14G       3.7M        39M       292M
-/+ buffers/cache:       786M        14G
Swap:         8.0G         0B       8.0G

             total       used       free     shared    buffers     cached
Mem:           15G       1.1G        14G       3.7M        39M       292M
-/+ buffers/cache:       802M        14G
Swap:         8.0G         0B       8.0G

             total       used       free     shared    buffers     cached
Mem:           15G       1.1G        14G       3.7M        39M       292M
-/+ buffers/cache:       816M        14G
Swap:         8.0G         0B       8.0G

             total       used       free     shared    buffers     cached
Mem:           15G       1.1G        14G       3.7M        39M       292M
-/+ buffers/cache:       828M        14G
Swap:         8.0G         0B       8.0G

             total       used       free     shared    buffers     cached
Mem:           15G       1.1G        14G       3.7M        39M       292M
-/+ buffers/cache:       844M        14G
Swap:         8.0G         0B       8.0G

             total       used       free     shared    buffers     cached
Mem:           15G       1.2G        14G       3.7M        39M       292M
-/+ buffers/cache:       860M        14G
Swap:         8.0G         0B       8.0G

             total       used       free     shared    buffers     cached
Mem:           15G       1.2G        14G       3.7M        39M       292M
-/+ buffers/cache:       876M        14G
Swap:         8.0G         0B       8.0G

             total       used       free     shared    buffers     cached
Mem:           15G       1.2G        14G       3.7M        39M       292M
-/+ buffers/cache:       893M        14G
Swap:         8.0G         0B       8.0G

             total       used       free     shared    buffers     cached
Mem:           15G       1.2G        14G       3.7M        39M       292M
-/+ buffers/cache:       909M        14G
Swap:         8.0G         0B       8.0G

             total       used       free     shared    buffers     cached
Mem:           15G       1.2G        14G       3.7M        39M       292M
-/+ buffers/cache:       924M        14G
Swap:         8.0G         0B       8.0G

             total       used       free     shared    buffers     cached
Mem:           15G       1.2G        14G       3.7M        39M       292M
-/+ buffers/cache:       941M        14G
Swap:         8.0G         0B       8.0G

             total       used       free     shared    buffers     cached
Mem:           15G       1.3G        14G       3.7M        39M       293M
-/+ buffers/cache:       958M        14G
Swap:         8.0G         0B       8.0G

             total       used       free     shared    buffers     cached
Mem:           15G       1.3G        14G       3.7M        39M       293M
-/+ buffers/cache:       973M        14G
Swap:         8.0G         0B       8.0G

             total       used       free     shared    buffers     cached
Mem:           15G       1.3G        14G       3.7M        39M       293M
-/+ buffers/cache:       990M        14G
Swap:         8.0G         0B       8.0G

             total       used       free     shared    buffers     cached
Mem:           15G       1.3G        14G       3.7M        39M       293M
-/+ buffers/cache:       1.0G        14G
Swap:         8.0G         0B       8.0G

             total       used       free     shared    buffers     cached
Mem:           15G       1.3G        14G       3.7M        39M       293M
-/+ buffers/cache:       1.0G        14G
Swap:         8.0G         0B       8.0G

             total       used       free     shared    buffers     cached
Mem:           15G       1.3G        14G       3.7M        39M       293M
-/+ buffers/cache:       1.0G        14G
Swap:         8.0G         0B       8.0G

             total       used       free     shared    buffers     cached
Mem:           15G       1.4G        14G       3.7M        39M       293M
-/+ buffers/cache:       1.0G        14G
Swap:         8.0G         0B       8.0G

             total       used       free     shared    buffers     cached
Mem:           15G       1.4G        14G       3.7M        39M       293M
-/+ buffers/cache:       1.0G        14G
Swap:         8.0G         0B       8.0G

             total       used       free     shared    buffers     cached
Mem:           15G       1.4G        14G       3.7M        39M       293M
-/+ buffers/cache:       1.1G        14G
Swap:         8.0G         0B       8.0G

             total       used       free     shared    buffers     cached
Mem:           15G       1.4G        14G       3.7M        39M       293M
-/+ buffers/cache:       1.1G        14G
Swap:         8.0G         0B       8.0G

             total       used       free     shared    buffers     cached
Mem:           15G       1.4G        14G       3.7M        39M       293M
-/+ buffers/cache:       1.1G        14G
Swap:         8.0G         0B       8.0G

             total       used       free     shared    buffers     cached
Mem:           15G       1.4G        14G       3.7M        39M       293M
-/+ buffers/cache:       1.1G        14G
Swap:         8.0G         0B       8.0G

             total       used       free     shared    buffers     cached
Mem:           15G       1.4G        14G       3.7M        39M       293M
-/+ buffers/cache:       1.1G        14G
Swap:         8.0G         0B       8.0G

             total       used       free     shared    buffers     cached
Mem:           15G       1.5G        14G       3.7M        39M       293M
-/+ buffers/cache:       1.1G        14G
Swap:         8.0G         0B       8.0G

             total       used       free     shared    buffers     cached
Mem:           15G       1.5G        14G       3.7M        39M       293M
-/+ buffers/cache:       1.1G        14G
Swap:         8.0G         0B       8.0G

             total       used       free     shared    buffers     cached
Mem:           15G       1.5G        14G       3.7M        39M       293M
-/+ buffers/cache:       1.2G        14G
Swap:         8.0G         0B       8.0G

             total       used       free     shared    buffers     cached
Mem:           15G       1.5G        14G       3.7M        39M       293M
-/+ buffers/cache:       1.2G        14G
Swap:         8.0G         0B       8.0G

             total       used       free     shared    buffers     cached
Mem:           15G       1.5G        14G       3.7M        39M       293M
-/+ buffers/cache:       1.2G        14G
Swap:         8.0G         0B       8.0G

             total       used       free     shared    buffers     cached
Mem:           15G       1.5G        14G       3.7M        39M       293M
-/+ buffers/cache:       1.2G        14G
Swap:         8.0G         0B       8.0G

             total       used       free     shared    buffers     cached
Mem:           15G       1.5G        14G       3.7M        39M       293M
-/+ buffers/cache:       1.2G        14G
Swap:         8.0G         0B       8.0G

             total       used       free     shared    buffers     cached
Mem:           15G       1.6G        14G       3.7M        39M       293M
-/+ buffers/cache:       1.2G        14G
Swap:         8.0G         0B       8.0G

             total       used       free     shared    buffers     cached
Mem:           15G       1.6G        14G       3.7M        39M       293M
-/+ buffers/cache:       1.2G        14G
Swap:         8.0G         0B       8.0G

             total       used       free     shared    buffers     cached
Mem:           15G       1.6G        14G       3.7M        39M       293M
-/+ buffers/cache:       1.3G        14G
Swap:         8.0G         0B       8.0G

             total       used       free     shared    buffers     cached
Mem:           15G       1.6G        14G       3.7M        39M       293M
-/+ buffers/cache:       1.3G        14G
Swap:         8.0G         0B       8.0G

             total       used       free     shared    buffers     cached
Mem:           15G       1.6G        14G       3.7M        39M       293M
-/+ buffers/cache:       1.3G        14G
Swap:         8.0G         0B       8.0G

             total       used       free     shared    buffers     cached
Mem:           15G       1.6G        14G       3.7M        39M       293M
-/+ buffers/cache:       1.3G        14G
Swap:         8.0G         0B       8.0G

             total       used       free     shared    buffers     cached
Mem:           15G       1.6G        14G       3.7M        39M       293M
-/+ buffers/cache:       1.3G        14G
Swap:         8.0G         0B       8.0G

             total       used       free     shared    buffers     cached
Mem:           15G       1.7G        14G       3.7M        39M       293M
-/+ buffers/cache:       1.3G        14G
Swap:         8.0G         0B       8.0G

             total       used       free     shared    buffers     cached
Mem:           15G       1.7G        13G       3.7M        39M       293M
-/+ buffers/cache:       1.3G        14G
Swap:         8.0G         0B       8.0G

             total       used       free     shared    buffers     cached
Mem:           15G       1.7G        13G       3.7M        39M       293M
-/+ buffers/cache:       1.4G        14G
Swap:         8.0G         0B       8.0G

             total       used       free     shared    buffers     cached
Mem:           15G       1.7G        13G       3.7M        39M       293M
-/+ buffers/cache:       1.4G        14G
Swap:         8.0G         0B       8.0G

             total       used       free     shared    buffers     cached
Mem:           15G       1.7G        13G       3.7M        39M       293M
-/+ buffers/cache:       1.4G        14G
Swap:         8.0G         0B       8.0G

             total       used       free     shared    buffers     cached
Mem:           15G       1.7G        13G       3.7M        39M       293M
-/+ buffers/cache:       1.4G        14G
Swap:         8.0G         0B       8.0G

             total       used       free     shared    buffers     cached
Mem:           15G       1.8G        13G       3.7M        39M       293M
-/+ buffers/cache:       1.4G        14G
Swap:         8.0G         0B       8.0G

             total       used       free     shared    buffers     cached
Mem:           15G       1.8G        13G       3.7M        39M       293M
-/+ buffers/cache:       1.4G        14G
Swap:         8.0G         0B       8.0G

             total       used       free     shared    buffers     cached
Mem:           15G       1.8G        13G       3.7M        39M       293M
-/+ buffers/cache:       1.5G        14G
Swap:         8.0G         0B       8.0G

             total       used       free     shared    buffers     cached
Mem:           15G       1.8G        13G       3.7M        39M       293M
-/+ buffers/cache:       1.5G        14G
Swap:         8.0G         0B       8.0G

             total       used       free     shared    buffers     cached
Mem:           15G       1.8G        13G       3.7M        39M       293M
-/+ buffers/cache:       1.5G        14G
Swap:         8.0G         0B       8.0G

             total       used       free     shared    buffers     cached
Mem:           15G       1.8G        13G       3.7M        39M       293M
-/+ buffers/cache:       1.5G        14G
Swap:         8.0G         0B       8.0G

             total       used       free     shared    buffers     cached
Mem:           15G       1.8G        13G       3.7M        39M       293M
-/+ buffers/cache:       1.5G        14G
Swap:         8.0G         0B       8.0G

             total       used       free     shared    buffers     cached
Mem:           15G       1.9G        13G       3.7M        39M       293M
-/+ buffers/cache:       1.5G        14G
Swap:         8.0G         0B       8.0G

             total       used       free     shared    buffers     cached
Mem:           15G       1.9G        13G       3.7M        39M       293M
-/+ buffers/cache:       1.5G        14G
Swap:         8.0G         0B       8.0G

             total       used       free     shared    buffers     cached
Mem:           15G       1.9G        13G       3.7M        39M       293M
-/+ buffers/cache:       1.6G        14G
Swap:         8.0G         0B       8.0G

             total       used       free     shared    buffers     cached
Mem:           15G       1.9G        13G       3.7M        39M       293M
-/+ buffers/cache:       1.6G        14G
Swap:         8.0G         0B       8.0G

             total       used       free     shared    buffers     cached
Mem:           15G       1.9G        13G       3.7M        39M       293M
-/+ buffers/cache:       1.6G        14G
Swap:         8.0G         0B       8.0G

             total       used       free     shared    buffers     cached
Mem:           15G       1.9G        13G       3.7M        39M       293M
-/+ buffers/cache:       1.6G        14G
Swap:         8.0G         0B       8.0G

             total       used       free     shared    buffers     cached
Mem:           15G       2.0G        13G       3.7M        39M       293M
-/+ buffers/cache:       1.6G        14G
Swap:         8.0G         0B       8.0G

             total       used       free     shared    buffers     cached
Mem:           15G       2.0G        13G       3.7M        39M       293M
-/+ buffers/cache:       1.6G        14G
Swap:         8.0G         0B       8.0G

             total       used       free     shared    buffers     cached
Mem:           15G       2.0G        13G       3.7M        39M       293M
-/+ buffers/cache:       1.7G        14G
Swap:         8.0G         0B       8.0G

             total       used       free     shared    buffers     cached
Mem:           15G       2.0G        13G       3.7M        39M       293M
-/+ buffers/cache:       1.7G        14G
Swap:         8.0G         0B       8.0G

             total       used       free     shared    buffers     cached
Mem:           15G       2.0G        13G       3.7M        39M       293M
-/+ buffers/cache:       1.7G        13G
Swap:         8.0G         0B       8.0G

             total       used       free     shared    buffers     cached
Mem:           15G       2.0G        13G       3.7M        39M       293M
-/+ buffers/cache:       1.7G        13G
Swap:         8.0G         0B       8.0G

             total       used       free     shared    buffers     cached
Mem:           15G       2.0G        13G       3.7M        39M       293M
-/+ buffers/cache:       1.7G        13G
Swap:         8.0G         0B       8.0G

             total       used       free     shared    buffers     cached
Mem:           15G       2.1G        13G       3.7M        39M       293M
-/+ buffers/cache:       1.7G        13G
Swap:         8.0G         0B       8.0G

             total       used       free     shared    buffers     cached
Mem:           15G       2.1G        13G       3.7M        39M       293M
-/+ buffers/cache:       1.7G        13G
Swap:         8.0G         0B       8.0G

             total       used       free     shared    buffers     cached
Mem:           15G       2.1G        13G       3.7M        39M       293M
-/+ buffers/cache:       1.8G        13G
Swap:         8.0G         0B       8.0G

             total       used       free     shared    buffers     cached
Mem:           15G       2.1G        13G       3.7M        39M       293M
-/+ buffers/cache:       1.8G        13G
Swap:         8.0G         0B       8.0G

             total       used       free     shared    buffers     cached
Mem:           15G       2.1G        13G       3.7M        39M       293M
-/+ buffers/cache:       1.8G        13G
Swap:         8.0G         0B       8.0G

             total       used       free     shared    buffers     cached
Mem:           15G       2.1G        13G       3.7M        39M       293M
-/+ buffers/cache:       1.8G        13G
Swap:         8.0G         0B       8.0G

             total       used       free     shared    buffers     cached
Mem:           15G       2.1G        13G       3.7M        39M       293M
-/+ buffers/cache:       1.8G        13G
Swap:         8.0G         0B       8.0G

             total       used       free     shared    buffers     cached
Mem:           15G       2.2G        13G       3.7M        39M       293M
-/+ buffers/cache:       1.8G        13G
Swap:         8.0G         0B       8.0G

             total       used       free     shared    buffers     cached
Mem:           15G       2.2G        13G       3.7M        39M       293M
-/+ buffers/cache:       1.8G        13G
Swap:         8.0G         0B       8.0G

             total       used       free     shared    buffers     cached
Mem:           15G       2.2G        13G       3.7M        39M       293M
-/+ buffers/cache:       1.9G        13G
Swap:         8.0G         0B       8.0G

             total       used       free     shared    buffers     cached
Mem:           15G       2.2G        13G       3.7M        39M       293M
-/+ buffers/cache:       1.9G        13G
Swap:         8.0G         0B       8.0G

             total       used       free     shared    buffers     cached
Mem:           15G       2.2G        13G       3.7M        39M       293M
-/+ buffers/cache:       1.9G        13G
Swap:         8.0G         0B       8.0G

             total       used       free     shared    buffers     cached
Mem:           15G       2.2G        13G       3.7M        39M       293M
-/+ buffers/cache:       1.9G        13G
Swap:         8.0G         0B       8.0G

             total       used       free     shared    buffers     cached
Mem:           15G       2.2G        13G       3.7M        39M       293M
-/+ buffers/cache:       1.9G        13G
Swap:         8.0G         0B       8.0G

             total       used       free     shared    buffers     cached
Mem:           15G       2.3G        13G       3.7M        39M       293M
-/+ buffers/cache:       1.9G        13G
Swap:         8.0G         0B       8.0G

             total       used       free     shared    buffers     cached
Mem:           15G       2.3G        13G       3.7M        39M       293M
-/+ buffers/cache:       2.0G        13G
Swap:         8.0G         0B       8.0G

             total       used       free     shared    buffers     cached
Mem:           15G       2.3G        13G       3.7M        39M       293M
-/+ buffers/cache:       2.0G        13G
Swap:         8.0G         0B       8.0G

             total       used       free     shared    buffers     cached
Mem:           15G       2.3G        13G       3.7M        39M       293M
-/+ buffers/cache:       2.0G        13G
Swap:         8.0G         0B       8.0G

             total       used       free     shared    buffers     cached
Mem:           15G       2.3G        13G       3.7M        39M       293M
-/+ buffers/cache:       2.0G        13G
Swap:         8.0G         0B       8.0G

             total       used       free     shared    buffers     cached
Mem:           15G       2.3G        13G       3.7M        39M       293M
-/+ buffers/cache:       2.0G        13G
Swap:         8.0G         0B       8.0G

             total       used       free     shared    buffers     cached
Mem:           15G       2.4G        13G       3.7M        39M       293M
-/+ buffers/cache:       2.0G        13G
Swap:         8.0G         0B       8.0G

             total       used       free     shared    buffers     cached
Mem:           15G       2.4G        13G       3.7M        39M       293M
-/+ buffers/cache:       2.0G        13G
Swap:         8.0G         0B       8.0G

             total       used       free     shared    buffers     cached
Mem:           15G       2.4G        13G       3.7M        39M       293M
-/+ buffers/cache:       2.1G        13G
Swap:         8.0G         0B       8.0G

             total       used       free     shared    buffers     cached
Mem:           15G       2.4G        13G       3.7M        39M       293M
-/+ buffers/cache:       2.1G        13G
Swap:         8.0G         0B       8.0G

             total       used       free     shared    buffers     cached
Mem:           15G       2.4G        13G       3.7M        39M       293M
-/+ buffers/cache:       2.1G        13G
Swap:         8.0G         0B       8.0G

             total       used       free     shared    buffers     cached
Mem:           15G       2.4G        13G       3.7M        39M       293M
-/+ buffers/cache:       2.1G        13G
Swap:         8.0G         0B       8.0G

             total       used       free     shared    buffers     cached
Mem:           15G       2.4G        13G       3.7M        39M       293M
-/+ buffers/cache:       2.1G        13G
Swap:         8.0G         0B       8.0G

             total       used       free     shared    buffers     cached
Mem:           15G       2.4G        13G       3.7M        39M       293M
-/+ buffers/cache:       2.1G        13G
Swap:         8.0G         0B       8.0G

             total       used       free     shared    buffers     cached
Mem:           15G       2.5G        13G       3.7M        39M       293M
-/+ buffers/cache:       2.1G        13G
Swap:         8.0G         0B       8.0G

             total       used       free     shared    buffers     cached
Mem:           15G       2.5G        13G       3.7M        39M       293M
-/+ buffers/cache:       2.1G        13G
Swap:         8.0G         0B       8.0G

             total       used       free     shared    buffers     cached
Mem:           15G       2.5G        13G       3.7M        39M       293M
-/+ buffers/cache:       2.2G        13G
Swap:         8.0G         0B       8.0G

             total       used       free     shared    buffers     cached
Mem:           15G       2.5G        13G       3.7M        39M       293M
-/+ buffers/cache:       2.2G        13G
Swap:         8.0G         0B       8.0G

             total       used       free     shared    buffers     cached
Mem:           15G       2.5G        13G       3.7M        39M       293M
-/+ buffers/cache:       2.2G        13G
Swap:         8.0G         0B       8.0G

             total       used       free     shared    buffers     cached
Mem:           15G       2.5G        13G       3.7M        39M       293M
-/+ buffers/cache:       2.2G        13G
Swap:         8.0G         0B       8.0G

             total       used       free     shared    buffers     cached
Mem:           15G       2.5G        13G       3.7M        39M       293M
-/+ buffers/cache:       2.2G        13G
Swap:         8.0G         0B       8.0G

             total       used       free     shared    buffers     cached
Mem:           15G       2.6G        13G       3.7M        39M       293M
-/+ buffers/cache:       2.2G        13G
Swap:         8.0G         0B       8.0G

             total       used       free     shared    buffers     cached
Mem:           15G       2.6G        13G       3.7M        39M       293M
-/+ buffers/cache:       2.2G        13G
Swap:         8.0G         0B       8.0G

             total       used       free     shared    buffers     cached
Mem:           15G       2.6G        13G       3.7M        39M       293M
-/+ buffers/cache:       2.3G        13G
Swap:         8.0G         0B       8.0G

             total       used       free     shared    buffers     cached
Mem:           15G       2.6G        13G       3.7M        39M       293M
-/+ buffers/cache:       2.3G        13G
Swap:         8.0G         0B       8.0G

             total       used       free     shared    buffers     cached
Mem:           15G       2.6G        13G       3.7M        39M       293M
-/+ buffers/cache:       2.3G        13G
Swap:         8.0G         0B       8.0G

             total       used       free     shared    buffers     cached
Mem:           15G       2.6G        13G       3.7M        39M       293M
-/+ buffers/cache:       2.3G        13G
Swap:         8.0G         0B       8.0G

             total       used       free     shared    buffers     cached
Mem:           15G       2.6G        13G       3.7M        39M       293M
-/+ buffers/cache:       2.3G        13G
Swap:         8.0G         0B       8.0G

             total       used       free     shared    buffers     cached
Mem:           15G       2.7G        13G       3.7M        39M       293M
-/+ buffers/cache:       2.3G        13G
Swap:         8.0G         0B       8.0G

             total       used       free     shared    buffers     cached
Mem:           15G       2.7G        12G       3.7M        39M       293M
-/+ buffers/cache:       2.4G        13G
Swap:         8.0G         0B       8.0G

             total       used       free     shared    buffers     cached
Mem:           15G       2.7G        12G       3.7M        39M       293M
-/+ buffers/cache:       2.4G        13G
Swap:         8.0G         0B       8.0G

             total       used       free     shared    buffers     cached
Mem:           15G       2.7G        12G       3.7M        39M       293M
-/+ buffers/cache:       2.4G        13G
Swap:         8.0G         0B       8.0G

             total       used       free     shared    buffers     cached
Mem:           15G       2.7G        12G       3.7M        39M       293M
-/+ buffers/cache:       2.4G        13G
Swap:         8.0G         0B       8.0G

             total       used       free     shared    buffers     cached
Mem:           15G       2.7G        12G       3.7M        39M       293M
-/+ buffers/cache:       2.4G        13G
Swap:         8.0G         0B       8.0G

             total       used       free     shared    buffers     cached
Mem:           15G       2.7G        12G       3.7M        39M       293M
-/+ buffers/cache:       2.4G        13G
Swap:         8.0G         0B       8.0G

             total       used       free     shared    buffers     cached
Mem:           15G       2.8G        12G       3.7M        39M       293M
-/+ buffers/cache:       2.4G        13G
Swap:         8.0G         0B       8.0G

             total       used       free     shared    buffers     cached
Mem:           15G       2.8G        12G       3.7M        39M       293M
-/+ buffers/cache:       2.5G        13G
Swap:         8.0G         0B       8.0G

             total       used       free     shared    buffers     cached
Mem:           15G       2.8G        12G       3.7M        39M       293M
-/+ buffers/cache:       2.5G        13G
Swap:         8.0G         0B       8.0G

             total       used       free     shared    buffers     cached
Mem:           15G       2.8G        12G       3.7M        39M       293M
-/+ buffers/cache:       2.5G        13G
Swap:         8.0G         0B       8.0G

             total       used       free     shared    buffers     cached
Mem:           15G       2.8G        12G       3.7M        39M       293M
-/+ buffers/cache:       2.5G        13G
Swap:         8.0G         0B       8.0G

             total       used       free     shared    buffers     cached
Mem:           15G       2.8G        12G       3.7M        39M       293M
-/+ buffers/cache:       2.5G        13G
Swap:         8.0G         0B       8.0G

             total       used       free     shared    buffers     cached
Mem:           15G       2.8G        12G       3.7M        39M       293M
-/+ buffers/cache:       2.5G        13G
Swap:         8.0G         0B       8.0G

             total       used       free     shared    buffers     cached
Mem:           15G       2.9G        12G       3.7M        39M       293M
-/+ buffers/cache:       2.5G        13G
Swap:         8.0G         0B       8.0G

             total       used       free     shared    buffers     cached
Mem:           15G       2.9G        12G       3.7M        39M       293M
-/+ buffers/cache:       2.5G        13G
Swap:         8.0G         0B       8.0G

             total       used       free     shared    buffers     cached
Mem:           15G       2.9G        12G       3.7M        39M       293M
-/+ buffers/cache:       2.6G        13G
Swap:         8.0G         0B       8.0G

             total       used       free     shared    buffers     cached
Mem:           15G       2.9G        12G       3.7M        39M       293M
-/+ buffers/cache:       2.6G        13G
Swap:         8.0G         0B       8.0G

             total       used       free     shared    buffers     cached
Mem:           15G       2.9G        12G       3.7M        39M       293M
-/+ buffers/cache:       2.6G        13G
Swap:         8.0G         0B       8.0G

             total       used       free     shared    buffers     cached
Mem:           15G       2.9G        12G       3.7M        39M       293M
-/+ buffers/cache:       2.6G        13G
Swap:         8.0G         0B       8.0G

             total       used       free     shared    buffers     cached
Mem:           15G       2.9G        12G       3.7M        39M       293M
-/+ buffers/cache:       2.6G        13G
Swap:         8.0G         0B       8.0G

             total       used       free     shared    buffers     cached
Mem:           15G       3.0G        12G       3.7M        39M       293M
-/+ buffers/cache:       2.6G        13G
Swap:         8.0G         0B       8.0G

             total       used       free     shared    buffers     cached
Mem:           15G       3.0G        12G       3.7M        39M       293M
-/+ buffers/cache:       2.6G        13G
Swap:         8.0G         0B       8.0G

             total       used       free     shared    buffers     cached
Mem:           15G       3.0G        12G       3.7M        39M       293M
-/+ buffers/cache:       2.7G        13G
Swap:         8.0G         0B       8.0G

             total       used       free     shared    buffers     cached
Mem:           15G       3.0G        12G       3.7M        39M       293M
-/+ buffers/cache:       2.7G        13G
Swap:         8.0G         0B       8.0G

             total       used       free     shared    buffers     cached
Mem:           15G       3.0G        12G       3.7M        39M       293M
-/+ buffers/cache:       2.7G        12G
Swap:         8.0G         0B       8.0G

             total       used       free     shared    buffers     cached
Mem:           15G       3.0G        12G       3.7M        39M       293M
-/+ buffers/cache:       2.7G        12G
Swap:         8.0G         0B       8.0G

             total       used       free     shared    buffers     cached
Mem:           15G       3.0G        12G       3.7M        39M       293M
-/+ buffers/cache:       2.7G        12G
Swap:         8.0G         0B       8.0G

             total       used       free     shared    buffers     cached
Mem:           15G       3.0G        12G       3.7M        39M       293M
-/+ buffers/cache:       2.7G        12G
Swap:         8.0G         0B       8.0G

             total       used       free     shared    buffers     cached
Mem:           15G       3.1G        12G       3.7M        39M       293M
-/+ buffers/cache:       2.7G        12G
Swap:         8.0G         0B       8.0G

             total       used       free     shared    buffers     cached
Mem:           15G       3.1G        12G       3.7M        39M       293M
-/+ buffers/cache:       2.8G        12G
Swap:         8.0G         0B       8.0G

             total       used       free     shared    buffers     cached
Mem:           15G       3.1G        12G       3.7M        39M       293M
-/+ buffers/cache:       2.8G        12G
Swap:         8.0G         0B       8.0G

             total       used       free     shared    buffers     cached
Mem:           15G       3.1G        12G       3.7M        39M       293M
-/+ buffers/cache:       2.8G        12G
Swap:         8.0G         0B       8.0G

             total       used       free     shared    buffers     cached
Mem:           15G       3.1G        12G       3.7M        39M       293M
-/+ buffers/cache:       2.8G        12G
Swap:         8.0G         0B       8.0G

             total       used       free     shared    buffers     cached
Mem:           15G       3.1G        12G       3.7M        39M       293M
-/+ buffers/cache:       2.8G        12G
Swap:         8.0G         0B       8.0G

             total       used       free     shared    buffers     cached
Mem:           15G       3.1G        12G       3.7M        39M       293M
-/+ buffers/cache:       2.8G        12G
Swap:         8.0G         0B       8.0G

             total       used       free     shared    buffers     cached
Mem:           15G       3.2G        12G       3.7M        39M       293M
-/+ buffers/cache:       2.8G        12G
Swap:         8.0G         0B       8.0G

             total       used       free     shared    buffers     cached
Mem:           15G       3.2G        12G       3.7M        39M       293M
-/+ buffers/cache:       2.8G        12G
Swap:         8.0G         0B       8.0G

             total       used       free     shared    buffers     cached
Mem:           15G       3.2G        12G       3.7M        39M       293M
-/+ buffers/cache:       2.9G        12G
Swap:         8.0G         0B       8.0G

             total       used       free     shared    buffers     cached
Mem:           15G       3.2G        12G       3.7M        39M       293M
-/+ buffers/cache:       2.9G        12G
Swap:         8.0G         0B       8.0G

             total       used       free     shared    buffers     cached
Mem:           15G       3.2G        12G       3.7M        39M       293M
-/+ buffers/cache:       2.9G        12G
Swap:         8.0G         0B       8.0G

             total       used       free     shared    buffers     cached
Mem:           15G       3.2G        12G       3.7M        39M       293M
-/+ buffers/cache:       2.9G        12G
Swap:         8.0G         0B       8.0G

             total       used       free     shared    buffers     cached
Mem:           15G       3.2G        12G       3.7M        39M       293M
-/+ buffers/cache:       2.9G        12G
Swap:         8.0G         0B       8.0G

             total       used       free     shared    buffers     cached
Mem:           15G       3.3G        12G       3.7M        39M       293M
-/+ buffers/cache:       2.9G        12G
Swap:         8.0G         0B       8.0G

             total       used       free     shared    buffers     cached
Mem:           15G       3.3G        12G       3.7M        39M       293M
-/+ buffers/cache:       2.9G        12G
Swap:         8.0G         0B       8.0G

             total       used       free     shared    buffers     cached
Mem:           15G       3.3G        12G       3.7M        39M       293M
-/+ buffers/cache:       3.0G        12G
Swap:         8.0G         0B       8.0G

             total       used       free     shared    buffers     cached
Mem:           15G       3.3G        12G       3.7M        39M       293M
-/+ buffers/cache:       3.0G        12G
Swap:         8.0G         0B       8.0G

             total       used       free     shared    buffers     cached
Mem:           15G       3.3G        12G       3.7M        39M       293M
-/+ buffers/cache:       3.0G        12G
Swap:         8.0G         0B       8.0G

             total       used       free     shared    buffers     cached
Mem:           15G       3.3G        12G       3.7M        39M       293M
-/+ buffers/cache:       3.0G        12G
Swap:         8.0G         0B       8.0G

             total       used       free     shared    buffers     cached
Mem:           15G       3.3G        12G       3.7M        39M       293M
-/+ buffers/cache:       3.0G        12G
Swap:         8.0G         0B       8.0G

             total       used       free     shared    buffers     cached
Mem:           15G       3.3G        12G       3.7M        39M       293M
-/+ buffers/cache:       3.0G        12G
Swap:         8.0G         0B       8.0G

             total       used       free     shared    buffers     cached
Mem:           15G       3.4G        12G       3.7M        39M       293M
-/+ buffers/cache:       3.0G        12G
Swap:         8.0G         0B       8.0G

             total       used       free     shared    buffers     cached
Mem:           15G       3.4G        12G       3.7M        39M       293M
-/+ buffers/cache:       3.0G        12G
Swap:         8.0G         0B       8.0G

             total       used       free     shared    buffers     cached
Mem:           15G       3.4G        12G       3.7M        39M       293M
-/+ buffers/cache:       3.0G        12G
Swap:         8.0G         0B       8.0G

             total       used       free     shared    buffers     cached
Mem:           15G       3.4G        12G       3.7M        39M       293M
-/+ buffers/cache:       3.1G        12G
Swap:         8.0G         0B       8.0G

             total       used       free     shared    buffers     cached
Mem:           15G       3.4G        12G       3.7M        39M       293M
-/+ buffers/cache:       3.1G        12G
Swap:         8.0G         0B       8.0G

             total       used       free     shared    buffers     cached
Mem:           15G       3.4G        12G       3.7M        39M       293M
-/+ buffers/cache:       3.1G        12G
Swap:         8.0G         0B       8.0G

             total       used       free     shared    buffers     cached
Mem:           15G       3.4G        12G       3.7M        39M       293M
-/+ buffers/cache:       3.1G        12G
Swap:         8.0G         0B       8.0G

             total       used       free     shared    buffers     cached
Mem:           15G       3.4G        12G       3.7M        39M       293M
-/+ buffers/cache:       3.1G        12G
Swap:         8.0G         0B       8.0G

             total       used       free     shared    buffers     cached
Mem:           15G       3.4G        12G       3.7M        39M       293M
-/+ buffers/cache:       3.1G        12G
Swap:         8.0G         0B       8.0G

             total       used       free     shared    buffers     cached
Mem:           15G       3.5G        12G       3.7M        39M       293M
-/+ buffers/cache:       3.1G        12G
Swap:         8.0G         0B       8.0G

             total       used       free     shared    buffers     cached
Mem:           15G       3.5G        12G       3.7M        39M       293M
-/+ buffers/cache:       3.1G        12G
Swap:         8.0G         0B       8.0G

             total       used       free     shared    buffers     cached
Mem:           15G       3.5G        12G       3.7M        39M       293M
-/+ buffers/cache:       3.2G        12G
Swap:         8.0G         0B       8.0G

             total       used       free     shared    buffers     cached
Mem:           15G       3.5G        12G       3.7M        39M       293M
-/+ buffers/cache:       3.2G        12G
Swap:         8.0G         0B       8.0G

             total       used       free     shared    buffers     cached
Mem:           15G       3.5G        12G       3.7M        39M       293M
-/+ buffers/cache:       3.2G        12G
Swap:         8.0G         0B       8.0G

             total       used       free     shared    buffers     cached
Mem:           15G       3.5G        12G       3.7M        39M       293M
-/+ buffers/cache:       3.2G        12G
Swap:         8.0G         0B       8.0G

             total       used       free     shared    buffers     cached
Mem:           15G       3.5G        12G       3.7M        39M       293M
-/+ buffers/cache:       3.2G        12G
Swap:         8.0G         0B       8.0G

             total       used       free     shared    buffers     cached
Mem:           15G       3.5G        12G       3.7M        39M       293M
-/+ buffers/cache:       3.2G        12G
Swap:         8.0G         0B       8.0G

             total       used       free     shared    buffers     cached
Mem:           15G       3.5G        12G       3.7M        39M       293M
-/+ buffers/cache:       3.2G        12G
Swap:         8.0G         0B       8.0G

             total       used       free     shared    buffers     cached
Mem:           15G       3.6G        12G       3.7M        39M       293M
-/+ buffers/cache:       3.2G        12G
Swap:         8.0G         0B       8.0G

             total       used       free     shared    buffers     cached
Mem:           15G       3.6G        12G       3.7M        39M       293M
-/+ buffers/cache:       3.2G        12G
Swap:         8.0G         0B       8.0G

             total       used       free     shared    buffers     cached
Mem:           15G       3.6G        12G       3.7M        39M       293M
-/+ buffers/cache:       3.3G        12G
Swap:         8.0G         0B       8.0G

             total       used       free     shared    buffers     cached
Mem:           15G       3.6G        12G       3.7M        39M       293M
-/+ buffers/cache:       3.3G        12G
Swap:         8.0G         0B       8.0G

             total       used       free     shared    buffers     cached
Mem:           15G       3.6G        12G       3.7M        39M       293M
-/+ buffers/cache:       3.3G        12G
Swap:         8.0G         0B       8.0G

             total       used       free     shared    buffers     cached
Mem:           15G       3.6G        12G       3.7M        39M       293M
-/+ buffers/cache:       3.3G        12G
Swap:         8.0G         0B       8.0G

             total       used       free     shared    buffers     cached
Mem:           15G       3.6G        12G       3.7M        39M       293M
-/+ buffers/cache:       3.3G        12G
Swap:         8.0G         0B       8.0G

             total       used       free     shared    buffers     cached
Mem:           15G       3.6G        12G       3.7M        39M       293M
-/+ buffers/cache:       3.3G        12G
Swap:         8.0G         0B       8.0G

             total       used       free     shared    buffers     cached
Mem:           15G       3.6G        12G       3.7M        39M       293M
-/+ buffers/cache:       3.3G        12G
Swap:         8.0G         0B       8.0G

             total       used       free     shared    buffers     cached
Mem:           15G       3.7G        12G       3.7M        39M       293M
-/+ buffers/cache:       3.3G        12G
Swap:         8.0G         0B       8.0G

             total       used       free     shared    buffers     cached
Mem:           15G       3.7G        12G       3.7M        39M       293M
-/+ buffers/cache:       3.3G        12G
Swap:         8.0G         0B       8.0G

             total       used       free     shared    buffers     cached
Mem:           15G       3.7G        11G       3.7M        39M       293M
-/+ buffers/cache:       3.4G        12G
Swap:         8.0G         0B       8.0G

             total       used       free     shared    buffers     cached
Mem:           15G       3.7G        11G       3.7M        39M       293M
-/+ buffers/cache:       3.4G        12G
Swap:         8.0G         0B       8.0G

             total       used       free     shared    buffers     cached
Mem:           15G       3.7G        11G       3.7M        39M       293M
-/+ buffers/cache:       3.4G        12G
Swap:         8.0G         0B       8.0G

             total       used       free     shared    buffers     cached
Mem:           15G       3.7G        11G       3.7M        39M       293M
-/+ buffers/cache:       3.4G        12G
Swap:         8.0G         0B       8.0G

             total       used       free     shared    buffers     cached
Mem:           15G       3.7G        11G       3.7M        39M       293M
-/+ buffers/cache:       3.4G        12G
Swap:         8.0G         0B       8.0G

             total       used       free     shared    buffers     cached
Mem:           15G       3.7G        11G       3.7M        39M       293M
-/+ buffers/cache:       3.4G        12G
Swap:         8.0G         0B       8.0G

             total       used       free     shared    buffers     cached
Mem:           15G       3.8G        11G       3.7M        39M       293M
-/+ buffers/cache:       3.4G        12G
Swap:         8.0G         0B       8.0G

             total       used       free     shared    buffers     cached
Mem:           15G       3.8G        11G       3.7M        39M       293M
-/+ buffers/cache:       3.4G        12G
Swap:         8.0G         0B       8.0G

             total       used       free     shared    buffers     cached
Mem:           15G       3.8G        11G       3.7M        39M       293M
-/+ buffers/cache:       3.5G        12G
Swap:         8.0G         0B       8.0G

             total       used       free     shared    buffers     cached
Mem:           15G       3.8G        11G       3.7M        39M       293M
-/+ buffers/cache:       3.5G        12G
Swap:         8.0G         0B       8.0G

             total       used       free     shared    buffers     cached
Mem:           15G       3.8G        11G       3.7M        39M       293M
-/+ buffers/cache:       3.5G        12G
Swap:         8.0G         0B       8.0G

             total       used       free     shared    buffers     cached
Mem:           15G       3.8G        11G       3.7M        39M       293M
-/+ buffers/cache:       3.5G        12G
Swap:         8.0G         0B       8.0G

             total       used       free     shared    buffers     cached
Mem:           15G       3.8G        11G       3.7M        39M       293M
-/+ buffers/cache:       3.5G        12G
Swap:         8.0G         0B       8.0G

             total       used       free     shared    buffers     cached
Mem:           15G       3.8G        11G       3.7M        39M       293M
-/+ buffers/cache:       3.5G        12G
Swap:         8.0G         0B       8.0G

             total       used       free     shared    buffers     cached
Mem:           15G       3.8G        11G       3.7M        39M       293M
-/+ buffers/cache:       3.5G        12G
Swap:         8.0G         0B       8.0G

             total       used       free     shared    buffers     cached
Mem:           15G       3.8G        11G       3.7M        39M       293M
-/+ buffers/cache:       3.5G        12G
Swap:         8.0G         0B       8.0G

             total       used       free     shared    buffers     cached
Mem:           15G       3.8G        11G       3.7M        39M       293M
-/+ buffers/cache:       3.5G        12G
Swap:         8.0G         0B       8.0G

             total       used       free     shared    buffers     cached
Mem:           15G       3.9G        11G       3.7M        39M       293M
-/+ buffers/cache:       3.5G        12G
Swap:         8.0G         0B       8.0G

             total       used       free     shared    buffers     cached
Mem:           15G       3.9G        11G       3.7M        39M       293M
-/+ buffers/cache:       3.5G        12G
Swap:         8.0G         0B       8.0G

             total       used       free     shared    buffers     cached
Mem:           15G       3.9G        11G       5.3M        39M       294M
-/+ buffers/cache:       3.6G        12G
Swap:         8.0G         0B       8.0G

             total       used       free     shared    buffers     cached
Mem:           15G       3.9G        11G       7.4M        39M       296M
-/+ buffers/cache:       3.6G        12G
Swap:         8.0G         0B       8.0G

             total       used       free     shared    buffers     cached
Mem:           15G       3.9G        11G       3.7M        39M       293M
-/+ buffers/cache:       3.6G        12G
Swap:         8.0G         0B       8.0G

             total       used       free     shared    buffers     cached
Mem:           15G       3.9G        11G       3.7M        39M       293M
-/+ buffers/cache:       3.6G        12G
Swap:         8.0G         0B       8.0G

             total       used       free     shared    buffers     cached
Mem:           15G       3.9G        11G       3.7M        39M       293M
-/+ buffers/cache:       3.6G        12G
Swap:         8.0G         0B       8.0G

             total       used       free     shared    buffers     cached
Mem:           15G       3.9G        11G       3.7M        39M       293M
-/+ buffers/cache:       3.6G        12G
Swap:         8.0G         0B       8.0G

             total       used       free     shared    buffers     cached
Mem:           15G       4.0G        11G       3.7M        39M       293M
-/+ buffers/cache:       3.6G        12G
Swap:         8.0G         0B       8.0G

             total       used       free     shared    buffers     cached
Mem:           15G       4.0G        11G       3.7M        39M       293M
-/+ buffers/cache:       3.6G        12G
Swap:         8.0G         0B       8.0G

             total       used       free     shared    buffers     cached
Mem:           15G       4.0G        11G       3.7M        39M       293M
-/+ buffers/cache:       3.7G        12G
Swap:         8.0G         0B       8.0G

             total       used       free     shared    buffers     cached
Mem:           15G       4.0G        11G       3.7M        39M       293M
-/+ buffers/cache:       3.7G        12G
Swap:         8.0G         0B       8.0G

             total       used       free     shared    buffers     cached
Mem:           15G       4.0G        11G       3.7M        39M       293M
-/+ buffers/cache:       3.7G        11G
Swap:         8.0G         0B       8.0G

             total       used       free     shared    buffers     cached
Mem:           15G       4.0G        11G       3.7M        39M       293M
-/+ buffers/cache:       3.7G        11G
Swap:         8.0G         0B       8.0G

             total       used       free     shared    buffers     cached
Mem:           15G       4.0G        11G       3.7M        39M       293M
-/+ buffers/cache:       3.7G        11G
Swap:         8.0G         0B       8.0G

             total       used       free     shared    buffers     cached
Mem:           15G       4.0G        11G       3.7M        39M       293M
-/+ buffers/cache:       3.7G        11G
Swap:         8.0G         0B       8.0G

             total       used       free     shared    buffers     cached
Mem:           15G       4.0G        11G       3.7M        39M       293M
-/+ buffers/cache:       3.7G        11G
Swap:         8.0G         0B       8.0G

             total       used       free     shared    buffers     cached
Mem:           15G       4.1G        11G       3.7M        39M       293M
-/+ buffers/cache:       3.7G        11G
Swap:         8.0G         0B       8.0G

             total       used       free     shared    buffers     cached
Mem:           15G       4.1G        11G       3.7M        39M       293M
-/+ buffers/cache:       3.7G        11G
Swap:         8.0G         0B       8.0G

             total       used       free     shared    buffers     cached
Mem:           15G       4.1G        11G       3.7M        39M       293M
-/+ buffers/cache:       3.8G        11G
Swap:         8.0G         0B       8.0G

             total       used       free     shared    buffers     cached
Mem:           15G       4.1G        11G       3.7M        39M       293M
-/+ buffers/cache:       3.8G        11G
Swap:         8.0G         0B       8.0G

             total       used       free     shared    buffers     cached
Mem:           15G       4.1G        11G       3.7M        39M       293M
-/+ buffers/cache:       3.8G        11G
Swap:         8.0G         0B       8.0G

             total       used       free     shared    buffers     cached
Mem:           15G       4.1G        11G       3.7M        39M       293M
-/+ buffers/cache:       3.8G        11G
Swap:         8.0G         0B       8.0G

             total       used       free     shared    buffers     cached
Mem:           15G       4.1G        11G       3.7M        39M       293M
-/+ buffers/cache:       3.8G        11G
Swap:         8.0G         0B       8.0G

             total       used       free     shared    buffers     cached
Mem:           15G       4.1G        11G       3.7M        39M       293M
-/+ buffers/cache:       3.8G        11G
Swap:         8.0G         0B       8.0G

             total       used       free     shared    buffers     cached
Mem:           15G       4.1G        11G       3.7M        39M       293M
-/+ buffers/cache:       3.8G        11G
Swap:         8.0G         0B       8.0G

             total       used       free     shared    buffers     cached
Mem:           15G       4.2G        11G       3.7M        39M       293M
-/+ buffers/cache:       3.8G        11G
Swap:         8.0G         0B       8.0G

             total       used       free     shared    buffers     cached
Mem:           15G       4.2G        11G       3.7M        39M       293M
-/+ buffers/cache:       3.8G        11G
Swap:         8.0G         0B       8.0G

             total       used       free     shared    buffers     cached
Mem:           15G       4.2G        11G       3.7M        39M       293M
-/+ buffers/cache:       3.9G        11G
Swap:         8.0G         0B       8.0G

             total       used       free     shared    buffers     cached
Mem:           15G       4.2G        11G       3.7M        39M       293M
-/+ buffers/cache:       3.9G        11G
Swap:         8.0G         0B       8.0G

             total       used       free     shared    buffers     cached
Mem:           15G       4.2G        11G       3.7M        39M       293M
-/+ buffers/cache:       3.9G        11G
Swap:         8.0G         0B       8.0G

             total       used       free     shared    buffers     cached
Mem:           15G       4.2G        11G       3.7M        39M       293M
-/+ buffers/cache:       3.9G        11G
Swap:         8.0G         0B       8.0G

             total       used       free     shared    buffers     cached
Mem:           15G       4.2G        11G       3.7M        39M       293M
-/+ buffers/cache:       3.9G        11G
Swap:         8.0G         0B       8.0G

             total       used       free     shared    buffers     cached
Mem:           15G       4.2G        11G       3.7M        39M       293M
-/+ buffers/cache:       3.9G        11G
Swap:         8.0G         0B       8.0G

             total       used       free     shared    buffers     cached
Mem:           15G       4.2G        11G       3.7M        39M       293M
-/+ buffers/cache:       3.9G        11G
Swap:         8.0G         0B       8.0G

             total       used       free     shared    buffers     cached
Mem:           15G       4.2G        11G       3.7M        39M       293M
-/+ buffers/cache:       3.9G        11G
Swap:         8.0G         0B       8.0G
