             total       used       free     shared    buffers     cached
Mem:           15G       690M        14G       3.7M        38M       290M
-/+ buffers/cache:       361M        15G
Swap:         8.0G         0B       8.0G

             total       used       free     shared    buffers     cached
Mem:           15G       689M        14G       1.8M        38M       289M
-/+ buffers/cache:       361M        15G
Swap:         8.0G         0B       8.0G

             total       used       free     shared    buffers     cached
Mem:           15G       689M        14G       1.9M        38M       289M
-/+ buffers/cache:       361M        15G
Swap:         8.0G         0B       8.0G

             total       used       free     shared    buffers     cached
Mem:           15G       689M        14G       1.9M        38M       289M
-/+ buffers/cache:       361M        15G
Swap:         8.0G         0B       8.0G

             total       used       free     shared    buffers     cached
Mem:           15G       689M        14G       1.9M        38M       289M
-/+ buffers/cache:       361M        15G
Swap:         8.0G         0B       8.0G

             total       used       free     shared    buffers     cached
Mem:           15G       689M        14G       1.9M        38M       289M
-/+ buffers/cache:       361M        15G
Swap:         8.0G         0B       8.0G

             total       used       free     shared    buffers     cached
Mem:           15G       689M        14G       1.9M        38M       289M
-/+ buffers/cache:       361M        15G
Swap:         8.0G         0B       8.0G

             total       used       free     shared    buffers     cached
Mem:           15G       688M        14G       1.9M        38M       289M
-/+ buffers/cache:       360M        15G
Swap:         8.0G         0B       8.0G

             total       used       free     shared    buffers     cached
Mem:           15G       688M        14G       1.9M        38M       289M
-/+ buffers/cache:       360M        15G
Swap:         8.0G         0B       8.0G

             total       used       free     shared    buffers     cached
Mem:           15G       691M        14G       1.9M        38M       289M
-/+ buffers/cache:       363M        15G
Swap:         8.0G         0B       8.0G

             total       used       free     shared    buffers     cached
Mem:           15G       699M        14G       1.9M        38M       289M
-/+ buffers/cache:       371M        15G
Swap:         8.0G         0B       8.0G

             total       used       free     shared    buffers     cached
Mem:           15G       719M        14G       1.9M        38M       289M
-/+ buffers/cache:       391M        15G
Swap:         8.0G         0B       8.0G

             total       used       free     shared    buffers     cached
Mem:           15G       698M        14G       1.9M        38M       290M
-/+ buffers/cache:       369M        15G
Swap:         8.0G         0B       8.0G

             total       used       free     shared    buffers     cached
Mem:           15G       705M        14G       1.9M        38M       290M
-/+ buffers/cache:       376M        15G
Swap:         8.0G         0B       8.0G

             total       used       free     shared    buffers     cached
Mem:           15G       698M        14G       1.9M        38M       290M
-/+ buffers/cache:       369M        15G
Swap:         8.0G         0B       8.0G

             total       used       free     shared    buffers     cached
Mem:           15G       698M        14G       1.9M        38M       290M
-/+ buffers/cache:       369M        15G
Swap:         8.0G         0B       8.0G

             total       used       free     shared    buffers     cached
Mem:           15G       698M        14G       1.9M        38M       290M
-/+ buffers/cache:       369M        15G
Swap:         8.0G         0B       8.0G

             total       used       free     shared    buffers     cached
Mem:           15G       698M        14G       1.9M        38M       290M
-/+ buffers/cache:       369M        15G
Swap:         8.0G         0B       8.0G

             total       used       free     shared    buffers     cached
Mem:           15G       698M        14G       1.9M        38M       290M
-/+ buffers/cache:       369M        15G
Swap:         8.0G         0B       8.0G

             total       used       free     shared    buffers     cached
Mem:           15G       698M        14G       1.9M        38M       290M
-/+ buffers/cache:       369M        15G
Swap:         8.0G         0B       8.0G

             total       used       free     shared    buffers     cached
Mem:           15G       698M        14G       1.9M        38M       290M
-/+ buffers/cache:       369M        15G
Swap:         8.0G         0B       8.0G

             total       used       free     shared    buffers     cached
Mem:           15G       698M        14G       1.9M        38M       290M
-/+ buffers/cache:       369M        15G
Swap:         8.0G         0B       8.0G

             total       used       free     shared    buffers     cached
Mem:           15G       698M        14G       1.9M        38M       290M
-/+ buffers/cache:       369M        15G
Swap:         8.0G         0B       8.0G

             total       used       free     shared    buffers     cached
Mem:           15G       698M        14G       1.9M        38M       290M
-/+ buffers/cache:       369M        15G
Swap:         8.0G         0B       8.0G

             total       used       free     shared    buffers     cached
Mem:           15G       698M        14G       1.9M        38M       290M
-/+ buffers/cache:       369M        15G
Swap:         8.0G         0B       8.0G

             total       used       free     shared    buffers     cached
Mem:           15G       698M        14G       1.9M        38M       290M
-/+ buffers/cache:       369M        15G
Swap:         8.0G         0B       8.0G

             total       used       free     shared    buffers     cached
Mem:           15G       698M        14G       1.9M        38M       290M
-/+ buffers/cache:       369M        15G
Swap:         8.0G         0B       8.0G

             total       used       free     shared    buffers     cached
Mem:           15G       698M        14G       1.9M        38M       290M
-/+ buffers/cache:       369M        15G
Swap:         8.0G         0B       8.0G

             total       used       free     shared    buffers     cached
Mem:           15G       698M        14G       1.9M        38M       290M
-/+ buffers/cache:       369M        15G
Swap:         8.0G         0B       8.0G

             total       used       free     shared    buffers     cached
Mem:           15G       698M        14G       1.9M        38M       290M
-/+ buffers/cache:       369M        15G
Swap:         8.0G         0B       8.0G

             total       used       free     shared    buffers     cached
Mem:           15G       698M        14G       1.9M        38M       290M
-/+ buffers/cache:       369M        15G
Swap:         8.0G         0B       8.0G

             total       used       free     shared    buffers     cached
Mem:           15G       698M        14G       1.9M        38M       290M
-/+ buffers/cache:       369M        15G
Swap:         8.0G         0B       8.0G

             total       used       free     shared    buffers     cached
Mem:           15G       698M        14G       1.9M        38M       290M
-/+ buffers/cache:       369M        15G
Swap:         8.0G         0B       8.0G

             total       used       free     shared    buffers     cached
Mem:           15G       705M        14G       1.9M        38M       290M
-/+ buffers/cache:       375M        15G
Swap:         8.0G         0B       8.0G

             total       used       free     shared    buffers     cached
Mem:           15G       722M        14G       1.9M        38M       290M
-/+ buffers/cache:       392M        15G
Swap:         8.0G         0B       8.0G

             total       used       free     shared    buffers     cached
Mem:           15G       740M        14G       1.9M        38M       290M
-/+ buffers/cache:       411M        15G
Swap:         8.0G         0B       8.0G

             total       used       free     shared    buffers     cached
Mem:           15G       755M        14G       1.9M        38M       290M
-/+ buffers/cache:       426M        15G
Swap:         8.0G         0B       8.0G

             total       used       free     shared    buffers     cached
Mem:           15G       772M        14G       1.9M        38M       290M
-/+ buffers/cache:       443M        15G
Swap:         8.0G         0B       8.0G

             total       used       free     shared    buffers     cached
Mem:           15G       788M        14G       1.9M        38M       290M
-/+ buffers/cache:       459M        15G
Swap:         8.0G         0B       8.0G

             total       used       free     shared    buffers     cached
Mem:           15G       804M        14G       1.9M        38M       290M
-/+ buffers/cache:       475M        15G
Swap:         8.0G         0B       8.0G

             total       used       free     shared    buffers     cached
Mem:           15G       818M        14G       1.9M        38M       290M
-/+ buffers/cache:       489M        15G
Swap:         8.0G         0B       8.0G

             total       used       free     shared    buffers     cached
Mem:           15G       836M        14G       1.9M        38M       290M
-/+ buffers/cache:       506M        15G
Swap:         8.0G         0B       8.0G

             total       used       free     shared    buffers     cached
Mem:           15G       853M        14G       1.9M        38M       290M
-/+ buffers/cache:       523M        15G
Swap:         8.0G         0B       8.0G

             total       used       free     shared    buffers     cached
Mem:           15G       870M        14G       1.9M        38M       290M
-/+ buffers/cache:       540M        15G
Swap:         8.0G         0B       8.0G

             total       used       free     shared    buffers     cached
Mem:           15G       886M        14G       1.9M        38M       290M
-/+ buffers/cache:       556M        15G
Swap:         8.0G         0B       8.0G

             total       used       free     shared    buffers     cached
Mem:           15G       903M        14G       1.9M        38M       290M
-/+ buffers/cache:       573M        15G
Swap:         8.0G         0B       8.0G

             total       used       free     shared    buffers     cached
Mem:           15G       918M        14G       1.9M        38M       290M
-/+ buffers/cache:       588M        15G
Swap:         8.0G         0B       8.0G

             total       used       free     shared    buffers     cached
Mem:           15G       933M        14G       1.9M        38M       290M
-/+ buffers/cache:       603M        15G
Swap:         8.0G         0B       8.0G

             total       used       free     shared    buffers     cached
Mem:           15G       949M        14G       1.9M        38M       290M
-/+ buffers/cache:       619M        15G
Swap:         8.0G         0B       8.0G

             total       used       free     shared    buffers     cached
Mem:           15G       965M        14G       1.9M        38M       290M
-/+ buffers/cache:       636M        15G
Swap:         8.0G         0B       8.0G

             total       used       free     shared    buffers     cached
Mem:           15G       981M        14G       1.9M        38M       290M
-/+ buffers/cache:       651M        15G
Swap:         8.0G         0B       8.0G

             total       used       free     shared    buffers     cached
Mem:           15G       996M        14G       1.9M        38M       290M
-/+ buffers/cache:       667M        15G
Swap:         8.0G         0B       8.0G

             total       used       free     shared    buffers     cached
Mem:           15G       1.0G        14G       1.9M        38M       290M
-/+ buffers/cache:       681M        15G
Swap:         8.0G         0B       8.0G

             total       used       free     shared    buffers     cached
Mem:           15G       1.0G        14G       1.9M        38M       290M
-/+ buffers/cache:       698M        14G
Swap:         8.0G         0B       8.0G

             total       used       free     shared    buffers     cached
Mem:           15G       1.0G        14G       1.9M        38M       290M
-/+ buffers/cache:       713M        14G
Swap:         8.0G         0B       8.0G

             total       used       free     shared    buffers     cached
Mem:           15G       1.0G        14G       1.9M        38M       290M
-/+ buffers/cache:       728M        14G
Swap:         8.0G         0B       8.0G

             total       used       free     shared    buffers     cached
Mem:           15G       1.0G        14G       1.9M        38M       290M
-/+ buffers/cache:       742M        14G
Swap:         8.0G         0B       8.0G

             total       used       free     shared    buffers     cached
Mem:           15G       1.1G        14G       1.9M        38M       290M
-/+ buffers/cache:       758M        14G
Swap:         8.0G         0B       8.0G

             total       used       free     shared    buffers     cached
Mem:           15G       1.1G        14G       1.9M        38M       290M
-/+ buffers/cache:       773M        14G
Swap:         8.0G         0B       8.0G

             total       used       free     shared    buffers     cached
Mem:           15G       1.1G        14G       1.9M        38M       290M
-/+ buffers/cache:       789M        14G
Swap:         8.0G         0B       8.0G

             total       used       free     shared    buffers     cached
Mem:           15G       1.1G        14G       1.9M        38M       290M
-/+ buffers/cache:       806M        14G
Swap:         8.0G         0B       8.0G

             total       used       free     shared    buffers     cached
Mem:           15G       1.1G        14G       1.9M        38M       290M
-/+ buffers/cache:       819M        14G
Swap:         8.0G         0B       8.0G

             total       used       free     shared    buffers     cached
Mem:           15G       1.1G        14G       1.9M        38M       290M
-/+ buffers/cache:       832M        14G
Swap:         8.0G         0B       8.0G

             total       used       free     shared    buffers     cached
Mem:           15G       1.2G        14G       1.9M        38M       290M
-/+ buffers/cache:       848M        14G
Swap:         8.0G         0B       8.0G

             total       used       free     shared    buffers     cached
Mem:           15G       1.2G        14G       1.9M        38M       290M
-/+ buffers/cache:       864M        14G
Swap:         8.0G         0B       8.0G

             total       used       free     shared    buffers     cached
Mem:           15G       1.2G        14G       1.9M        38M       290M
-/+ buffers/cache:       881M        14G
Swap:         8.0G         0B       8.0G

             total       used       free     shared    buffers     cached
Mem:           15G       1.2G        14G       1.9M        38M       290M
-/+ buffers/cache:       897M        14G
Swap:         8.0G         0B       8.0G

             total       used       free     shared    buffers     cached
Mem:           15G       1.2G        14G       1.9M        38M       290M
-/+ buffers/cache:       913M        14G
Swap:         8.0G         0B       8.0G

             total       used       free     shared    buffers     cached
Mem:           15G       1.2G        14G       1.9M        38M       290M
-/+ buffers/cache:       929M        14G
Swap:         8.0G         0B       8.0G

             total       used       free     shared    buffers     cached
Mem:           15G       1.2G        14G       1.9M        38M       290M
-/+ buffers/cache:       947M        14G
Swap:         8.0G         0B       8.0G

             total       used       free     shared    buffers     cached
Mem:           15G       1.3G        14G       1.9M        38M       290M
-/+ buffers/cache:       964M        14G
Swap:         8.0G         0B       8.0G

             total       used       free     shared    buffers     cached
Mem:           15G       1.3G        14G       1.9M        38M       290M
-/+ buffers/cache:       980M        14G
Swap:         8.0G         0B       8.0G

             total       used       free     shared    buffers     cached
Mem:           15G       1.3G        14G       1.9M        38M       290M
-/+ buffers/cache:       996M        14G
Swap:         8.0G         0B       8.0G

             total       used       free     shared    buffers     cached
Mem:           15G       1.3G        14G       1.9M        38M       290M
-/+ buffers/cache:       1.0G        14G
Swap:         8.0G         0B       8.0G

             total       used       free     shared    buffers     cached
Mem:           15G       1.3G        14G       1.9M        38M       290M
-/+ buffers/cache:       1.0G        14G
Swap:         8.0G         0B       8.0G

             total       used       free     shared    buffers     cached
Mem:           15G       1.3G        14G       1.9M        38M       290M
-/+ buffers/cache:       1.0G        14G
Swap:         8.0G         0B       8.0G

             total       used       free     shared    buffers     cached
Mem:           15G       1.4G        14G       1.9M        38M       290M
-/+ buffers/cache:       1.0G        14G
Swap:         8.0G         0B       8.0G

             total       used       free     shared    buffers     cached
Mem:           15G       1.4G        14G       1.9M        38M       290M
-/+ buffers/cache:       1.1G        14G
Swap:         8.0G         0B       8.0G

             total       used       free     shared    buffers     cached
Mem:           15G       1.4G        14G       1.9M        38M       290M
-/+ buffers/cache:       1.1G        14G
Swap:         8.0G         0B       8.0G

             total       used       free     shared    buffers     cached
Mem:           15G       1.4G        14G       1.9M        38M       290M
-/+ buffers/cache:       1.1G        14G
Swap:         8.0G         0B       8.0G

             total       used       free     shared    buffers     cached
Mem:           15G       1.4G        14G       1.9M        38M       290M
-/+ buffers/cache:       1.1G        14G
Swap:         8.0G         0B       8.0G

             total       used       free     shared    buffers     cached
Mem:           15G       1.4G        14G       1.9M        38M       290M
-/+ buffers/cache:       1.1G        14G
Swap:         8.0G         0B       8.0G

             total       used       free     shared    buffers     cached
Mem:           15G       1.5G        14G       1.9M        38M       290M
-/+ buffers/cache:       1.1G        14G
Swap:         8.0G         0B       8.0G

             total       used       free     shared    buffers     cached
Mem:           15G       1.5G        14G       1.9M        38M       290M
-/+ buffers/cache:       1.1G        14G
Swap:         8.0G         0B       8.0G

             total       used       free     shared    buffers     cached
Mem:           15G       1.5G        14G       1.9M        38M       290M
-/+ buffers/cache:       1.2G        14G
Swap:         8.0G         0B       8.0G

             total       used       free     shared    buffers     cached
Mem:           15G       1.5G        14G       1.9M        38M       290M
-/+ buffers/cache:       1.2G        14G
Swap:         8.0G         0B       8.0G

             total       used       free     shared    buffers     cached
Mem:           15G       1.5G        14G       1.9M        38M       290M
-/+ buffers/cache:       1.2G        14G
Swap:         8.0G         0B       8.0G

             total       used       free     shared    buffers     cached
Mem:           15G       1.5G        14G       1.9M        38M       290M
-/+ buffers/cache:       1.2G        14G
Swap:         8.0G         0B       8.0G

             total       used       free     shared    buffers     cached
Mem:           15G       1.5G        14G       1.9M        38M       290M
-/+ buffers/cache:       1.2G        14G
Swap:         8.0G         0B       8.0G

             total       used       free     shared    buffers     cached
Mem:           15G       1.6G        14G       1.9M        38M       290M
-/+ buffers/cache:       1.2G        14G
Swap:         8.0G         0B       8.0G

             total       used       free     shared    buffers     cached
Mem:           15G       1.6G        14G       1.9M        38M       290M
-/+ buffers/cache:       1.2G        14G
Swap:         8.0G         0B       8.0G

             total       used       free     shared    buffers     cached
Mem:           15G       1.6G        14G       1.9M        38M       290M
-/+ buffers/cache:       1.3G        14G
Swap:         8.0G         0B       8.0G

             total       used       free     shared    buffers     cached
Mem:           15G       1.6G        14G       1.9M        38M       290M
-/+ buffers/cache:       1.3G        14G
Swap:         8.0G         0B       8.0G

             total       used       free     shared    buffers     cached
Mem:           15G       1.6G        14G       1.9M        38M       290M
-/+ buffers/cache:       1.3G        14G
Swap:         8.0G         0B       8.0G

             total       used       free     shared    buffers     cached
Mem:           15G       1.6G        14G       1.9M        38M       290M
-/+ buffers/cache:       1.3G        14G
Swap:         8.0G         0B       8.0G

             total       used       free     shared    buffers     cached
Mem:           15G       1.6G        14G       1.9M        38M       290M
-/+ buffers/cache:       1.3G        14G
Swap:         8.0G         0B       8.0G

             total       used       free     shared    buffers     cached
Mem:           15G       1.7G        14G       1.9M        38M       290M
-/+ buffers/cache:       1.3G        14G
Swap:         8.0G         0B       8.0G

             total       used       free     shared    buffers     cached
Mem:           15G       1.7G        13G       1.9M        38M       290M
-/+ buffers/cache:       1.4G        14G
Swap:         8.0G         0B       8.0G

             total       used       free     shared    buffers     cached
Mem:           15G       1.7G        13G       1.9M        38M       290M
-/+ buffers/cache:       1.4G        14G
Swap:         8.0G         0B       8.0G

             total       used       free     shared    buffers     cached
Mem:           15G       1.7G        13G       1.9M        38M       290M
-/+ buffers/cache:       1.4G        14G
Swap:         8.0G         0B       8.0G

             total       used       free     shared    buffers     cached
Mem:           15G       1.7G        13G       1.9M        38M       290M
-/+ buffers/cache:       1.4G        14G
Swap:         8.0G         0B       8.0G

             total       used       free     shared    buffers     cached
Mem:           15G       1.7G        13G       1.9M        38M       290M
-/+ buffers/cache:       1.4G        14G
Swap:         8.0G         0B       8.0G

             total       used       free     shared    buffers     cached
Mem:           15G       1.8G        13G       1.9M        38M       290M
-/+ buffers/cache:       1.4G        14G
Swap:         8.0G         0B       8.0G

             total       used       free     shared    buffers     cached
Mem:           15G       1.8G        13G       1.9M        38M       290M
-/+ buffers/cache:       1.4G        14G
Swap:         8.0G         0B       8.0G

             total       used       free     shared    buffers     cached
Mem:           15G       1.8G        13G       1.9M        38M       290M
-/+ buffers/cache:       1.5G        14G
Swap:         8.0G         0B       8.0G

             total       used       free     shared    buffers     cached
Mem:           15G       1.8G        13G       1.9M        38M       290M
-/+ buffers/cache:       1.5G        14G
Swap:         8.0G         0B       8.0G

             total       used       free     shared    buffers     cached
Mem:           15G       1.8G        13G       1.9M        38M       290M
-/+ buffers/cache:       1.5G        14G
Swap:         8.0G         0B       8.0G

             total       used       free     shared    buffers     cached
Mem:           15G       1.8G        13G       1.9M        38M       290M
-/+ buffers/cache:       1.5G        14G
Swap:         8.0G         0B       8.0G

             total       used       free     shared    buffers     cached
Mem:           15G       1.9G        13G       1.9M        38M       290M
-/+ buffers/cache:       1.5G        14G
Swap:         8.0G         0B       8.0G

             total       used       free     shared    buffers     cached
Mem:           15G       1.9G        13G       1.9M        38M       290M
-/+ buffers/cache:       1.5G        14G
Swap:         8.0G         0B       8.0G

             total       used       free     shared    buffers     cached
Mem:           15G       1.9G        13G       1.9M        38M       290M
-/+ buffers/cache:       1.6G        14G
Swap:         8.0G         0B       8.0G

             total       used       free     shared    buffers     cached
Mem:           15G       1.9G        13G       1.9M        38M       290M
-/+ buffers/cache:       1.6G        14G
Swap:         8.0G         0B       8.0G

             total       used       free     shared    buffers     cached
Mem:           15G       1.9G        13G       1.9M        38M       290M
-/+ buffers/cache:       1.6G        14G
Swap:         8.0G         0B       8.0G

             total       used       free     shared    buffers     cached
Mem:           15G       1.9G        13G       1.9M        38M       290M
-/+ buffers/cache:       1.6G        14G
Swap:         8.0G         0B       8.0G

             total       used       free     shared    buffers     cached
Mem:           15G       1.9G        13G       1.9M        38M       290M
-/+ buffers/cache:       1.6G        14G
Swap:         8.0G         0B       8.0G

             total       used       free     shared    buffers     cached
Mem:           15G       2.0G        13G       1.9M        38M       290M
-/+ buffers/cache:       1.6G        14G
Swap:         8.0G         0B       8.0G

             total       used       free     shared    buffers     cached
Mem:           15G       2.0G        13G       1.9M        38M       290M
-/+ buffers/cache:       1.6G        14G
Swap:         8.0G         0B       8.0G

             total       used       free     shared    buffers     cached
Mem:           15G       2.0G        13G       1.9M        38M       290M
-/+ buffers/cache:       1.7G        14G
Swap:         8.0G         0B       8.0G

             total       used       free     shared    buffers     cached
Mem:           15G       2.0G        13G       1.9M        38M       290M
-/+ buffers/cache:       1.7G        13G
Swap:         8.0G         0B       8.0G

             total       used       free     shared    buffers     cached
Mem:           15G       2.0G        13G       1.9M        38M       290M
-/+ buffers/cache:       1.7G        13G
Swap:         8.0G         0B       8.0G

             total       used       free     shared    buffers     cached
Mem:           15G       2.0G        13G       1.9M        38M       290M
-/+ buffers/cache:       1.7G        13G
Swap:         8.0G         0B       8.0G

             total       used       free     shared    buffers     cached
Mem:           15G       2.0G        13G       1.9M        38M       290M
-/+ buffers/cache:       1.7G        13G
Swap:         8.0G         0B       8.0G

             total       used       free     shared    buffers     cached
Mem:           15G       2.1G        13G       1.9M        38M       290M
-/+ buffers/cache:       1.7G        13G
Swap:         8.0G         0B       8.0G

             total       used       free     shared    buffers     cached
Mem:           15G       2.1G        13G       1.9M        38M       290M
-/+ buffers/cache:       1.8G        13G
Swap:         8.0G         0B       8.0G

             total       used       free     shared    buffers     cached
Mem:           15G       2.1G        13G       1.9M        38M       290M
-/+ buffers/cache:       1.8G        13G
Swap:         8.0G         0B       8.0G

             total       used       free     shared    buffers     cached
Mem:           15G       2.1G        13G       1.9M        38M       290M
-/+ buffers/cache:       1.8G        13G
Swap:         8.0G         0B       8.0G

             total       used       free     shared    buffers     cached
Mem:           15G       2.1G        13G       1.9M        38M       290M
-/+ buffers/cache:       1.8G        13G
Swap:         8.0G         0B       8.0G

             total       used       free     shared    buffers     cached
Mem:           15G       2.1G        13G       1.9M        38M       290M
-/+ buffers/cache:       1.8G        13G
Swap:         8.0G         0B       8.0G

             total       used       free     shared    buffers     cached
Mem:           15G       2.2G        13G       1.9M        38M       290M
-/+ buffers/cache:       1.8G        13G
Swap:         8.0G         0B       8.0G

             total       used       free     shared    buffers     cached
Mem:           15G       2.2G        13G       1.9M        38M       290M
-/+ buffers/cache:       1.9G        13G
Swap:         8.0G         0B       8.0G

             total       used       free     shared    buffers     cached
Mem:           15G       2.2G        13G       1.9M        38M       290M
-/+ buffers/cache:       1.9G        13G
Swap:         8.0G         0B       8.0G

             total       used       free     shared    buffers     cached
Mem:           15G       2.2G        13G       1.9M        38M       290M
-/+ buffers/cache:       1.9G        13G
Swap:         8.0G         0B       8.0G

             total       used       free     shared    buffers     cached
Mem:           15G       2.2G        13G       1.9M        38M       290M
-/+ buffers/cache:       1.9G        13G
Swap:         8.0G         0B       8.0G

             total       used       free     shared    buffers     cached
Mem:           15G       2.2G        13G       1.9M        38M       290M
-/+ buffers/cache:       1.9G        13G
Swap:         8.0G         0B       8.0G

             total       used       free     shared    buffers     cached
Mem:           15G       2.2G        13G       1.9M        38M       290M
-/+ buffers/cache:       1.9G        13G
Swap:         8.0G         0B       8.0G

             total       used       free     shared    buffers     cached
Mem:           15G       2.3G        13G       1.9M        38M       290M
-/+ buffers/cache:       1.9G        13G
Swap:         8.0G         0B       8.0G

             total       used       free     shared    buffers     cached
Mem:           15G       2.3G        13G       1.9M        38M       290M
-/+ buffers/cache:       2.0G        13G
Swap:         8.0G         0B       8.0G

             total       used       free     shared    buffers     cached
Mem:           15G       2.3G        13G       1.9M        38M       290M
-/+ buffers/cache:       2.0G        13G
Swap:         8.0G         0B       8.0G

             total       used       free     shared    buffers     cached
Mem:           15G       2.3G        13G       1.9M        38M       290M
-/+ buffers/cache:       2.0G        13G
Swap:         8.0G         0B       8.0G

             total       used       free     shared    buffers     cached
Mem:           15G       2.3G        13G       1.9M        38M       290M
-/+ buffers/cache:       2.0G        13G
Swap:         8.0G         0B       8.0G

             total       used       free     shared    buffers     cached
Mem:           15G       2.3G        13G       1.9M        38M       290M
-/+ buffers/cache:       2.0G        13G
Swap:         8.0G         0B       8.0G

             total       used       free     shared    buffers     cached
Mem:           15G       2.4G        13G       1.9M        38M       290M
-/+ buffers/cache:       2.0G        13G
Swap:         8.0G         0B       8.0G

             total       used       free     shared    buffers     cached
Mem:           15G       2.4G        13G       1.9M        38M       291M
-/+ buffers/cache:       2.0G        13G
Swap:         8.0G         0B       8.0G

             total       used       free     shared    buffers     cached
Mem:           15G       2.4G        13G       1.9M        38M       291M
-/+ buffers/cache:       2.1G        13G
Swap:         8.0G         0B       8.0G

             total       used       free     shared    buffers     cached
Mem:           15G       2.4G        13G       1.9M        38M       291M
-/+ buffers/cache:       2.1G        13G
Swap:         8.0G         0B       8.0G

             total       used       free     shared    buffers     cached
Mem:           15G       2.4G        13G       1.9M        38M       291M
-/+ buffers/cache:       2.1G        13G
Swap:         8.0G         0B       8.0G

             total       used       free     shared    buffers     cached
Mem:           15G       2.4G        13G       1.9M        38M       291M
-/+ buffers/cache:       2.1G        13G
Swap:         8.0G         0B       8.0G

             total       used       free     shared    buffers     cached
Mem:           15G       2.4G        13G       1.9M        38M       291M
-/+ buffers/cache:       2.1G        13G
Swap:         8.0G         0B       8.0G

             total       used       free     shared    buffers     cached
Mem:           15G       2.4G        13G       1.9M        38M       291M
-/+ buffers/cache:       2.1G        13G
Swap:         8.0G         0B       8.0G

             total       used       free     shared    buffers     cached
Mem:           15G       2.5G        13G       1.9M        38M       291M
-/+ buffers/cache:       2.1G        13G
Swap:         8.0G         0B       8.0G

             total       used       free     shared    buffers     cached
Mem:           15G       2.5G        13G       1.9M        38M       291M
-/+ buffers/cache:       2.1G        13G
Swap:         8.0G         0B       8.0G

             total       used       free     shared    buffers     cached
Mem:           15G       2.5G        13G       1.9M        38M       291M
-/+ buffers/cache:       2.2G        13G
Swap:         8.0G         0B       8.0G

             total       used       free     shared    buffers     cached
Mem:           15G       2.5G        13G       1.9M        38M       290M
-/+ buffers/cache:       2.2G        13G
Swap:         8.0G         0B       8.0G

             total       used       free     shared    buffers     cached
Mem:           15G       2.5G        13G       1.9M        38M       291M
-/+ buffers/cache:       2.2G        13G
Swap:         8.0G         0B       8.0G

             total       used       free     shared    buffers     cached
Mem:           15G       2.5G        13G       1.9M        38M       291M
-/+ buffers/cache:       2.2G        13G
Swap:         8.0G         0B       8.0G

             total       used       free     shared    buffers     cached
Mem:           15G       2.5G        13G       1.9M        38M       291M
-/+ buffers/cache:       2.2G        13G
Swap:         8.0G         0B       8.0G

             total       used       free     shared    buffers     cached
Mem:           15G       2.6G        13G       1.9M        38M       291M
-/+ buffers/cache:       2.2G        13G
Swap:         8.0G         0B       8.0G

             total       used       free     shared    buffers     cached
Mem:           15G       2.6G        13G       1.9M        38M       290M
-/+ buffers/cache:       2.2G        13G
Swap:         8.0G         0B       8.0G

             total       used       free     shared    buffers     cached
Mem:           15G       2.6G        13G       1.9M        38M       291M
-/+ buffers/cache:       2.3G        13G
Swap:         8.0G         0B       8.0G

             total       used       free     shared    buffers     cached
Mem:           15G       2.6G        13G       1.9M        38M       291M
-/+ buffers/cache:       2.3G        13G
Swap:         8.0G         0B       8.0G

             total       used       free     shared    buffers     cached
Mem:           15G       2.6G        13G       1.9M        38M       291M
-/+ buffers/cache:       2.3G        13G
Swap:         8.0G         0B       8.0G

             total       used       free     shared    buffers     cached
Mem:           15G       2.6G        13G       1.9M        38M       291M
-/+ buffers/cache:       2.3G        13G
Swap:         8.0G         0B       8.0G

             total       used       free     shared    buffers     cached
Mem:           15G       2.6G        13G       1.9M        38M       291M
-/+ buffers/cache:       2.3G        13G
Swap:         8.0G         0B       8.0G

             total       used       free     shared    buffers     cached
Mem:           15G       2.7G        13G       1.9M        38M       291M
-/+ buffers/cache:       2.3G        13G
Swap:         8.0G         0B       8.0G

             total       used       free     shared    buffers     cached
Mem:           15G       2.7G        12G       1.9M        38M       291M
-/+ buffers/cache:       2.4G        13G
Swap:         8.0G         0B       8.0G

             total       used       free     shared    buffers     cached
Mem:           15G       2.7G        12G       1.9M        38M       291M
-/+ buffers/cache:       2.4G        13G
Swap:         8.0G         0B       8.0G

             total       used       free     shared    buffers     cached
Mem:           15G       2.7G        12G       1.9M        38M       291M
-/+ buffers/cache:       2.4G        13G
Swap:         8.0G         0B       8.0G

             total       used       free     shared    buffers     cached
Mem:           15G       2.7G        12G       1.9M        38M       291M
-/+ buffers/cache:       2.4G        13G
Swap:         8.0G         0B       8.0G

             total       used       free     shared    buffers     cached
Mem:           15G       2.7G        12G       1.9M        38M       290M
-/+ buffers/cache:       2.4G        13G
Swap:         8.0G         0B       8.0G

             total       used       free     shared    buffers     cached
Mem:           15G       2.7G        12G       1.9M        38M       290M
-/+ buffers/cache:       2.4G        13G
Swap:         8.0G         0B       8.0G

             total       used       free     shared    buffers     cached
Mem:           15G       2.7G        12G       1.9M        38M       291M
-/+ buffers/cache:       2.4G        13G
Swap:         8.0G         0B       8.0G

             total       used       free     shared    buffers     cached
Mem:           15G       2.7G        12G       1.9M        38M       290M
-/+ buffers/cache:       2.4G        13G
Swap:         8.0G         0B       8.0G

             total       used       free     shared    buffers     cached
Mem:           15G       2.7G        12G       1.9M        38M       290M
-/+ buffers/cache:       2.4G        13G
Swap:         8.0G         0B       8.0G

             total       used       free     shared    buffers     cached
Mem:           15G       2.7G        12G       1.9M        38M       290M
-/+ buffers/cache:       2.4G        13G
Swap:         8.0G         0B       8.0G

             total       used       free     shared    buffers     cached
Mem:           15G       2.8G        12G       1.9M        38M       290M
-/+ buffers/cache:       2.4G        13G
Swap:         8.0G         0B       8.0G

             total       used       free     shared    buffers     cached
Mem:           15G       2.8G        12G       1.9M        38M       290M
-/+ buffers/cache:       2.5G        13G
Swap:         8.0G         0B       8.0G

             total       used       free     shared    buffers     cached
Mem:           15G       2.8G        12G       1.9M        38M       290M
-/+ buffers/cache:       2.5G        13G
Swap:         8.0G         0B       8.0G

             total       used       free     shared    buffers     cached
Mem:           15G       2.8G        12G       1.9M        38M       290M
-/+ buffers/cache:       2.5G        13G
Swap:         8.0G         0B       8.0G

             total       used       free     shared    buffers     cached
Mem:           15G       2.8G        12G       1.9M        38M       290M
-/+ buffers/cache:       2.5G        13G
Swap:         8.0G         0B       8.0G

             total       used       free     shared    buffers     cached
Mem:           15G       2.8G        12G       1.9M        38M       290M
-/+ buffers/cache:       2.5G        13G
Swap:         8.0G         0B       8.0G

             total       used       free     shared    buffers     cached
Mem:           15G       2.8G        12G       1.9M        38M       290M
-/+ buffers/cache:       2.5G        13G
Swap:         8.0G         0B       8.0G

             total       used       free     shared    buffers     cached
Mem:           15G       2.8G        12G       1.9M        38M       290M
-/+ buffers/cache:       2.5G        13G
Swap:         8.0G         0B       8.0G

             total       used       free     shared    buffers     cached
Mem:           15G       2.9G        12G       1.9M        38M       290M
-/+ buffers/cache:       2.5G        13G
Swap:         8.0G         0B       8.0G

             total       used       free     shared    buffers     cached
Mem:           15G       2.9G        12G       1.9M        38M       290M
-/+ buffers/cache:       2.6G        13G
Swap:         8.0G         0B       8.0G

             total       used       free     shared    buffers     cached
Mem:           15G       2.9G        12G       1.9M        38M       290M
-/+ buffers/cache:       2.6G        13G
Swap:         8.0G         0B       8.0G

             total       used       free     shared    buffers     cached
Mem:           15G       2.9G        12G       1.9M        38M       290M
-/+ buffers/cache:       2.6G        13G
Swap:         8.0G         0B       8.0G

             total       used       free     shared    buffers     cached
Mem:           15G       2.9G        12G       1.9M        38M       290M
-/+ buffers/cache:       2.6G        13G
Swap:         8.0G         0B       8.0G

             total       used       free     shared    buffers     cached
Mem:           15G       2.9G        12G       1.9M        38M       290M
-/+ buffers/cache:       2.6G        13G
Swap:         8.0G         0B       8.0G

             total       used       free     shared    buffers     cached
Mem:           15G       2.9G        12G       1.9M        38M       290M
-/+ buffers/cache:       2.6G        13G
Swap:         8.0G         0B       8.0G

             total       used       free     shared    buffers     cached
Mem:           15G       2.9G        12G       1.9M        38M       290M
-/+ buffers/cache:       2.6G        13G
Swap:         8.0G         0B       8.0G

             total       used       free     shared    buffers     cached
Mem:           15G       3.0G        12G       1.9M        38M       290M
-/+ buffers/cache:       2.6G        13G
Swap:         8.0G         0B       8.0G

             total       used       free     shared    buffers     cached
Mem:           15G       3.0G        12G       1.9M        38M       290M
-/+ buffers/cache:       2.6G        13G
Swap:         8.0G         0B       8.0G

             total       used       free     shared    buffers     cached
Mem:           15G       3.0G        12G       1.9M        38M       290M
-/+ buffers/cache:       2.7G        13G
Swap:         8.0G         0B       8.0G

             total       used       free     shared    buffers     cached
Mem:           15G       3.0G        12G       1.9M        38M       290M
-/+ buffers/cache:       2.7G        12G
Swap:         8.0G         0B       8.0G

             total       used       free     shared    buffers     cached
Mem:           15G       3.0G        12G       1.9M        38M       290M
-/+ buffers/cache:       2.7G        12G
Swap:         8.0G         0B       8.0G

             total       used       free     shared    buffers     cached
Mem:           15G       3.0G        12G       1.9M        38M       290M
-/+ buffers/cache:       2.7G        12G
Swap:         8.0G         0B       8.0G

             total       used       free     shared    buffers     cached
Mem:           15G       3.0G        12G       1.9M        38M       290M
-/+ buffers/cache:       2.7G        12G
Swap:         8.0G         0B       8.0G

             total       used       free     shared    buffers     cached
Mem:           15G       3.0G        12G       1.9M        38M       290M
-/+ buffers/cache:       2.7G        12G
Swap:         8.0G         0B       8.0G

             total       used       free     shared    buffers     cached
Mem:           15G       3.1G        12G       1.9M        38M       290M
-/+ buffers/cache:       2.7G        12G
Swap:         8.0G         0B       8.0G

             total       used       free     shared    buffers     cached
Mem:           15G       3.1G        12G       1.9M        38M       290M
-/+ buffers/cache:       2.7G        12G
Swap:         8.0G         0B       8.0G

             total       used       free     shared    buffers     cached
Mem:           15G       3.1G        12G       1.9M        38M       290M
-/+ buffers/cache:       2.8G        12G
Swap:         8.0G         0B       8.0G

             total       used       free     shared    buffers     cached
Mem:           15G       3.1G        12G       1.9M        38M       290M
-/+ buffers/cache:       2.8G        12G
Swap:         8.0G         0B       8.0G

             total       used       free     shared    buffers     cached
Mem:           15G       3.1G        12G       1.9M        38M       290M
-/+ buffers/cache:       2.8G        12G
Swap:         8.0G         0B       8.0G

             total       used       free     shared    buffers     cached
Mem:           15G       3.1G        12G       1.9M        38M       290M
-/+ buffers/cache:       2.8G        12G
Swap:         8.0G         0B       8.0G

             total       used       free     shared    buffers     cached
Mem:           15G       3.1G        12G       1.9M        38M       290M
-/+ buffers/cache:       2.8G        12G
Swap:         8.0G         0B       8.0G

             total       used       free     shared    buffers     cached
Mem:           15G       3.1G        12G       1.9M        38M       290M
-/+ buffers/cache:       2.8G        12G
Swap:         8.0G         0B       8.0G

             total       used       free     shared    buffers     cached
Mem:           15G       3.2G        12G       1.9M        38M       290M
-/+ buffers/cache:       2.8G        12G
Swap:         8.0G         0B       8.0G

             total       used       free     shared    buffers     cached
Mem:           15G       3.2G        12G       1.9M        38M       290M
-/+ buffers/cache:       2.8G        12G
Swap:         8.0G         0B       8.0G

             total       used       free     shared    buffers     cached
Mem:           15G       3.2G        12G       1.9M        38M       290M
-/+ buffers/cache:       2.9G        12G
Swap:         8.0G         0B       8.0G

             total       used       free     shared    buffers     cached
Mem:           15G       3.2G        12G       1.9M        38M       290M
-/+ buffers/cache:       2.9G        12G
Swap:         8.0G         0B       8.0G

             total       used       free     shared    buffers     cached
Mem:           15G       3.2G        12G       1.9M        38M       290M
-/+ buffers/cache:       2.9G        12G
Swap:         8.0G         0B       8.0G

             total       used       free     shared    buffers     cached
Mem:           15G       3.2G        12G       1.9M        39M       290M
-/+ buffers/cache:       2.9G        12G
Swap:         8.0G         0B       8.0G

             total       used       free     shared    buffers     cached
Mem:           15G       3.2G        12G       1.9M        39M       290M
-/+ buffers/cache:       2.9G        12G
Swap:         8.0G         0B       8.0G

             total       used       free     shared    buffers     cached
Mem:           15G       3.2G        12G       1.9M        39M       290M
-/+ buffers/cache:       2.9G        12G
Swap:         8.0G         0B       8.0G

             total       used       free     shared    buffers     cached
Mem:           15G       3.3G        12G       1.9M        39M       290M
-/+ buffers/cache:       2.9G        12G
Swap:         8.0G         0B       8.0G

             total       used       free     shared    buffers     cached
Mem:           15G       3.3G        12G       1.9M        39M       290M
-/+ buffers/cache:       2.9G        12G
Swap:         8.0G         0B       8.0G

             total       used       free     shared    buffers     cached
Mem:           15G       3.3G        12G       1.9M        39M       290M
-/+ buffers/cache:       3.0G        12G
Swap:         8.0G         0B       8.0G

             total       used       free     shared    buffers     cached
Mem:           15G       3.3G        12G       1.9M        39M       290M
-/+ buffers/cache:       3.0G        12G
Swap:         8.0G         0B       8.0G

             total       used       free     shared    buffers     cached
Mem:           15G       3.3G        12G       1.9M        39M       290M
-/+ buffers/cache:       3.0G        12G
Swap:         8.0G         0B       8.0G

             total       used       free     shared    buffers     cached
Mem:           15G       3.3G        12G       1.9M        39M       290M
-/+ buffers/cache:       3.0G        12G
Swap:         8.0G         0B       8.0G

             total       used       free     shared    buffers     cached
Mem:           15G       3.3G        12G       1.9M        39M       290M
-/+ buffers/cache:       3.0G        12G
Swap:         8.0G         0B       8.0G

             total       used       free     shared    buffers     cached
Mem:           15G       3.3G        12G       1.9M        39M       290M
-/+ buffers/cache:       3.0G        12G
Swap:         8.0G         0B       8.0G

             total       used       free     shared    buffers     cached
Mem:           15G       3.3G        12G       1.9M        39M       290M
-/+ buffers/cache:       3.0G        12G
Swap:         8.0G         0B       8.0G

             total       used       free     shared    buffers     cached
Mem:           15G       3.4G        12G       1.9M        39M       291M
-/+ buffers/cache:       3.0G        12G
Swap:         8.0G         0B       8.0G

             total       used       free     shared    buffers     cached
Mem:           15G       3.4G        12G       1.9M        39M       291M
-/+ buffers/cache:       3.1G        12G
Swap:         8.0G         0B       8.0G

             total       used       free     shared    buffers     cached
Mem:           15G       3.4G        12G       1.9M        39M       291M
-/+ buffers/cache:       3.1G        12G
Swap:         8.0G         0B       8.0G

             total       used       free     shared    buffers     cached
Mem:           15G       3.4G        12G       1.9M        39M       291M
-/+ buffers/cache:       3.1G        12G
Swap:         8.0G         0B       8.0G

             total       used       free     shared    buffers     cached
Mem:           15G       3.4G        12G       1.9M        39M       291M
-/+ buffers/cache:       3.1G        12G
Swap:         8.0G         0B       8.0G

             total       used       free     shared    buffers     cached
Mem:           15G       3.4G        12G       1.9M        39M       291M
-/+ buffers/cache:       3.1G        12G
Swap:         8.0G         0B       8.0G

             total       used       free     shared    buffers     cached
Mem:           15G       3.4G        12G       1.9M        39M       291M
-/+ buffers/cache:       3.1G        12G
Swap:         8.0G         0B       8.0G

             total       used       free     shared    buffers     cached
Mem:           15G       3.5G        12G       1.9M        39M       291M
-/+ buffers/cache:       3.1G        12G
Swap:         8.0G         0B       8.0G

             total       used       free     shared    buffers     cached
Mem:           15G       3.5G        12G       1.9M        39M       291M
-/+ buffers/cache:       3.1G        12G
Swap:         8.0G         0B       8.0G

             total       used       free     shared    buffers     cached
Mem:           15G       3.5G        12G       1.9M        39M       291M
-/+ buffers/cache:       3.2G        12G
Swap:         8.0G         0B       8.0G

             total       used       free     shared    buffers     cached
Mem:           15G       3.5G        12G       1.9M        39M       291M
-/+ buffers/cache:       3.2G        12G
Swap:         8.0G         0B       8.0G

             total       used       free     shared    buffers     cached
Mem:           15G       3.5G        12G       1.9M        39M       291M
-/+ buffers/cache:       3.2G        12G
Swap:         8.0G         0B       8.0G

             total       used       free     shared    buffers     cached
Mem:           15G       3.5G        12G       1.9M        39M       291M
-/+ buffers/cache:       3.2G        12G
Swap:         8.0G         0B       8.0G

             total       used       free     shared    buffers     cached
Mem:           15G       3.5G        12G       1.9M        39M       291M
-/+ buffers/cache:       3.2G        12G
Swap:         8.0G         0B       8.0G

             total       used       free     shared    buffers     cached
Mem:           15G       3.5G        12G       1.9M        39M       291M
-/+ buffers/cache:       3.2G        12G
Swap:         8.0G         0B       8.0G

             total       used       free     shared    buffers     cached
Mem:           15G       3.6G        12G       1.9M        39M       291M
-/+ buffers/cache:       3.2G        12G
Swap:         8.0G         0B       8.0G

             total       used       free     shared    buffers     cached
Mem:           15G       3.6G        12G       1.9M        39M       291M
-/+ buffers/cache:       3.2G        12G
Swap:         8.0G         0B       8.0G

             total       used       free     shared    buffers     cached
Mem:           15G       3.6G        12G       1.9M        39M       291M
-/+ buffers/cache:       3.3G        12G
Swap:         8.0G         0B       8.0G

             total       used       free     shared    buffers     cached
Mem:           15G       3.6G        12G       1.9M        39M       291M
-/+ buffers/cache:       3.3G        12G
Swap:         8.0G         0B       8.0G

             total       used       free     shared    buffers     cached
Mem:           15G       3.6G        12G       1.9M        39M       291M
-/+ buffers/cache:       3.3G        12G
Swap:         8.0G         0B       8.0G

             total       used       free     shared    buffers     cached
Mem:           15G       3.6G        12G       1.9M        39M       291M
-/+ buffers/cache:       3.3G        12G
Swap:         8.0G         0B       8.0G

             total       used       free     shared    buffers     cached
Mem:           15G       3.6G        12G       1.9M        39M       291M
-/+ buffers/cache:       3.3G        12G
Swap:         8.0G         0B       8.0G

             total       used       free     shared    buffers     cached
Mem:           15G       3.6G        12G       1.9M        39M       291M
-/+ buffers/cache:       3.3G        12G
Swap:         8.0G         0B       8.0G

             total       used       free     shared    buffers     cached
Mem:           15G       3.7G        12G       1.9M        39M       291M
-/+ buffers/cache:       3.3G        12G
Swap:         8.0G         0B       8.0G

             total       used       free     shared    buffers     cached
Mem:           15G       3.7G        12G       1.9M        39M       291M
-/+ buffers/cache:       3.3G        12G
Swap:         8.0G         0B       8.0G

             total       used       free     shared    buffers     cached
Mem:           15G       3.7G        11G       1.9M        39M       291M
-/+ buffers/cache:       3.4G        12G
Swap:         8.0G         0B       8.0G

             total       used       free     shared    buffers     cached
Mem:           15G       3.7G        11G       1.9M        39M       291M
-/+ buffers/cache:       3.4G        12G
Swap:         8.0G         0B       8.0G

             total       used       free     shared    buffers     cached
Mem:           15G       3.7G        11G       1.9M        39M       291M
-/+ buffers/cache:       3.4G        12G
Swap:         8.0G         0B       8.0G

             total       used       free     shared    buffers     cached
Mem:           15G       3.7G        11G       1.9M        39M       291M
-/+ buffers/cache:       3.4G        12G
Swap:         8.0G         0B       8.0G

             total       used       free     shared    buffers     cached
Mem:           15G       3.7G        11G       1.9M        39M       291M
-/+ buffers/cache:       3.4G        12G
Swap:         8.0G         0B       8.0G

             total       used       free     shared    buffers     cached
Mem:           15G       3.7G        11G       1.9M        39M       291M
-/+ buffers/cache:       3.4G        12G
Swap:         8.0G         0B       8.0G

             total       used       free     shared    buffers     cached
Mem:           15G       3.8G        11G       1.9M        39M       291M
-/+ buffers/cache:       3.4G        12G
Swap:         8.0G         0B       8.0G

             total       used       free     shared    buffers     cached
Mem:           15G       3.8G        11G       1.9M        39M       291M
-/+ buffers/cache:       3.4G        12G
Swap:         8.0G         0B       8.0G

             total       used       free     shared    buffers     cached
Mem:           15G       3.8G        11G       1.9M        39M       291M
-/+ buffers/cache:       3.5G        12G
Swap:         8.0G         0B       8.0G

             total       used       free     shared    buffers     cached
Mem:           15G       3.8G        11G       1.9M        39M       291M
-/+ buffers/cache:       3.5G        12G
Swap:         8.0G         0B       8.0G

             total       used       free     shared    buffers     cached
Mem:           15G       3.8G        11G       1.9M        39M       291M
-/+ buffers/cache:       3.5G        12G
Swap:         8.0G         0B       8.0G
