             total       used       free     shared    buffers     cached
Mem:          7.8G       674M       7.1G       3.4M        38M       289M
-/+ buffers/cache:       346M       7.5G
Swap:         8.0G         0B       8.0G

             total       used       free     shared    buffers     cached
Mem:          7.8G       675M       7.1G       1.6M        38M       288M
-/+ buffers/cache:       348M       7.5G
Swap:         8.0G         0B       8.0G

             total       used       free     shared    buffers     cached
Mem:          7.8G       674M       7.1G       1.6M        38M       288M
-/+ buffers/cache:       348M       7.5G
Swap:         8.0G         0B       8.0G

             total       used       free     shared    buffers     cached
Mem:          7.8G       674M       7.1G       1.6M        38M       288M
-/+ buffers/cache:       348M       7.5G
Swap:         8.0G         0B       8.0G

             total       used       free     shared    buffers     cached
Mem:          7.8G       674M       7.1G       1.6M        38M       288M
-/+ buffers/cache:       348M       7.5G
Swap:         8.0G         0B       8.0G

             total       used       free     shared    buffers     cached
Mem:          7.8G       674M       7.1G       1.6M        38M       288M
-/+ buffers/cache:       348M       7.5G
Swap:         8.0G         0B       8.0G

             total       used       free     shared    buffers     cached
Mem:          7.8G       674M       7.1G       1.6M        38M       288M
-/+ buffers/cache:       347M       7.5G
Swap:         8.0G         0B       8.0G

             total       used       free     shared    buffers     cached
Mem:          7.8G       674M       7.1G       1.6M        38M       288M
-/+ buffers/cache:       347M       7.5G
Swap:         8.0G         0B       8.0G

             total       used       free     shared    buffers     cached
Mem:          7.8G       675M       7.1G       1.6M        38M       288M
-/+ buffers/cache:       348M       7.5G
Swap:         8.0G         0B       8.0G

             total       used       free     shared    buffers     cached
Mem:          7.8G       677M       7.1G       1.6M        38M       288M
-/+ buffers/cache:       350M       7.5G
Swap:         8.0G         0B       8.0G

             total       used       free     shared    buffers     cached
Mem:          7.8G       703M       7.1G       1.6M        38M       288M
-/+ buffers/cache:       375M       7.4G
Swap:         8.0G         0B       8.0G

             total       used       free     shared    buffers     cached
Mem:          7.8G       683M       7.1G       1.6M        38M       289M
-/+ buffers/cache:       355M       7.4G
Swap:         8.0G         0B       8.0G

             total       used       free     shared    buffers     cached
Mem:          7.8G       683M       7.1G       1.6M        38M       289M
-/+ buffers/cache:       355M       7.4G
Swap:         8.0G         0B       8.0G

             total       used       free     shared    buffers     cached
Mem:          7.8G       684M       7.1G       1.6M        38M       289M
-/+ buffers/cache:       355M       7.4G
Swap:         8.0G         0B       8.0G

             total       used       free     shared    buffers     cached
Mem:          7.8G       684M       7.1G       1.6M        38M       289M
-/+ buffers/cache:       355M       7.4G
Swap:         8.0G         0B       8.0G

             total       used       free     shared    buffers     cached
Mem:          7.8G       684M       7.1G       1.6M        38M       289M
-/+ buffers/cache:       355M       7.4G
Swap:         8.0G         0B       8.0G

             total       used       free     shared    buffers     cached
Mem:          7.8G       684M       7.1G       1.6M        38M       289M
-/+ buffers/cache:       355M       7.4G
Swap:         8.0G         0B       8.0G

             total       used       free     shared    buffers     cached
Mem:          7.8G       684M       7.1G       1.6M        38M       289M
-/+ buffers/cache:       355M       7.4G
Swap:         8.0G         0B       8.0G

             total       used       free     shared    buffers     cached
Mem:          7.8G       684M       7.1G       1.6M        38M       289M
-/+ buffers/cache:       355M       7.4G
Swap:         8.0G         0B       8.0G

             total       used       free     shared    buffers     cached
Mem:          7.8G       684M       7.1G       1.6M        38M       289M
-/+ buffers/cache:       355M       7.4G
Swap:         8.0G         0B       8.0G

             total       used       free     shared    buffers     cached
Mem:          7.8G       684M       7.1G       1.6M        38M       289M
-/+ buffers/cache:       355M       7.4G
Swap:         8.0G         0B       8.0G

             total       used       free     shared    buffers     cached
Mem:          7.8G       684M       7.1G       1.6M        38M       289M
-/+ buffers/cache:       356M       7.4G
Swap:         8.0G         0B       8.0G

             total       used       free     shared    buffers     cached
Mem:          7.8G       684M       7.1G       1.6M        38M       289M
-/+ buffers/cache:       355M       7.4G
Swap:         8.0G         0B       8.0G

             total       used       free     shared    buffers     cached
Mem:          7.8G       684M       7.1G       1.6M        38M       289M
-/+ buffers/cache:       355M       7.4G
Swap:         8.0G         0B       8.0G

             total       used       free     shared    buffers     cached
Mem:          7.8G       684M       7.1G       1.6M        38M       289M
-/+ buffers/cache:       355M       7.4G
Swap:         8.0G         0B       8.0G

             total       used       free     shared    buffers     cached
Mem:          7.8G       684M       7.1G       1.6M        38M       289M
-/+ buffers/cache:       355M       7.4G
Swap:         8.0G         0B       8.0G

             total       used       free     shared    buffers     cached
Mem:          7.8G       684M       7.1G       1.6M        38M       289M
-/+ buffers/cache:       355M       7.4G
Swap:         8.0G         0B       8.0G

             total       used       free     shared    buffers     cached
Mem:          7.8G       684M       7.1G       1.6M        38M       289M
-/+ buffers/cache:       355M       7.4G
Swap:         8.0G         0B       8.0G

             total       used       free     shared    buffers     cached
Mem:          7.8G       684M       7.1G       1.6M        38M       289M
-/+ buffers/cache:       355M       7.4G
Swap:         8.0G         0B       8.0G

             total       used       free     shared    buffers     cached
Mem:          7.8G       684M       7.1G       1.6M        38M       289M
-/+ buffers/cache:       355M       7.4G
Swap:         8.0G         0B       8.0G

             total       used       free     shared    buffers     cached
Mem:          7.8G       684M       7.1G       1.6M        38M       289M
-/+ buffers/cache:       355M       7.4G
Swap:         8.0G         0B       8.0G

             total       used       free     shared    buffers     cached
Mem:          7.8G       684M       7.1G       1.6M        38M       289M
-/+ buffers/cache:       355M       7.4G
Swap:         8.0G         0B       8.0G

             total       used       free     shared    buffers     cached
Mem:          7.8G       684M       7.1G       1.6M        38M       289M
-/+ buffers/cache:       355M       7.4G
Swap:         8.0G         0B       8.0G

             total       used       free     shared    buffers     cached
Mem:          7.8G       691M       7.1G       1.6M        38M       289M
-/+ buffers/cache:       362M       7.4G
Swap:         8.0G         0B       8.0G

             total       used       free     shared    buffers     cached
Mem:          7.8G       709M       7.1G       1.6M        38M       289M
-/+ buffers/cache:       380M       7.4G
Swap:         8.0G         0B       8.0G

             total       used       free     shared    buffers     cached
Mem:          7.8G       729M       7.1G       1.6M        38M       289M
-/+ buffers/cache:       400M       7.4G
Swap:         8.0G         0B       8.0G

             total       used       free     shared    buffers     cached
Mem:          7.8G       749M       7.1G       1.6M        38M       290M
-/+ buffers/cache:       420M       7.4G
Swap:         8.0G         0B       8.0G

             total       used       free     shared    buffers     cached
Mem:          7.8G       767M       7.0G       1.6M        38M       290M
-/+ buffers/cache:       438M       7.4G
Swap:         8.0G         0B       8.0G

             total       used       free     shared    buffers     cached
Mem:          7.8G       787M       7.0G       1.6M        38M       290M
-/+ buffers/cache:       458M       7.3G
Swap:         8.0G         0B       8.0G

             total       used       free     shared    buffers     cached
Mem:          7.8G       805M       7.0G       1.6M        38M       290M
-/+ buffers/cache:       476M       7.3G
Swap:         8.0G         0B       8.0G

             total       used       free     shared    buffers     cached
Mem:          7.8G       823M       7.0G       1.6M        38M       290M
-/+ buffers/cache:       494M       7.3G
Swap:         8.0G         0B       8.0G

             total       used       free     shared    buffers     cached
Mem:          7.8G       842M       7.0G       1.6M        38M       290M
-/+ buffers/cache:       513M       7.3G
Swap:         8.0G         0B       8.0G

             total       used       free     shared    buffers     cached
Mem:          7.8G       862M       7.0G       1.6M        38M       290M
-/+ buffers/cache:       533M       7.3G
Swap:         8.0G         0B       8.0G

             total       used       free     shared    buffers     cached
Mem:          7.8G       881M       6.9G       1.6M        38M       290M
-/+ buffers/cache:       552M       7.3G
Swap:         8.0G         0B       8.0G

             total       used       free     shared    buffers     cached
Mem:          7.8G       898M       6.9G       1.6M        38M       290M
-/+ buffers/cache:       569M       7.2G
Swap:         8.0G         0B       8.0G

             total       used       free     shared    buffers     cached
Mem:          7.8G       912M       6.9G       1.6M        38M       290M
-/+ buffers/cache:       583M       7.2G
Swap:         8.0G         0B       8.0G

             total       used       free     shared    buffers     cached
Mem:          7.8G       930M       6.9G       1.6M        38M       290M
-/+ buffers/cache:       601M       7.2G
Swap:         8.0G         0B       8.0G

             total       used       free     shared    buffers     cached
Mem:          7.8G       947M       6.9G       1.6M        38M       290M
-/+ buffers/cache:       618M       7.2G
Swap:         8.0G         0B       8.0G

             total       used       free     shared    buffers     cached
Mem:          7.8G       965M       6.9G       1.6M        38M       290M
-/+ buffers/cache:       636M       7.2G
Swap:         8.0G         0B       8.0G

             total       used       free     shared    buffers     cached
Mem:          7.8G       985M       6.8G       1.6M        38M       290M
-/+ buffers/cache:       656M       7.2G
Swap:         8.0G         0B       8.0G

             total       used       free     shared    buffers     cached
Mem:          7.8G       1.0G       6.8G       1.6M        38M       290M
-/+ buffers/cache:       675M       7.1G
Swap:         8.0G         0B       8.0G

             total       used       free     shared    buffers     cached
Mem:          7.8G       1.0G       6.8G       1.6M        38M       289M
-/+ buffers/cache:       693M       7.1G
Swap:         8.0G         0B       8.0G

             total       used       free     shared    buffers     cached
Mem:          7.8G       1.0G       6.8G       1.6M        38M       290M
-/+ buffers/cache:       712M       7.1G
Swap:         8.0G         0B       8.0G

             total       used       free     shared    buffers     cached
Mem:          7.8G       1.0G       6.8G       1.6M        38M       290M
-/+ buffers/cache:       732M       7.1G
Swap:         8.0G         0B       8.0G

             total       used       free     shared    buffers     cached
Mem:          7.8G       1.1G       6.7G       1.6M        38M       290M
-/+ buffers/cache:       752M       7.1G
Swap:         8.0G         0B       8.0G

             total       used       free     shared    buffers     cached
Mem:          7.8G       1.1G       6.7G       1.6M        38M       290M
-/+ buffers/cache:       771M       7.0G
Swap:         8.0G         0B       8.0G

             total       used       free     shared    buffers     cached
Mem:          7.8G       1.1G       6.7G       1.6M        38M       290M
-/+ buffers/cache:       791M       7.0G
Swap:         8.0G         0B       8.0G

             total       used       free     shared    buffers     cached
Mem:          7.8G       1.1G       6.7G       1.6M        38M       290M
-/+ buffers/cache:       805M       7.0G
Swap:         8.0G         0B       8.0G

             total       used       free     shared    buffers     cached
Mem:          7.8G       1.1G       6.7G       1.6M        38M       290M
-/+ buffers/cache:       819M       7.0G
Swap:         8.0G         0B       8.0G

             total       used       free     shared    buffers     cached
Mem:          7.8G       1.1G       6.7G       1.6M        38M       290M
-/+ buffers/cache:       836M       7.0G
Swap:         8.0G         0B       8.0G

             total       used       free     shared    buffers     cached
Mem:          7.8G       1.2G       6.6G       1.6M        38M       290M
-/+ buffers/cache:       854M       7.0G
Swap:         8.0G         0B       8.0G

             total       used       free     shared    buffers     cached
Mem:          7.8G       1.2G       6.6G       1.6M        38M       290M
-/+ buffers/cache:       872M       6.9G
Swap:         8.0G         0B       8.0G

             total       used       free     shared    buffers     cached
Mem:          7.8G       1.2G       6.6G       1.6M        38M       290M
-/+ buffers/cache:       892M       6.9G
Swap:         8.0G         0B       8.0G

             total       used       free     shared    buffers     cached
Mem:          7.8G       1.2G       6.6G       1.6M        38M       290M
-/+ buffers/cache:       911M       6.9G
Swap:         8.0G         0B       8.0G

             total       used       free     shared    buffers     cached
Mem:          7.8G       1.2G       6.6G       1.6M        38M       290M
-/+ buffers/cache:       928M       6.9G
Swap:         8.0G         0B       8.0G

             total       used       free     shared    buffers     cached
Mem:          7.8G       1.2G       6.6G       1.6M        38M       290M
-/+ buffers/cache:       947M       6.9G
Swap:         8.0G         0B       8.0G

             total       used       free     shared    buffers     cached
Mem:          7.8G       1.3G       6.5G       1.6M        38M       290M
-/+ buffers/cache:       963M       6.9G
Swap:         8.0G         0B       8.0G

             total       used       free     shared    buffers     cached
Mem:          7.8G       1.3G       6.5G       1.6M        38M       290M
-/+ buffers/cache:       983M       6.8G
Swap:         8.0G         0B       8.0G

             total       used       free     shared    buffers     cached
Mem:          7.8G       1.3G       6.5G       1.6M        38M       290M
-/+ buffers/cache:       1.0G       6.8G
Swap:         8.0G         0B       8.0G

             total       used       free     shared    buffers     cached
Mem:          7.8G       1.3G       6.5G       1.6M        38M       290M
-/+ buffers/cache:       1.0G       6.8G
Swap:         8.0G         0B       8.0G

             total       used       free     shared    buffers     cached
Mem:          7.8G       1.3G       6.5G       1.6M        38M       290M
-/+ buffers/cache:       1.0G       6.8G
Swap:         8.0G         0B       8.0G

             total       used       free     shared    buffers     cached
Mem:          7.8G       1.4G       6.4G       1.6M        38M       290M
-/+ buffers/cache:       1.0G       6.8G
Swap:         8.0G         0B       8.0G

             total       used       free     shared    buffers     cached
Mem:          7.8G       1.4G       6.4G       1.6M        38M       290M
-/+ buffers/cache:       1.1G       6.7G
Swap:         8.0G         0B       8.0G

             total       used       free     shared    buffers     cached
Mem:          7.8G       1.4G       6.4G       1.6M        38M       290M
-/+ buffers/cache:       1.1G       6.7G
Swap:         8.0G         0B       8.0G

             total       used       free     shared    buffers     cached
Mem:          7.8G       1.4G       6.4G       1.6M        38M       290M
-/+ buffers/cache:       1.1G       6.7G
Swap:         8.0G         0B       8.0G

             total       used       free     shared    buffers     cached
Mem:          7.8G       1.4G       6.4G       1.6M        38M       290M
-/+ buffers/cache:       1.1G       6.7G
Swap:         8.0G         0B       8.0G

             total       used       free     shared    buffers     cached
Mem:          7.8G       1.4G       6.4G       1.6M        38M       290M
-/+ buffers/cache:       1.1G       6.7G
Swap:         8.0G         0B       8.0G

             total       used       free     shared    buffers     cached
Mem:          7.8G       1.5G       6.3G       1.6M        38M       290M
-/+ buffers/cache:       1.1G       6.7G
Swap:         8.0G         0B       8.0G

             total       used       free     shared    buffers     cached
Mem:          7.8G       1.5G       6.3G       1.6M        38M       290M
-/+ buffers/cache:       1.2G       6.6G
Swap:         8.0G         0B       8.0G

             total       used       free     shared    buffers     cached
Mem:          7.8G       1.5G       6.3G       1.6M        38M       290M
-/+ buffers/cache:       1.2G       6.6G
Swap:         8.0G         0B       8.0G

             total       used       free     shared    buffers     cached
Mem:          7.8G       1.5G       6.3G       1.6M        38M       290M
-/+ buffers/cache:       1.2G       6.6G
Swap:         8.0G         0B       8.0G

             total       used       free     shared    buffers     cached
Mem:          7.8G       1.5G       6.3G       1.6M        38M       290M
-/+ buffers/cache:       1.2G       6.6G
Swap:         8.0G         0B       8.0G

             total       used       free     shared    buffers     cached
Mem:          7.8G       1.5G       6.2G       1.6M        38M       290M
-/+ buffers/cache:       1.2G       6.6G
Swap:         8.0G         0B       8.0G

             total       used       free     shared    buffers     cached
Mem:          7.8G       1.6G       6.2G       1.6M        38M       290M
-/+ buffers/cache:       1.2G       6.6G
Swap:         8.0G         0B       8.0G

             total       used       free     shared    buffers     cached
Mem:          7.8G       1.6G       6.2G       1.6M        38M       290M
-/+ buffers/cache:       1.3G       6.5G
Swap:         8.0G         0B       8.0G

             total       used       free     shared    buffers     cached
Mem:          7.8G       1.6G       6.2G       1.6M        38M       290M
-/+ buffers/cache:       1.3G       6.5G
Swap:         8.0G         0B       8.0G

             total       used       free     shared    buffers     cached
Mem:          7.8G       1.6G       6.2G       1.6M        38M       290M
-/+ buffers/cache:       1.3G       6.5G
Swap:         8.0G         0B       8.0G

             total       used       free     shared    buffers     cached
Mem:          7.8G       1.6G       6.2G       1.6M        38M       290M
-/+ buffers/cache:       1.3G       6.5G
Swap:         8.0G         0B       8.0G

             total       used       free     shared    buffers     cached
Mem:          7.8G       1.6G       6.1G       1.6M        38M       290M
-/+ buffers/cache:       1.3G       6.5G
Swap:         8.0G         0B       8.0G

             total       used       free     shared    buffers     cached
Mem:          7.8G       1.7G       6.1G       1.6M        38M       290M
-/+ buffers/cache:       1.3G       6.5G
Swap:         8.0G         0B       8.0G

             total       used       free     shared    buffers     cached
Mem:          7.8G       1.7G       6.1G       1.6M        38M       290M
-/+ buffers/cache:       1.4G       6.4G
Swap:         8.0G         0B       8.0G

             total       used       free     shared    buffers     cached
Mem:          7.8G       1.7G       6.1G       1.6M        38M       290M
-/+ buffers/cache:       1.4G       6.4G
Swap:         8.0G         0B       8.0G

             total       used       free     shared    buffers     cached
Mem:          7.8G       1.7G       6.1G       1.6M        38M       290M
-/+ buffers/cache:       1.4G       6.4G
Swap:         8.0G         0B       8.0G

             total       used       free     shared    buffers     cached
Mem:          7.8G       1.7G       6.1G       1.6M        38M       290M
-/+ buffers/cache:       1.4G       6.4G
Swap:         8.0G         0B       8.0G

             total       used       free     shared    buffers     cached
Mem:          7.8G       1.8G       6.0G       1.6M        38M       290M
-/+ buffers/cache:       1.4G       6.4G
Swap:         8.0G         0B       8.0G

             total       used       free     shared    buffers     cached
Mem:          7.8G       1.8G       6.0G       1.6M        38M       290M
-/+ buffers/cache:       1.5G       6.3G
Swap:         8.0G         0B       8.0G

             total       used       free     shared    buffers     cached
Mem:          7.8G       1.8G       6.0G       1.6M        38M       290M
-/+ buffers/cache:       1.5G       6.3G
Swap:         8.0G         0B       8.0G

             total       used       free     shared    buffers     cached
Mem:          7.8G       1.8G       6.0G       1.6M        38M       290M
-/+ buffers/cache:       1.5G       6.3G
Swap:         8.0G         0B       8.0G

             total       used       free     shared    buffers     cached
Mem:          7.8G       1.8G       6.0G       1.6M        38M       290M
-/+ buffers/cache:       1.5G       6.3G
Swap:         8.0G         0B       8.0G

             total       used       free     shared    buffers     cached
Mem:          7.8G       1.8G       6.0G       1.6M        38M       290M
-/+ buffers/cache:       1.5G       6.3G
Swap:         8.0G         0B       8.0G

             total       used       free     shared    buffers     cached
Mem:          7.8G       1.9G       5.9G       1.6M        38M       290M
-/+ buffers/cache:       1.5G       6.3G
Swap:         8.0G         0B       8.0G

             total       used       free     shared    buffers     cached
Mem:          7.8G       1.9G       5.9G       1.6M        38M       290M
-/+ buffers/cache:       1.6G       6.2G
Swap:         8.0G         0B       8.0G

             total       used       free     shared    buffers     cached
Mem:          7.8G       1.9G       5.9G       1.6M        38M       290M
-/+ buffers/cache:       1.6G       6.2G
Swap:         8.0G         0B       8.0G

             total       used       free     shared    buffers     cached
Mem:          7.8G       1.9G       5.9G       1.6M        38M       290M
-/+ buffers/cache:       1.6G       6.2G
Swap:         8.0G         0B       8.0G

             total       used       free     shared    buffers     cached
Mem:          7.8G       1.9G       5.9G       1.6M        38M       290M
-/+ buffers/cache:       1.6G       6.2G
Swap:         8.0G         0B       8.0G

             total       used       free     shared    buffers     cached
Mem:          7.8G       2.0G       5.8G       1.6M        38M       290M
-/+ buffers/cache:       1.6G       6.2G
Swap:         8.0G         0B       8.0G

             total       used       free     shared    buffers     cached
Mem:          7.8G       2.0G       5.8G       1.6M        38M       290M
-/+ buffers/cache:       1.6G       6.2G
Swap:         8.0G         0B       8.0G

             total       used       free     shared    buffers     cached
Mem:          7.8G       2.0G       5.8G       1.6M        38M       290M
-/+ buffers/cache:       1.7G       6.1G
Swap:         8.0G         0B       8.0G

             total       used       free     shared    buffers     cached
Mem:          7.8G       2.0G       5.8G       1.6M        38M       290M
-/+ buffers/cache:       1.7G       6.1G
Swap:         8.0G         0B       8.0G

             total       used       free     shared    buffers     cached
Mem:          7.8G       2.0G       5.8G       1.6M        38M       290M
-/+ buffers/cache:       1.7G       6.1G
Swap:         8.0G         0B       8.0G

             total       used       free     shared    buffers     cached
Mem:          7.8G       2.0G       5.8G       1.6M        38M       290M
-/+ buffers/cache:       1.7G       6.1G
Swap:         8.0G         0B       8.0G

             total       used       free     shared    buffers     cached
Mem:          7.8G       2.1G       5.7G       1.6M        38M       290M
-/+ buffers/cache:       1.7G       6.1G
Swap:         8.0G         0B       8.0G

             total       used       free     shared    buffers     cached
Mem:          7.8G       2.1G       5.7G       1.6M        38M       290M
-/+ buffers/cache:       1.8G       6.0G
Swap:         8.0G         0B       8.0G

             total       used       free     shared    buffers     cached
Mem:          7.8G       2.1G       5.7G       1.6M        38M       290M
-/+ buffers/cache:       1.8G       6.0G
Swap:         8.0G         0B       8.0G

             total       used       free     shared    buffers     cached
Mem:          7.8G       2.1G       5.7G       1.6M        38M       290M
-/+ buffers/cache:       1.8G       6.0G
Swap:         8.0G         0B       8.0G

             total       used       free     shared    buffers     cached
Mem:          7.8G       2.1G       5.7G       1.6M        38M       290M
-/+ buffers/cache:       1.8G       6.0G
Swap:         8.0G         0B       8.0G

             total       used       free     shared    buffers     cached
Mem:          7.8G       2.1G       5.7G       1.6M        38M       290M
-/+ buffers/cache:       1.8G       6.0G
Swap:         8.0G         0B       8.0G

             total       used       free     shared    buffers     cached
Mem:          7.8G       2.2G       5.6G       1.6M        38M       290M
-/+ buffers/cache:       1.8G       6.0G
Swap:         8.0G         0B       8.0G

             total       used       free     shared    buffers     cached
Mem:          7.8G       2.2G       5.6G       1.6M        38M       290M
-/+ buffers/cache:       1.9G       5.9G
Swap:         8.0G         0B       8.0G

             total       used       free     shared    buffers     cached
Mem:          7.8G       2.2G       5.6G       1.6M        38M       290M
-/+ buffers/cache:       1.9G       5.9G
Swap:         8.0G         0B       8.0G

             total       used       free     shared    buffers     cached
Mem:          7.8G       2.2G       5.6G       1.6M        38M       290M
-/+ buffers/cache:       1.9G       5.9G
Swap:         8.0G         0B       8.0G

             total       used       free     shared    buffers     cached
Mem:          7.8G       2.2G       5.6G       1.6M        38M       290M
-/+ buffers/cache:       1.9G       5.9G
Swap:         8.0G         0B       8.0G

             total       used       free     shared    buffers     cached
Mem:          7.8G       2.3G       5.5G       1.6M        38M       290M
-/+ buffers/cache:       1.9G       5.9G
Swap:         8.0G         0B       8.0G

             total       used       free     shared    buffers     cached
Mem:          7.8G       2.3G       5.5G       1.6M        38M       290M
-/+ buffers/cache:       1.9G       5.8G
Swap:         8.0G         0B       8.0G

             total       used       free     shared    buffers     cached
Mem:          7.8G       2.3G       5.5G       1.6M        38M       290M
-/+ buffers/cache:       2.0G       5.8G
Swap:         8.0G         0B       8.0G

             total       used       free     shared    buffers     cached
Mem:          7.8G       2.3G       5.5G       1.6M        38M       290M
-/+ buffers/cache:       2.0G       5.8G
Swap:         8.0G         0B       8.0G

             total       used       free     shared    buffers     cached
Mem:          7.8G       2.3G       5.5G       1.6M        38M       290M
-/+ buffers/cache:       2.0G       5.8G
Swap:         8.0G         0B       8.0G

             total       used       free     shared    buffers     cached
Mem:          7.8G       2.3G       5.5G       1.6M        38M       290M
-/+ buffers/cache:       2.0G       5.8G
Swap:         8.0G         0B       8.0G

             total       used       free     shared    buffers     cached
Mem:          7.8G       2.4G       5.4G       1.6M        38M       290M
-/+ buffers/cache:       2.0G       5.8G
Swap:         8.0G         0B       8.0G

             total       used       free     shared    buffers     cached
Mem:          7.8G       2.4G       5.4G       1.6M        38M       290M
-/+ buffers/cache:       2.1G       5.7G
Swap:         8.0G         0B       8.0G

             total       used       free     shared    buffers     cached
Mem:          7.8G       2.4G       5.4G       1.6M        38M       290M
-/+ buffers/cache:       2.1G       5.7G
Swap:         8.0G         0B       8.0G

             total       used       free     shared    buffers     cached
Mem:          7.8G       2.4G       5.4G       1.6M        38M       290M
-/+ buffers/cache:       2.1G       5.7G
Swap:         8.0G         0B       8.0G

             total       used       free     shared    buffers     cached
Mem:          7.8G       2.4G       5.4G       1.6M        38M       290M
-/+ buffers/cache:       2.1G       5.7G
Swap:         8.0G         0B       8.0G

             total       used       free     shared    buffers     cached
Mem:          7.8G       2.4G       5.4G       1.6M        38M       290M
-/+ buffers/cache:       2.1G       5.7G
Swap:         8.0G         0B       8.0G

             total       used       free     shared    buffers     cached
Mem:          7.8G       2.4G       5.4G       1.6M        38M       290M
-/+ buffers/cache:       2.1G       5.7G
Swap:         8.0G         0B       8.0G

             total       used       free     shared    buffers     cached
Mem:          7.8G       2.5G       5.3G       1.6M        38M       290M
-/+ buffers/cache:       2.1G       5.7G
Swap:         8.0G         0B       8.0G

             total       used       free     shared    buffers     cached
Mem:          7.8G       2.5G       5.3G       1.6M        38M       290M
-/+ buffers/cache:       2.1G       5.6G
Swap:         8.0G         0B       8.0G

             total       used       free     shared    buffers     cached
Mem:          7.8G       2.5G       5.3G       1.6M        38M       290M
-/+ buffers/cache:       2.2G       5.6G
Swap:         8.0G         0B       8.0G

             total       used       free     shared    buffers     cached
Mem:          7.8G       2.5G       5.3G       1.6M        38M       290M
-/+ buffers/cache:       2.2G       5.6G
Swap:         8.0G         0B       8.0G

             total       used       free     shared    buffers     cached
Mem:          7.8G       2.5G       5.3G       1.6M        38M       290M
-/+ buffers/cache:       2.2G       5.6G
Swap:         8.0G         0B       8.0G

             total       used       free     shared    buffers     cached
Mem:          7.8G       2.5G       5.2G       1.6M        38M       290M
-/+ buffers/cache:       2.2G       5.6G
Swap:         8.0G         0B       8.0G

             total       used       free     shared    buffers     cached
Mem:          7.8G       2.6G       5.2G       1.6M        38M       290M
-/+ buffers/cache:       2.2G       5.6G
Swap:         8.0G         0B       8.0G

             total       used       free     shared    buffers     cached
Mem:          7.8G       2.6G       5.2G       1.6M        38M       290M
-/+ buffers/cache:       2.3G       5.5G
Swap:         8.0G         0B       8.0G

             total       used       free     shared    buffers     cached
Mem:          7.8G       2.6G       5.2G       1.6M        38M       290M
-/+ buffers/cache:       2.3G       5.5G
Swap:         8.0G         0B       8.0G

             total       used       free     shared    buffers     cached
Mem:          7.8G       2.6G       5.2G       1.6M        38M       290M
-/+ buffers/cache:       2.3G       5.5G
Swap:         8.0G         0B       8.0G

             total       used       free     shared    buffers     cached
Mem:          7.8G       2.6G       5.2G       1.6M        38M       290M
-/+ buffers/cache:       2.3G       5.5G
Swap:         8.0G         0B       8.0G

             total       used       free     shared    buffers     cached
Mem:          7.8G       2.7G       5.1G       1.6M        38M       290M
-/+ buffers/cache:       2.3G       5.5G
Swap:         8.0G         0B       8.0G

             total       used       free     shared    buffers     cached
Mem:          7.8G       2.7G       5.1G       1.6M        39M       290M
-/+ buffers/cache:       2.4G       5.4G
Swap:         8.0G         0B       8.0G

             total       used       free     shared    buffers     cached
Mem:          7.8G       2.7G       5.1G       1.6M        39M       290M
-/+ buffers/cache:       2.4G       5.4G
Swap:         8.0G         0B       8.0G

             total       used       free     shared    buffers     cached
Mem:          7.8G       2.7G       5.1G       1.6M        39M       290M
-/+ buffers/cache:       2.4G       5.4G
Swap:         8.0G         0B       8.0G

             total       used       free     shared    buffers     cached
Mem:          7.8G       2.7G       5.1G       1.6M        39M       290M
-/+ buffers/cache:       2.4G       5.4G
Swap:         8.0G         0B       8.0G

             total       used       free     shared    buffers     cached
Mem:          7.8G       2.7G       5.0G       1.6M        39M       290M
-/+ buffers/cache:       2.4G       5.4G
Swap:         8.0G         0B       8.0G

             total       used       free     shared    buffers     cached
Mem:          7.8G       2.8G       5.0G       1.6M        39M       290M
-/+ buffers/cache:       2.4G       5.3G
Swap:         8.0G         0B       8.0G

             total       used       free     shared    buffers     cached
Mem:          7.8G       2.8G       5.0G       1.6M        39M       290M
-/+ buffers/cache:       2.5G       5.3G
Swap:         8.0G         0B       8.0G

             total       used       free     shared    buffers     cached
Mem:          7.8G       2.8G       5.0G       1.6M        39M       290M
-/+ buffers/cache:       2.5G       5.3G
Swap:         8.0G         0B       8.0G

             total       used       free     shared    buffers     cached
Mem:          7.8G       2.8G       5.0G       1.6M        39M       290M
-/+ buffers/cache:       2.5G       5.3G
Swap:         8.0G         0B       8.0G

             total       used       free     shared    buffers     cached
Mem:          7.8G       2.8G       5.0G       1.6M        39M       290M
-/+ buffers/cache:       2.5G       5.3G
Swap:         8.0G         0B       8.0G

             total       used       free     shared    buffers     cached
Mem:          7.8G       2.9G       4.9G       1.6M        39M       290M
-/+ buffers/cache:       2.5G       5.3G
Swap:         8.0G         0B       8.0G

             total       used       free     shared    buffers     cached
Mem:          7.8G       2.9G       4.9G       1.6M        39M       290M
-/+ buffers/cache:       2.6G       5.2G
Swap:         8.0G         0B       8.0G

             total       used       free     shared    buffers     cached
Mem:          7.8G       2.9G       4.9G       1.6M        39M       290M
-/+ buffers/cache:       2.6G       5.2G
Swap:         8.0G         0B       8.0G

             total       used       free     shared    buffers     cached
Mem:          7.8G       2.9G       4.9G       1.6M        39M       290M
-/+ buffers/cache:       2.6G       5.2G
Swap:         8.0G         0B       8.0G

             total       used       free     shared    buffers     cached
Mem:          7.8G       2.9G       4.9G       1.6M        39M       290M
-/+ buffers/cache:       2.6G       5.2G
Swap:         8.0G         0B       8.0G

             total       used       free     shared    buffers     cached
Mem:          7.8G       2.9G       4.8G       1.6M        39M       290M
-/+ buffers/cache:       2.6G       5.2G
Swap:         8.0G         0B       8.0G

             total       used       free     shared    buffers     cached
Mem:          7.8G       3.0G       4.8G       1.6M        39M       290M
-/+ buffers/cache:       2.6G       5.2G
Swap:         8.0G         0B       8.0G

             total       used       free     shared    buffers     cached
Mem:          7.8G       3.0G       4.8G       1.6M        39M       290M
-/+ buffers/cache:       2.7G       5.1G
Swap:         8.0G         0B       8.0G

             total       used       free     shared    buffers     cached
Mem:          7.8G       3.0G       4.8G       1.6M        39M       290M
-/+ buffers/cache:       2.7G       5.1G
Swap:         8.0G         0B       8.0G

             total       used       free     shared    buffers     cached
Mem:          7.8G       3.0G       4.8G       1.6M        39M       290M
-/+ buffers/cache:       2.7G       5.1G
Swap:         8.0G         0B       8.0G

             total       used       free     shared    buffers     cached
Mem:          7.8G       3.0G       4.8G       1.6M        39M       290M
-/+ buffers/cache:       2.7G       5.1G
Swap:         8.0G         0B       8.0G

             total       used       free     shared    buffers     cached
Mem:          7.8G       3.1G       4.7G       1.6M        39M       290M
-/+ buffers/cache:       2.7G       5.1G
Swap:         8.0G         0B       8.0G

             total       used       free     shared    buffers     cached
Mem:          7.8G       3.1G       4.7G       1.6M        39M       290M
-/+ buffers/cache:       2.8G       5.0G
Swap:         8.0G         0B       8.0G

             total       used       free     shared    buffers     cached
Mem:          7.8G       3.1G       4.7G       1.6M        39M       290M
-/+ buffers/cache:       2.8G       5.0G
Swap:         8.0G         0B       8.0G

             total       used       free     shared    buffers     cached
Mem:          7.8G       3.1G       4.7G       1.6M        39M       290M
-/+ buffers/cache:       2.8G       5.0G
Swap:         8.0G         0B       8.0G

             total       used       free     shared    buffers     cached
Mem:          7.8G       3.1G       4.7G       1.6M        39M       290M
-/+ buffers/cache:       2.8G       5.0G
Swap:         8.0G         0B       8.0G

             total       used       free     shared    buffers     cached
Mem:          7.8G       3.1G       4.7G       1.6M        39M       290M
-/+ buffers/cache:       2.8G       5.0G
Swap:         8.0G         0B       8.0G

             total       used       free     shared    buffers     cached
Mem:          7.8G       3.2G       4.6G       1.6M        39M       290M
-/+ buffers/cache:       2.8G       5.0G
Swap:         8.0G         0B       8.0G

             total       used       free     shared    buffers     cached
Mem:          7.8G       3.2G       4.6G       1.6M        39M       290M
-/+ buffers/cache:       2.8G       5.0G
Swap:         8.0G         0B       8.0G

             total       used       free     shared    buffers     cached
Mem:          7.8G       3.2G       4.6G       1.6M        39M       290M
-/+ buffers/cache:       2.9G       4.9G
Swap:         8.0G         0B       8.0G

             total       used       free     shared    buffers     cached
Mem:          7.8G       3.2G       4.6G       1.6M        39M       290M
-/+ buffers/cache:       2.9G       4.9G
Swap:         8.0G         0B       8.0G

             total       used       free     shared    buffers     cached
Mem:          7.8G       3.2G       4.6G       1.6M        39M       290M
-/+ buffers/cache:       2.9G       4.9G
Swap:         8.0G         0B       8.0G

             total       used       free     shared    buffers     cached
Mem:          7.8G       3.2G       4.6G       1.6M        39M       290M
-/+ buffers/cache:       2.9G       4.9G
Swap:         8.0G         0B       8.0G

             total       used       free     shared    buffers     cached
Mem:          7.8G       3.2G       4.6G       1.6M        39M       290M
-/+ buffers/cache:       2.9G       4.9G
Swap:         8.0G         0B       8.0G

             total       used       free     shared    buffers     cached
Mem:          7.8G       3.2G       4.6G       1.6M        39M       290M
-/+ buffers/cache:       2.9G       4.9G
Swap:         8.0G         0B       8.0G

             total       used       free     shared    buffers     cached
Mem:          7.8G       3.2G       4.5G       1.6M        39M       290M
-/+ buffers/cache:       2.9G       4.9G
Swap:         8.0G         0B       8.0G

             total       used       free     shared    buffers     cached
Mem:          7.8G       3.3G       4.5G       1.6M        39M       290M
-/+ buffers/cache:       2.9G       4.9G
Swap:         8.0G         0B       8.0G

             total       used       free     shared    buffers     cached
Mem:          7.8G       3.3G       4.5G       1.6M        39M       290M
-/+ buffers/cache:       3.0G       4.8G
Swap:         8.0G         0B       8.0G

             total       used       free     shared    buffers     cached
Mem:          7.8G       3.3G       4.5G       1.6M        39M       290M
-/+ buffers/cache:       3.0G       4.8G
Swap:         8.0G         0B       8.0G

             total       used       free     shared    buffers     cached
Mem:          7.8G       3.3G       4.5G       1.6M        39M       290M
-/+ buffers/cache:       3.0G       4.8G
Swap:         8.0G         0B       8.0G

             total       used       free     shared    buffers     cached
Mem:          7.8G       3.3G       4.5G       1.6M        39M       290M
-/+ buffers/cache:       3.0G       4.8G
Swap:         8.0G         0B       8.0G

             total       used       free     shared    buffers     cached
Mem:          7.8G       3.3G       4.5G       1.6M        39M       290M
-/+ buffers/cache:       3.0G       4.8G
Swap:         8.0G         0B       8.0G

             total       used       free     shared    buffers     cached
Mem:          7.8G       3.3G       4.4G       1.6M        39M       290M
-/+ buffers/cache:       3.0G       4.8G
Swap:         8.0G         0B       8.0G

             total       used       free     shared    buffers     cached
Mem:          7.8G       3.4G       4.4G       1.6M        39M       290M
-/+ buffers/cache:       3.0G       4.8G
Swap:         8.0G         0B       8.0G

             total       used       free     shared    buffers     cached
Mem:          7.8G       3.4G       4.4G       1.6M        39M       290M
-/+ buffers/cache:       3.1G       4.7G
Swap:         8.0G         0B       8.0G

             total       used       free     shared    buffers     cached
Mem:          7.8G       3.4G       4.4G       1.6M        39M       290M
-/+ buffers/cache:       3.1G       4.7G
Swap:         8.0G         0B       8.0G

             total       used       free     shared    buffers     cached
Mem:          7.8G       3.4G       4.4G       1.6M        39M       290M
-/+ buffers/cache:       3.1G       4.7G
Swap:         8.0G         0B       8.0G

             total       used       free     shared    buffers     cached
Mem:          7.8G       3.4G       4.4G       1.6M        39M       290M
-/+ buffers/cache:       3.1G       4.7G
Swap:         8.0G         0B       8.0G

             total       used       free     shared    buffers     cached
Mem:          7.8G       3.4G       4.4G       1.6M        39M       290M
-/+ buffers/cache:       3.1G       4.7G
Swap:         8.0G         0B       8.0G

             total       used       free     shared    buffers     cached
Mem:          7.8G       3.4G       4.4G       1.6M        39M       290M
-/+ buffers/cache:       3.1G       4.7G
Swap:         8.0G         0B       8.0G

             total       used       free     shared    buffers     cached
Mem:          7.8G       3.5G       4.3G       1.6M        39M       290M
-/+ buffers/cache:       3.1G       4.7G
Swap:         8.0G         0B       8.0G

             total       used       free     shared    buffers     cached
Mem:          7.8G       3.5G       4.3G       1.6M        39M       290M
-/+ buffers/cache:       3.1G       4.7G
Swap:         8.0G         0B       8.0G

             total       used       free     shared    buffers     cached
Mem:          7.8G       3.5G       4.3G       1.6M        39M       290M
-/+ buffers/cache:       3.2G       4.6G
Swap:         8.0G         0B       8.0G

             total       used       free     shared    buffers     cached
Mem:          7.8G       3.5G       4.3G       1.6M        39M       290M
-/+ buffers/cache:       3.2G       4.6G
Swap:         8.0G         0B       8.0G

             total       used       free     shared    buffers     cached
Mem:          7.8G       3.5G       4.3G       1.6M        39M       290M
-/+ buffers/cache:       3.2G       4.6G
Swap:         8.0G         0B       8.0G

             total       used       free     shared    buffers     cached
Mem:          7.8G       3.5G       4.3G       1.6M        39M       290M
-/+ buffers/cache:       3.2G       4.6G
Swap:         8.0G         0B       8.0G

             total       used       free     shared    buffers     cached
Mem:          7.8G       3.5G       4.3G       1.6M        39M       290M
-/+ buffers/cache:       3.2G       4.6G
Swap:         8.0G         0B       8.0G

             total       used       free     shared    buffers     cached
Mem:          7.8G       3.5G       4.3G       1.6M        39M       290M
-/+ buffers/cache:       3.2G       4.6G
Swap:         8.0G         0B       8.0G

             total       used       free     shared    buffers     cached
Mem:          7.8G       3.5G       4.3G       1.6M        39M       290M
-/+ buffers/cache:       3.2G       4.6G
Swap:         8.0G         0B       8.0G

             total       used       free     shared    buffers     cached
Mem:          7.8G       3.6G       4.2G       1.6M        39M       290M
-/+ buffers/cache:       3.2G       4.6G
Swap:         8.0G         0B       8.0G

             total       used       free     shared    buffers     cached
Mem:          7.8G       3.6G       4.2G       1.6M        39M       290M
-/+ buffers/cache:       3.2G       4.6G
Swap:         8.0G         0B       8.0G

             total       used       free     shared    buffers     cached
Mem:          7.8G       3.6G       4.2G       1.6M        39M       290M
-/+ buffers/cache:       3.3G       4.5G
Swap:         8.0G         0B       8.0G

             total       used       free     shared    buffers     cached
Mem:          7.8G       3.6G       4.2G       1.6M        39M       290M
-/+ buffers/cache:       3.3G       4.5G
Swap:         8.0G         0B       8.0G

             total       used       free     shared    buffers     cached
Mem:          7.8G       3.6G       4.2G       1.6M        39M       290M
-/+ buffers/cache:       3.3G       4.5G
Swap:         8.0G         0B       8.0G

             total       used       free     shared    buffers     cached
Mem:          7.8G       3.6G       4.2G       1.6M        39M       290M
-/+ buffers/cache:       3.3G       4.5G
Swap:         8.0G         0B       8.0G

             total       used       free     shared    buffers     cached
Mem:          7.8G       3.6G       4.2G       1.6M        39M       290M
-/+ buffers/cache:       3.3G       4.5G
Swap:         8.0G         0B       8.0G

             total       used       free     shared    buffers     cached
Mem:          7.8G       3.6G       4.2G       1.6M        39M       290M
-/+ buffers/cache:       3.3G       4.5G
Swap:         8.0G         0B       8.0G

             total       used       free     shared    buffers     cached
Mem:          7.8G       3.6G       4.2G       1.6M        39M       290M
-/+ buffers/cache:       3.3G       4.5G
Swap:         8.0G         0B       8.0G

             total       used       free     shared    buffers     cached
Mem:          7.8G       3.7G       4.1G       1.6M        39M       290M
-/+ buffers/cache:       3.3G       4.5G
Swap:         8.0G         0B       8.0G

             total       used       free     shared    buffers     cached
Mem:          7.8G       3.7G       4.1G       1.6M        39M       290M
-/+ buffers/cache:       3.3G       4.5G
Swap:         8.0G         0B       8.0G

             total       used       free     shared    buffers     cached
Mem:          7.8G       3.7G       4.1G       1.6M        39M       290M
-/+ buffers/cache:       3.4G       4.4G
Swap:         8.0G         0B       8.0G

             total       used       free     shared    buffers     cached
Mem:          7.8G       3.7G       4.1G       1.6M        39M       290M
-/+ buffers/cache:       3.4G       4.4G
Swap:         8.0G         0B       8.0G

             total       used       free     shared    buffers     cached
Mem:          7.8G       3.7G       4.1G       1.6M        39M       290M
-/+ buffers/cache:       3.4G       4.4G
Swap:         8.0G         0B       8.0G

             total       used       free     shared    buffers     cached
Mem:          7.8G       3.7G       4.1G       1.6M        39M       290M
-/+ buffers/cache:       3.4G       4.4G
Swap:         8.0G         0B       8.0G

             total       used       free     shared    buffers     cached
Mem:          7.8G       3.7G       4.1G       1.6M        39M       290M
-/+ buffers/cache:       3.4G       4.4G
Swap:         8.0G         0B       8.0G

             total       used       free     shared    buffers     cached
Mem:          7.8G       3.7G       4.1G       1.6M        39M       290M
-/+ buffers/cache:       3.4G       4.4G
Swap:         8.0G         0B       8.0G

             total       used       free     shared    buffers     cached
Mem:          7.8G       3.7G       4.1G       1.6M        39M       290M
-/+ buffers/cache:       3.4G       4.4G
Swap:         8.0G         0B       8.0G

             total       used       free     shared    buffers     cached
Mem:          7.8G       3.7G       4.1G       1.6M        39M       290M
-/+ buffers/cache:       3.4G       4.4G
Swap:         8.0G         0B       8.0G

             total       used       free     shared    buffers     cached
Mem:          7.8G       3.7G       4.1G       1.6M        39M       290M
-/+ buffers/cache:       3.4G       4.4G
Swap:         8.0G         0B       8.0G

             total       used       free     shared    buffers     cached
Mem:          7.8G       3.7G       4.1G       1.6M        39M       290M
-/+ buffers/cache:       3.4G       4.4G
Swap:         8.0G         0B       8.0G

             total       used       free     shared    buffers     cached
Mem:          7.8G       3.7G       4.1G       1.6M        39M       290M
-/+ buffers/cache:       3.4G       4.4G
Swap:         8.0G         0B       8.0G

             total       used       free     shared    buffers     cached
Mem:          7.8G       3.8G       4.0G       1.6M        39M       290M
-/+ buffers/cache:       3.4G       4.4G
Swap:         8.0G         0B       8.0G

             total       used       free     shared    buffers     cached
Mem:          7.8G       3.8G       4.0G       1.6M        39M       290M
-/+ buffers/cache:       3.4G       4.4G
Swap:         8.0G         0B       8.0G

             total       used       free     shared    buffers     cached
Mem:          7.8G       3.8G       4.0G       1.6M        39M       290M
-/+ buffers/cache:       3.5G       4.3G
Swap:         8.0G         0B       8.0G

             total       used       free     shared    buffers     cached
Mem:          7.8G       3.8G       4.0G       1.6M        39M       290M
-/+ buffers/cache:       3.5G       4.3G
Swap:         8.0G         0B       8.0G

             total       used       free     shared    buffers     cached
Mem:          7.8G       3.8G       4.0G       1.6M        39M       290M
-/+ buffers/cache:       3.5G       4.3G
Swap:         8.0G         0B       8.0G

             total       used       free     shared    buffers     cached
Mem:          7.8G       3.8G       4.0G       1.6M        39M       290M
-/+ buffers/cache:       3.5G       4.3G
Swap:         8.0G         0B       8.0G

             total       used       free     shared    buffers     cached
Mem:          7.8G       3.8G       4.0G       1.6M        39M       290M
-/+ buffers/cache:       3.5G       4.3G
Swap:         8.0G         0B       8.0G

             total       used       free     shared    buffers     cached
Mem:          7.8G       3.8G       3.9G       1.6M        39M       290M
-/+ buffers/cache:       3.5G       4.3G
Swap:         8.0G         0B       8.0G

             total       used       free     shared    buffers     cached
Mem:          7.8G       3.9G       3.9G       1.6M        39M       290M
-/+ buffers/cache:       3.5G       4.3G
Swap:         8.0G         0B       8.0G

             total       used       free     shared    buffers     cached
Mem:          7.8G       3.9G       3.9G       1.6M        39M       290M
-/+ buffers/cache:       3.6G       4.2G
Swap:         8.0G         0B       8.0G

             total       used       free     shared    buffers     cached
Mem:          7.8G       3.9G       3.9G       1.6M        39M       290M
-/+ buffers/cache:       3.6G       4.2G
Swap:         8.0G         0B       8.0G

             total       used       free     shared    buffers     cached
Mem:          7.8G       3.9G       3.9G       1.6M        39M       290M
-/+ buffers/cache:       3.6G       4.2G
Swap:         8.0G         0B       8.0G

             total       used       free     shared    buffers     cached
Mem:          7.8G       3.9G       3.9G       1.6M        39M       290M
-/+ buffers/cache:       3.6G       4.2G
Swap:         8.0G         0B       8.0G

             total       used       free     shared    buffers     cached
Mem:          7.8G       3.9G       3.9G       1.6M        39M       290M
-/+ buffers/cache:       3.6G       4.2G
Swap:         8.0G         0B       8.0G

             total       used       free     shared    buffers     cached
Mem:          7.8G       3.9G       3.9G       1.6M        39M       290M
-/+ buffers/cache:       3.6G       4.2G
Swap:         8.0G         0B       8.0G

             total       used       free     shared    buffers     cached
Mem:          7.8G       4.0G       3.8G       1.6M        39M       290M
-/+ buffers/cache:       3.6G       4.2G
Swap:         8.0G         0B       8.0G

             total       used       free     shared    buffers     cached
Mem:          7.8G       4.0G       3.8G       1.6M        39M       290M
-/+ buffers/cache:       3.6G       4.2G
Swap:         8.0G         0B       8.0G

             total       used       free     shared    buffers     cached
Mem:          7.8G       4.0G       3.8G       1.6M        39M       290M
-/+ buffers/cache:       3.7G       4.1G
Swap:         8.0G         0B       8.0G

             total       used       free     shared    buffers     cached
Mem:          7.8G       4.0G       3.8G       1.6M        39M       290M
-/+ buffers/cache:       3.7G       4.1G
Swap:         8.0G         0B       8.0G

             total       used       free     shared    buffers     cached
Mem:          7.8G       4.0G       3.8G       1.6M        39M       290M
-/+ buffers/cache:       3.7G       4.1G
Swap:         8.0G         0B       8.0G

             total       used       free     shared    buffers     cached
Mem:          7.8G       4.0G       3.8G       1.6M        39M       290M
-/+ buffers/cache:       3.7G       4.1G
Swap:         8.0G         0B       8.0G

             total       used       free     shared    buffers     cached
Mem:          7.8G       4.0G       3.8G       1.6M        39M       290M
-/+ buffers/cache:       3.7G       4.1G
Swap:         8.0G         0B       8.0G

             total       used       free     shared    buffers     cached
Mem:          7.8G       4.0G       3.8G       1.6M        39M       290M
-/+ buffers/cache:       3.7G       4.1G
Swap:         8.0G         0B       8.0G

             total       used       free     shared    buffers     cached
Mem:          7.8G       4.1G       3.7G       1.6M        39M       290M
-/+ buffers/cache:       3.7G       4.1G
Swap:         8.0G         0B       8.0G

             total       used       free     shared    buffers     cached
Mem:          7.8G       4.1G       3.7G       1.6M        39M       290M
-/+ buffers/cache:       3.7G       4.1G
Swap:         8.0G         0B       8.0G

             total       used       free     shared    buffers     cached
Mem:          7.8G       4.1G       3.7G       1.6M        39M       290M
-/+ buffers/cache:       3.8G       4.0G
Swap:         8.0G         0B       8.0G

             total       used       free     shared    buffers     cached
Mem:          7.8G       4.1G       3.7G       1.6M        39M       290M
-/+ buffers/cache:       3.8G       4.0G
Swap:         8.0G         0B       8.0G

             total       used       free     shared    buffers     cached
Mem:          7.8G       4.1G       3.7G       1.6M        39M       290M
-/+ buffers/cache:       3.8G       4.0G
Swap:         8.0G         0B       8.0G

             total       used       free     shared    buffers     cached
Mem:          7.8G       4.1G       3.7G       1.6M        39M       290M
-/+ buffers/cache:       3.8G       4.0G
Swap:         8.0G         0B       8.0G

             total       used       free     shared    buffers     cached
Mem:          7.8G       4.1G       3.7G       1.6M        39M       290M
-/+ buffers/cache:       3.8G       4.0G
Swap:         8.0G         0B       8.0G

             total       used       free     shared    buffers     cached
Mem:          7.8G       4.1G       3.7G       1.6M        39M       290M
-/+ buffers/cache:       3.8G       4.0G
Swap:         8.0G         0B       8.0G

             total       used       free     shared    buffers     cached
Mem:          7.8G       4.1G       3.7G       1.6M        39M       290M
-/+ buffers/cache:       3.8G       4.0G
Swap:         8.0G         0B       8.0G

             total       used       free     shared    buffers     cached
Mem:          7.8G       4.1G       3.7G       1.6M        39M       290M
-/+ buffers/cache:       3.8G       4.0G
Swap:         8.0G         0B       8.0G

             total       used       free     shared    buffers     cached
Mem:          7.8G       4.2G       3.6G       1.6M        39M       290M
-/+ buffers/cache:       3.8G       4.0G
Swap:         8.0G         0B       8.0G

             total       used       free     shared    buffers     cached
Mem:          7.8G       4.2G       3.6G       5.3M        39M       294M
-/+ buffers/cache:       3.9G       3.9G
Swap:         8.0G         0B       8.0G

             total       used       free     shared    buffers     cached
Mem:          7.8G       4.2G       3.6G       1.6M        39M       290M
-/+ buffers/cache:       3.9G       3.9G
Swap:         8.0G         0B       8.0G

             total       used       free     shared    buffers     cached
Mem:          7.8G       4.2G       3.6G       1.6M        39M       290M
-/+ buffers/cache:       3.9G       3.9G
Swap:         8.0G         0B       8.0G

             total       used       free     shared    buffers     cached
Mem:          7.8G       4.2G       3.6G       1.6M        39M       290M
-/+ buffers/cache:       3.9G       3.9G
Swap:         8.0G         0B       8.0G

             total       used       free     shared    buffers     cached
Mem:          7.8G       4.2G       3.6G       1.6M        39M       290M
-/+ buffers/cache:       3.9G       3.9G
Swap:         8.0G         0B       8.0G

             total       used       free     shared    buffers     cached
Mem:          7.8G       4.2G       3.6G       1.6M        39M       290M
-/+ buffers/cache:       3.9G       3.9G
Swap:         8.0G         0B       8.0G

             total       used       free     shared    buffers     cached
Mem:          7.8G       4.2G       3.6G       1.6M        39M       290M
-/+ buffers/cache:       3.9G       3.9G
Swap:         8.0G         0B       8.0G

             total       used       free     shared    buffers     cached
Mem:          7.8G       4.2G       3.6G       1.6M        39M       290M
-/+ buffers/cache:       3.9G       3.9G
Swap:         8.0G         0B       8.0G

             total       used       free     shared    buffers     cached
Mem:          7.8G       4.2G       3.6G       1.6M        39M       290M
-/+ buffers/cache:       3.9G       3.9G
Swap:         8.0G         0B       8.0G

             total       used       free     shared    buffers     cached
Mem:          7.8G       4.2G       3.6G       1.6M        39M       290M
-/+ buffers/cache:       3.9G       3.9G
Swap:         8.0G         0B       8.0G

             total       used       free     shared    buffers     cached
Mem:          7.8G       4.2G       3.6G       1.6M        39M       290M
-/+ buffers/cache:       3.9G       3.9G
Swap:         8.0G         0B       8.0G

             total       used       free     shared    buffers     cached
Mem:          7.8G       4.2G       3.6G       1.6M        39M       290M
-/+ buffers/cache:       3.9G       3.9G
Swap:         8.0G         0B       8.0G

             total       used       free     shared    buffers     cached
Mem:          7.8G       4.2G       3.6G       1.6M        39M       290M
-/+ buffers/cache:       3.9G       3.9G
Swap:         8.0G         0B       8.0G

             total       used       free     shared    buffers     cached
Mem:          7.8G       4.2G       3.6G       1.6M        39M       290M
-/+ buffers/cache:       3.9G       3.9G
Swap:         8.0G         0B       8.0G

             total       used       free     shared    buffers     cached
Mem:          7.8G       4.3G       3.5G       1.6M        39M       290M
-/+ buffers/cache:       3.9G       3.9G
Swap:         8.0G         0B       8.0G

             total       used       free     shared    buffers     cached
Mem:          7.8G       4.3G       3.5G       1.6M        39M       290M
-/+ buffers/cache:       3.9G       3.8G
Swap:         8.0G         0B       8.0G

             total       used       free     shared    buffers     cached
Mem:          7.8G       4.3G       3.5G       1.6M        39M       290M
-/+ buffers/cache:       4.0G       3.8G
Swap:         8.0G         0B       8.0G

             total       used       free     shared    buffers     cached
Mem:          7.8G       4.3G       3.5G       1.6M        39M       290M
-/+ buffers/cache:       4.0G       3.8G
Swap:         8.0G         0B       8.0G

             total       used       free     shared    buffers     cached
Mem:          7.8G       4.3G       3.5G       1.6M        39M       290M
-/+ buffers/cache:       4.0G       3.8G
Swap:         8.0G         0B       8.0G

             total       used       free     shared    buffers     cached
Mem:          7.8G       4.3G       3.5G       1.6M        39M       290M
-/+ buffers/cache:       4.0G       3.8G
Swap:         8.0G         0B       8.0G

             total       used       free     shared    buffers     cached
Mem:          7.8G       4.3G       3.5G       1.6M        39M       290M
-/+ buffers/cache:       4.0G       3.8G
Swap:         8.0G         0B       8.0G

             total       used       free     shared    buffers     cached
Mem:          7.8G       4.4G       3.4G       1.6M        39M       290M
-/+ buffers/cache:       4.0G       3.8G
Swap:         8.0G         0B       8.0G

             total       used       free     shared    buffers     cached
Mem:          7.8G       4.4G       3.4G       1.6M        39M       290M
-/+ buffers/cache:       4.1G       3.7G
Swap:         8.0G         0B       8.0G

             total       used       free     shared    buffers     cached
Mem:          7.8G       4.4G       3.4G       1.6M        39M       290M
-/+ buffers/cache:       4.1G       3.7G
Swap:         8.0G         0B       8.0G

             total       used       free     shared    buffers     cached
Mem:          7.8G       4.4G       3.4G       1.6M        39M       290M
-/+ buffers/cache:       4.1G       3.7G
Swap:         8.0G         0B       8.0G

             total       used       free     shared    buffers     cached
Mem:          7.8G       4.4G       3.4G       1.6M        39M       290M
-/+ buffers/cache:       4.1G       3.7G
Swap:         8.0G         0B       8.0G

             total       used       free     shared    buffers     cached
Mem:          7.8G       4.4G       3.4G       1.6M        39M       290M
-/+ buffers/cache:       4.1G       3.7G
Swap:         8.0G         0B       8.0G

             total       used       free     shared    buffers     cached
Mem:          7.8G       4.4G       3.4G       1.6M        39M       290M
-/+ buffers/cache:       4.1G       3.7G
Swap:         8.0G         0B       8.0G

             total       used       free     shared    buffers     cached
Mem:          7.8G       4.5G       3.3G       1.6M        39M       290M
-/+ buffers/cache:       4.1G       3.7G
Swap:         8.0G         0B       8.0G

             total       used       free     shared    buffers     cached
Mem:          7.8G       4.5G       3.3G       1.6M        39M       290M
-/+ buffers/cache:       4.2G       3.6G
Swap:         8.0G         0B       8.0G

             total       used       free     shared    buffers     cached
Mem:          7.8G       4.5G       3.3G       1.6M        39M       290M
-/+ buffers/cache:       4.2G       3.6G
Swap:         8.0G         0B       8.0G

             total       used       free     shared    buffers     cached
Mem:          7.8G       4.5G       3.3G       1.6M        39M       290M
-/+ buffers/cache:       4.2G       3.6G
Swap:         8.0G         0B       8.0G

             total       used       free     shared    buffers     cached
Mem:          7.8G       4.5G       3.3G       1.6M        39M       290M
-/+ buffers/cache:       4.2G       3.6G
Swap:         8.0G         0B       8.0G

             total       used       free     shared    buffers     cached
Mem:          7.8G       4.5G       3.3G       1.6M        39M       290M
-/+ buffers/cache:       4.2G       3.6G
Swap:         8.0G         0B       8.0G

             total       used       free     shared    buffers     cached
Mem:          7.8G       4.6G       3.2G       1.6M        39M       290M
-/+ buffers/cache:       4.2G       3.6G
Swap:         8.0G         0B       8.0G

             total       used       free     shared    buffers     cached
Mem:          7.8G       4.6G       3.2G       1.6M        39M       290M
-/+ buffers/cache:       4.2G       3.5G
Swap:         8.0G         0B       8.0G

             total       used       free     shared    buffers     cached
Mem:          7.8G       4.6G       3.2G       1.6M        39M       290M
-/+ buffers/cache:       4.3G       3.5G
Swap:         8.0G         0B       8.0G

             total       used       free     shared    buffers     cached
Mem:          7.8G       4.6G       3.2G       1.6M        39M       290M
-/+ buffers/cache:       4.3G       3.5G
Swap:         8.0G         0B       8.0G
