>>> Readying Destination to Recieve VM
>>> Tap Device tap0 Already in Use
>>> Successfull Started Destination
>>> Tap Device tap0 Already in Use
>>> Starting VM in Source
>>> VM Up & Running
>>> Starting Memcached in VM
>>> Started Memcached in VM, Process ID : 2115
>>> Starting Memaslap in Client
>>> Started Memaslap in Client, Process ID : 113563
>>> Enabling XBZRLE
{"QMP": {"version": {"qemu": {"micro": 2, "minor": 1, "major": 8}, "package": ""}, "capabilities": ["oob"]}}
{"return": {}}
{"return": {}}
{"QMP": {"version": {"qemu": {"micro": 2, "minor": 1, "major": 8}, "package": ""}, "capabilities": ["oob"]}}
{"return": {}}
{"return": {}}
>>> Enabling Dtrack
{"QMP": {"version": {"qemu": {"micro": 2, "minor": 1, "major": 8}, "package": ""}, "capabilities": ["oob"]}}
{"return": {}}
{"return": {}}
{"QMP": {"version": {"qemu": {"micro": 2, "minor": 1, "major": 8}, "package": ""}, "capabilities": ["oob"]}}
{"return": {}}
Starting PreCopy Migartion
{"return": {}}
Starting Iterations ...
Iteration 1 
# Pages Selected to Transfer : 528594
Iteration 0 
# Pages Received in Current Iteration : 0
Iteration 1 
# Pages Transferred in Current Iteration : 262203
Fake Dirty Count : 0
Iteration 2 
# Pages Selected to Transfer : 266421
# Pages Received in Current Iteration : 262203
Iteration 2 
# Pages Transferred in Current Iteration : 266404
Fake Dirty Count : 18
Iteration 3 
# Pages Selected to Transfer : 49
Function : migration_completion 
# Pages Received in Current Iteration : 266404
Iteration 3 
# Pages Transferred in Current Iteration : 45
Fake Dirty Count : 32
# Pages Received in Current Iteration : 45
>>> Checking for Migration Status
>>> Migration Completed
root@10.22.196.195:/home/vmuser/Desktop/cpu_usage.log
/mnt/nfs/samindu/mrmpplm/Data-and-Logs/Experiment-Data/final_2025-02-21_1/Memcached_2025-02-21_1/Dtrack_XBZRLE_PreCopy_2025-02-21_1/RAM2048/Experiment6
receiving incremental file list
cpu_usage.log
              0   0%    0.00kB/s    0:00:00           17,714 100%   16.89MB/s    0:00:00 (xfr#1, to-chk=0/1)

sent 43 bytes  received 17,810 bytes  11,902.00 bytes/sec
total size is 17,714  speedup is 0.99
root@10.22.196.195:/home/vmuser/Desktop/mem_usage.log
/mnt/nfs/samindu/mrmpplm/Data-and-Logs/Experiment-Data/final_2025-02-21_1/Memcached_2025-02-21_1/Dtrack_XBZRLE_PreCopy_2025-02-21_1/RAM2048/Experiment6
receiving incremental file list
mem_usage.log
              0   0%    0.00kB/s    0:00:00           66,296 100%   63.22MB/s    0:00:00 (xfr#1, to-chk=0/1)

sent 43 bytes  received 66,404 bytes  44,298.00 bytes/sec
total size is 66,296  speedup is 1.00
root@10.22.196.195:/home/vmuser/Desktop/net_usage.log
/mnt/nfs/samindu/mrmpplm/Data-and-Logs/Experiment-Data/final_2025-02-21_1/Memcached_2025-02-21_1/Dtrack_XBZRLE_PreCopy_2025-02-21_1/RAM2048/Experiment6
receiving incremental file list
net_usage.log
              0   0%    0.00kB/s    0:00:00            9,135 100%    8.71MB/s    0:00:00 (xfr#1, to-chk=0/1)

sent 43 bytes  received 9,232 bytes  6,183.33 bytes/sec
total size is 9,135  speedup is 0.98
