>>> Readying Destination to Recieve VM
>>> Tap Device tap0 Already in Use
>>> Successfull Started Destination
>>> Tap Device tap0 Already in Use
>>> Starting VM in Source
>>> VM Up & Running
>>> Starting Memcached in VM
>>> Started Memcached in VM, Process ID : 2138
>>> Starting Memaslap in Client
>>> Started Memaslap in Client, Process ID : 162323
>>> Enabling XBZRLE
{"QMP": {"version": {"qemu": {"micro": 2, "minor": 1, "major": 8}, "package": ""}, "capabilities": ["oob"]}}
{"return": {}}
{"return": {}}
{"QMP": {"version": {"qemu": {"micro": 2, "minor": 1, "major": 8}, "package": ""}, "capabilities": ["oob"]}}
{"return": {}}
{"return": {}}
>>> Enabling HBFDP
{"QMP": {"version": {"qemu": {"micro": 2, "minor": 1, "major": 8}, "package": ""}, "capabilities": ["oob"]}}
{"return": {}}
{"return": {}}
{"QMP": {"version": {"qemu": {"micro": 2, "minor": 1, "major": 8}, "package": ""}, "capabilities": ["oob"]}}
{"return": {}}
Starting PreCopy Migartion
{"return": {}}
Starting Iterations ...
Iteration 1 
# Pages Selected to Transfer : 528594
Iteration 0 
# Pages Received in Current Iteration : 0
Iteration 1 
# Pages Transferred in Current Iteration : 528594
Fake Dirty Count : 0
Iteration 2 
# Pages Selected to Transfer : 68472
# Pages Received in Current Iteration : 528594
Iteration 2 
# Pages Transferred in Current Iteration : 28019
Fake Dirty Count : 40453
Iteration 3 
# Pages Selected to Transfer : 8145
# Pages Received in Current Iteration : 28019
Iteration 3 
# Pages Transferred in Current Iteration : 3848
Fake Dirty Count : 4297
Iteration 4 
# Pages Selected to Transfer : 1643
Function : migration_completion 
# Pages Received in Current Iteration : 3848
Iteration 4 
# Pages Transferred in Current Iteration : 861
Fake Dirty Count : 782
# Pages Received in Current Iteration : 861
>>> Checking for Migration Status
>>> Migration Completed
root@10.22.196.195:/home/vmuser/Desktop/cpu_usage.log
/mnt/nfs/samindu/mrmpplm/Data-and-Logs/Experiment-Data/final_2025-02-22_1/Memcached_2025-02-22_1/HBFDP_XBZRLE_PreCopy.SHA1_2025-02-23_1/RAM2048/Experiment10
receiving incremental file list
cpu_usage.log
              0   0%    0.00kB/s    0:00:00           17,714 100%   16.89MB/s    0:00:00 (xfr#1, to-chk=0/1)

sent 43 bytes  received 17,810 bytes  11,902.00 bytes/sec
total size is 17,714  speedup is 0.99
root@10.22.196.195:/home/vmuser/Desktop/mem_usage.log
/mnt/nfs/samindu/mrmpplm/Data-and-Logs/Experiment-Data/final_2025-02-22_1/Memcached_2025-02-22_1/HBFDP_XBZRLE_PreCopy.SHA1_2025-02-23_1/RAM2048/Experiment10
receiving incremental file list
mem_usage.log
              0   0%    0.00kB/s    0:00:00           70,454 100%   67.19MB/s    0:00:00 (xfr#1, to-chk=0/1)

sent 43 bytes  received 70,563 bytes  47,070.67 bytes/sec
total size is 70,454  speedup is 1.00
root@10.22.196.195:/home/vmuser/Desktop/net_usage.log
/mnt/nfs/samindu/mrmpplm/Data-and-Logs/Experiment-Data/final_2025-02-22_1/Memcached_2025-02-22_1/HBFDP_XBZRLE_PreCopy.SHA1_2025-02-23_1/RAM2048/Experiment10
receiving incremental file list
net_usage.log
              0   0%    0.00kB/s    0:00:00            9,628 100%    9.18MB/s    0:00:00 (xfr#1, to-chk=0/1)

sent 43 bytes  received 9,725 bytes  6,512.00 bytes/sec
total size is 9,628  speedup is 0.99
