>>> Readying Destination to Recieve VM
>>> Tap Device tap0 Already in Use
>>> Successfull Started Destination
>>> Tap Device tap0 Already in Use
>>> Starting VM in Source
>>> VM Up & Running
>>> Starting Oltp in VM
>>> Started Oltp in VM, Process ID : 2065
>>> Started 2066 in VM, Process ID : 
{"QMP": {"version": {"qemu": {"micro": 2, "minor": 1, "major": 8}, "package": ""}, "capabilities": ["oob"]}}
{"return": {}}
Starting PreCopy Migartion
{"return": {}}
Starting Iterations ...
2025-04-06 09:20:57
Migration Completed ...
>>> Checking for Migration Status
2025-04-06 09:21:07
>>> Migration Completed
>>> OLTP is Still Running
>>> OLTP is Still Running
>>> OLTP is Still Running
root@10.22.196.200:/home/workingset/Desktop//benchbase/target/benchbase-postgres/results/ycsb*results.csv
/mnt/nfs/samindu/mrmpplm/Data-and-Logs/Experiment-Data/v2/application-overhead/ao-1000ms-interval_2025-04-06_2/Oltp_2025-04-06_1/Vanilla_PreCopy_2025-04-06_1/RAM1024/Experiment
receiving incremental file list
ycsb_2025-04-06_09-21-46.results.csv
              0   0%    0.00kB/s    0:00:00            4,994 100%    4.76MB/s    0:00:00 (xfr#1, to-chk=0/1)

sent 43 bytes  received 5,114 bytes  3,438.00 bytes/sec
total size is 4,994  speedup is 0.97
