  Time           eth0       
HH:MM:SS   KB/s in  KB/s out
18:54:40      0.12      0.06
18:54:41      0.06      0.00
18:54:42      0.00      0.00
18:54:43      0.12      0.06
18:54:45      0.00      0.00
18:54:46      0.00      0.00
18:54:47      0.39      0.00
18:54:48      0.00      0.04
18:54:49      0.00      0.08
18:54:50      0.24      0.18
18:54:51      3.35      3.27
18:54:52      0.00      0.00
18:54:53      0.00      0.00
18:54:54      0.00      0.00
18:54:55      0.39      0.00
18:54:56      0.00      0.00
18:54:57      0.00      0.00
18:54:58      0.06      0.00
18:54:59      0.00      0.00
18:55:00      2.11      0.47
18:55:01      1.38      3.50
18:55:02      0.00      0.00
  Time           eth0       
HH:MM:SS   KB/s in  KB/s out
18:55:03      0.06      0.00
18:55:04      0.00      0.00
18:55:05      0.33      0.00
18:55:06      0.00      0.00
18:55:07      0.00      0.00
18:55:08      0.00      0.00
18:55:09      0.33      0.00
18:55:10      0.00      0.00
18:55:11      0.00      0.00
18:55:12      0.12      0.00
18:55:13  11940.61    755.04
18:55:14  16821.36   1062.93
18:55:15  16734.96   1057.47
18:55:16  16782.14   1060.46
18:55:17  16179.55   1022.66
18:55:18  17246.13   1089.77
18:55:19  16599.37   1048.93
18:55:20  16431.57   1039.26
18:55:21  16119.67   1018.52
18:55:22  15161.31    958.10
18:55:23  16908.20   1068.40
18:55:24  14145.66    894.35
  Time           eth0       
HH:MM:SS   KB/s in  KB/s out
18:55:25  15797.92    998.11
18:55:26  14534.93    918.37
18:55:27  11893.82    752.37
18:55:28  16542.02   1045.71
18:55:29  17839.93   1127.01
18:55:30  16239.00   1026.49
18:55:31  15978.94   1009.53
18:55:32  16284.74   1028.95
18:55:33  15973.51   1009.86
18:55:34  16227.04   1025.45
18:55:35  15867.36   1002.36
18:55:36  14426.20    911.94
18:55:37  16156.19   1020.76
18:55:38  15623.38    987.23
18:55:39  15346.02    969.99
18:55:40  14812.72    935.93
18:55:41   8569.83    541.86
18:55:42  13363.91    845.11
18:55:43  16204.45   1023.73
18:55:44  16852.26   1064.96
18:55:45  15087.23    953.54
18:55:46  13994.65    884.66
  Time           eth0       
HH:MM:SS   KB/s in  KB/s out
18:55:47  15206.92    961.06
18:55:48  14113.39    891.37
18:55:49  15004.04    948.14
18:55:50  14763.76    933.48
18:55:51  14885.49    940.68
18:55:52  15612.99    986.36
18:55:53  15686.61    991.69
18:55:54  15718.80    993.04
18:55:55  15497.29    979.19
18:55:56  14480.83    915.60
18:55:57  15164.60    958.24
18:55:58  14761.63    932.55
18:55:59  15043.56    950.93
18:56:00  15381.18    971.71
18:56:01  14690.58    928.35
18:56:02  16612.13   1049.71
18:56:03  15284.35    965.93
18:56:04  15237.81    962.93
18:56:05  15431.74    975.19
18:56:06  15363.08    971.21
18:56:07  14438.12    912.23
18:56:08  14929.13    943.07
  Time           eth0       
HH:MM:SS   KB/s in  KB/s out
18:56:09  14784.74    934.67
18:56:10  14552.23    919.54
18:56:11  11019.99    696.64
18:56:12   3104.63    197.59
18:56:13  15482.42    978.75
18:56:14  15043.99    950.76
18:56:15  15056.51    951.48
18:56:16  15000.15    947.70
18:56:17  14271.77    901.94
18:56:18  14652.58    925.81
18:56:19  14086.16    890.16
18:56:20  14939.24    943.91
18:56:21  15379.23    971.99
18:56:22  15828.96   1000.15
18:56:23  15069.62    952.60
18:56:24  15327.70    968.69
18:56:25  15267.36    964.49
18:56:26  13791.05    871.87
18:56:27  15524.26    980.68
18:56:28  17923.53   1132.87
18:56:29  15915.25   1005.67
18:56:30  14247.87    900.59
  Time           eth0       
HH:MM:SS   KB/s in  KB/s out
18:56:31  13744.34    868.20
18:56:32  14748.20    932.00
18:56:33  15226.73    962.16
18:56:34  14942.96    944.59
18:56:35  15214.60    961.59
18:56:36  14347.76    906.55
18:56:37  14699.21    928.68
18:56:38  13897.34    878.30
18:56:39  15436.32    975.82
18:56:40  14616.73    923.33
18:56:41  14880.75    940.66
18:56:42  14493.02    915.44
18:56:43  16207.83   1024.64
18:56:44  15700.38    992.02
18:56:45  17712.91   1119.05
18:56:46  18694.26   1181.80
18:56:47  17089.37   1079.65
18:56:48  15320.86    968.47
18:56:49  15337.39    968.79
18:56:50  16501.47   1043.08
18:56:51  14451.49    912.96
18:56:52  16976.82   1072.98
  Time           eth0       
HH:MM:SS   KB/s in  KB/s out
18:56:53  17888.63   1130.57
18:56:54  17192.79   1086.62
18:56:55  17419.50   1100.52
18:56:56  14387.14    909.54
18:56:57  15901.50   1004.78
18:56:58  16013.56   1011.60
18:56:59  15453.04    976.68
18:57:00  15486.44    978.86
18:57:01  15292.31    965.93
18:57:02  13530.41    855.04
18:57:03  14273.60    902.15
18:57:04  16514.39   1043.90
18:57:05  13997.41    884.62
18:57:06  16902.90   1067.65
18:57:07  15160.51    958.12
18:57:08  15079.64    953.01
18:57:09  15153.57    957.90
18:57:10  14546.73    918.97
18:57:11   1979.20    125.44
18:57:12     13.71      1.64
18:57:13  12299.40    778.38
18:57:14  15733.84    993.82
  Time           eth0       
HH:MM:SS   KB/s in  KB/s out
18:57:15  16320.13   1031.40
18:57:16  14808.03    935.99
18:57:17  15034.27    949.86
18:57:18  16119.41   1018.77
18:57:19  14945.10    944.43
18:57:20  15028.00    949.39
18:57:21  15893.35   1004.51
18:57:22  16426.18   1037.96
18:57:23  16975.38   1073.10
18:57:24  16319.17   1030.91
18:57:25  15934.07   1007.01
18:57:26  15083.17    953.38
18:57:27  14588.84    921.70
18:57:28  17048.27   1077.35
18:57:29  16213.79   1024.59
18:57:30  16698.56   1055.39
18:57:31  17505.32   1106.01
18:57:32  16772.70   1059.91
18:57:33  15216.94    961.98
18:57:34  15618.73    986.86
18:57:35  15066.47    951.89
18:57:36  14191.74    896.81
  Time           eth0       
HH:MM:SS   KB/s in  KB/s out
18:57:37  11677.41    738.09
18:57:38  10466.26    661.62
18:57:39  11330.48    715.73
18:57:40  10833.48    684.90
18:57:41  12489.73    789.35
18:57:42  11543.20    729.39
18:57:43  11108.15    701.53
18:57:44  11696.29    739.35
18:57:45  11999.03    758.19
18:57:46  10976.80    693.59
18:57:47  11648.54    736.08
18:57:48  11564.22    731.15
18:57:49  11224.58    708.89
18:57:50  11860.20    749.54
18:57:51  11387.61    719.63
18:57:52  10778.96    681.16
18:57:53  11208.81    708.40
18:57:54  11377.43    718.82
18:57:55  13386.46    846.37
18:57:56  12477.65    788.08
18:57:57  12177.40    769.82
18:57:58  11498.38    726.34
  Time           eth0       
HH:MM:SS   KB/s in  KB/s out
18:57:59  11835.78    748.32
18:58:00  12027.59    760.21
18:58:01  11889.20    751.43
18:58:02  10920.00    690.15
18:58:03  10903.69    688.76
18:58:04  12163.29    768.50
18:58:05  12150.40    768.02
18:58:06  10803.81    681.77
18:58:07  10477.32    663.79
18:58:08  12839.27    811.20
18:58:09  14005.74    885.08
18:58:10  13342.24    843.58
18:58:11  12816.83    809.51
18:58:12  13366.00    844.92
18:58:13  13977.38    883.00
18:58:14  13382.40    846.18
18:58:15  13208.53    834.41
18:58:16  13793.39    871.87
18:58:17  13438.41    849.30
18:58:18  13910.95    878.65
18:58:19  13313.84    841.42
18:58:20  13736.58    868.28
  Time           eth0       
HH:MM:SS   KB/s in  KB/s out
18:58:21  14362.04    907.66
18:58:22  14195.23    896.69
18:58:23  15174.04    958.88
18:58:24  14760.53    932.70
18:58:25  13565.01    857.73
18:58:26  14335.00    905.72
18:58:27  14370.26    908.04
18:58:28  14738.16    931.14
18:58:29  14152.24    894.33
18:58:30  15361.91    971.04
18:58:31  14970.14    945.73
18:58:32  14652.08    926.35
18:58:33  13651.47    862.18
18:58:34  14134.47    893.72
18:58:35  13382.86    845.28
18:58:36  13889.98    877.76
18:58:37  13375.09    845.58
18:58:38  13548.22    855.88
18:58:39  14058.82    888.29
18:58:40  13356.26    844.18
18:58:41  13639.19    861.82
18:58:42  13289.40    839.95
  Time           eth0       
HH:MM:SS   KB/s in  KB/s out
18:58:43  13804.89    872.24
18:58:44  13786.84    871.60
18:58:45  13059.16    825.24
18:58:46  13823.40    873.48
18:58:47  12987.20    820.42
18:58:48  12601.20    796.25
18:58:49  13026.29    823.38
18:58:50  12440.69    786.03
18:58:51  12900.11    815.28
18:58:52  13664.63    863.45
18:58:53   8599.64    543.81
18:58:54   7297.66    461.17
18:58:55   8476.28    535.29
18:58:56   9797.98    619.10
18:58:57   8353.36    528.10
18:58:58   8376.64    529.28
18:58:59   8478.49    536.03
18:59:00   9936.63    628.48
18:59:01   7862.53    496.50
18:59:02   7634.20    483.42
18:59:03  10120.38    639.31
18:59:04   8687.96    549.80
  Time           eth0       
HH:MM:SS   KB/s in  KB/s out
18:59:05  10550.02    666.84
18:59:06  13212.01    834.77
18:59:07  12757.78    806.19
18:59:08  14127.51    892.70
18:59:09  13559.26    856.93
18:59:10  13198.55    834.00
18:59:11  12266.96    775.34
18:59:12  12737.94    804.89
18:59:13  13347.27    843.47
18:59:14  12553.98    793.69
18:59:15  12153.88    768.05
18:59:16  13094.25    827.48
18:59:17  13523.74    854.45
18:59:18  14023.46    886.05
18:59:19  11389.38    719.96
18:59:20  14174.06    895.85
18:59:21  12588.85    795.43
18:59:22  12993.44    820.89
18:59:23  13488.91    852.95
18:59:24  12150.77    768.07
18:59:25  11310.36    714.36
18:59:26  14174.51    895.89
  Time           eth0       
HH:MM:SS   KB/s in  KB/s out
18:59:27  14057.34    888.63
18:59:28  13861.47    875.52
18:59:29  13204.42    834.51
18:59:30  13272.88    838.76
18:59:31   2871.55    181.78
18:59:32      0.00      0.00
18:59:33      6.95      0.72
18:59:34      0.10      0.26
18:59:35      0.43      0.10
18:59:36      0.15      0.10
18:59:37      4.12      3.36
18:59:38      3.00     15.80
18:59:39      3.96      7.03
