             total       used       free     shared    buffers     cached
Mem:           11G       684M        11G       3.5M        38M       289M
-/+ buffers/cache:       356M        11G
Swap:         8.0G         0B       8.0G

             total       used       free     shared    buffers     cached
Mem:           11G       683M        11G       1.7M        38M       288M
-/+ buffers/cache:       356M        11G
Swap:         8.0G         0B       8.0G

             total       used       free     shared    buffers     cached
Mem:           11G       683M        11G       1.7M        38M       288M
-/+ buffers/cache:       356M        11G
Swap:         8.0G         0B       8.0G

             total       used       free     shared    buffers     cached
Mem:           11G       683M        11G       1.7M        38M       288M
-/+ buffers/cache:       356M        11G
Swap:         8.0G         0B       8.0G

             total       used       free     shared    buffers     cached
Mem:           11G       683M        11G       1.7M        38M       288M
-/+ buffers/cache:       356M        11G
Swap:         8.0G         0B       8.0G

             total       used       free     shared    buffers     cached
Mem:           11G       683M        11G       1.7M        38M       288M
-/+ buffers/cache:       356M        11G
Swap:         8.0G         0B       8.0G

             total       used       free     shared    buffers     cached
Mem:           11G       682M        11G       1.7M        38M       288M
-/+ buffers/cache:       355M        11G
Swap:         8.0G         0B       8.0G

             total       used       free     shared    buffers     cached
Mem:           11G       682M        11G       1.7M        38M       288M
-/+ buffers/cache:       355M        11G
Swap:         8.0G         0B       8.0G

             total       used       free     shared    buffers     cached
Mem:           11G       682M        11G       1.7M        38M       288M
-/+ buffers/cache:       355M        11G
Swap:         8.0G         0B       8.0G

             total       used       free     shared    buffers     cached
Mem:           11G       685M        11G       1.7M        38M       288M
-/+ buffers/cache:       358M        11G
Swap:         8.0G         0B       8.0G

             total       used       free     shared    buffers     cached
Mem:           11G       702M        11G       1.7M        38M       288M
-/+ buffers/cache:       375M        11G
Swap:         8.0G         0B       8.0G

             total       used       free     shared    buffers     cached
Mem:           11G       714M        11G       1.7M        38M       288M
-/+ buffers/cache:       387M        11G
Swap:         8.0G         0B       8.0G

             total       used       free     shared    buffers     cached
Mem:           11G       691M        11G       1.8M        38M       289M
-/+ buffers/cache:       363M        11G
Swap:         8.0G         0B       8.0G

             total       used       free     shared    buffers     cached
Mem:           11G       692M        11G       1.8M        38M       289M
-/+ buffers/cache:       363M        11G
Swap:         8.0G         0B       8.0G

             total       used       free     shared    buffers     cached
Mem:           11G       692M        11G       1.8M        38M       289M
-/+ buffers/cache:       363M        11G
Swap:         8.0G         0B       8.0G

             total       used       free     shared    buffers     cached
Mem:           11G       692M        11G       1.8M        38M       289M
-/+ buffers/cache:       363M        11G
Swap:         8.0G         0B       8.0G

             total       used       free     shared    buffers     cached
Mem:           11G       692M        11G       1.8M        38M       289M
-/+ buffers/cache:       363M        11G
Swap:         8.0G         0B       8.0G

             total       used       free     shared    buffers     cached
Mem:           11G       692M        11G       1.8M        38M       289M
-/+ buffers/cache:       363M        11G
Swap:         8.0G         0B       8.0G

             total       used       free     shared    buffers     cached
Mem:           11G       692M        11G       1.8M        38M       289M
-/+ buffers/cache:       363M        11G
Swap:         8.0G         0B       8.0G

             total       used       free     shared    buffers     cached
Mem:           11G       692M        11G       1.8M        38M       289M
-/+ buffers/cache:       363M        11G
Swap:         8.0G         0B       8.0G

             total       used       free     shared    buffers     cached
Mem:           11G       692M        11G       1.8M        38M       289M
-/+ buffers/cache:       363M        11G
Swap:         8.0G         0B       8.0G

             total       used       free     shared    buffers     cached
Mem:           11G       692M        11G       1.8M        38M       289M
-/+ buffers/cache:       363M        11G
Swap:         8.0G         0B       8.0G

             total       used       free     shared    buffers     cached
Mem:           11G       692M        11G       1.8M        38M       290M
-/+ buffers/cache:       363M        11G
Swap:         8.0G         0B       8.0G

             total       used       free     shared    buffers     cached
Mem:           11G       692M        11G       1.8M        38M       290M
-/+ buffers/cache:       363M        11G
Swap:         8.0G         0B       8.0G

             total       used       free     shared    buffers     cached
Mem:           11G       692M        11G       1.8M        38M       290M
-/+ buffers/cache:       363M        11G
Swap:         8.0G         0B       8.0G

             total       used       free     shared    buffers     cached
Mem:           11G       692M        11G       1.8M        38M       290M
-/+ buffers/cache:       363M        11G
Swap:         8.0G         0B       8.0G

             total       used       free     shared    buffers     cached
Mem:           11G       692M        11G       1.8M        38M       290M
-/+ buffers/cache:       363M        11G
Swap:         8.0G         0B       8.0G

             total       used       free     shared    buffers     cached
Mem:           11G       692M        11G       1.8M        38M       290M
-/+ buffers/cache:       363M        11G
Swap:         8.0G         0B       8.0G

             total       used       free     shared    buffers     cached
Mem:           11G       692M        11G       1.8M        38M       290M
-/+ buffers/cache:       363M        11G
Swap:         8.0G         0B       8.0G

             total       used       free     shared    buffers     cached
Mem:           11G       692M        11G       1.8M        38M       290M
-/+ buffers/cache:       363M        11G
Swap:         8.0G         0B       8.0G

             total       used       free     shared    buffers     cached
Mem:           11G       692M        11G       1.8M        38M       290M
-/+ buffers/cache:       363M        11G
Swap:         8.0G         0B       8.0G

             total       used       free     shared    buffers     cached
Mem:           11G       692M        11G       1.8M        38M       290M
-/+ buffers/cache:       363M        11G
Swap:         8.0G         0B       8.0G

             total       used       free     shared    buffers     cached
Mem:           11G       692M        11G       1.8M        38M       290M
-/+ buffers/cache:       363M        11G
Swap:         8.0G         0B       8.0G

             total       used       free     shared    buffers     cached
Mem:           11G       699M        11G       1.8M        38M       290M
-/+ buffers/cache:       371M        11G
Swap:         8.0G         0B       8.0G

             total       used       free     shared    buffers     cached
Mem:           11G       717M        11G       1.8M        38M       290M
-/+ buffers/cache:       388M        11G
Swap:         8.0G         0B       8.0G

             total       used       free     shared    buffers     cached
Mem:           11G       733M        11G       1.8M        38M       290M
-/+ buffers/cache:       404M        11G
Swap:         8.0G         0B       8.0G

             total       used       free     shared    buffers     cached
Mem:           11G       747M        11G       1.8M        38M       290M
-/+ buffers/cache:       418M        11G
Swap:         8.0G         0B       8.0G

             total       used       free     shared    buffers     cached
Mem:           11G       764M        10G       1.8M        38M       290M
-/+ buffers/cache:       435M        11G
Swap:         8.0G         0B       8.0G

             total       used       free     shared    buffers     cached
Mem:           11G       781M        10G       1.8M        38M       290M
-/+ buffers/cache:       452M        11G
Swap:         8.0G         0B       8.0G

             total       used       free     shared    buffers     cached
Mem:           11G       797M        10G       1.8M        38M       290M
-/+ buffers/cache:       468M        11G
Swap:         8.0G         0B       8.0G

             total       used       free     shared    buffers     cached
Mem:           11G       811M        10G       1.8M        38M       290M
-/+ buffers/cache:       483M        11G
Swap:         8.0G         0B       8.0G

             total       used       free     shared    buffers     cached
Mem:           11G       829M        10G       1.8M        38M       290M
-/+ buffers/cache:       501M        11G
Swap:         8.0G         0B       8.0G

             total       used       free     shared    buffers     cached
Mem:           11G       846M        10G       1.8M        38M       290M
-/+ buffers/cache:       517M        11G
Swap:         8.0G         0B       8.0G

             total       used       free     shared    buffers     cached
Mem:           11G       864M        10G       1.8M        38M       290M
-/+ buffers/cache:       535M        11G
Swap:         8.0G         0B       8.0G

             total       used       free     shared    buffers     cached
Mem:           11G       879M        10G       1.8M        38M       290M
-/+ buffers/cache:       551M        11G
Swap:         8.0G         0B       8.0G

             total       used       free     shared    buffers     cached
Mem:           11G       896M        10G       1.8M        38M       290M
-/+ buffers/cache:       568M        11G
Swap:         8.0G         0B       8.0G

             total       used       free     shared    buffers     cached
Mem:           11G       913M        10G       1.8M        38M       290M
-/+ buffers/cache:       585M        11G
Swap:         8.0G         0B       8.0G

             total       used       free     shared    buffers     cached
Mem:           11G       928M        10G       1.8M        38M       290M
-/+ buffers/cache:       599M        11G
Swap:         8.0G         0B       8.0G

             total       used       free     shared    buffers     cached
Mem:           11G       944M        10G       1.8M        38M       290M
-/+ buffers/cache:       616M        11G
Swap:         8.0G         0B       8.0G

             total       used       free     shared    buffers     cached
Mem:           11G       960M        10G       1.8M        38M       290M
-/+ buffers/cache:       632M        11G
Swap:         8.0G         0B       8.0G

             total       used       free     shared    buffers     cached
Mem:           11G       979M        10G       1.8M        38M       290M
-/+ buffers/cache:       650M        11G
Swap:         8.0G         0B       8.0G

             total       used       free     shared    buffers     cached
Mem:           11G       996M        10G       1.8M        38M       290M
-/+ buffers/cache:       668M        11G
Swap:         8.0G         0B       8.0G

             total       used       free     shared    buffers     cached
Mem:           11G       1.0G        10G       1.8M        38M       290M
-/+ buffers/cache:       685M        11G
Swap:         8.0G         0B       8.0G

             total       used       free     shared    buffers     cached
Mem:           11G       1.0G        10G       1.8M        38M       290M
-/+ buffers/cache:       702M        11G
Swap:         8.0G         0B       8.0G

             total       used       free     shared    buffers     cached
Mem:           11G       1.0G        10G       1.8M        38M       290M
-/+ buffers/cache:       718M        11G
Swap:         8.0G         0B       8.0G

             total       used       free     shared    buffers     cached
Mem:           11G       1.0G        10G       1.8M        38M       290M
-/+ buffers/cache:       734M        11G
Swap:         8.0G         0B       8.0G

             total       used       free     shared    buffers     cached
Mem:           11G       1.1G        10G       1.8M        38M       290M
-/+ buffers/cache:       750M        11G
Swap:         8.0G         0B       8.0G

             total       used       free     shared    buffers     cached
Mem:           11G       1.1G        10G       1.8M        38M       290M
-/+ buffers/cache:       765M        10G
Swap:         8.0G         0B       8.0G

             total       used       free     shared    buffers     cached
Mem:           11G       1.1G        10G       1.8M        38M       290M
-/+ buffers/cache:       779M        10G
Swap:         8.0G         0B       8.0G

             total       used       free     shared    buffers     cached
Mem:           11G       1.1G        10G       1.8M        38M       290M
-/+ buffers/cache:       793M        10G
Swap:         8.0G         0B       8.0G

             total       used       free     shared    buffers     cached
Mem:           11G       1.1G        10G       1.8M        38M       290M
-/+ buffers/cache:       807M        10G
Swap:         8.0G         0B       8.0G

             total       used       free     shared    buffers     cached
Mem:           11G       1.1G        10G       1.8M        38M       290M
-/+ buffers/cache:       814M        10G
Swap:         8.0G         0B       8.0G

             total       used       free     shared    buffers     cached
Mem:           11G       1.1G        10G       1.8M        38M       290M
-/+ buffers/cache:       828M        10G
Swap:         8.0G         0B       8.0G

             total       used       free     shared    buffers     cached
Mem:           11G       1.1G        10G       1.8M        38M       290M
-/+ buffers/cache:       843M        10G
Swap:         8.0G         0B       8.0G

             total       used       free     shared    buffers     cached
Mem:           11G       1.2G        10G       1.8M        38M       290M
-/+ buffers/cache:       860M        10G
Swap:         8.0G         0B       8.0G

             total       used       free     shared    buffers     cached
Mem:           11G       1.2G        10G       1.8M        38M       290M
-/+ buffers/cache:       875M        10G
Swap:         8.0G         0B       8.0G

             total       used       free     shared    buffers     cached
Mem:           11G       1.2G        10G       1.8M        38M       290M
-/+ buffers/cache:       890M        10G
Swap:         8.0G         0B       8.0G

             total       used       free     shared    buffers     cached
Mem:           11G       1.2G        10G       1.8M        38M       290M
-/+ buffers/cache:       904M        10G
Swap:         8.0G         0B       8.0G

             total       used       free     shared    buffers     cached
Mem:           11G       1.2G        10G       1.8M        38M       290M
-/+ buffers/cache:       918M        10G
Swap:         8.0G         0B       8.0G

             total       used       free     shared    buffers     cached
Mem:           11G       1.2G        10G       1.8M        38M       290M
-/+ buffers/cache:       934M        10G
Swap:         8.0G         0B       8.0G

             total       used       free     shared    buffers     cached
Mem:           11G       1.2G        10G       1.8M        38M       290M
-/+ buffers/cache:       948M        10G
Swap:         8.0G         0B       8.0G

             total       used       free     shared    buffers     cached
Mem:           11G       1.3G        10G       1.8M        38M       290M
-/+ buffers/cache:       962M        10G
Swap:         8.0G         0B       8.0G

             total       used       free     shared    buffers     cached
Mem:           11G       1.3G        10G       1.8M        38M       290M
-/+ buffers/cache:       977M        10G
Swap:         8.0G         0B       8.0G

             total       used       free     shared    buffers     cached
Mem:           11G       1.3G        10G       1.8M        38M       290M
-/+ buffers/cache:       992M        10G
Swap:         8.0G         0B       8.0G

             total       used       free     shared    buffers     cached
Mem:           11G       1.3G        10G       1.8M        38M       290M
-/+ buffers/cache:       1.0G        10G
Swap:         8.0G         0B       8.0G

             total       used       free     shared    buffers     cached
Mem:           11G       1.3G        10G       1.8M        38M       290M
-/+ buffers/cache:       1.0G        10G
Swap:         8.0G         0B       8.0G

             total       used       free     shared    buffers     cached
Mem:           11G       1.3G        10G       1.8M        38M       290M
-/+ buffers/cache:       1.0G        10G
Swap:         8.0G         0B       8.0G

             total       used       free     shared    buffers     cached
Mem:           11G       1.4G        10G       1.8M        38M       290M
-/+ buffers/cache:       1.0G        10G
Swap:         8.0G         0B       8.0G

             total       used       free     shared    buffers     cached
Mem:           11G       1.4G        10G       1.8M        38M       290M
-/+ buffers/cache:       1.0G        10G
Swap:         8.0G         0B       8.0G

             total       used       free     shared    buffers     cached
Mem:           11G       1.4G        10G       1.8M        38M       290M
-/+ buffers/cache:       1.1G        10G
Swap:         8.0G         0B       8.0G

             total       used       free     shared    buffers     cached
Mem:           11G       1.4G        10G       1.8M        38M       290M
-/+ buffers/cache:       1.1G        10G
Swap:         8.0G         0B       8.0G

             total       used       free     shared    buffers     cached
Mem:           11G       1.4G        10G       1.8M        38M       290M
-/+ buffers/cache:       1.1G        10G
Swap:         8.0G         0B       8.0G

             total       used       free     shared    buffers     cached
Mem:           11G       1.4G        10G       1.8M        38M       290M
-/+ buffers/cache:       1.1G        10G
Swap:         8.0G         0B       8.0G

             total       used       free     shared    buffers     cached
Mem:           11G       1.4G        10G       1.8M        38M       290M
-/+ buffers/cache:       1.1G        10G
Swap:         8.0G         0B       8.0G

             total       used       free     shared    buffers     cached
Mem:           11G       1.5G        10G       1.8M        38M       290M
-/+ buffers/cache:       1.1G        10G
Swap:         8.0G         0B       8.0G

             total       used       free     shared    buffers     cached
Mem:           11G       1.5G        10G       1.8M        38M       290M
-/+ buffers/cache:       1.1G        10G
Swap:         8.0G         0B       8.0G

             total       used       free     shared    buffers     cached
Mem:           11G       1.5G        10G       1.8M        38M       290M
-/+ buffers/cache:       1.2G        10G
Swap:         8.0G         0B       8.0G

             total       used       free     shared    buffers     cached
Mem:           11G       1.5G        10G       1.8M        38M       290M
-/+ buffers/cache:       1.2G        10G
Swap:         8.0G         0B       8.0G

             total       used       free     shared    buffers     cached
Mem:           11G       1.5G        10G       1.8M        38M       290M
-/+ buffers/cache:       1.2G        10G
Swap:         8.0G         0B       8.0G

             total       used       free     shared    buffers     cached
Mem:           11G       1.5G        10G       1.8M        38M       290M
-/+ buffers/cache:       1.2G        10G
Swap:         8.0G         0B       8.0G

             total       used       free     shared    buffers     cached
Mem:           11G       1.5G        10G       1.8M        38M       290M
-/+ buffers/cache:       1.2G        10G
Swap:         8.0G         0B       8.0G

             total       used       free     shared    buffers     cached
Mem:           11G       1.6G        10G       1.8M        38M       290M
-/+ buffers/cache:       1.2G        10G
Swap:         8.0G         0B       8.0G

             total       used       free     shared    buffers     cached
Mem:           11G       1.6G        10G       1.8M        38M       290M
-/+ buffers/cache:       1.2G        10G
Swap:         8.0G         0B       8.0G

             total       used       free     shared    buffers     cached
Mem:           11G       1.6G        10G       1.8M        38M       290M
-/+ buffers/cache:       1.2G        10G
Swap:         8.0G         0B       8.0G

             total       used       free     shared    buffers     cached
Mem:           11G       1.6G        10G       1.8M        38M       290M
-/+ buffers/cache:       1.3G        10G
Swap:         8.0G         0B       8.0G

             total       used       free     shared    buffers     cached
Mem:           11G       1.6G        10G       1.8M        38M       290M
-/+ buffers/cache:       1.3G        10G
Swap:         8.0G         0B       8.0G

             total       used       free     shared    buffers     cached
Mem:           11G       1.6G        10G       1.8M        38M       290M
-/+ buffers/cache:       1.3G        10G
Swap:         8.0G         0B       8.0G

             total       used       free     shared    buffers     cached
Mem:           11G       1.6G        10G       1.8M        38M       290M
-/+ buffers/cache:       1.3G        10G
Swap:         8.0G         0B       8.0G

             total       used       free     shared    buffers     cached
Mem:           11G       1.6G        10G       1.8M        38M       290M
-/+ buffers/cache:       1.3G        10G
Swap:         8.0G         0B       8.0G

             total       used       free     shared    buffers     cached
Mem:           11G       1.7G        10G       1.8M        38M       290M
-/+ buffers/cache:       1.3G        10G
Swap:         8.0G         0B       8.0G

             total       used       free     shared    buffers     cached
Mem:           11G       1.7G        10G       1.8M        38M       290M
-/+ buffers/cache:       1.4G        10G
Swap:         8.0G         0B       8.0G

             total       used       free     shared    buffers     cached
Mem:           11G       1.7G        10G       1.8M        38M       290M
-/+ buffers/cache:       1.4G        10G
Swap:         8.0G         0B       8.0G

             total       used       free     shared    buffers     cached
Mem:           11G       1.7G        10G       1.8M        38M       290M
-/+ buffers/cache:       1.4G        10G
Swap:         8.0G         0B       8.0G

             total       used       free     shared    buffers     cached
Mem:           11G       1.7G        10G       1.8M        38M       290M
-/+ buffers/cache:       1.4G        10G
Swap:         8.0G         0B       8.0G

             total       used       free     shared    buffers     cached
Mem:           11G       1.7G         9G       1.8M        38M       290M
-/+ buffers/cache:       1.4G        10G
Swap:         8.0G         0B       8.0G

             total       used       free     shared    buffers     cached
Mem:           11G       1.8G         9G       1.8M        38M       290M
-/+ buffers/cache:       1.4G        10G
Swap:         8.0G         0B       8.0G

             total       used       free     shared    buffers     cached
Mem:           11G       1.8G         9G       1.8M        38M       290M
-/+ buffers/cache:       1.5G        10G
Swap:         8.0G         0B       8.0G

             total       used       free     shared    buffers     cached
Mem:           11G       1.8G       9.9G       1.8M        38M       290M
-/+ buffers/cache:       1.5G        10G
Swap:         8.0G         0B       8.0G

             total       used       free     shared    buffers     cached
Mem:           11G       1.8G       9.9G       1.8M        38M       290M
-/+ buffers/cache:       1.5G        10G
Swap:         8.0G         0B       8.0G

             total       used       free     shared    buffers     cached
Mem:           11G       1.8G       9.9G       1.8M        38M       290M
-/+ buffers/cache:       1.5G        10G
Swap:         8.0G         0B       8.0G

             total       used       free     shared    buffers     cached
Mem:           11G       1.8G       9.9G       1.8M        38M       290M
-/+ buffers/cache:       1.5G        10G
Swap:         8.0G         0B       8.0G

             total       used       free     shared    buffers     cached
Mem:           11G       1.8G       9.9G       1.8M        38M       290M
-/+ buffers/cache:       1.5G        10G
Swap:         8.0G         0B       8.0G

             total       used       free     shared    buffers     cached
Mem:           11G       1.9G       9.9G       1.8M        38M       290M
-/+ buffers/cache:       1.5G        10G
Swap:         8.0G         0B       8.0G

             total       used       free     shared    buffers     cached
Mem:           11G       1.9G       9.9G       1.8M        38M       290M
-/+ buffers/cache:       1.6G        10G
Swap:         8.0G         0B       8.0G

             total       used       free     shared    buffers     cached
Mem:           11G       1.9G       9.8G       1.8M        38M       290M
-/+ buffers/cache:       1.6G        10G
Swap:         8.0G         0B       8.0G

             total       used       free     shared    buffers     cached
Mem:           11G       1.9G       9.8G       1.8M        38M       290M
-/+ buffers/cache:       1.6G        10G
Swap:         8.0G         0B       8.0G

             total       used       free     shared    buffers     cached
Mem:           11G       1.9G       9.8G       1.8M        38M       290M
-/+ buffers/cache:       1.6G        10G
Swap:         8.0G         0B       8.0G

             total       used       free     shared    buffers     cached
Mem:           11G       1.9G       9.8G       1.8M        38M       290M
-/+ buffers/cache:       1.6G        10G
Swap:         8.0G         0B       8.0G

             total       used       free     shared    buffers     cached
Mem:           11G       1.9G       9.8G       1.8M        38M       290M
-/+ buffers/cache:       1.6G        10G
Swap:         8.0G         0B       8.0G

             total       used       free     shared    buffers     cached
Mem:           11G       2.0G       9.8G       1.8M        38M       290M
-/+ buffers/cache:       1.6G        10G
Swap:         8.0G         0B       8.0G

             total       used       free     shared    buffers     cached
Mem:           11G       2.0G       9.8G       1.8M        38M       290M
-/+ buffers/cache:       1.7G        10G
Swap:         8.0G         0B       8.0G

             total       used       free     shared    buffers     cached
Mem:           11G       2.0G       9.7G       1.8M        38M       290M
-/+ buffers/cache:       1.7G        10G
Swap:         8.0G         0B       8.0G

             total       used       free     shared    buffers     cached
Mem:           11G       2.0G       9.7G       1.8M        38M       290M
-/+ buffers/cache:       1.7G        10G
Swap:         8.0G         0B       8.0G

             total       used       free     shared    buffers     cached
Mem:           11G       2.0G       9.7G       1.8M        38M       290M
-/+ buffers/cache:       1.7G        10G
Swap:         8.0G         0B       8.0G

             total       used       free     shared    buffers     cached
Mem:           11G       2.0G       9.7G       1.8M        38M       290M
-/+ buffers/cache:       1.7G        10G
Swap:         8.0G         0B       8.0G

             total       used       free     shared    buffers     cached
Mem:           11G       2.1G       9.7G       1.8M        38M       290M
-/+ buffers/cache:       1.7G        10G
Swap:         8.0G         0B       8.0G

             total       used       free     shared    buffers     cached
Mem:           11G       2.1G       9.7G       1.8M        38M       290M
-/+ buffers/cache:       1.7G         9G
Swap:         8.0G         0B       8.0G

             total       used       free     shared    buffers     cached
Mem:           11G       2.1G       9.7G       1.8M        38M       290M
-/+ buffers/cache:       1.8G         9G
Swap:         8.0G         0B       8.0G

             total       used       free     shared    buffers     cached
Mem:           11G       2.1G       9.6G       1.8M        38M       290M
-/+ buffers/cache:       1.8G         9G
Swap:         8.0G         0B       8.0G

             total       used       free     shared    buffers     cached
Mem:           11G       2.1G       9.6G       1.8M        38M       290M
-/+ buffers/cache:       1.8G       9.9G
Swap:         8.0G         0B       8.0G

             total       used       free     shared    buffers     cached
Mem:           11G       2.1G       9.6G       1.8M        38M       290M
-/+ buffers/cache:       1.8G       9.9G
Swap:         8.0G         0B       8.0G

             total       used       free     shared    buffers     cached
Mem:           11G       2.1G       9.6G       1.8M        38M       290M
-/+ buffers/cache:       1.8G       9.9G
Swap:         8.0G         0B       8.0G

             total       used       free     shared    buffers     cached
Mem:           11G       2.1G       9.6G       1.8M        38M       290M
-/+ buffers/cache:       1.8G       9.9G
Swap:         8.0G         0B       8.0G

             total       used       free     shared    buffers     cached
Mem:           11G       2.2G       9.6G       1.8M        38M       290M
-/+ buffers/cache:       1.8G       9.9G
Swap:         8.0G         0B       8.0G

             total       used       free     shared    buffers     cached
Mem:           11G       2.2G       9.6G       1.8M        38M       290M
-/+ buffers/cache:       1.9G       9.9G
Swap:         8.0G         0B       8.0G

             total       used       free     shared    buffers     cached
Mem:           11G       2.2G       9.5G       1.8M        38M       290M
-/+ buffers/cache:       1.9G       9.9G
Swap:         8.0G         0B       8.0G

             total       used       free     shared    buffers     cached
Mem:           11G       2.2G       9.5G       1.8M        38M       290M
-/+ buffers/cache:       1.9G       9.9G
Swap:         8.0G         0B       8.0G

             total       used       free     shared    buffers     cached
Mem:           11G       2.2G       9.5G       1.8M        38M       290M
-/+ buffers/cache:       1.9G       9.8G
Swap:         8.0G         0B       8.0G

             total       used       free     shared    buffers     cached
Mem:           11G       2.2G       9.5G       1.8M        38M       290M
-/+ buffers/cache:       1.9G       9.8G
Swap:         8.0G         0B       8.0G

             total       used       free     shared    buffers     cached
Mem:           11G       2.2G       9.5G       1.8M        38M       290M
-/+ buffers/cache:       1.9G       9.8G
Swap:         8.0G         0B       8.0G

             total       used       free     shared    buffers     cached
Mem:           11G       2.3G       9.5G       1.8M        38M       290M
-/+ buffers/cache:       1.9G       9.8G
Swap:         8.0G         0B       8.0G

             total       used       free     shared    buffers     cached
Mem:           11G       2.3G       9.5G       1.8M        38M       290M
-/+ buffers/cache:       2.0G       9.8G
Swap:         8.0G         0B       8.0G

             total       used       free     shared    buffers     cached
Mem:           11G       2.3G       9.4G       1.8M        38M       290M
-/+ buffers/cache:       2.0G       9.8G
Swap:         8.0G         0B       8.0G

             total       used       free     shared    buffers     cached
Mem:           11G       2.3G       9.4G       1.8M        38M       290M
-/+ buffers/cache:       2.0G       9.7G
Swap:         8.0G         0B       8.0G

             total       used       free     shared    buffers     cached
Mem:           11G       2.3G       9.4G       1.8M        38M       290M
-/+ buffers/cache:       2.0G       9.7G
Swap:         8.0G         0B       8.0G

             total       used       free     shared    buffers     cached
Mem:           11G       2.3G       9.4G       1.8M        38M       290M
-/+ buffers/cache:       2.0G       9.7G
Swap:         8.0G         0B       8.0G

             total       used       free     shared    buffers     cached
Mem:           11G       2.3G       9.4G       1.8M        38M       290M
-/+ buffers/cache:       2.0G       9.7G
Swap:         8.0G         0B       8.0G

             total       used       free     shared    buffers     cached
Mem:           11G       2.4G       9.4G       1.8M        38M       290M
-/+ buffers/cache:       2.0G       9.7G
Swap:         8.0G         0B       8.0G

             total       used       free     shared    buffers     cached
Mem:           11G       2.4G       9.4G       1.8M        38M       290M
-/+ buffers/cache:       2.1G       9.7G
Swap:         8.0G         0B       8.0G

             total       used       free     shared    buffers     cached
Mem:           11G       2.4G       9.3G       1.8M        38M       290M
-/+ buffers/cache:       2.1G       9.7G
Swap:         8.0G         0B       8.0G

             total       used       free     shared    buffers     cached
Mem:           11G       2.4G       9.3G       1.8M        38M       290M
-/+ buffers/cache:       2.1G       9.7G
Swap:         8.0G         0B       8.0G

             total       used       free     shared    buffers     cached
Mem:           11G       2.4G       9.3G       1.8M        38M       290M
-/+ buffers/cache:       2.1G       9.6G
Swap:         8.0G         0B       8.0G

             total       used       free     shared    buffers     cached
Mem:           11G       2.4G       9.3G       1.8M        38M       290M
-/+ buffers/cache:       2.1G       9.6G
Swap:         8.0G         0B       8.0G

             total       used       free     shared    buffers     cached
Mem:           11G       2.4G       9.3G       1.8M        38M       290M
-/+ buffers/cache:       2.1G       9.6G
Swap:         8.0G         0B       8.0G

             total       used       free     shared    buffers     cached
Mem:           11G       2.4G       9.3G       1.8M        38M       290M
-/+ buffers/cache:       2.1G       9.6G
Swap:         8.0G         0B       8.0G

             total       used       free     shared    buffers     cached
Mem:           11G       2.4G       9.3G       1.8M        38M       290M
-/+ buffers/cache:       2.1G       9.6G
Swap:         8.0G         0B       8.0G

             total       used       free     shared    buffers     cached
Mem:           11G       2.5G       9.3G       1.8M        38M       290M
-/+ buffers/cache:       2.1G       9.6G
Swap:         8.0G         0B       8.0G

             total       used       free     shared    buffers     cached
Mem:           11G       2.5G       9.3G       1.8M        38M       290M
-/+ buffers/cache:       2.2G       9.6G
Swap:         8.0G         0B       8.0G

             total       used       free     shared    buffers     cached
Mem:           11G       2.5G       9.2G       1.8M        38M       290M
-/+ buffers/cache:       2.2G       9.6G
Swap:         8.0G         0B       8.0G

             total       used       free     shared    buffers     cached
Mem:           11G       2.5G       9.2G       1.8M        38M       290M
-/+ buffers/cache:       2.2G       9.6G
Swap:         8.0G         0B       8.0G

             total       used       free     shared    buffers     cached
Mem:           11G       2.5G       9.2G       1.8M        38M       290M
-/+ buffers/cache:       2.2G       9.5G
Swap:         8.0G         0B       8.0G

             total       used       free     shared    buffers     cached
Mem:           11G       2.5G       9.2G       1.8M        38M       290M
-/+ buffers/cache:       2.2G       9.5G
Swap:         8.0G         0B       8.0G

             total       used       free     shared    buffers     cached
Mem:           11G       2.5G       9.2G       1.8M        38M       290M
-/+ buffers/cache:       2.2G       9.5G
Swap:         8.0G         0B       8.0G

             total       used       free     shared    buffers     cached
Mem:           11G       2.6G       9.2G       1.8M        38M       290M
-/+ buffers/cache:       2.2G       9.5G
Swap:         8.0G         0B       8.0G

             total       used       free     shared    buffers     cached
Mem:           11G       2.6G       9.2G       1.8M        38M       290M
-/+ buffers/cache:       2.3G       9.5G
Swap:         8.0G         0B       8.0G

             total       used       free     shared    buffers     cached
Mem:           11G       2.6G       9.1G       1.8M        38M       290M
-/+ buffers/cache:       2.3G       9.5G
Swap:         8.0G         0B       8.0G

             total       used       free     shared    buffers     cached
Mem:           11G       2.6G       9.1G       1.8M        38M       290M
-/+ buffers/cache:       2.3G       9.5G
Swap:         8.0G         0B       8.0G

             total       used       free     shared    buffers     cached
Mem:           11G       2.6G       9.1G       1.8M        38M       290M
-/+ buffers/cache:       2.3G       9.4G
Swap:         8.0G         0B       8.0G

             total       used       free     shared    buffers     cached
Mem:           11G       2.6G       9.1G       1.8M        38M       290M
-/+ buffers/cache:       2.3G       9.4G
Swap:         8.0G         0B       8.0G

             total       used       free     shared    buffers     cached
Mem:           11G       2.6G       9.1G       1.8M        38M       290M
-/+ buffers/cache:       2.3G       9.4G
Swap:         8.0G         0B       8.0G

             total       used       free     shared    buffers     cached
Mem:           11G       2.7G       9.1G       1.8M        38M       290M
-/+ buffers/cache:       2.3G       9.4G
Swap:         8.0G         0B       8.0G

             total       used       free     shared    buffers     cached
Mem:           11G       2.7G       9.1G       1.8M        38M       290M
-/+ buffers/cache:       2.4G       9.4G
Swap:         8.0G         0B       8.0G

             total       used       free     shared    buffers     cached
Mem:           11G       2.7G       9.0G       1.8M        38M       290M
-/+ buffers/cache:       2.4G       9.4G
Swap:         8.0G         0B       8.0G

             total       used       free     shared    buffers     cached
Mem:           11G       2.7G       9.0G       1.8M        38M       290M
-/+ buffers/cache:       2.4G       9.3G
Swap:         8.0G         0B       8.0G

             total       used       free     shared    buffers     cached
Mem:           11G       2.7G       9.0G       1.8M        38M       290M
-/+ buffers/cache:       2.4G       9.3G
Swap:         8.0G         0B       8.0G

             total       used       free     shared    buffers     cached
Mem:           11G       2.7G       9.0G       1.8M        38M       290M
-/+ buffers/cache:       2.4G       9.3G
Swap:         8.0G         0B       8.0G

             total       used       free     shared    buffers     cached
Mem:           11G       2.8G       9.0G       1.8M        38M       290M
-/+ buffers/cache:       2.4G       9.3G
Swap:         8.0G         0B       8.0G

             total       used       free     shared    buffers     cached
Mem:           11G       2.8G       9.0G       1.8M        38M       290M
-/+ buffers/cache:       2.4G       9.3G
Swap:         8.0G         0B       8.0G

             total       used       free     shared    buffers     cached
Mem:           11G       2.8G       9.0G       1.8M        38M       290M
-/+ buffers/cache:       2.5G       9.3G
Swap:         8.0G         0B       8.0G

             total       used       free     shared    buffers     cached
Mem:           11G       2.8G       8.9G       1.8M        38M       290M
-/+ buffers/cache:       2.5G       9.3G
Swap:         8.0G         0B       8.0G

             total       used       free     shared    buffers     cached
Mem:           11G       2.8G       8.9G       1.8M        38M       290M
-/+ buffers/cache:       2.5G       9.3G
Swap:         8.0G         0B       8.0G

             total       used       free     shared    buffers     cached
Mem:           11G       2.8G       8.9G       1.8M        38M       290M
-/+ buffers/cache:       2.5G       9.2G
Swap:         8.0G         0B       8.0G

             total       used       free     shared    buffers     cached
Mem:           11G       2.8G       8.9G       1.8M        38M       290M
-/+ buffers/cache:       2.5G       9.2G
Swap:         8.0G         0B       8.0G

             total       used       free     shared    buffers     cached
Mem:           11G       2.8G       8.9G       1.8M        38M       290M
-/+ buffers/cache:       2.5G       9.2G
Swap:         8.0G         0B       8.0G

             total       used       free     shared    buffers     cached
Mem:           11G       2.9G       8.9G       1.8M        38M       290M
-/+ buffers/cache:       2.5G       9.2G
Swap:         8.0G         0B       8.0G

             total       used       free     shared    buffers     cached
Mem:           11G       2.9G       8.9G       1.8M        38M       290M
-/+ buffers/cache:       2.6G       9.2G
Swap:         8.0G         0B       8.0G

             total       used       free     shared    buffers     cached
Mem:           11G       2.9G       8.8G       1.8M        38M       290M
-/+ buffers/cache:       2.6G       9.2G
Swap:         8.0G         0B       8.0G

             total       used       free     shared    buffers     cached
Mem:           11G       2.9G       8.8G       1.8M        38M       290M
-/+ buffers/cache:       2.6G       9.2G
Swap:         8.0G         0B       8.0G

             total       used       free     shared    buffers     cached
Mem:           11G       2.9G       8.8G       1.8M        38M       290M
-/+ buffers/cache:       2.6G       9.1G
Swap:         8.0G         0B       8.0G

             total       used       free     shared    buffers     cached
Mem:           11G       2.9G       8.8G       1.8M        38M       290M
-/+ buffers/cache:       2.6G       9.1G
Swap:         8.0G         0B       8.0G

             total       used       free     shared    buffers     cached
Mem:           11G       3.0G       8.8G       1.8M        38M       290M
-/+ buffers/cache:       2.6G       9.1G
Swap:         8.0G         0B       8.0G

             total       used       free     shared    buffers     cached
Mem:           11G       3.0G       8.8G       1.8M        38M       290M
-/+ buffers/cache:       2.6G       9.1G
Swap:         8.0G         0B       8.0G

             total       used       free     shared    buffers     cached
Mem:           11G       3.0G       8.8G       1.8M        38M       290M
-/+ buffers/cache:       2.7G       9.1G
Swap:         8.0G         0B       8.0G

             total       used       free     shared    buffers     cached
Mem:           11G       3.0G       8.7G       1.8M        38M       290M
-/+ buffers/cache:       2.7G       9.1G
Swap:         8.0G         0B       8.0G

             total       used       free     shared    buffers     cached
Mem:           11G       3.0G       8.7G       1.8M        38M       290M
-/+ buffers/cache:       2.7G       9.0G
Swap:         8.0G         0B       8.0G

             total       used       free     shared    buffers     cached
Mem:           11G       3.0G       8.7G       1.8M        38M       290M
-/+ buffers/cache:       2.7G       9.0G
Swap:         8.0G         0B       8.0G

             total       used       free     shared    buffers     cached
Mem:           11G       3.0G       8.7G       1.8M        38M       290M
-/+ buffers/cache:       2.7G       9.0G
Swap:         8.0G         0B       8.0G

             total       used       free     shared    buffers     cached
Mem:           11G       3.1G       8.7G       1.8M        38M       290M
-/+ buffers/cache:       2.7G       9.0G
Swap:         8.0G         0B       8.0G

             total       used       free     shared    buffers     cached
Mem:           11G       3.1G       8.7G       1.8M        38M       290M
-/+ buffers/cache:       2.7G       9.0G
Swap:         8.0G         0B       8.0G

             total       used       free     shared    buffers     cached
Mem:           11G       3.1G       8.7G       1.8M        38M       290M
-/+ buffers/cache:       2.8G       9.0G
Swap:         8.0G         0B       8.0G

             total       used       free     shared    buffers     cached
Mem:           11G       3.1G       8.6G       1.8M        38M       290M
-/+ buffers/cache:       2.8G       9.0G
Swap:         8.0G         0B       8.0G

             total       used       free     shared    buffers     cached
Mem:           11G       3.1G       8.6G       1.8M        38M       290M
-/+ buffers/cache:       2.8G       9.0G
Swap:         8.0G         0B       8.0G

             total       used       free     shared    buffers     cached
Mem:           11G       3.1G       8.6G       1.8M        38M       290M
-/+ buffers/cache:       2.8G       8.9G
Swap:         8.0G         0B       8.0G

             total       used       free     shared    buffers     cached
Mem:           11G       3.1G       8.6G       1.8M        38M       290M
-/+ buffers/cache:       2.8G       8.9G
Swap:         8.0G         0B       8.0G

             total       used       free     shared    buffers     cached
Mem:           11G       3.1G       8.6G       1.8M        38M       290M
-/+ buffers/cache:       2.8G       8.9G
Swap:         8.0G         0B       8.0G

             total       used       free     shared    buffers     cached
Mem:           11G       3.1G       8.6G       1.8M        38M       290M
-/+ buffers/cache:       2.8G       8.9G
Swap:         8.0G         0B       8.0G

             total       used       free     shared    buffers     cached
Mem:           11G       3.1G       8.6G       1.8M        38M       290M
-/+ buffers/cache:       2.8G       8.9G
Swap:         8.0G         0B       8.0G

             total       used       free     shared    buffers     cached
Mem:           11G       3.2G       8.6G       1.8M        38M       290M
-/+ buffers/cache:       2.8G       8.9G
Swap:         8.0G         0B       8.0G

             total       used       free     shared    buffers     cached
Mem:           11G       3.2G       8.6G       1.8M        38M       290M
-/+ buffers/cache:       2.8G       8.9G
Swap:         8.0G         0B       8.0G

             total       used       free     shared    buffers     cached
Mem:           11G       3.2G       8.6G       1.8M        38M       290M
-/+ buffers/cache:       2.9G       8.9G
Swap:         8.0G         0B       8.0G

             total       used       free     shared    buffers     cached
Mem:           11G       3.2G       8.5G       1.8M        38M       290M
-/+ buffers/cache:       2.9G       8.9G
Swap:         8.0G         0B       8.0G

             total       used       free     shared    buffers     cached
Mem:           11G       3.2G       8.5G       1.8M        38M       290M
-/+ buffers/cache:       2.9G       8.9G
Swap:         8.0G         0B       8.0G

             total       used       free     shared    buffers     cached
Mem:           11G       3.2G       8.5G       1.8M        38M       290M
-/+ buffers/cache:       2.9G       8.8G
Swap:         8.0G         0B       8.0G

             total       used       free     shared    buffers     cached
Mem:           11G       3.2G       8.5G       1.8M        38M       290M
-/+ buffers/cache:       2.9G       8.8G
Swap:         8.0G         0B       8.0G

             total       used       free     shared    buffers     cached
Mem:           11G       3.2G       8.5G       1.8M        38M       290M
-/+ buffers/cache:       2.9G       8.8G
Swap:         8.0G         0B       8.0G

             total       used       free     shared    buffers     cached
Mem:           11G       3.2G       8.5G       1.8M        38M       290M
-/+ buffers/cache:       2.9G       8.8G
Swap:         8.0G         0B       8.0G

             total       used       free     shared    buffers     cached
Mem:           11G       3.3G       8.5G       1.8M        38M       290M
-/+ buffers/cache:       2.9G       8.8G
Swap:         8.0G         0B       8.0G

             total       used       free     shared    buffers     cached
Mem:           11G       3.3G       8.5G       1.8M        38M       290M
-/+ buffers/cache:       2.9G       8.8G
Swap:         8.0G         0B       8.0G

             total       used       free     shared    buffers     cached
Mem:           11G       3.3G       8.5G       1.8M        38M       290M
-/+ buffers/cache:       3.0G       8.8G
Swap:         8.0G         0B       8.0G

             total       used       free     shared    buffers     cached
Mem:           11G       3.3G       8.4G       1.8M        38M       290M
-/+ buffers/cache:       3.0G       8.8G
Swap:         8.0G         0B       8.0G

             total       used       free     shared    buffers     cached
Mem:           11G       3.3G       8.4G       1.8M        38M       290M
-/+ buffers/cache:       3.0G       8.8G
Swap:         8.0G         0B       8.0G

             total       used       free     shared    buffers     cached
Mem:           11G       3.3G       8.4G       1.8M        38M       290M
-/+ buffers/cache:       3.0G       8.7G
Swap:         8.0G         0B       8.0G

             total       used       free     shared    buffers     cached
Mem:           11G       3.3G       8.4G       1.8M        38M       290M
-/+ buffers/cache:       3.0G       8.7G
Swap:         8.0G         0B       8.0G

             total       used       free     shared    buffers     cached
Mem:           11G       3.3G       8.4G       1.8M        38M       290M
-/+ buffers/cache:       3.0G       8.7G
Swap:         8.0G         0B       8.0G

             total       used       free     shared    buffers     cached
Mem:           11G       3.3G       8.4G       1.8M        38M       290M
-/+ buffers/cache:       3.0G       8.7G
Swap:         8.0G         0B       8.0G

             total       used       free     shared    buffers     cached
Mem:           11G       3.4G       8.4G       1.8M        38M       290M
-/+ buffers/cache:       3.0G       8.7G
Swap:         8.0G         0B       8.0G

             total       used       free     shared    buffers     cached
Mem:           11G       3.4G       8.4G       1.8M        38M       290M
-/+ buffers/cache:       3.0G       8.7G
Swap:         8.0G         0B       8.0G

             total       used       free     shared    buffers     cached
Mem:           11G       3.4G       8.3G       1.8M        38M       290M
-/+ buffers/cache:       3.1G       8.7G
Swap:         8.0G         0B       8.0G

             total       used       free     shared    buffers     cached
Mem:           11G       3.4G       8.3G       1.8M        38M       290M
-/+ buffers/cache:       3.1G       8.7G
Swap:         8.0G         0B       8.0G

             total       used       free     shared    buffers     cached
Mem:           11G       3.4G       8.3G       1.8M        38M       290M
-/+ buffers/cache:       3.1G       8.6G
Swap:         8.0G         0B       8.0G

             total       used       free     shared    buffers     cached
Mem:           11G       3.4G       8.3G       1.8M        38M       290M
-/+ buffers/cache:       3.1G       8.6G
Swap:         8.0G         0B       8.0G

             total       used       free     shared    buffers     cached
Mem:           11G       3.4G       8.3G       1.8M        38M       290M
-/+ buffers/cache:       3.1G       8.6G
Swap:         8.0G         0B       8.0G

             total       used       free     shared    buffers     cached
Mem:           11G       3.5G       8.3G       1.8M        38M       290M
-/+ buffers/cache:       3.1G       8.6G
Swap:         8.0G         0B       8.0G

             total       used       free     shared    buffers     cached
Mem:           11G       3.5G       8.3G       1.8M        38M       290M
-/+ buffers/cache:       3.2G       8.6G
Swap:         8.0G         0B       8.0G

             total       used       free     shared    buffers     cached
Mem:           11G       3.5G       8.2G       1.8M        39M       290M
-/+ buffers/cache:       3.2G       8.6G
Swap:         8.0G         0B       8.0G

             total       used       free     shared    buffers     cached
Mem:           11G       3.5G       8.2G       1.8M        39M       290M
-/+ buffers/cache:       3.2G       8.5G
Swap:         8.0G         0B       8.0G

             total       used       free     shared    buffers     cached
Mem:           11G       3.5G       8.2G       1.8M        39M       290M
-/+ buffers/cache:       3.2G       8.5G
Swap:         8.0G         0B       8.0G

             total       used       free     shared    buffers     cached
Mem:           11G       3.5G       8.2G       1.8M        39M       290M
-/+ buffers/cache:       3.2G       8.5G
Swap:         8.0G         0B       8.0G

             total       used       free     shared    buffers     cached
Mem:           11G       3.5G       8.2G       1.8M        39M       290M
-/+ buffers/cache:       3.2G       8.5G
Swap:         8.0G         0B       8.0G

             total       used       free     shared    buffers     cached
Mem:           11G       3.6G       8.2G       1.8M        39M       290M
-/+ buffers/cache:       3.2G       8.5G
Swap:         8.0G         0B       8.0G

             total       used       free     shared    buffers     cached
Mem:           11G       3.6G       8.2G       1.8M        39M       290M
-/+ buffers/cache:       3.2G       8.5G
Swap:         8.0G         0B       8.0G

             total       used       free     shared    buffers     cached
Mem:           11G       3.6G       8.2G       1.8M        39M       290M
-/+ buffers/cache:       3.3G       8.5G
Swap:         8.0G         0B       8.0G

             total       used       free     shared    buffers     cached
Mem:           11G       3.6G       8.1G       1.8M        39M       290M
-/+ buffers/cache:       3.3G       8.5G
Swap:         8.0G         0B       8.0G

             total       used       free     shared    buffers     cached
Mem:           11G       3.6G       8.1G       1.8M        39M       290M
-/+ buffers/cache:       3.3G       8.5G
Swap:         8.0G         0B       8.0G

             total       used       free     shared    buffers     cached
Mem:           11G       3.6G       8.1G       1.8M        39M       290M
-/+ buffers/cache:       3.3G       8.4G
Swap:         8.0G         0B       8.0G

             total       used       free     shared    buffers     cached
Mem:           11G       3.6G       8.1G       1.8M        39M       290M
-/+ buffers/cache:       3.3G       8.4G
Swap:         8.0G         0B       8.0G

             total       used       free     shared    buffers     cached
Mem:           11G       3.6G       8.1G       1.8M        39M       290M
-/+ buffers/cache:       3.3G       8.4G
Swap:         8.0G         0B       8.0G

             total       used       free     shared    buffers     cached
Mem:           11G       3.7G       8.1G       1.8M        39M       290M
-/+ buffers/cache:       3.3G       8.4G
Swap:         8.0G         0B       8.0G

             total       used       free     shared    buffers     cached
Mem:           11G       3.7G       8.1G       1.8M        39M       290M
-/+ buffers/cache:       3.4G       8.4G
Swap:         8.0G         0B       8.0G

             total       used       free     shared    buffers     cached
Mem:           11G       3.7G       8.0G       1.8M        39M       290M
-/+ buffers/cache:       3.4G       8.4G
Swap:         8.0G         0B       8.0G

             total       used       free     shared    buffers     cached
Mem:           11G       3.7G       8.0G       1.8M        39M       290M
-/+ buffers/cache:       3.4G       8.4G
Swap:         8.0G         0B       8.0G

             total       used       free     shared    buffers     cached
Mem:           11G       3.7G       8.0G       1.8M        39M       290M
-/+ buffers/cache:       3.4G       8.3G
Swap:         8.0G         0B       8.0G

             total       used       free     shared    buffers     cached
Mem:           11G       3.7G       8.0G       1.8M        39M       290M
-/+ buffers/cache:       3.4G       8.3G
Swap:         8.0G         0B       8.0G

             total       used       free     shared    buffers     cached
Mem:           11G       3.7G       8.0G       1.8M        39M       290M
-/+ buffers/cache:       3.4G       8.3G
Swap:         8.0G         0B       8.0G

             total       used       free     shared    buffers     cached
Mem:           11G       3.7G       8.0G       1.8M        39M       290M
-/+ buffers/cache:       3.4G       8.3G
Swap:         8.0G         0B       8.0G

             total       used       free     shared    buffers     cached
Mem:           11G       3.8G       8.0G       1.8M        39M       290M
-/+ buffers/cache:       3.4G       8.3G
Swap:         8.0G         0B       8.0G

             total       used       free     shared    buffers     cached
Mem:           11G       3.8G       8.0G       1.8M        39M       290M
-/+ buffers/cache:       3.4G       8.3G
Swap:         8.0G         0B       8.0G

             total       used       free     shared    buffers     cached
Mem:           11G       3.8G       8.0G       1.8M        39M       290M
-/+ buffers/cache:       3.5G       8.3G
Swap:         8.0G         0B       8.0G

             total       used       free     shared    buffers     cached
Mem:           11G       3.8G       7.9G       1.8M        39M       290M
-/+ buffers/cache:       3.5G       8.3G
Swap:         8.0G         0B       8.0G

             total       used       free     shared    buffers     cached
Mem:           11G       3.8G       7.9G       1.8M        39M       290M
-/+ buffers/cache:       3.5G       8.3G
Swap:         8.0G         0B       8.0G

             total       used       free     shared    buffers     cached
Mem:           11G       3.8G       7.9G       1.8M        39M       290M
-/+ buffers/cache:       3.5G       8.2G
Swap:         8.0G         0B       8.0G

             total       used       free     shared    buffers     cached
Mem:           11G       3.8G       7.9G       1.8M        39M       290M
-/+ buffers/cache:       3.5G       8.2G
Swap:         8.0G         0B       8.0G

             total       used       free     shared    buffers     cached
Mem:           11G       3.9G       7.9G       5.4M        39M       294M
-/+ buffers/cache:       3.5G       8.2G
Swap:         8.0G         0B       8.0G

             total       used       free     shared    buffers     cached
Mem:           11G       3.9G       7.9G       1.8M        39M       290M
-/+ buffers/cache:       3.5G       8.2G
Swap:         8.0G         0B       8.0G

             total       used       free     shared    buffers     cached
Mem:           11G       3.9G       7.9G       1.8M        39M       290M
-/+ buffers/cache:       3.6G       8.2G
Swap:         8.0G         0B       8.0G

             total       used       free     shared    buffers     cached
Mem:           11G       3.9G       7.8G       1.8M        39M       290M
-/+ buffers/cache:       3.6G       8.2G
Swap:         8.0G         0B       8.0G

             total       used       free     shared    buffers     cached
Mem:           11G       3.9G       7.8G       1.8M        39M       290M
-/+ buffers/cache:       3.6G       8.2G
Swap:         8.0G         0B       8.0G

             total       used       free     shared    buffers     cached
Mem:           11G       3.9G       7.8G       1.8M        39M       290M
-/+ buffers/cache:       3.6G       8.1G
Swap:         8.0G         0B       8.0G

             total       used       free     shared    buffers     cached
Mem:           11G       3.9G       7.8G       1.8M        39M       290M
-/+ buffers/cache:       3.6G       8.1G
Swap:         8.0G         0B       8.0G

             total       used       free     shared    buffers     cached
Mem:           11G       3.9G       7.8G       1.8M        39M       290M
-/+ buffers/cache:       3.6G       8.1G
Swap:         8.0G         0B       8.0G

             total       used       free     shared    buffers     cached
Mem:           11G       3.9G       7.8G       1.8M        39M       290M
-/+ buffers/cache:       3.6G       8.1G
Swap:         8.0G         0B       8.0G

             total       used       free     shared    buffers     cached
Mem:           11G       4.0G       7.8G       1.8M        39M       290M
-/+ buffers/cache:       3.6G       8.1G
Swap:         8.0G         0B       8.0G

             total       used       free     shared    buffers     cached
Mem:           11G       4.0G       7.8G       1.8M        39M       290M
-/+ buffers/cache:       3.6G       8.1G
Swap:         8.0G         0B       8.0G

             total       used       free     shared    buffers     cached
Mem:           11G       4.0G       7.8G       1.8M        39M       290M
-/+ buffers/cache:       3.7G       8.1G
Swap:         8.0G         0B       8.0G

             total       used       free     shared    buffers     cached
Mem:           11G       4.0G       7.7G       1.8M        39M       290M
-/+ buffers/cache:       3.7G       8.1G
Swap:         8.0G         0B       8.0G

             total       used       free     shared    buffers     cached
Mem:           11G       4.0G       7.7G       1.8M        39M       290M
-/+ buffers/cache:       3.7G       8.0G
Swap:         8.0G         0B       8.0G

             total       used       free     shared    buffers     cached
Mem:           11G       4.0G       7.7G       1.8M        39M       290M
-/+ buffers/cache:       3.7G       8.0G
Swap:         8.0G         0B       8.0G

             total       used       free     shared    buffers     cached
Mem:           11G       4.0G       7.7G       1.8M        39M       290M
-/+ buffers/cache:       3.7G       8.0G
Swap:         8.0G         0B       8.0G

             total       used       free     shared    buffers     cached
Mem:           11G       4.0G       7.7G       1.8M        39M       290M
-/+ buffers/cache:       3.7G       8.0G
Swap:         8.0G         0B       8.0G

             total       used       free     shared    buffers     cached
Mem:           11G       4.1G       7.7G       1.8M        39M       290M
-/+ buffers/cache:       3.7G       8.0G
Swap:         8.0G         0B       8.0G

             total       used       free     shared    buffers     cached
Mem:           11G       4.1G       7.7G       1.8M        39M       290M
-/+ buffers/cache:       3.7G       8.0G
Swap:         8.0G         0B       8.0G

             total       used       free     shared    buffers     cached
Mem:           11G       4.1G       7.7G       1.8M        39M       290M
-/+ buffers/cache:       3.8G       8.0G
Swap:         8.0G         0B       8.0G

             total       used       free     shared    buffers     cached
Mem:           11G       4.1G       7.6G       1.8M        39M       290M
-/+ buffers/cache:       3.8G       8.0G
Swap:         8.0G         0B       8.0G

             total       used       free     shared    buffers     cached
Mem:           11G       4.1G       7.6G       1.8M        39M       290M
-/+ buffers/cache:       3.8G       8.0G
Swap:         8.0G         0B       8.0G

             total       used       free     shared    buffers     cached
Mem:           11G       4.1G       7.6G       1.8M        39M       290M
-/+ buffers/cache:       3.8G       7.9G
Swap:         8.0G         0B       8.0G

             total       used       free     shared    buffers     cached
Mem:           11G       4.1G       7.6G       1.8M        39M       290M
-/+ buffers/cache:       3.8G       7.9G
Swap:         8.0G         0B       8.0G

             total       used       free     shared    buffers     cached
Mem:           11G       4.1G       7.6G       1.8M        39M       290M
-/+ buffers/cache:       3.8G       7.9G
Swap:         8.0G         0B       8.0G

             total       used       free     shared    buffers     cached
Mem:           11G       4.1G       7.6G       1.8M        39M       290M
-/+ buffers/cache:       3.8G       7.9G
Swap:         8.0G         0B       8.0G

             total       used       free     shared    buffers     cached
Mem:           11G       4.2G       7.6G       1.8M        39M       290M
-/+ buffers/cache:       3.8G       7.9G
Swap:         8.0G         0B       8.0G

             total       used       free     shared    buffers     cached
Mem:           11G       4.2G       7.6G       1.8M        39M       290M
-/+ buffers/cache:       3.8G       7.9G
Swap:         8.0G         0B       8.0G

             total       used       free     shared    buffers     cached
Mem:           11G       4.2G       7.6G       1.8M        39M       290M
-/+ buffers/cache:       3.9G       7.9G
Swap:         8.0G         0B       8.0G

             total       used       free     shared    buffers     cached
Mem:           11G       4.2G       7.5G       1.8M        39M       290M
-/+ buffers/cache:       3.9G       7.9G
Swap:         8.0G         0B       8.0G

             total       used       free     shared    buffers     cached
Mem:           11G       4.2G       7.5G       1.8M        39M       290M
-/+ buffers/cache:       3.9G       7.9G
Swap:         8.0G         0B       8.0G

             total       used       free     shared    buffers     cached
Mem:           11G       4.2G       7.5G       1.8M        39M       290M
-/+ buffers/cache:       3.9G       7.9G
Swap:         8.0G         0B       8.0G

             total       used       free     shared    buffers     cached
Mem:           11G       4.2G       7.5G       1.8M        39M       290M
-/+ buffers/cache:       3.9G       7.9G
Swap:         8.0G         0B       8.0G

             total       used       free     shared    buffers     cached
Mem:           11G       4.2G       7.5G       1.8M        39M       290M
-/+ buffers/cache:       3.9G       7.9G
Swap:         8.0G         0B       8.0G

             total       used       free     shared    buffers     cached
Mem:           11G       4.2G       7.5G       1.8M        39M       290M
-/+ buffers/cache:       3.9G       7.9G
Swap:         8.0G         0B       8.0G

             total       used       free     shared    buffers     cached
Mem:           11G       4.2G       7.5G       1.8M        39M       290M
-/+ buffers/cache:       3.9G       7.8G
Swap:         8.0G         0B       8.0G

             total       used       free     shared    buffers     cached
Mem:           11G       4.2G       7.5G       1.8M        39M       290M
-/+ buffers/cache:       3.9G       7.8G
Swap:         8.0G         0B       8.0G
