  Time           eth0       
HH:MM:SS   KB/s in  KB/s out
02:18:03      0.33      0.00
02:18:04      0.00      0.00
02:18:05      0.06      0.06
02:18:06      0.06      0.08
02:18:07      0.06      0.00
02:18:08      0.00      0.00
02:18:09      0.00      0.00
02:18:10      0.00      0.00
02:18:11      0.06      0.00
02:18:12      2.11      0.41
02:18:13      1.15      2.90
02:18:14      0.33      0.00
02:18:15      0.00      0.00
02:18:16      0.00      0.00
02:18:17      0.33      0.00
02:18:18      0.00      0.00
02:18:19      0.00      0.00
02:18:20      0.06      0.00
02:18:21      0.33      0.00
02:18:22      2.19      2.21
02:18:23      1.36      1.77
02:18:24      0.00      0.00
  Time           eth0       
HH:MM:SS   KB/s in  KB/s out
02:18:25      0.12      0.00
02:18:26      0.06      0.00
02:18:27      0.00      0.00
02:18:28      0.06      0.00
02:18:29      0.12      0.00
02:18:30      0.06      0.00
02:18:31      0.00      0.00
02:18:32      0.39      0.00
02:18:33      0.06      0.00
02:18:34      0.06      0.00
02:18:35  12690.15    802.54
02:18:36  17021.41   1075.57
02:18:37  15918.29   1005.71
02:18:38  15705.21    992.61
02:18:39  16941.20   1070.63
02:18:40  16781.04   1060.31
02:18:41  16271.78   1028.42
02:18:42  14021.48    886.46
02:18:43  16080.80   1016.35
02:18:44  17519.88   1107.07
02:18:45  16257.69   1027.09
02:18:46  15609.99    986.53
  Time           eth0       
HH:MM:SS   KB/s in  KB/s out
02:18:47  16469.55   1040.70
02:18:48  15883.32   1004.02
02:18:49  12742.21    805.64
02:18:50  16734.95   1057.88
02:18:51  15353.83    969.97
02:18:52  14983.40    947.00
02:18:53  14256.58    900.90
02:18:54  15497.74    979.36
02:18:55  16513.64   1043.41
02:18:56  16551.53   1046.31
02:18:57  15674.04    990.19
02:18:58  15478.61    978.08
02:18:59  15823.98    999.91
02:19:00  15951.79   1008.34
02:19:01  16476.65   1040.93
02:19:02  15729.18    994.13
02:19:03   8222.95    520.22
02:19:04  15090.70    954.22
02:19:05  16828.52   1063.39
02:19:06  16012.24   1012.01
02:19:07  17110.06   1081.46
02:19:08  16021.40   1012.43
  Time           eth0       
HH:MM:SS   KB/s in  KB/s out
02:19:09  16284.29   1029.00
02:19:10  15571.08    983.81
02:19:11  16114.10   1018.58
02:19:12  16212.67   1024.18
02:19:13  15876.09   1003.85
02:19:14  15403.06    972.95
02:19:15  16522.82   1044.55
02:19:16  15521.22    980.63
02:19:17  16564.18   1046.83
02:19:18  15889.68   1004.20
02:19:19  15420.70    974.13
02:19:20  16120.83   1018.67
02:19:21  16957.53   1071.82
02:19:22  16808.45   1061.97
02:19:23  15824.96   1000.11
02:19:24  15753.19    995.79
02:19:25  16222.46   1025.09
02:19:26  16261.41   1027.74
02:19:27  15629.13    987.66
02:19:28  16105.68   1017.42
02:19:29  16630.25   1050.97
02:19:30  15807.66    999.30
  Time           eth0       
HH:MM:SS   KB/s in  KB/s out
02:19:31  14335.74    905.64
02:19:32    271.84     17.88
02:19:33  14016.13    886.63
02:19:34  15363.53    970.88
02:19:35  13995.99    884.32
02:19:36  16031.81   1013.03
02:19:37  14213.63    898.28
02:19:38  13538.22    855.38
02:19:39  14365.90    908.05
02:19:40  16426.51   1037.91
02:19:41  15598.33    986.00
02:19:42  15189.52    959.52
02:19:43  15880.94   1003.94
02:19:44  15681.02    990.56
02:19:45  15216.68    962.03
02:19:46  13161.47    831.72
02:19:47  14513.26    916.84
02:19:48  15607.88    986.68
02:19:49  16350.20   1032.80
02:19:50  15889.93   1004.14
02:19:51  15650.48    989.20
02:19:52  17354.09   1096.67
  Time           eth0       
HH:MM:SS   KB/s in  KB/s out
02:19:53  15754.07    995.42
02:19:54  15224.52    961.95
02:19:55  14122.96    892.77
02:19:56  14137.53    893.12
02:19:57  14031.42    886.84
02:19:58  15509.69    979.97
02:19:59  15627.04    987.96
02:20:00  14880.27    940.18
02:20:01  14773.83    933.40
02:20:02  15499.59    979.67
02:20:03  15892.41   1004.01
02:20:04  15954.28   1008.43
02:20:05  15098.14    954.31
02:20:06  14746.71    931.90
02:20:07  14649.30    925.31
02:20:08  16687.78   1054.71
02:20:09  16492.27   1042.26
02:20:10  15286.35    965.86
02:20:11  15357.78    970.95
02:20:12  15451.15    976.13
02:20:13  14815.29    936.02
02:20:14  14917.39    942.90
  Time           eth0       
HH:MM:SS   KB/s in  KB/s out
02:20:15  15266.46    964.53
02:20:16  15707.30    992.60
02:20:17  16857.61   1065.37
02:20:18  15163.01    958.28
02:20:19  16555.20   1046.48
02:20:20  15781.71    997.21
02:20:21  17207.20   1087.10
02:20:22  16805.99   1062.46
02:20:23  16286.24   1028.95
02:20:24  16052.65   1014.28
02:20:25  16077.22   1016.27
02:20:26  16800.79   1061.63
02:20:27  16943.68   1070.35
02:20:28  14174.79    895.97
02:20:29  14977.76    946.71
02:20:30  15424.17    974.35
02:20:31   3290.74    208.61
02:20:32      6.86      0.76
02:20:33  11086.73    701.57
02:20:34  13705.14    866.15
02:20:35  14548.16    919.64
02:20:36  13876.81    876.49
  Time           eth0       
HH:MM:SS   KB/s in  KB/s out
02:20:37  15111.71    954.96
02:20:38  14729.16    930.99
02:20:39  14731.76    931.02
02:20:40  13877.25    876.66
02:20:41  14828.08    937.02
02:20:42  15196.04    960.29
02:20:43  15101.57    954.76
02:20:44  16190.25   1022.91
02:20:45  14951.87    945.06
02:20:46  14699.75    928.64
02:20:47  14067.71    889.28
02:20:48  14089.21    890.06
02:20:49  14194.46    897.36
02:20:50  14970.18    945.51
02:20:51  15807.09    999.12
02:20:52  15604.35    986.02
02:20:53  14463.43    914.29
02:20:54  12352.07    780.21
02:20:55  11421.41    722.20
02:20:56  11563.72    730.23
02:20:57  11384.32    719.35
02:20:58  11600.38    733.36
  Time           eth0       
HH:MM:SS   KB/s in  KB/s out
02:20:59  11794.49    745.10
02:21:00  11927.48    754.39
02:21:01  12171.61    768.95
02:21:02  11873.55    750.70
02:21:03  11391.27    719.55
02:21:04  12141.28    767.18
02:21:05  12040.58    761.11
02:21:06  11921.32    753.28
02:21:07  11425.17    721.85
02:21:08  11851.02    748.84
02:21:09  11476.47    725.31
02:21:10  11483.23    725.74
02:21:11  11500.82    727.07
02:21:12  12120.37    765.93
02:21:13  11309.04    714.30
02:21:14  11382.92    719.53
02:21:15  11871.91    750.02
02:21:16  10951.35    692.06
02:21:17  11192.90    707.60
02:21:18  10936.84    691.17
02:21:19  12396.63    783.25
02:21:20  11159.70    705.66
  Time           eth0       
HH:MM:SS   KB/s in  KB/s out
02:21:21  11091.03    700.86
02:21:22  11449.49    723.32
02:21:23  10858.95    686.00
02:21:24  11792.92    745.53
02:21:25  10368.72    655.31
02:21:26   7768.60    491.59
02:21:27  13811.57    872.73
02:21:28  13080.70    827.12
02:21:29  14383.81    908.53
02:21:30  13618.72    860.76
02:21:31  13069.62    826.21
02:21:32  14350.39    906.40
02:21:33  13016.31    822.55
02:21:34  12601.33    796.25
02:21:35  12979.41    820.34
02:21:36  14341.59    906.57
02:21:37  14209.07    897.92
02:21:38  14786.24    933.96
02:21:39  13314.73    841.45
02:21:40  13809.62    872.68
02:21:41  13487.07    852.22
02:21:42  14214.95    898.66
  Time           eth0       
HH:MM:SS   KB/s in  KB/s out
02:21:43  12797.75    808.74
02:21:44  12885.34    813.99
02:21:45  13975.09    883.21
02:21:46  13420.31    848.30
02:21:47  13574.11    857.94
02:21:48  13826.77    873.26
02:21:49  14162.34    895.04
02:21:50  12789.82    808.29
02:21:51  12672.87    800.92
02:21:52  13142.31    830.73
02:21:53  12958.68    818.52
02:21:54  13372.65    845.36
02:21:55  13920.27    879.38
02:21:56  12866.19    813.43
02:21:57  12762.98    806.16
02:21:58  14055.07    888.55
02:21:59  12899.90    814.82
02:22:00  12837.50    811.25
02:22:01  13495.24    853.03
02:22:02  13090.25    826.93
02:22:03  12810.76    809.85
02:22:04  11752.38    743.28
  Time           eth0       
HH:MM:SS   KB/s in  KB/s out
02:22:05  12164.42    768.28
02:22:06  12254.84    774.79
02:22:07  12929.56    816.92
02:22:08  13089.43    827.29
02:22:09  12010.79    758.72
02:22:10  11031.44    697.33
02:22:11   7539.56    476.35
02:22:12   8136.09    514.42
02:22:13   8618.39    545.10
02:22:14   9160.44    578.71
02:22:15   9021.20    570.40
02:22:16   7712.21    487.80
02:22:17   9835.50    622.29
02:22:18   9316.48    589.02
02:22:19   8987.96    568.80
02:22:20   8832.73    558.49
02:22:21   9562.08    604.80
02:22:22   8434.68    533.19
02:22:23  11122.70    702.67
02:22:24  11423.18    722.24
02:22:25  12232.45    772.58
02:22:26  14043.35    887.94
  Time           eth0       
HH:MM:SS   KB/s in  KB/s out
02:22:27  13352.69    843.30
02:22:28  13370.17    845.20
02:22:29  12726.68    804.24
02:22:30  14464.87    914.28
02:22:31  13888.14    877.21
02:22:32  13466.23    850.98
02:22:33  13560.02    856.91
02:22:34  12539.49    792.33
02:22:35   9778.12    617.99
02:22:36  10584.12    669.14
02:22:37  12507.49    790.11
02:22:38  12582.26    795.41
02:22:39  12318.82    778.47
02:22:40  10966.51    692.72
02:22:41  10943.49    691.70
02:22:42  13050.71    824.72
02:22:43  11379.43    719.33
02:22:44  11499.22    726.44
02:22:45  11884.12    751.08
02:22:46  11148.14    704.28
02:22:47  10663.09    674.13
02:22:48  11912.06    752.46
  Time           eth0       
HH:MM:SS   KB/s in  KB/s out
02:22:49  10395.13    656.90
02:22:50  12520.69    791.53
02:22:51  12364.93    781.40
02:22:52  12838.60    811.61
02:22:53  13610.57    859.83
02:22:54   9224.93    585.83
02:22:55  10376.05    655.77
02:22:56   8774.51    577.46
02:22:57   3226.53    275.57
02:22:58   9124.42    580.54
