>>> Readying Destination to Recieve VM
>>> Tap Device tap0 Already in Use
>>> Successfull Started Destination
>>> Tap Device tap0 Already in Use
>>> Starting VM in Source
>>> VM Up & Running
>>> Starting Memcached in VM
>>> Started Memcached in VM, Process ID : 2098
>>> Starting Memaslap in Client
>>> Started Memaslap in Client, Process ID : 122636
{"QMP": {"version": {"qemu": {"micro": 2, "minor": 1, "major": 8}, "package": ""}, "capabilities": ["oob"]}}
{"return": {}}
{"return": {}}
{"QMP": {"version": {"qemu": {"micro": 2, "minor": 1, "major": 8}, "package": ""}, "capabilities": ["oob"]}}
{"return": {}}
{"return": {}}
>>> Enabling Data Compression
{"QMP": {"version": {"qemu": {"micro": 2, "minor": 1, "major": 8}, "package": ""}, "capabilities": ["oob"]}}
{"return": {}}
{"return": {}}
{"QMP": {"version": {"qemu": {"micro": 2, "minor": 1, "major": 8}, "package": ""}, "capabilities": ["oob"]}}
{"return": {}}
{"return": {}}
>>> Enabling HBFDP
{"QMP": {"version": {"qemu": {"micro": 2, "minor": 1, "major": 8}, "package": ""}, "capabilities": ["oob"]}}
{"return": {}}
{"return": {}}
{"QMP": {"version": {"qemu": {"micro": 2, "minor": 1, "major": 8}, "package": ""}, "capabilities": ["oob"]}}
{"return": {}}
Starting PreCopy Migartion
{"return": {}}
Starting Iterations ...
Iteration 1 
# Pages Selected to Transfer : 528594
Iteration 0 
# Pages Received in Current Iteration : 0
Iteration 1 
# Pages Transferred in Current Iteration : 528594
Fake Dirty Count : 0
Iteration 2 
# Pages Selected to Transfer : 50075
# Pages Received in Current Iteration : 528594
Iteration 2 
# Pages Transferred in Current Iteration : 19386
Fake Dirty Count : 30689
Iteration 3 
# Pages Selected to Transfer : 7891
# Pages Received in Current Iteration : 19386
Iteration 3 
# Pages Transferred in Current Iteration : 3487
Fake Dirty Count : 4404
Iteration 4 
# Pages Selected to Transfer : 2520
Function : migration_completion 
# Pages Received in Current Iteration : 3487
Iteration 4 
# Pages Transferred in Current Iteration : 1262
Fake Dirty Count : 1258
# Pages Received in Current Iteration : 1262
>>> Checking for Migration Status
>>> Migration Completed
root@10.22.196.195:/home/vmuser/Desktop/cpu_usage.log
/mnt/nfs/samindu/mrmpplm/Data-and-Logs/Experiment-Data/final_2025-02-21_1/Memcached_2025-02-21_1/HBFDP_Compress_PreCopy.SHA1_2025-02-21_1/RAM2048/Experiment6
receiving incremental file list
cpu_usage.log
              0   0%    0.00kB/s    0:00:00           17,714 100%   16.89MB/s    0:00:00 (xfr#1, to-chk=0/1)

sent 43 bytes  received 17,811 bytes  2,746.77 bytes/sec
total size is 17,714  speedup is 0.99
root@10.22.196.195:/home/vmuser/Desktop/mem_usage.log
/mnt/nfs/samindu/mrmpplm/Data-and-Logs/Experiment-Data/final_2025-02-21_1/Memcached_2025-02-21_1/HBFDP_Compress_PreCopy.SHA1_2025-02-21_1/RAM2048/Experiment6
receiving incremental file list
mem_usage.log
              0   0%    0.00kB/s    0:00:00           71,609 100%   68.29MB/s    0:00:00 (xfr#1, to-chk=0/1)

sent 43 bytes  received 71,717 bytes  143,520.00 bytes/sec
total size is 71,609  speedup is 1.00
root@10.22.196.195:/home/vmuser/Desktop/net_usage.log
/mnt/nfs/samindu/mrmpplm/Data-and-Logs/Experiment-Data/final_2025-02-21_1/Memcached_2025-02-21_1/HBFDP_Compress_PreCopy.SHA1_2025-02-21_1/RAM2048/Experiment6
receiving incremental file list
net_usage.log
              0   0%    0.00kB/s    0:00:00            9,860 100%    9.40MB/s    0:00:00 (xfr#1, to-chk=0/1)

sent 43 bytes  received 9,957 bytes  6,666.67 bytes/sec
total size is 9,860  speedup is 0.99
