>>> Readying Destination to Recieve VM
>>> Tap Device tap0 Already in Use
>>> Successfull Started Destination
>>> Tap Device tap0 Already in Use
>>> Starting VM in Source
>>> VM Up & Running
>>> Starting Quicksort in VM
>>> Started Quicksort in VM, Process ID : 2105
{"QMP": {"version": {"qemu": {"micro": 2, "minor": 1, "major": 8}, "package": ""}, "capabilities": ["oob"]}}
{"return": {}}
Starting PreCopy Migartion
{"return": {}}
Starting Iterations ...
Iteration 1 
Iteration 0 
# Pages Received in Current Iteration : 0
Iteration 1 
# Pages Transferred in Current Iteration : 266450
Fake Dirty Count : 0
Iteration 2 
# Pages Received in Current Iteration : 266450
Iteration 2 
# Pages Transferred in Current Iteration : 5754
Fake Dirty Count : 2005
Iteration 3 
Function : migration_completion 
# Pages Transferred in Current Iteration : 67
Fake Dirty Count : 29
# Pages Received in Current Iteration : 5754
Iteration 3 
# Pages Received in Current Iteration : 67
>>> Checking for Migration Status
>>> Migration Completed
root@10.22.196.195:/home/vmuser/Desktop/cpu_usage.log
/mnt/nfs/samindu/mrmpplm/Data-and-Logs/Experiment-Data//preliminary_2024-11-10_1/vanilla_2024-11-10_1/Quicksort_2024-11-10_1/RAM1024/Experiment2/
receiving incremental file list
cpu_usage.log
              0   0%    0.00kB/s    0:00:00           10,928 100%   10.42MB/s    0:00:00 (xfr#1, to-chk=0/1)

sent 43 bytes  received 11,025 bytes  22,136.00 bytes/sec
total size is 10,928  speedup is 0.99
root@10.22.196.195:/home/vmuser/Desktop/mem_usage.log
/mnt/nfs/samindu/mrmpplm/Data-and-Logs/Experiment-Data//preliminary_2024-11-10_1/vanilla_2024-11-10_1/Quicksort_2024-11-10_1/RAM1024/Experiment2/
receiving incremental file list
mem_usage.log
              0   0%    0.00kB/s    0:00:00           26,102 100%   24.89MB/s    0:00:00 (xfr#1, to-chk=0/1)

sent 43 bytes  received 26,198 bytes  17,494.00 bytes/sec
total size is 26,102  speedup is 0.99
root@10.22.196.195:/home/vmuser/Desktop/net_usage.log
/mnt/nfs/samindu/mrmpplm/Data-and-Logs/Experiment-Data//preliminary_2024-11-10_1/vanilla_2024-11-10_1/Quicksort_2024-11-10_1/RAM1024/Experiment2/
receiving incremental file list
net_usage.log
              0   0%    0.00kB/s    0:00:00            3,596 100%    3.43MB/s    0:00:00 (xfr#1, to-chk=0/1)

sent 43 bytes  received 3,693 bytes  2,490.67 bytes/sec
total size is 3,596  speedup is 0.96
