Linux 4.4.0-142-generic (vm) 	2024-08-15 	_x86_64_	(1 CPU)

23:01:41     CPU    %usr   %nice    %sys %iowait    %irq   %soft  %steal  %guest  %gnice   %idle
23:01:42     all   54.90    0.00   22.55   11.76    0.00    0.00    0.00    0.00    0.00   10.78
23:01:43     all    1.01    0.00    2.02   96.97    0.00    0.00    0.00    0.00    0.00    0.00
23:01:44     all    0.00    0.00    1.00   18.00    0.00    0.00    0.00    0.00    0.00   81.00
23:01:45     all   13.00    0.00    3.00    0.00    0.00    0.00    0.00    0.00    0.00   84.00
23:01:46     all    1.00   82.00    5.00    1.00    0.00    0.00    0.00    0.00    0.00   11.00
23:01:47     all    7.22   65.98   15.46   11.34    0.00    0.00    0.00    0.00    0.00    0.00
23:01:48     all    0.99   93.07    4.95    0.99    0.00    0.00    0.00    0.00    0.00    0.00
23:01:49     all   19.19   76.77    4.04    0.00    0.00    0.00    0.00    0.00    0.00    0.00
23:01:50     all    0.00   99.01    0.99    0.00    0.00    0.00    0.00    0.00    0.00    0.00
23:01:51     all    0.00   78.79    5.05   16.16    0.00    0.00    0.00    0.00    0.00    0.00
23:01:52     all   45.54   19.80   16.83    6.93    0.00    0.00    0.00    0.00    0.00   10.89
23:01:53     all   29.00    0.00    9.00    1.00    0.00    0.00    0.00    0.00    0.00   61.00
23:01:54     all    6.12    0.00    1.02    0.00    0.00    0.00    0.00    0.00    0.00   92.86
23:01:55     all    0.00    0.00    0.00    0.00    0.00    0.00    0.00    0.00    0.00  100.00
23:01:56     all    0.00    0.00    0.00    0.00    0.00    0.00    0.00    0.00    0.00  100.00
23:01:57     all    0.00    0.00    0.00    6.12    0.00    0.00    0.00    0.00    0.00   93.88
23:01:58     all    0.00    0.00    0.00    0.00    0.00    0.00    0.00    0.00    0.00  100.00
23:01:59     all    0.00    0.00    0.00    0.00    0.00    0.00    0.00    0.00    0.00  100.00
23:02:00     all    0.00    0.00    1.00    0.00    0.00    0.00    0.00    0.00    0.00   99.00
23:02:01     all    3.96    0.00    1.98    0.00    0.00    0.00    0.00    0.00    0.00   94.06
23:02:02     all    6.00    0.00    3.00    0.00    0.00    0.00    0.00    0.00    0.00   91.00
23:02:03     all   23.00    0.00   10.00    0.00    0.00    0.00    0.00    0.00    0.00   67.00
23:02:04     all    0.00    0.00    0.00    0.00    0.00    0.00    0.00    0.00    0.00  100.00
23:02:05     all    0.00    0.00    0.00    0.00    0.00    0.00    0.00    0.00    0.00  100.00
23:02:06     all    0.00    0.00    0.00    0.00    0.00    0.00    0.00    0.00    0.00  100.00
23:02:07     all    1.00    0.00    0.00    0.00    0.00    0.00    0.00    0.00    0.00   99.00
23:02:08     all    0.00    0.00    0.00    6.00    0.00    0.00    0.00    0.00    0.00   94.00
23:02:09     all    0.00    0.00    0.99    0.00    0.00    0.00    0.00    0.00    0.00   99.01
23:02:10     all    0.00    0.00    0.00    0.00    0.00    0.00    0.00    0.00    0.00  100.00
23:02:11     all    0.99    0.00    0.00    0.00    0.00    0.00    0.00    0.00    0.00   99.01
23:02:12     all    0.00    0.00    0.00    0.00    0.00    0.00    0.00    0.00    0.00  100.00
23:02:13     all    1.00    0.00    0.00    6.00    0.00    0.00    0.00    0.00    0.00   93.00
23:02:14     all    0.00    0.00    0.00    0.00    0.00    0.00    0.00    0.00    0.00  100.00
23:02:15     all   28.72    0.00   21.28    0.00    0.00    3.19    0.00    0.00    0.00   46.81
23:02:16     all   22.58    0.00   24.73    0.00    0.00    5.38    0.00    0.00    0.00   47.31
23:02:17     all   36.46    0.00   20.83    0.00    0.00    4.17    0.00    0.00    0.00   38.54
23:02:18     all   36.96    0.00   21.74    0.00    0.00    4.35    0.00    0.00    0.00   36.96
23:02:19     all   39.78    0.00   22.58   25.81    0.00    4.30    0.00    0.00    0.00    7.53
23:02:20     all   43.62    0.00   21.28    0.00    0.00    2.13    0.00    0.00    0.00   32.98
23:02:21     all   37.63    0.00   20.43    0.00    0.00    5.38    0.00    0.00    0.00   36.56
23:02:22     all   47.83    0.00   16.30    0.00    0.00    3.26    0.00    0.00    0.00   32.61
23:02:23     all   39.13    0.00   23.91    0.00    0.00    2.17    0.00    0.00    0.00   34.78
23:02:24     all   45.83    0.00   21.88    2.08    0.00    5.21    0.00    0.00    0.00   25.00
23:02:25     all   40.43    0.00   23.40    0.00    0.00    5.32    0.00    0.00    0.00   30.85
23:02:26     all   34.02    0.00   23.71    0.00    0.00    6.19    0.00    0.00    0.00   36.08
23:02:27     all   36.46    0.00   21.88    0.00    0.00    5.21    0.00    0.00    0.00   36.46
23:02:28     all   43.62    0.00   20.21    0.00    0.00    5.32    0.00    0.00    0.00   30.85
23:02:29     all   43.01    0.00   22.58    2.15    0.00    3.23    0.00    0.00    0.00   29.03
23:02:30     all   37.23    0.00   25.53    0.00    0.00    4.26    0.00    0.00    0.00   32.98
23:02:31     all   34.74    0.00   25.26    0.00    0.00    5.26    0.00    0.00    0.00   34.74
23:02:32     all   29.67    0.00   27.47    0.00    0.00    6.59    0.00    0.00    0.00   36.26
23:02:33     all   35.16    0.00   25.27    0.00    0.00    4.40    0.00    0.00    0.00   35.16
23:02:34     all   38.14    0.00   26.80    0.00    0.00    3.09    0.00    0.00    0.00   31.96
23:02:35     all   36.67    0.00   22.22   12.22    0.00    4.44    0.00    0.00    0.00   24.44
23:02:36     all   40.86    0.00   19.35    0.00    0.00    4.30    0.00    0.00    0.00   35.48
23:02:37     all   44.21    0.00   20.00    0.00    0.00    4.21    0.00    0.00    0.00   31.58
23:02:38     all   37.50    0.00   23.96    0.00    0.00    6.25    0.00    0.00    0.00   32.29
23:02:39     all   46.74    0.00   17.39    0.00    0.00    3.26    0.00    0.00    0.00   32.61
23:02:40     all   40.00    0.00   21.11    2.22    0.00    4.44    0.00    0.00    0.00   32.22
23:02:41     all   50.54    0.00   16.13    0.00    0.00    4.30    0.00    0.00    0.00   29.03
23:02:42     all   54.74    0.00   20.00    0.00    0.00    1.05    0.00    0.00    0.00   24.21
23:02:43     all   78.79    0.00    9.09    0.00    0.00    1.01    0.00    0.00    0.00   11.11
23:02:44     all   44.79    0.00   22.92    0.00    0.00    3.12    0.00    0.00    0.00   29.17
23:02:45     all   34.04    0.00   29.79    3.19    0.00    6.38    0.00    0.00    0.00   26.60
23:02:46     all   41.05    0.00   23.16    0.00    0.00    5.26    0.00    0.00    0.00   30.53
23:02:47     all   38.04    0.00   23.91    0.00    0.00    3.26    0.00    0.00    0.00   34.78
23:02:48     all   43.01    0.00   20.43    0.00    0.00    6.45    0.00    0.00    0.00   30.11
23:02:49     all   39.33    0.00   25.84    0.00    0.00    1.12    0.00    0.00    0.00   33.71
23:02:50     all   43.48    0.00   17.39    0.00    0.00    4.35    0.00    0.00    0.00   34.78
23:02:51     all   48.91    0.00   18.48    2.17    0.00    4.35    0.00    0.00    0.00   26.09
23:02:52     all   53.06    0.00   16.33    0.00    0.00    3.06    0.00    0.00    0.00   27.55
23:02:53     all   47.31    0.00   18.28    0.00    0.00    4.30    0.00    0.00    0.00   30.11
23:02:54     all   58.51    0.00   10.64    0.00    0.00    5.32    0.00    0.00    0.00   25.53
23:02:55     all   52.58    0.00   16.49    0.00    0.00    4.12    0.00    0.00    0.00   26.80
23:02:56     all   48.96    0.00   15.62   28.12    0.00    2.08    0.00    0.00    0.00    5.21
23:02:57     all   48.31    0.00   14.61   19.10    0.00    4.49    0.00    0.00    0.00   13.48
23:02:58     all   48.45    0.00   17.53    0.00    0.00    5.15    0.00    0.00    0.00   28.87
23:02:59     all   61.05    0.00   12.63    0.00    0.00    1.05    0.00    0.00    0.00   25.26
23:03:00     all   53.06    0.00   16.33    0.00    0.00    4.08    0.00    0.00    0.00   26.53
23:03:01     all   45.16    0.00   24.73   22.58    0.00    3.23    0.00    0.00    0.00    4.30
23:03:02     all   44.57    0.00   17.39   35.87    0.00    2.17    0.00    0.00    0.00    0.00
23:03:03     all   40.62    0.00   25.00    9.38    0.00    3.12    0.00    0.00    0.00   21.88
23:03:04     all   43.56    0.00   22.77    0.00    0.00    3.96    0.00    0.00    0.00   29.70
23:03:05     all   55.67    0.00   13.40    0.00    0.00    5.15    0.00    0.00    0.00   25.77
23:03:06     all   54.84    0.00   13.98    0.00    0.00    3.23    0.00    0.00    0.00   27.96
23:03:07     all   41.11    0.00   21.11   34.44    0.00    1.11    0.00    0.00    0.00    2.22
23:03:08     all   50.00    0.00   20.00    0.00    0.00    2.00    0.00    0.00    0.00   28.00
23:03:09     all   45.83    0.00   18.75    0.00    0.00    4.17    0.00    0.00    0.00   31.25
23:03:10     all   50.00    0.00   17.00    0.00    0.00    5.00    0.00    0.00    0.00   28.00
23:03:11     all   50.98    0.00   21.57    0.00    0.00    2.94    0.00    0.00    0.00   24.51
23:03:12     all   92.16    0.00    0.98    3.92    0.00    0.00    0.00    0.00    0.00    2.94
23:03:13     all   83.64    0.00    1.82    5.45    0.00    0.91    0.00    0.00    0.00    8.18
23:03:14     all   84.26    0.00    1.85    0.00    0.00    0.00    0.00    0.00    0.00   13.89
23:03:15     all   83.33    0.00    3.70    0.00    0.00    0.00    0.00    0.00    0.00   12.96
23:03:16     all   87.27    0.00    0.91    0.91    0.00    0.91    0.00    0.00    0.00   10.00
23:03:17     all   81.08    0.00    4.50    2.70    0.00    0.90    0.00    0.00    0.00   10.81
23:03:18     all   86.92    0.00    2.80    0.00    0.00    0.00    0.00    0.00    0.00   10.28
23:03:19     all   87.85    0.00    1.87    0.00    0.00    0.00    0.00    0.00    0.00   10.28
23:03:20     all   85.32    0.00    0.92    0.92    0.00    1.83    0.00    0.00    0.00   11.01
23:03:21     all   84.40    0.00    5.50    0.92    0.00    0.92    0.00    0.00    0.00    8.26
23:03:22     all   93.27    0.00    0.00    0.00    0.00    0.00    0.00    0.00    0.00    6.73
23:03:23     all   89.72    0.00    1.87    7.48    0.00    0.00    0.00    0.00    0.00    0.93
23:03:24     all   92.45    0.00    0.00    0.00    0.00    0.00    0.00    0.00    0.00    7.55
23:03:25     all   91.59    0.00    0.00    0.93    0.00    0.93    0.00    0.00    0.00    6.54
23:03:26     all   91.59    0.00    0.00    0.93    0.00    0.00    0.00    0.00    0.00    7.48
23:03:27     all   90.74    0.00    0.93    0.00    0.00    0.00    0.00    0.00    0.00    8.33
23:03:28     all   89.62    0.00    0.94    1.89    0.00    0.00    0.00    0.00    0.00    7.55
23:03:29     all   88.89    0.00    0.93    0.00    0.00    0.00    0.00    0.00    0.00   10.19
23:03:30     all   89.62    0.00    1.89    0.94    0.00    0.00    0.00    0.00    0.00    7.55
23:03:31     all   91.59    0.00    0.00    0.93    0.00    0.00    0.00    0.00    0.00    7.48
23:03:32     all   90.20    0.00    6.86    0.00    0.00    0.00    0.00    0.00    0.00    2.94
23:03:33     all   92.00    0.00    8.00    0.00    0.00    0.00    0.00    0.00    0.00    0.00
23:03:34     all   86.87    0.00   13.13    0.00    0.00    0.00    0.00    0.00    0.00    0.00
23:03:35     all   85.00    0.00   15.00    0.00    0.00    0.00    0.00    0.00    0.00    0.00
23:03:36     all   86.00    0.00   14.00    0.00    0.00    0.00    0.00    0.00    0.00    0.00
23:03:37     all   81.00    0.00   19.00    0.00    0.00    0.00    0.00    0.00    0.00    0.00
23:03:38     all   80.00    0.00   20.00    0.00    0.00    0.00    0.00    0.00    0.00    0.00
23:03:39     all   99.00    0.00    1.00    0.00    0.00    0.00    0.00    0.00    0.00    0.00
23:03:40     all   88.00    0.00   12.00    0.00    0.00    0.00    0.00    0.00    0.00    0.00
23:03:41     all   87.00    0.00   13.00    0.00    0.00    0.00    0.00    0.00    0.00    0.00
23:03:42     all   84.00    0.00   16.00    0.00    0.00    0.00    0.00    0.00    0.00    0.00
23:03:43     all   78.00    0.00   22.00    0.00    0.00    0.00    0.00    0.00    0.00    0.00
23:03:44     all   77.23    0.00   22.77    0.00    0.00    0.00    0.00    0.00    0.00    0.00
23:03:45     all   92.93    0.00    7.07    0.00    0.00    0.00    0.00    0.00    0.00    0.00
23:03:46     all   98.00    0.00    2.00    0.00    0.00    0.00    0.00    0.00    0.00    0.00
23:03:47     all   96.00    0.00    4.00    0.00    0.00    0.00    0.00    0.00    0.00    0.00
23:03:48     all   96.15    0.00    0.00    1.92    0.00    0.00    0.00    0.00    0.00    1.92
23:03:49     all   87.04    0.00    1.85    1.85    0.00    0.00    0.00    0.00    0.00    9.26
23:03:50     all   85.19    0.00    0.93    0.00    0.00    0.93    0.00    0.00    0.00   12.96
23:03:51     all   87.04    0.00    1.85    0.93    0.00    0.00    0.00    0.00    0.00   10.19
23:03:52     all   87.27    0.00    0.91    0.00    0.00    0.00    0.00    0.00    0.00   11.82
23:03:53     all   85.32    0.00    2.75    0.92    0.00    0.00    0.00    0.00    0.00   11.01
23:03:54     all   88.89    0.00    0.93    0.00    0.00    0.93    0.00    0.00    0.00    9.26
23:03:55     all   86.92    0.00    1.87    1.87    0.00    0.00    0.00    0.00    0.00    9.35
23:03:56     all   90.65    0.00    0.93    0.00    0.00    0.00    0.00    0.00    0.00    8.41
23:03:57     all   93.46    0.00    0.00    0.93    0.00    0.00    0.00    0.00    0.00    5.61
23:03:58     all   93.40    0.00    0.00    0.94    0.00    0.94    0.00    0.00    0.00    4.72
23:03:59     all   95.19    0.00    0.00    0.00    0.00    0.00    0.00    0.00    0.00    4.81
23:04:00     all   92.52    0.00    0.93    1.87    0.00    0.00    0.00    0.00    0.00    4.67
23:04:01     all   82.35    0.00   12.75    0.98    0.00    1.96    0.00    0.00    0.00    1.96
23:04:02     all   96.15    0.00    0.00    0.00    0.00    0.00    0.00    0.00    0.00    3.85
23:04:03     all   95.24    0.00    0.00    0.95    0.00    0.00    0.00    0.00    0.00    3.81
23:04:04     all   95.19    0.00    0.00    0.96    0.00    0.00    0.00    0.00    0.00    3.85
23:04:05     all   95.19    0.00    0.96    1.92    0.00    0.96    0.00    0.00    0.00    0.96
23:04:06     all   96.15    0.00    0.00    0.96    0.00    0.00    0.00    0.00    0.00    2.88
23:04:07     all   95.19    0.00    0.00    0.96    0.00    0.00    0.00    0.00    0.00    3.85
23:04:08     all   96.15    0.00    0.00    0.00    0.00    0.00    0.00    0.00    0.00    3.85
23:04:09     all   95.19    0.00    0.00    0.96    0.00    0.00    0.00    0.00    0.00    3.85
23:04:10     all   95.24    0.00    0.95    0.00    0.00    0.00    0.00    0.00    0.00    3.81
23:04:11     all   95.19    0.00    0.00    0.96    0.00    0.00    0.00    0.00    0.00    3.85
23:04:12     all   93.40    0.00    0.94    0.94    0.00    0.00    0.00    0.00    0.00    4.72
23:04:13     all   96.15    0.00    0.00    0.00    0.00    0.00    0.00    0.00    0.00    3.85
23:04:14     all   95.19    0.00    0.00    0.96    0.00    0.00    0.00    0.00    0.00    3.85
23:04:15     all   92.45    0.00    1.89    0.94    0.00    0.00    0.00    0.00    0.00    4.72
23:04:16     all   93.40    0.00    0.94    0.94    0.00    0.00    0.00    0.00    0.00    4.72
23:04:17     all   95.24    0.00    0.00    0.95    0.00    0.00    0.00    0.00    0.00    3.81
23:04:18     all   95.19    0.00    0.00    0.00    0.00    0.00    0.00    0.00    0.00    4.81
23:04:19     all   94.34    0.00    0.00    0.94    0.00    0.00    0.00    0.00    0.00    4.72
23:04:20     all   95.24    0.00    0.00    0.00    0.00    0.00    0.00    0.00    0.00    4.76
23:04:21     all   94.29    0.00    0.95    0.95    0.00    0.00    0.00    0.00    0.00    3.81
23:04:22     all   94.17    0.00    1.94    0.00    0.00    0.00    0.00    0.00    0.00    3.88
23:04:23     all   95.24    0.00    0.00    0.95    0.00    0.00    0.00    0.00    0.00    3.81
23:04:24     all   94.29    0.00    0.00    0.95    0.00    0.00    0.00    0.00    0.00    4.76
23:04:25     all   94.23    0.00    0.00    0.00    0.00    0.00    0.00    0.00    0.00    5.77
23:04:26     all   94.34    0.00    0.94    0.94    0.00    0.00    0.00    0.00    0.00    3.77
23:04:27     all   95.24    0.00    0.00    0.95    0.00    0.00    0.00    0.00    0.00    3.81
23:04:28     all   95.19    0.00    0.00    0.00    0.00    0.00    0.00    0.00    0.00    4.81
23:04:29     all   94.29    0.00    0.00    0.95    0.00    0.00    0.00    0.00    0.00    4.76
23:04:30     all   66.04    0.00    3.77    0.94    0.00    0.00    0.00    0.00    0.00   29.25
23:04:31     all   57.80    0.00    3.67    0.92    0.00    0.00    0.00    0.00    0.00   37.61
23:04:32     all   63.21    0.00    2.83    1.89    0.00    0.00    0.00    0.00    0.00   32.08
23:04:33     all   68.52    0.00    0.93    0.93    0.00    0.00    0.00    0.00    0.00   29.63
23:04:34     all   60.58    0.00    0.96    0.96    0.00    0.00    0.00    0.00    0.00   37.50
23:04:35     all   65.42    0.00    2.80    0.00    0.00    0.00    0.00    0.00    0.00   31.78
23:04:36     all   60.19    0.00    1.85    0.93    0.00    0.00    0.00    0.00    0.00   37.04
23:04:37     all   63.55    0.00    0.93    5.61    0.00    0.00    0.00    0.00    0.00   29.91
23:04:38     all   55.24    0.00    2.86    0.95    0.00    0.95    0.00    0.00    0.00   40.00
23:04:39     all   52.53    0.00    7.07    5.05    0.00    1.01    0.00    0.00    0.00   34.34
23:04:40     all   95.15    0.00    0.97    0.97    0.00    0.00    0.00    0.00    0.00    2.91
23:04:41     all   95.24    0.00    0.00    0.95    0.00    0.00    0.00    0.00    0.00    3.81
Average:     all   59.88    2.84    8.29    2.48    0.00    1.26    0.00    0.00    0.00   25.26
