  Time           eth0       
HH:MM:SS   KB/s in  KB/s out
05:43:09      0.06      0.06
05:43:10      0.00      0.00
05:43:11      0.00      0.00
05:43:12      0.06      0.06
05:43:13      0.00      0.00
05:43:14      0.00      0.00
05:43:15      0.06      0.00
05:43:16      0.00      0.04
05:43:17      0.33      0.00
05:43:18      0.24      0.26
05:43:19      3.02      3.27
05:43:20      0.33      0.00
05:43:21      0.00      0.00
05:43:22      0.00      0.00
05:43:23      0.00      0.00
05:43:24      0.33      0.00
05:43:25      0.00      0.00
05:43:26      0.17      0.00
05:43:27      0.00      0.00
05:43:28      2.11      2.21
05:43:29      1.44      1.77
05:43:30      0.06      0.00
  Time           eth0       
HH:MM:SS   KB/s in  KB/s out
05:43:31      0.06      0.00
05:43:32      0.00      0.00
05:43:33      0.06      0.00
05:43:34      0.18      0.00
05:43:35      0.39      0.00
05:43:36      0.06      0.00
05:43:37      0.06      0.00
05:43:38      0.45      0.00
05:43:39      0.00      0.00
05:43:40      0.00      0.00
05:43:41  12447.09    786.84
05:43:42  14391.28    909.42
05:43:43  13842.21    874.96
05:43:44  13831.92    874.30
05:43:45  12817.10    809.53
05:43:46  13721.15    867.59
05:43:47  13507.84    853.10
05:43:48  13650.29    862.61
05:43:49  11589.38    733.18
05:43:50  15726.14    993.43
05:43:51  19489.94   1231.57
05:43:52  16850.70   1064.91
  Time           eth0       
HH:MM:SS   KB/s in  KB/s out
05:43:53  16874.84   1066.45
05:43:54  17684.86   1117.43
05:43:55  17587.67   1111.72
05:43:56  12760.29    806.91
05:43:57  17239.37   1089.71
05:43:58  16093.71   1016.74
05:43:59  16568.86   1047.05
05:44:00  16023.16   1012.61
05:44:01  16566.63   1046.69
05:44:02  16241.05   1026.48
05:44:03  16250.62   1026.87
05:44:04  15512.41    980.50
05:44:05  18014.66   1138.34
05:44:06  18159.37   1147.56
05:44:07  14095.11    891.08
05:44:08  13477.66    851.34
05:44:09  13470.34    851.53
05:44:10   6380.19    404.11
05:44:11  15100.81    954.06
05:44:12  13691.34    865.13
05:44:13  13736.52    868.64
05:44:14  13396.94    846.22
  Time           eth0       
HH:MM:SS   KB/s in  KB/s out
05:44:15  13941.40    881.30
05:44:16  13399.01    846.30
05:44:17  13597.44    859.78
05:44:18  13285.58    839.11
05:44:19  13276.15    838.90
05:44:20  13106.14    828.75
05:44:21  16080.15   1015.73
05:44:22  16979.91   1073.13
05:44:23  17184.09   1086.15
05:44:24  16019.85   1012.64
05:44:25  14651.08    925.50
05:44:26  14955.12    945.36
05:44:27  14380.48    908.75
05:44:28  14266.40    901.24
05:44:29  14242.69    900.12
05:44:30  13882.37    877.35
05:44:31  14738.01    931.06
05:44:32  16353.90   1033.88
05:44:33  17461.95   1103.05
05:44:34  16591.37   1048.61
05:44:35  13470.47    851.39
05:44:36  13392.28    846.36
  Time           eth0       
HH:MM:SS   KB/s in  KB/s out
05:44:37  12910.47    815.57
05:44:38  13397.73    847.09
05:44:39  15066.16    951.72
05:44:40  14070.65    889.47
05:44:41  10807.24    682.98
05:44:42   1400.29     90.10
05:44:43  14452.97    913.19
05:44:44  13468.02    851.53
05:44:45  14495.17    916.00
05:44:46  15283.80    965.52
05:44:47  13895.66    878.05
05:44:48  13387.52    846.37
05:44:49  14401.97    910.12
05:44:50  13562.75    856.99
05:44:51  13863.37    875.72
05:44:52  14169.47    895.57
05:44:53  13430.49    848.72
05:44:54  13170.38    832.12
05:44:55  13499.46    853.30
05:44:56  16199.94   1024.02
05:44:57  16214.50   1024.29
05:44:58  16370.09   1034.85
  Time           eth0       
HH:MM:SS   KB/s in  KB/s out
05:44:59  17884.41   1129.97
05:45:00  16895.75   1067.56
05:45:01  16302.51   1030.22
05:45:02  13239.47    837.01
05:45:03  13945.64    881.28
05:45:04  13556.05    856.35
05:45:05  14263.34    901.49
05:45:06  13807.68    872.20
05:45:07  13462.72    850.91
05:45:08  13582.22    858.29
05:45:09  13468.85    851.43
05:45:10  15746.81    995.10
05:45:11  17472.20   1103.70
05:45:12  16119.25   1018.91
05:45:13  16063.31   1015.17
05:45:14  17487.64   1104.61
05:45:15  18925.79   1196.28
05:45:16  16772.52   1060.14
05:45:17  18161.49   1147.62
05:45:18  15672.66    989.98
05:45:19  13382.81    846.14
05:45:20  13515.39    854.16
  Time           eth0       
HH:MM:SS   KB/s in  KB/s out
05:45:21  13926.76    880.09
05:45:22  13924.24    879.62
05:45:23  13540.43    855.96
05:45:24  13568.44    857.08
05:45:25  13363.41    844.92
05:45:26  13092.36    826.97
05:45:27  15585.69    985.28
05:45:28  15767.88    996.14
05:45:29  17044.45   1076.96
05:45:30  15755.72    995.86
05:45:31  15530.56    981.29
05:45:32  13831.09    874.11
05:45:33  13398.30    846.98
05:45:34  16509.40   1043.36
05:45:35  17356.90   1096.77
05:45:36  14345.02    906.15
05:45:37  14033.33    886.75
05:45:38  14190.93    896.78
05:45:39  14041.48    887.33
05:45:40  13905.24    878.70
05:45:41  13914.20    879.29
05:45:42  13317.01    841.70
  Time           eth0       
HH:MM:SS   KB/s in  KB/s out
05:45:43   7393.41    467.93
05:45:44      2.68      0.21
05:45:45   2978.98    188.76
05:45:46  14294.68    903.55
05:45:47  14116.21    892.13
05:45:48  12997.95    821.37
05:45:49  13874.28    876.77
05:45:50  16612.82   1049.83
05:45:51  16361.80   1033.89
05:45:52  17100.71   1080.37
05:45:53  17308.81   1094.24
05:45:54  17556.43   1109.45
05:45:55  17249.27   1089.68
05:45:56  14179.29    896.33
05:45:57  14357.02    907.20
05:45:58  14407.02    910.19
05:45:59  14042.10    887.45
05:46:00  13388.23    845.98
05:46:01  12149.64    767.78
05:46:02      0.00      0.00
05:46:33      2.46      0.19
05:46:34     12.25      2.56
  Time           eth0       
HH:MM:SS   KB/s in  KB/s out
05:46:35      0.39      0.00
05:46:36      0.06      0.00
05:46:37      0.06      0.00
05:46:38      0.00      0.00
05:46:39      0.33      0.00
05:46:40      0.00      0.00
05:46:41      0.51      0.05
05:46:42  13662.94    863.61
05:46:43  15017.40    948.77
05:46:44  15888.14   1004.18
05:46:45  14907.42    942.12
05:46:46  14574.62    921.17
05:46:47  12103.54    764.36
05:46:48  13289.67    839.89
05:46:49  14779.64    934.20
05:46:50  15708.40    992.39
05:46:51  14781.03    934.50
05:46:52  14978.03    946.52
05:46:53  12002.95    758.20
05:46:54  12659.29    799.92
05:46:55  12079.63    763.42
05:46:56  12814.72    810.17
  Time           eth0       
HH:MM:SS   KB/s in  KB/s out
05:46:57  12510.46    789.99
05:46:58  13271.13    838.94
05:46:59  13420.98    847.90
05:47:00  13524.57    855.03
05:47:01  11987.83    757.25
05:47:02  13526.35    854.85
05:47:03  13740.86    868.34
05:47:04  14532.76    918.24
05:47:05  14158.19    894.64
05:47:06  15334.16    969.24
05:47:07  14037.17    887.06
05:47:08  14096.63    890.52
05:47:09  13253.24    837.81
05:47:10  13918.63    879.57
05:47:11  14272.62    901.70
05:47:12  15344.56    970.19
05:47:13  14248.09    900.39
05:47:14  14973.54    946.14
05:47:15  13141.89    830.63
05:47:16  14948.62    944.37
05:47:17  14699.85    928.94
05:47:18  13449.03    849.87
  Time           eth0       
HH:MM:SS   KB/s in  KB/s out
05:47:19  13535.58    855.36
05:47:20  11012.28    695.76
05:47:21  10510.70    664.43
05:47:22  10369.21    655.05
05:47:23   9452.31    597.18
05:47:24  10633.64    672.12
05:47:25  11069.30    699.73
05:47:26  12786.83    807.76
05:47:27  11316.15    715.18
05:47:28  11186.31    707.51
05:47:29  11941.19    754.59
05:47:30  11480.85    725.61
05:47:31  12009.52    759.84
05:47:32  12285.62    777.03
05:47:33  12231.25    772.65
05:47:34  13707.22    866.49
05:47:35  12874.84    813.25
05:47:36  13406.32    847.51
05:47:37  13102.25    828.05
05:47:38  13253.86    837.41
05:47:39  14672.61    927.36
05:47:40  13754.55    869.42
  Time           eth0       
HH:MM:SS   KB/s in  KB/s out
05:47:41  12916.24    816.22
05:47:42  12813.84    809.40
05:47:43  13356.82    844.28
05:47:44  12437.48    785.76
05:47:45  12352.86    780.62
05:47:46  12499.58    789.89
05:47:47  13800.61    872.31
05:47:48  14102.19    890.96
05:47:49  14553.18    919.74
05:47:50  14547.36    919.43
05:47:51  13579.96    858.39
05:47:52  14229.17    898.98
05:47:53  14765.26    933.15
05:47:54  14859.15    939.13
05:47:55  15969.65   1008.82
05:47:56  14762.47    933.25
05:47:57  15067.47    952.03
05:47:58  13911.28    879.18
05:47:59  12316.73    778.80
05:48:00  12067.79    762.39
05:48:01  12741.82    804.99
05:48:02  13470.91    851.80
  Time           eth0       
HH:MM:SS   KB/s in  KB/s out
05:48:03  13390.00    846.11
05:48:04  12622.70    797.77
05:48:05  14872.81    939.94
05:48:06  14472.20    914.86
05:48:07  14377.65    908.38
05:48:08  15256.60    964.48
05:48:09  14161.84    894.60
05:48:10  13747.34    868.91
05:48:11  13032.70    826.89
05:48:12  15584.65   1010.46
05:48:13  12867.79    883.60
