             total       used       free     shared    buffers     cached
Mem:           11G       690M        11G       3.5M        38M       289M
-/+ buffers/cache:       362M        11G
Swap:         8.0G         0B       8.0G

             total       used       free     shared    buffers     cached
Mem:           11G       688M        11G       1.7M        38M       288M
-/+ buffers/cache:       361M        11G
Swap:         8.0G         0B       8.0G

             total       used       free     shared    buffers     cached
Mem:           11G       688M        11G       1.7M        38M       288M
-/+ buffers/cache:       361M        11G
Swap:         8.0G         0B       8.0G

             total       used       free     shared    buffers     cached
Mem:           11G       688M        11G       1.7M        38M       288M
-/+ buffers/cache:       361M        11G
Swap:         8.0G         0B       8.0G

             total       used       free     shared    buffers     cached
Mem:           11G       688M        11G       1.7M        38M       288M
-/+ buffers/cache:       361M        11G
Swap:         8.0G         0B       8.0G

             total       used       free     shared    buffers     cached
Mem:           11G       688M        11G       1.7M        38M       288M
-/+ buffers/cache:       361M        11G
Swap:         8.0G         0B       8.0G

             total       used       free     shared    buffers     cached
Mem:           11G       688M        11G       1.7M        38M       288M
-/+ buffers/cache:       361M        11G
Swap:         8.0G         0B       8.0G

             total       used       free     shared    buffers     cached
Mem:           11G       688M        11G       1.7M        38M       288M
-/+ buffers/cache:       361M        11G
Swap:         8.0G         0B       8.0G

             total       used       free     shared    buffers     cached
Mem:           11G       688M        11G       1.7M        38M       288M
-/+ buffers/cache:       361M        11G
Swap:         8.0G         0B       8.0G

             total       used       free     shared    buffers     cached
Mem:           11G       692M        11G       1.7M        38M       288M
-/+ buffers/cache:       364M        11G
Swap:         8.0G         0B       8.0G

             total       used       free     shared    buffers     cached
Mem:           11G       708M        11G       1.7M        38M       288M
-/+ buffers/cache:       380M        11G
Swap:         8.0G         0B       8.0G

             total       used       free     shared    buffers     cached
Mem:           11G       719M        11G       1.7M        38M       289M
-/+ buffers/cache:       391M        11G
Swap:         8.0G         0B       8.0G

             total       used       free     shared    buffers     cached
Mem:           11G       697M        11G       1.7M        38M       289M
-/+ buffers/cache:       369M        11G
Swap:         8.0G         0B       8.0G

             total       used       free     shared    buffers     cached
Mem:           11G       707M        11G       1.7M        38M       290M
-/+ buffers/cache:       378M        11G
Swap:         8.0G         0B       8.0G

             total       used       free     shared    buffers     cached
Mem:           11G       698M        11G       1.7M        38M       290M
-/+ buffers/cache:       369M        11G
Swap:         8.0G         0B       8.0G

             total       used       free     shared    buffers     cached
Mem:           11G       698M        11G       1.7M        38M       290M
-/+ buffers/cache:       369M        11G
Swap:         8.0G         0B       8.0G

             total       used       free     shared    buffers     cached
Mem:           11G       698M        11G       1.7M        38M       290M
-/+ buffers/cache:       369M        11G
Swap:         8.0G         0B       8.0G

             total       used       free     shared    buffers     cached
Mem:           11G       698M        11G       1.7M        38M       290M
-/+ buffers/cache:       369M        11G
Swap:         8.0G         0B       8.0G

             total       used       free     shared    buffers     cached
Mem:           11G       698M        11G       1.7M        38M       290M
-/+ buffers/cache:       369M        11G
Swap:         8.0G         0B       8.0G

             total       used       free     shared    buffers     cached
Mem:           11G       698M        11G       1.7M        38M       290M
-/+ buffers/cache:       369M        11G
Swap:         8.0G         0B       8.0G

             total       used       free     shared    buffers     cached
Mem:           11G       698M        11G       1.7M        38M       290M
-/+ buffers/cache:       369M        11G
Swap:         8.0G         0B       8.0G

             total       used       free     shared    buffers     cached
Mem:           11G       698M        11G       1.7M        38M       290M
-/+ buffers/cache:       369M        11G
Swap:         8.0G         0B       8.0G

             total       used       free     shared    buffers     cached
Mem:           11G       698M        11G       1.8M        38M       290M
-/+ buffers/cache:       369M        11G
Swap:         8.0G         0B       8.0G

             total       used       free     shared    buffers     cached
Mem:           11G       698M        11G       1.8M        38M       290M
-/+ buffers/cache:       369M        11G
Swap:         8.0G         0B       8.0G

             total       used       free     shared    buffers     cached
Mem:           11G       698M        11G       1.8M        38M       290M
-/+ buffers/cache:       369M        11G
Swap:         8.0G         0B       8.0G

             total       used       free     shared    buffers     cached
Mem:           11G       698M        11G       1.8M        38M       290M
-/+ buffers/cache:       369M        11G
Swap:         8.0G         0B       8.0G

             total       used       free     shared    buffers     cached
Mem:           11G       698M        11G       1.8M        38M       290M
-/+ buffers/cache:       369M        11G
Swap:         8.0G         0B       8.0G

             total       used       free     shared    buffers     cached
Mem:           11G       698M        11G       1.8M        38M       290M
-/+ buffers/cache:       369M        11G
Swap:         8.0G         0B       8.0G

             total       used       free     shared    buffers     cached
Mem:           11G       698M        11G       1.8M        38M       290M
-/+ buffers/cache:       369M        11G
Swap:         8.0G         0B       8.0G

             total       used       free     shared    buffers     cached
Mem:           11G       698M        11G       1.8M        38M       290M
-/+ buffers/cache:       369M        11G
Swap:         8.0G         0B       8.0G

             total       used       free     shared    buffers     cached
Mem:           11G       698M        11G       1.8M        38M       290M
-/+ buffers/cache:       369M        11G
Swap:         8.0G         0B       8.0G

             total       used       free     shared    buffers     cached
Mem:           11G       698M        11G       1.8M        38M       290M
-/+ buffers/cache:       369M        11G
Swap:         8.0G         0B       8.0G

             total       used       free     shared    buffers     cached
Mem:           11G       698M        11G       1.8M        38M       290M
-/+ buffers/cache:       369M        11G
Swap:         8.0G         0B       8.0G

             total       used       free     shared    buffers     cached
Mem:           11G       705M        11G       1.8M        38M       290M
-/+ buffers/cache:       376M        11G
Swap:         8.0G         0B       8.0G

             total       used       free     shared    buffers     cached
Mem:           11G       722M        11G       1.8M        38M       290M
-/+ buffers/cache:       393M        11G
Swap:         8.0G         0B       8.0G

             total       used       free     shared    buffers     cached
Mem:           11G       743M        11G       1.8M        38M       290M
-/+ buffers/cache:       414M        11G
Swap:         8.0G         0B       8.0G

             total       used       free     shared    buffers     cached
Mem:           11G       762M        10G       1.8M        38M       290M
-/+ buffers/cache:       433M        11G
Swap:         8.0G         0B       8.0G

             total       used       free     shared    buffers     cached
Mem:           11G       783M        10G       1.8M        38M       290M
-/+ buffers/cache:       454M        11G
Swap:         8.0G         0B       8.0G

             total       used       free     shared    buffers     cached
Mem:           11G       802M        10G       1.8M        38M       290M
-/+ buffers/cache:       473M        11G
Swap:         8.0G         0B       8.0G

             total       used       free     shared    buffers     cached
Mem:           11G       819M        10G       1.8M        38M       290M
-/+ buffers/cache:       490M        11G
Swap:         8.0G         0B       8.0G

             total       used       free     shared    buffers     cached
Mem:           11G       838M        10G       1.8M        38M       290M
-/+ buffers/cache:       509M        11G
Swap:         8.0G         0B       8.0G

             total       used       free     shared    buffers     cached
Mem:           11G       857M        10G       1.8M        38M       290M
-/+ buffers/cache:       528M        11G
Swap:         8.0G         0B       8.0G

             total       used       free     shared    buffers     cached
Mem:           11G       875M        10G       1.8M        38M       290M
-/+ buffers/cache:       546M        11G
Swap:         8.0G         0B       8.0G

             total       used       free     shared    buffers     cached
Mem:           11G       895M        10G       1.8M        38M       290M
-/+ buffers/cache:       566M        11G
Swap:         8.0G         0B       8.0G

             total       used       free     shared    buffers     cached
Mem:           11G       910M        10G       1.8M        38M       290M
-/+ buffers/cache:       581M        11G
Swap:         8.0G         0B       8.0G

             total       used       free     shared    buffers     cached
Mem:           11G       923M        10G       1.8M        38M       290M
-/+ buffers/cache:       594M        11G
Swap:         8.0G         0B       8.0G

             total       used       free     shared    buffers     cached
Mem:           11G       937M        10G       1.8M        38M       290M
-/+ buffers/cache:       608M        11G
Swap:         8.0G         0B       8.0G

             total       used       free     shared    buffers     cached
Mem:           11G       953M        10G       1.8M        38M       290M
-/+ buffers/cache:       624M        11G
Swap:         8.0G         0B       8.0G

             total       used       free     shared    buffers     cached
Mem:           11G       969M        10G       1.8M        38M       290M
-/+ buffers/cache:       640M        11G
Swap:         8.0G         0B       8.0G

             total       used       free     shared    buffers     cached
Mem:           11G       983M        10G       1.8M        38M       290M
-/+ buffers/cache:       655M        11G
Swap:         8.0G         0B       8.0G

             total       used       free     shared    buffers     cached
Mem:           11G       998M        10G       1.8M        38M       290M
-/+ buffers/cache:       669M        11G
Swap:         8.0G         0B       8.0G

             total       used       free     shared    buffers     cached
Mem:           11G       1.0G        10G       1.8M        38M       290M
-/+ buffers/cache:       685M        11G
Swap:         8.0G         0B       8.0G

             total       used       free     shared    buffers     cached
Mem:           11G       1.0G        10G       1.8M        38M       290M
-/+ buffers/cache:       699M        11G
Swap:         8.0G         0B       8.0G

             total       used       free     shared    buffers     cached
Mem:           11G       1.0G        10G       1.8M        38M       290M
-/+ buffers/cache:       714M        11G
Swap:         8.0G         0B       8.0G

             total       used       free     shared    buffers     cached
Mem:           11G       1.0G        10G       1.8M        38M       290M
-/+ buffers/cache:       732M        11G
Swap:         8.0G         0B       8.0G

             total       used       free     shared    buffers     cached
Mem:           11G       1.1G        10G       1.8M        38M       290M
-/+ buffers/cache:       751M        11G
Swap:         8.0G         0B       8.0G

             total       used       free     shared    buffers     cached
Mem:           11G       1.1G        10G       1.8M        38M       290M
-/+ buffers/cache:       768M        10G
Swap:         8.0G         0B       8.0G

             total       used       free     shared    buffers     cached
Mem:           11G       1.1G        10G       1.8M        38M       290M
-/+ buffers/cache:       788M        10G
Swap:         8.0G         0B       8.0G

             total       used       free     shared    buffers     cached
Mem:           11G       1.1G        10G       1.8M        38M       290M
-/+ buffers/cache:       806M        10G
Swap:         8.0G         0B       8.0G

             total       used       free     shared    buffers     cached
Mem:           11G       1.1G        10G       1.8M        38M       290M
-/+ buffers/cache:       819M        10G
Swap:         8.0G         0B       8.0G

             total       used       free     shared    buffers     cached
Mem:           11G       1.1G        10G       1.8M        38M       290M
-/+ buffers/cache:       836M        10G
Swap:         8.0G         0B       8.0G

             total       used       free     shared    buffers     cached
Mem:           11G       1.2G        10G       1.8M        38M       290M
-/+ buffers/cache:       855M        10G
Swap:         8.0G         0B       8.0G

             total       used       free     shared    buffers     cached
Mem:           11G       1.2G        10G       1.8M        38M       290M
-/+ buffers/cache:       874M        10G
Swap:         8.0G         0B       8.0G

             total       used       free     shared    buffers     cached
Mem:           11G       1.2G        10G       1.8M        38M       290M
-/+ buffers/cache:       892M        10G
Swap:         8.0G         0B       8.0G

             total       used       free     shared    buffers     cached
Mem:           11G       1.2G        10G       1.8M        38M       290M
-/+ buffers/cache:       912M        10G
Swap:         8.0G         0B       8.0G

             total       used       free     shared    buffers     cached
Mem:           11G       1.2G        10G       1.8M        38M       290M
-/+ buffers/cache:       930M        10G
Swap:         8.0G         0B       8.0G

             total       used       free     shared    buffers     cached
Mem:           11G       1.2G        10G       1.8M        38M       290M
-/+ buffers/cache:       949M        10G
Swap:         8.0G         0B       8.0G

             total       used       free     shared    buffers     cached
Mem:           11G       1.3G        10G       1.8M        38M       290M
-/+ buffers/cache:       967M        10G
Swap:         8.0G         0B       8.0G

             total       used       free     shared    buffers     cached
Mem:           11G       1.3G        10G       1.8M        38M       290M
-/+ buffers/cache:       986M        10G
Swap:         8.0G         0B       8.0G

             total       used       free     shared    buffers     cached
Mem:           11G       1.3G        10G       1.8M        38M       290M
-/+ buffers/cache:       1.0G        10G
Swap:         8.0G         0B       8.0G

             total       used       free     shared    buffers     cached
Mem:           11G       1.3G        10G       1.8M        38M       290M
-/+ buffers/cache:       1.0G        10G
Swap:         8.0G         0B       8.0G

             total       used       free     shared    buffers     cached
Mem:           11G       1.3G        10G       1.8M        38M       290M
-/+ buffers/cache:       1.0G        10G
Swap:         8.0G         0B       8.0G

             total       used       free     shared    buffers     cached
Mem:           11G       1.4G        10G       1.8M        38M       290M
-/+ buffers/cache:       1.0G        10G
Swap:         8.0G         0B       8.0G

             total       used       free     shared    buffers     cached
Mem:           11G       1.4G        10G       1.8M        38M       290M
-/+ buffers/cache:       1.0G        10G
Swap:         8.0G         0B       8.0G

             total       used       free     shared    buffers     cached
Mem:           11G       1.4G        10G       1.8M        38M       290M
-/+ buffers/cache:       1.1G        10G
Swap:         8.0G         0B       8.0G

             total       used       free     shared    buffers     cached
Mem:           11G       1.4G        10G       1.8M        38M       290M
-/+ buffers/cache:       1.1G        10G
Swap:         8.0G         0B       8.0G

             total       used       free     shared    buffers     cached
Mem:           11G       1.4G        10G       1.8M        38M       290M
-/+ buffers/cache:       1.1G        10G
Swap:         8.0G         0B       8.0G

             total       used       free     shared    buffers     cached
Mem:           11G       1.4G        10G       1.8M        38M       290M
-/+ buffers/cache:       1.1G        10G
Swap:         8.0G         0B       8.0G

             total       used       free     shared    buffers     cached
Mem:           11G       1.4G        10G       1.8M        38M       290M
-/+ buffers/cache:       1.1G        10G
Swap:         8.0G         0B       8.0G

             total       used       free     shared    buffers     cached
Mem:           11G       1.5G        10G       1.8M        38M       290M
-/+ buffers/cache:       1.1G        10G
Swap:         8.0G         0B       8.0G

             total       used       free     shared    buffers     cached
Mem:           11G       1.5G        10G       1.8M        38M       290M
-/+ buffers/cache:       1.2G        10G
Swap:         8.0G         0B       8.0G

             total       used       free     shared    buffers     cached
Mem:           11G       1.5G        10G       1.8M        38M       290M
-/+ buffers/cache:       1.2G        10G
Swap:         8.0G         0B       8.0G

             total       used       free     shared    buffers     cached
Mem:           11G       1.5G        10G       1.8M        38M       290M
-/+ buffers/cache:       1.2G        10G
Swap:         8.0G         0B       8.0G

             total       used       free     shared    buffers     cached
Mem:           11G       1.5G        10G       1.8M        38M       290M
-/+ buffers/cache:       1.2G        10G
Swap:         8.0G         0B       8.0G

             total       used       free     shared    buffers     cached
Mem:           11G       1.5G        10G       1.8M        38M       290M
-/+ buffers/cache:       1.2G        10G
Swap:         8.0G         0B       8.0G

             total       used       free     shared    buffers     cached
Mem:           11G       1.6G        10G       1.8M        38M       290M
-/+ buffers/cache:       1.2G        10G
Swap:         8.0G         0B       8.0G

             total       used       free     shared    buffers     cached
Mem:           11G       1.6G        10G       1.8M        38M       290M
-/+ buffers/cache:       1.2G        10G
Swap:         8.0G         0B       8.0G

             total       used       free     shared    buffers     cached
Mem:           11G       1.6G        10G       1.8M        38M       290M
-/+ buffers/cache:       1.2G        10G
Swap:         8.0G         0B       8.0G

             total       used       free     shared    buffers     cached
Mem:           11G       1.6G        10G       1.8M        38M       290M
-/+ buffers/cache:       1.3G        10G
Swap:         8.0G         0B       8.0G

             total       used       free     shared    buffers     cached
Mem:           11G       1.6G        10G       1.8M        38M       290M
-/+ buffers/cache:       1.3G        10G
Swap:         8.0G         0B       8.0G

             total       used       free     shared    buffers     cached
Mem:           11G       1.6G        10G       1.8M        38M       290M
-/+ buffers/cache:       1.3G        10G
Swap:         8.0G         0B       8.0G

             total       used       free     shared    buffers     cached
Mem:           11G       1.6G        10G       1.8M        38M       290M
-/+ buffers/cache:       1.3G        10G
Swap:         8.0G         0B       8.0G

             total       used       free     shared    buffers     cached
Mem:           11G       1.6G        10G       1.8M        38M       290M
-/+ buffers/cache:       1.3G        10G
Swap:         8.0G         0B       8.0G

             total       used       free     shared    buffers     cached
Mem:           11G       1.7G        10G       1.8M        38M       290M
-/+ buffers/cache:       1.3G        10G
Swap:         8.0G         0B       8.0G

             total       used       free     shared    buffers     cached
Mem:           11G       1.7G        10G       1.8M        38M       290M
-/+ buffers/cache:       1.4G        10G
Swap:         8.0G         0B       8.0G

             total       used       free     shared    buffers     cached
Mem:           11G       1.7G        10G       1.8M        38M       290M
-/+ buffers/cache:       1.4G        10G
Swap:         8.0G         0B       8.0G

             total       used       free     shared    buffers     cached
Mem:           11G       1.7G        10G       1.8M        38M       290M
-/+ buffers/cache:       1.4G        10G
Swap:         8.0G         0B       8.0G

             total       used       free     shared    buffers     cached
Mem:           11G       1.7G        10G       1.8M        38M       290M
-/+ buffers/cache:       1.4G        10G
Swap:         8.0G         0B       8.0G

             total       used       free     shared    buffers     cached
Mem:           11G       1.7G         9G       1.8M        38M       290M
-/+ buffers/cache:       1.4G        10G
Swap:         8.0G         0B       8.0G

             total       used       free     shared    buffers     cached
Mem:           11G       1.8G         9G       1.8M        38M       290M
-/+ buffers/cache:       1.4G        10G
Swap:         8.0G         0B       8.0G

             total       used       free     shared    buffers     cached
Mem:           11G       1.8G         9G       1.8M        38M       290M
-/+ buffers/cache:       1.5G        10G
Swap:         8.0G         0B       8.0G

             total       used       free     shared    buffers     cached
Mem:           11G       1.8G       9.9G       1.8M        38M       290M
-/+ buffers/cache:       1.5G        10G
Swap:         8.0G         0B       8.0G

             total       used       free     shared    buffers     cached
Mem:           11G       1.8G       9.9G       1.8M        38M       290M
-/+ buffers/cache:       1.5G        10G
Swap:         8.0G         0B       8.0G

             total       used       free     shared    buffers     cached
Mem:           11G       1.8G       9.9G       1.8M        38M       290M
-/+ buffers/cache:       1.5G        10G
Swap:         8.0G         0B       8.0G

             total       used       free     shared    buffers     cached
Mem:           11G       1.8G       9.9G       1.8M        38M       290M
-/+ buffers/cache:       1.5G        10G
Swap:         8.0G         0B       8.0G

             total       used       free     shared    buffers     cached
Mem:           11G       1.9G       9.9G       1.8M        38M       290M
-/+ buffers/cache:       1.5G        10G
Swap:         8.0G         0B       8.0G

             total       used       free     shared    buffers     cached
Mem:           11G       1.9G       9.9G       1.8M        38M       290M
-/+ buffers/cache:       1.5G        10G
Swap:         8.0G         0B       8.0G

             total       used       free     shared    buffers     cached
Mem:           11G       1.9G       9.8G       1.8M        38M       290M
-/+ buffers/cache:       1.6G        10G
Swap:         8.0G         0B       8.0G

             total       used       free     shared    buffers     cached
Mem:           11G       1.9G       9.8G       1.8M        38M       290M
-/+ buffers/cache:       1.6G        10G
Swap:         8.0G         0B       8.0G

             total       used       free     shared    buffers     cached
Mem:           11G       1.9G       9.8G       1.8M        38M       290M
-/+ buffers/cache:       1.6G        10G
Swap:         8.0G         0B       8.0G

             total       used       free     shared    buffers     cached
Mem:           11G       1.9G       9.8G       1.8M        38M       290M
-/+ buffers/cache:       1.6G        10G
Swap:         8.0G         0B       8.0G

             total       used       free     shared    buffers     cached
Mem:           11G       1.9G       9.8G       1.8M        38M       290M
-/+ buffers/cache:       1.6G        10G
Swap:         8.0G         0B       8.0G

             total       used       free     shared    buffers     cached
Mem:           11G       2.0G       9.8G       1.8M        38M       290M
-/+ buffers/cache:       1.6G        10G
Swap:         8.0G         0B       8.0G

             total       used       free     shared    buffers     cached
Mem:           11G       2.0G       9.7G       1.8M        38M       290M
-/+ buffers/cache:       1.7G        10G
Swap:         8.0G         0B       8.0G

             total       used       free     shared    buffers     cached
Mem:           11G       2.0G       9.7G       1.8M        38M       290M
-/+ buffers/cache:       1.7G        10G
Swap:         8.0G         0B       8.0G

             total       used       free     shared    buffers     cached
Mem:           11G       2.0G       9.7G       1.8M        38M       290M
-/+ buffers/cache:       1.7G        10G
Swap:         8.0G         0B       8.0G

             total       used       free     shared    buffers     cached
Mem:           11G       2.0G       9.7G       1.8M        38M       290M
-/+ buffers/cache:       1.7G        10G
Swap:         8.0G         0B       8.0G

             total       used       free     shared    buffers     cached
Mem:           11G       2.1G       9.7G       1.8M        38M       290M
-/+ buffers/cache:       1.7G         9G
Swap:         8.0G         0B       8.0G

             total       used       free     shared    buffers     cached
Mem:           11G       2.1G       9.7G       1.8M        38M       290M
-/+ buffers/cache:       1.8G         9G
Swap:         8.0G         0B       8.0G

             total       used       free     shared    buffers     cached
Mem:           11G       2.1G       9.6G       1.8M        38M       290M
-/+ buffers/cache:       1.8G         9G
Swap:         8.0G         0B       8.0G

             total       used       free     shared    buffers     cached
Mem:           11G       2.1G       9.6G       1.8M        38M       290M
-/+ buffers/cache:       1.8G       9.9G
Swap:         8.0G         0B       8.0G

             total       used       free     shared    buffers     cached
Mem:           11G       2.1G       9.6G       1.8M        38M       290M
-/+ buffers/cache:       1.8G       9.9G
Swap:         8.0G         0B       8.0G

             total       used       free     shared    buffers     cached
Mem:           11G       2.1G       9.6G       1.8M        38M       290M
-/+ buffers/cache:       1.8G       9.9G
Swap:         8.0G         0B       8.0G

             total       used       free     shared    buffers     cached
Mem:           11G       2.2G       9.6G       1.8M        38M       290M
-/+ buffers/cache:       1.8G       9.9G
Swap:         8.0G         0B       8.0G

             total       used       free     shared    buffers     cached
Mem:           11G       2.2G       9.6G       1.8M        38M       290M
-/+ buffers/cache:       1.9G       9.9G
Swap:         8.0G         0B       8.0G

             total       used       free     shared    buffers     cached
Mem:           11G       2.2G       9.5G       1.8M        38M       290M
-/+ buffers/cache:       1.9G       9.9G
Swap:         8.0G         0B       8.0G

             total       used       free     shared    buffers     cached
Mem:           11G       2.2G       9.5G       1.8M        38M       290M
-/+ buffers/cache:       1.9G       9.8G
Swap:         8.0G         0B       8.0G

             total       used       free     shared    buffers     cached
Mem:           11G       2.2G       9.5G       1.8M        38M       290M
-/+ buffers/cache:       1.9G       9.8G
Swap:         8.0G         0B       8.0G

             total       used       free     shared    buffers     cached
Mem:           11G       2.2G       9.5G       1.8M        38M       290M
-/+ buffers/cache:       1.9G       9.8G
Swap:         8.0G         0B       8.0G

             total       used       free     shared    buffers     cached
Mem:           11G       2.3G       9.5G       1.8M        38M       290M
-/+ buffers/cache:       1.9G       9.8G
Swap:         8.0G         0B       8.0G

             total       used       free     shared    buffers     cached
Mem:           11G       2.3G       9.5G       1.8M        38M       290M
-/+ buffers/cache:       1.9G       9.8G
Swap:         8.0G         0B       8.0G

             total       used       free     shared    buffers     cached
Mem:           11G       2.3G       9.4G       1.8M        38M       290M
-/+ buffers/cache:       2.0G       9.8G
Swap:         8.0G         0B       8.0G

             total       used       free     shared    buffers     cached
Mem:           11G       2.3G       9.4G       1.8M        38M       290M
-/+ buffers/cache:       2.0G       9.8G
Swap:         8.0G         0B       8.0G

             total       used       free     shared    buffers     cached
Mem:           11G       2.3G       9.4G       1.8M        38M       290M
-/+ buffers/cache:       2.0G       9.7G
Swap:         8.0G         0B       8.0G

             total       used       free     shared    buffers     cached
Mem:           11G       2.3G       9.4G       1.8M        38M       290M
-/+ buffers/cache:       2.0G       9.7G
Swap:         8.0G         0B       8.0G

             total       used       free     shared    buffers     cached
Mem:           11G       2.3G       9.4G       1.8M        38M       290M
-/+ buffers/cache:       2.0G       9.7G
Swap:         8.0G         0B       8.0G

             total       used       free     shared    buffers     cached
Mem:           11G       2.4G       9.4G       1.8M        38M       290M
-/+ buffers/cache:       2.0G       9.7G
Swap:         8.0G         0B       8.0G

             total       used       free     shared    buffers     cached
Mem:           11G       2.4G       9.4G       1.8M        38M       290M
-/+ buffers/cache:       2.1G       9.7G
Swap:         8.0G         0B       8.0G

             total       used       free     shared    buffers     cached
Mem:           11G       2.4G       9.3G       1.8M        38M       290M
-/+ buffers/cache:       2.1G       9.7G
Swap:         8.0G         0B       8.0G

             total       used       free     shared    buffers     cached
Mem:           11G       2.4G       9.3G       1.8M        38M       290M
-/+ buffers/cache:       2.1G       9.6G
Swap:         8.0G         0B       8.0G

             total       used       free     shared    buffers     cached
Mem:           11G       2.4G       9.3G       1.8M        38M       290M
-/+ buffers/cache:       2.1G       9.6G
Swap:         8.0G         0B       8.0G

             total       used       free     shared    buffers     cached
Mem:           11G       2.4G       9.3G       1.8M        38M       290M
-/+ buffers/cache:       2.1G       9.6G
Swap:         8.0G         0B       8.0G

             total       used       free     shared    buffers     cached
Mem:           11G       2.4G       9.3G       1.8M        38M       290M
-/+ buffers/cache:       2.1G       9.6G
Swap:         8.0G         0B       8.0G

             total       used       free     shared    buffers     cached
Mem:           11G       2.4G       9.3G       1.8M        38M       290M
-/+ buffers/cache:       2.1G       9.6G
Swap:         8.0G         0B       8.0G

             total       used       free     shared    buffers     cached
Mem:           11G       2.5G       9.3G       1.8M        38M       290M
-/+ buffers/cache:       2.1G       9.6G
Swap:         8.0G         0B       8.0G

             total       used       free     shared    buffers     cached
Mem:           11G       2.5G       9.3G       1.8M        38M       290M
-/+ buffers/cache:       2.2G       9.6G
Swap:         8.0G         0B       8.0G

             total       used       free     shared    buffers     cached
Mem:           11G       2.5G       9.2G       1.8M        39M       290M
-/+ buffers/cache:       2.2G       9.6G
Swap:         8.0G         0B       8.0G

             total       used       free     shared    buffers     cached
Mem:           11G       2.5G       9.2G       1.8M        39M       290M
-/+ buffers/cache:       2.2G       9.5G
Swap:         8.0G         0B       8.0G

             total       used       free     shared    buffers     cached
Mem:           11G       2.5G       9.2G       1.8M        39M       290M
-/+ buffers/cache:       2.2G       9.5G
Swap:         8.0G         0B       8.0G

             total       used       free     shared    buffers     cached
Mem:           11G       2.5G       9.2G       1.8M        39M       290M
-/+ buffers/cache:       2.2G       9.5G
Swap:         8.0G         0B       8.0G

             total       used       free     shared    buffers     cached
Mem:           11G       2.6G       9.2G       1.8M        39M       290M
-/+ buffers/cache:       2.2G       9.5G
Swap:         8.0G         0B       8.0G

             total       used       free     shared    buffers     cached
Mem:           11G       2.6G       9.2G       1.8M        39M       290M
-/+ buffers/cache:       2.2G       9.5G
Swap:         8.0G         0B       8.0G

             total       used       free     shared    buffers     cached
Mem:           11G       2.6G       9.1G       1.8M        39M       290M
-/+ buffers/cache:       2.3G       9.5G
Swap:         8.0G         0B       8.0G

             total       used       free     shared    buffers     cached
Mem:           11G       2.6G       9.1G       1.8M        39M       290M
-/+ buffers/cache:       2.3G       9.5G
Swap:         8.0G         0B       8.0G

             total       used       free     shared    buffers     cached
Mem:           11G       2.6G       9.1G       1.8M        39M       290M
-/+ buffers/cache:       2.3G       9.4G
Swap:         8.0G         0B       8.0G

             total       used       free     shared    buffers     cached
Mem:           11G       2.6G       9.1G       1.8M        39M       290M
-/+ buffers/cache:       2.3G       9.4G
Swap:         8.0G         0B       8.0G

             total       used       free     shared    buffers     cached
Mem:           11G       2.7G       9.1G       1.8M        39M       290M
-/+ buffers/cache:       2.3G       9.4G
Swap:         8.0G         0B       8.0G

             total       used       free     shared    buffers     cached
Mem:           11G       2.7G       9.1G       1.8M        39M       290M
-/+ buffers/cache:       2.3G       9.4G
Swap:         8.0G         0B       8.0G

             total       used       free     shared    buffers     cached
Mem:           11G       2.7G       9.1G       1.8M        39M       290M
-/+ buffers/cache:       2.4G       9.4G
Swap:         8.0G         0B       8.0G

             total       used       free     shared    buffers     cached
Mem:           11G       2.7G       9.0G       1.8M        39M       290M
-/+ buffers/cache:       2.4G       9.4G
Swap:         8.0G         0B       8.0G

             total       used       free     shared    buffers     cached
Mem:           11G       2.7G       9.0G       1.8M        39M       290M
-/+ buffers/cache:       2.4G       9.3G
Swap:         8.0G         0B       8.0G

             total       used       free     shared    buffers     cached
Mem:           11G       2.7G       9.0G       1.8M        39M       290M
-/+ buffers/cache:       2.4G       9.3G
Swap:         8.0G         0B       8.0G

             total       used       free     shared    buffers     cached
Mem:           11G       2.7G       9.0G       1.8M        39M       290M
-/+ buffers/cache:       2.4G       9.3G
Swap:         8.0G         0B       8.0G

             total       used       free     shared    buffers     cached
Mem:           11G       2.8G       9.0G       1.8M        39M       290M
-/+ buffers/cache:       2.4G       9.3G
Swap:         8.0G         0B       8.0G

             total       used       free     shared    buffers     cached
Mem:           11G       2.8G       9.0G       1.8M        39M       290M
-/+ buffers/cache:       2.4G       9.3G
Swap:         8.0G         0B       8.0G

             total       used       free     shared    buffers     cached
Mem:           11G       2.8G       8.9G       1.8M        39M       290M
-/+ buffers/cache:       2.5G       9.3G
Swap:         8.0G         0B       8.0G

             total       used       free     shared    buffers     cached
Mem:           11G       2.8G       8.9G       1.8M        39M       290M
-/+ buffers/cache:       2.5G       9.3G
Swap:         8.0G         0B       8.0G

             total       used       free     shared    buffers     cached
Mem:           11G       2.8G       8.9G       1.8M        39M       290M
-/+ buffers/cache:       2.5G       9.2G
Swap:         8.0G         0B       8.0G

             total       used       free     shared    buffers     cached
Mem:           11G       2.8G       8.9G       1.8M        39M       290M
-/+ buffers/cache:       2.5G       9.2G
Swap:         8.0G         0B       8.0G

             total       used       free     shared    buffers     cached
Mem:           11G       2.8G       8.9G       1.8M        39M       290M
-/+ buffers/cache:       2.5G       9.2G
Swap:         8.0G         0B       8.0G

             total       used       free     shared    buffers     cached
Mem:           11G       2.9G       8.9G       1.8M        39M       290M
-/+ buffers/cache:       2.5G       9.2G
Swap:         8.0G         0B       8.0G

             total       used       free     shared    buffers     cached
Mem:           11G       2.9G       8.9G       1.8M        39M       290M
-/+ buffers/cache:       2.6G       9.2G
Swap:         8.0G         0B       8.0G

             total       used       free     shared    buffers     cached
Mem:           11G       2.9G       8.8G       1.8M        39M       290M
-/+ buffers/cache:       2.6G       9.2G
Swap:         8.0G         0B       8.0G

             total       used       free     shared    buffers     cached
Mem:           11G       2.9G       8.8G       1.8M        39M       290M
-/+ buffers/cache:       2.6G       9.1G
Swap:         8.0G         0B       8.0G

             total       used       free     shared    buffers     cached
Mem:           11G       2.9G       8.8G       1.8M        39M       290M
-/+ buffers/cache:       2.6G       9.1G
Swap:         8.0G         0B       8.0G

             total       used       free     shared    buffers     cached
Mem:           11G       3.0G       8.8G       1.8M        39M       290M
-/+ buffers/cache:       2.6G       9.1G
Swap:         8.0G         0B       8.0G

             total       used       free     shared    buffers     cached
Mem:           11G       3.0G       8.8G       1.8M        39M       290M
-/+ buffers/cache:       2.6G       9.1G
Swap:         8.0G         0B       8.0G

             total       used       free     shared    buffers     cached
Mem:           11G       3.0G       8.8G       1.8M        39M       290M
-/+ buffers/cache:       2.7G       9.1G
Swap:         8.0G         0B       8.0G

             total       used       free     shared    buffers     cached
Mem:           11G       3.0G       8.7G       1.8M        39M       290M
-/+ buffers/cache:       2.7G       9.1G
Swap:         8.0G         0B       8.0G

             total       used       free     shared    buffers     cached
Mem:           11G       3.0G       8.7G       1.8M        39M       290M
-/+ buffers/cache:       2.7G       9.0G
Swap:         8.0G         0B       8.0G

             total       used       free     shared    buffers     cached
Mem:           11G       3.0G       8.7G       1.8M        39M       290M
-/+ buffers/cache:       2.7G       9.0G
Swap:         8.0G         0B       8.0G

             total       used       free     shared    buffers     cached
Mem:           11G       3.0G       8.7G       1.8M        39M       290M
-/+ buffers/cache:       2.7G       9.0G
Swap:         8.0G         0B       8.0G

             total       used       free     shared    buffers     cached
Mem:           11G       3.1G       8.7G       1.8M        39M       290M
-/+ buffers/cache:       2.7G       9.0G
Swap:         8.0G         0B       8.0G

             total       used       free     shared    buffers     cached
Mem:           11G       3.1G       8.7G       1.8M        39M       290M
-/+ buffers/cache:       2.7G       9.0G
Swap:         8.0G         0B       8.0G

             total       used       free     shared    buffers     cached
Mem:           11G       3.1G       8.7G       1.8M        39M       290M
-/+ buffers/cache:       2.8G       9.0G
Swap:         8.0G         0B       8.0G

             total       used       free     shared    buffers     cached
Mem:           11G       3.1G       8.6G       1.8M        39M       290M
-/+ buffers/cache:       2.8G       9.0G
Swap:         8.0G         0B       8.0G

             total       used       free     shared    buffers     cached
Mem:           11G       3.1G       8.6G       1.8M        39M       290M
-/+ buffers/cache:       2.8G       8.9G
Swap:         8.0G         0B       8.0G

             total       used       free     shared    buffers     cached
Mem:           11G       3.1G       8.6G       1.8M        39M       290M
-/+ buffers/cache:       2.8G       8.9G
Swap:         8.0G         0B       8.0G

             total       used       free     shared    buffers     cached
Mem:           11G       3.1G       8.6G       1.8M        39M       290M
-/+ buffers/cache:       2.8G       8.9G
Swap:         8.0G         0B       8.0G

             total       used       free     shared    buffers     cached
Mem:           11G       3.2G       8.6G       1.8M        39M       290M
-/+ buffers/cache:       2.8G       8.9G
Swap:         8.0G         0B       8.0G

             total       used       free     shared    buffers     cached
Mem:           11G       3.2G       8.6G       1.8M        39M       290M
-/+ buffers/cache:       2.8G       8.9G
Swap:         8.0G         0B       8.0G

             total       used       free     shared    buffers     cached
Mem:           11G       3.2G       8.6G       1.8M        39M       290M
-/+ buffers/cache:       2.9G       8.9G
Swap:         8.0G         0B       8.0G

             total       used       free     shared    buffers     cached
Mem:           11G       3.2G       8.5G       1.8M        39M       290M
-/+ buffers/cache:       2.9G       8.9G
Swap:         8.0G         0B       8.0G

             total       used       free     shared    buffers     cached
Mem:           11G       3.2G       8.5G       1.8M        39M       290M
-/+ buffers/cache:       2.9G       8.8G
Swap:         8.0G         0B       8.0G

             total       used       free     shared    buffers     cached
Mem:           11G       3.2G       8.5G       1.8M        39M       290M
-/+ buffers/cache:       2.9G       8.8G
Swap:         8.0G         0B       8.0G

             total       used       free     shared    buffers     cached
Mem:           11G       3.2G       8.5G       1.8M        39M       290M
-/+ buffers/cache:       2.9G       8.8G
Swap:         8.0G         0B       8.0G

             total       used       free     shared    buffers     cached
Mem:           11G       3.3G       8.5G       1.8M        39M       290M
-/+ buffers/cache:       2.9G       8.8G
Swap:         8.0G         0B       8.0G

             total       used       free     shared    buffers     cached
Mem:           11G       3.3G       8.5G       1.8M        39M       290M
-/+ buffers/cache:       3.0G       8.8G
Swap:         8.0G         0B       8.0G

             total       used       free     shared    buffers     cached
Mem:           11G       3.3G       8.4G       1.8M        39M       290M
-/+ buffers/cache:       3.0G       8.8G
Swap:         8.0G         0B       8.0G

             total       used       free     shared    buffers     cached
Mem:           11G       3.3G       8.4G       1.8M        39M       290M
-/+ buffers/cache:       3.0G       8.8G
Swap:         8.0G         0B       8.0G

             total       used       free     shared    buffers     cached
Mem:           11G       3.3G       8.4G       1.8M        39M       290M
-/+ buffers/cache:       3.0G       8.7G
Swap:         8.0G         0B       8.0G

             total       used       free     shared    buffers     cached
Mem:           11G       3.3G       8.4G       1.8M        39M       290M
-/+ buffers/cache:       3.0G       8.7G
Swap:         8.0G         0B       8.0G

             total       used       free     shared    buffers     cached
Mem:           11G       3.3G       8.4G       1.8M        39M       290M
-/+ buffers/cache:       3.0G       8.7G
Swap:         8.0G         0B       8.0G

             total       used       free     shared    buffers     cached
Mem:           11G       3.4G       8.4G       1.8M        39M       290M
-/+ buffers/cache:       3.0G       8.7G
Swap:         8.0G         0B       8.0G

             total       used       free     shared    buffers     cached
Mem:           11G       3.4G       8.4G       1.8M        39M       290M
-/+ buffers/cache:       3.0G       8.7G
Swap:         8.0G         0B       8.0G

             total       used       free     shared    buffers     cached
Mem:           11G       3.4G       8.4G       1.8M        39M       290M
-/+ buffers/cache:       3.1G       8.7G
Swap:         8.0G         0B       8.0G

             total       used       free     shared    buffers     cached
Mem:           11G       3.4G       8.3G       1.8M        39M       290M
-/+ buffers/cache:       3.1G       8.7G
Swap:         8.0G         0B       8.0G

             total       used       free     shared    buffers     cached
Mem:           11G       3.4G       8.3G       1.8M        39M       290M
-/+ buffers/cache:       3.1G       8.7G
Swap:         8.0G         0B       8.0G

             total       used       free     shared    buffers     cached
Mem:           11G       3.4G       8.3G       1.8M        39M       290M
-/+ buffers/cache:       3.1G       8.6G
Swap:         8.0G         0B       8.0G

             total       used       free     shared    buffers     cached
Mem:           11G       3.4G       8.3G       1.8M        39M       290M
-/+ buffers/cache:       3.1G       8.6G
Swap:         8.0G         0B       8.0G

             total       used       free     shared    buffers     cached
Mem:           11G       3.4G       8.3G       1.8M        39M       290M
-/+ buffers/cache:       3.1G       8.6G
Swap:         8.0G         0B       8.0G

             total       used       free     shared    buffers     cached
Mem:           11G       3.4G       8.3G       1.8M        39M       290M
-/+ buffers/cache:       3.1G       8.6G
Swap:         8.0G         0B       8.0G

             total       used       free     shared    buffers     cached
Mem:           11G       3.5G       8.3G       1.8M        39M       290M
-/+ buffers/cache:       3.1G       8.6G
Swap:         8.0G         0B       8.0G

             total       used       free     shared    buffers     cached
Mem:           11G       3.5G       8.3G       1.8M        39M       290M
-/+ buffers/cache:       3.1G       8.6G
Swap:         8.0G         0B       8.0G

             total       used       free     shared    buffers     cached
Mem:           11G       3.5G       8.3G       1.8M        39M       290M
-/+ buffers/cache:       3.2G       8.6G
Swap:         8.0G         0B       8.0G

             total       used       free     shared    buffers     cached
Mem:           11G       3.5G       8.2G       1.8M        39M       290M
-/+ buffers/cache:       3.2G       8.6G
Swap:         8.0G         0B       8.0G

             total       used       free     shared    buffers     cached
Mem:           11G       3.5G       8.2G       1.8M        39M       290M
-/+ buffers/cache:       3.2G       8.6G
Swap:         8.0G         0B       8.0G

             total       used       free     shared    buffers     cached
Mem:           11G       3.5G       8.2G       1.8M        39M       290M
-/+ buffers/cache:       3.2G       8.5G
Swap:         8.0G         0B       8.0G

             total       used       free     shared    buffers     cached
Mem:           11G       3.5G       8.2G       1.8M        39M       290M
-/+ buffers/cache:       3.2G       8.5G
Swap:         8.0G         0B       8.0G

             total       used       free     shared    buffers     cached
Mem:           11G       3.5G       8.2G       1.8M        39M       290M
-/+ buffers/cache:       3.2G       8.5G
Swap:         8.0G         0B       8.0G

             total       used       free     shared    buffers     cached
Mem:           11G       3.5G       8.2G       1.8M        39M       290M
-/+ buffers/cache:       3.2G       8.5G
Swap:         8.0G         0B       8.0G

             total       used       free     shared    buffers     cached
Mem:           11G       3.5G       8.2G       1.8M        39M       290M
-/+ buffers/cache:       3.2G       8.5G
Swap:         8.0G         0B       8.0G

             total       used       free     shared    buffers     cached
Mem:           11G       3.6G       8.2G       1.8M        39M       290M
-/+ buffers/cache:       3.2G       8.5G
Swap:         8.0G         0B       8.0G

             total       used       free     shared    buffers     cached
Mem:           11G       3.6G       8.2G       1.8M        39M       290M
-/+ buffers/cache:       3.2G       8.5G
Swap:         8.0G         0B       8.0G

             total       used       free     shared    buffers     cached
Mem:           11G       3.6G       8.2G       1.8M        39M       290M
-/+ buffers/cache:       3.3G       8.5G
Swap:         8.0G         0B       8.0G

             total       used       free     shared    buffers     cached
Mem:           11G       3.6G       8.1G       1.8M        39M       290M
-/+ buffers/cache:       3.3G       8.5G
Swap:         8.0G         0B       8.0G

             total       used       free     shared    buffers     cached
Mem:           11G       3.6G       8.1G       1.8M        39M       290M
-/+ buffers/cache:       3.3G       8.5G
Swap:         8.0G         0B       8.0G

             total       used       free     shared    buffers     cached
Mem:           11G       3.6G       8.1G       1.8M        39M       290M
-/+ buffers/cache:       3.3G       8.4G
Swap:         8.0G         0B       8.0G

             total       used       free     shared    buffers     cached
Mem:           11G       3.6G       8.1G       1.8M        39M       290M
-/+ buffers/cache:       3.3G       8.4G
Swap:         8.0G         0B       8.0G

             total       used       free     shared    buffers     cached
Mem:           11G       3.6G       8.1G       1.8M        39M       290M
-/+ buffers/cache:       3.3G       8.4G
Swap:         8.0G         0B       8.0G

             total       used       free     shared    buffers     cached
Mem:           11G       3.6G       8.1G       1.8M        39M       290M
-/+ buffers/cache:       3.3G       8.4G
Swap:         8.0G         0B       8.0G

             total       used       free     shared    buffers     cached
Mem:           11G       3.7G       8.1G       1.8M        39M       290M
-/+ buffers/cache:       3.3G       8.4G
Swap:         8.0G         0B       8.0G

             total       used       free     shared    buffers     cached
Mem:           11G       3.7G       8.1G       1.8M        39M       290M
-/+ buffers/cache:       3.3G       8.4G
Swap:         8.0G         0B       8.0G

             total       used       free     shared    buffers     cached
Mem:           11G       3.7G       8.1G       1.8M        39M       290M
-/+ buffers/cache:       3.4G       8.4G
Swap:         8.0G         0B       8.0G

             total       used       free     shared    buffers     cached
Mem:           11G       3.7G       8.1G       1.8M        39M       290M
-/+ buffers/cache:       3.4G       8.4G
Swap:         8.0G         0B       8.0G

             total       used       free     shared    buffers     cached
Mem:           11G       3.7G       8.1G       1.8M        39M       290M
-/+ buffers/cache:       3.4G       8.4G
Swap:         8.0G         0B       8.0G

             total       used       free     shared    buffers     cached
Mem:           11G       3.7G       8.1G       1.8M        39M       290M
-/+ buffers/cache:       3.4G       8.4G
Swap:         8.0G         0B       8.0G

             total       used       free     shared    buffers     cached
Mem:           11G       3.7G       8.1G       1.8M        39M       290M
-/+ buffers/cache:       3.4G       8.4G
Swap:         8.0G         0B       8.0G

             total       used       free     shared    buffers     cached
Mem:           11G       3.7G       8.1G       1.8M        39M       290M
-/+ buffers/cache:       3.4G       8.4G
Swap:         8.0G         0B       8.0G

             total       used       free     shared    buffers     cached
Mem:           11G       3.7G       8.1G       1.8M        39M       290M
-/+ buffers/cache:       3.4G       8.4G
Swap:         8.0G         0B       8.0G

             total       used       free     shared    buffers     cached
Mem:           11G       3.7G       8.0G       1.8M        39M       290M
-/+ buffers/cache:       3.4G       8.4G
Swap:         8.0G         0B       8.0G

             total       used       free     shared    buffers     cached
Mem:           11G       3.7G       8.0G       1.8M        39M       290M
-/+ buffers/cache:       3.4G       8.4G
Swap:         8.0G         0B       8.0G

             total       used       free     shared    buffers     cached
Mem:           11G       3.7G       8.0G       1.8M        39M       290M
-/+ buffers/cache:       3.4G       8.3G
Swap:         8.0G         0B       8.0G

             total       used       free     shared    buffers     cached
Mem:           11G       3.7G       8.0G       1.8M        39M       290M
-/+ buffers/cache:       3.4G       8.3G
Swap:         8.0G         0B       8.0G

             total       used       free     shared    buffers     cached
Mem:           11G       3.7G       8.0G       1.8M        39M       290M
-/+ buffers/cache:       3.4G       8.3G
Swap:         8.0G         0B       8.0G

             total       used       free     shared    buffers     cached
Mem:           11G       3.7G       8.0G       1.8M        39M       290M
-/+ buffers/cache:       3.4G       8.3G
Swap:         8.0G         0B       8.0G

             total       used       free     shared    buffers     cached
Mem:           11G       3.8G       8.0G       1.8M        39M       290M
-/+ buffers/cache:       3.4G       8.3G
Swap:         8.0G         0B       8.0G

             total       used       free     shared    buffers     cached
Mem:           11G       3.8G       8.0G       1.8M        39M       290M
-/+ buffers/cache:       3.4G       8.3G
Swap:         8.0G         0B       8.0G

             total       used       free     shared    buffers     cached
Mem:           11G       3.8G       7.9G       1.8M        39M       290M
-/+ buffers/cache:       3.5G       8.3G
Swap:         8.0G         0B       8.0G

             total       used       free     shared    buffers     cached
Mem:           11G       3.8G       7.9G       1.8M        39M       290M
-/+ buffers/cache:       3.5G       8.3G
Swap:         8.0G         0B       8.0G

             total       used       free     shared    buffers     cached
Mem:           11G       3.8G       7.9G       1.8M        39M       290M
-/+ buffers/cache:       3.5G       8.2G
Swap:         8.0G         0B       8.0G

             total       used       free     shared    buffers     cached
Mem:           11G       3.8G       7.9G       1.8M        39M       290M
-/+ buffers/cache:       3.5G       8.2G
Swap:         8.0G         0B       8.0G

             total       used       free     shared    buffers     cached
Mem:           11G       3.8G       7.9G       1.8M        39M       290M
-/+ buffers/cache:       3.5G       8.2G
Swap:         8.0G         0B       8.0G

             total       used       free     shared    buffers     cached
Mem:           11G       3.8G       7.9G       1.8M        39M       290M
-/+ buffers/cache:       3.5G       8.2G
Swap:         8.0G         0B       8.0G

             total       used       free     shared    buffers     cached
Mem:           11G       3.8G       7.9G       1.8M        39M       290M
-/+ buffers/cache:       3.5G       8.2G
Swap:         8.0G         0B       8.0G

             total       used       free     shared    buffers     cached
Mem:           11G       3.9G       7.9G       1.8M        39M       290M
-/+ buffers/cache:       3.5G       8.2G
Swap:         8.0G         0B       8.0G

             total       used       free     shared    buffers     cached
Mem:           11G       3.9G       7.9G       1.8M        39M       290M
-/+ buffers/cache:       3.5G       8.2G
Swap:         8.0G         0B       8.0G

             total       used       free     shared    buffers     cached
Mem:           11G       3.9G       7.9G       1.8M        39M       290M
-/+ buffers/cache:       3.6G       8.2G
Swap:         8.0G         0B       8.0G

             total       used       free     shared    buffers     cached
Mem:           11G       3.9G       7.9G       1.8M        39M       290M
-/+ buffers/cache:       3.6G       8.2G
Swap:         8.0G         0B       8.0G

             total       used       free     shared    buffers     cached
Mem:           11G       3.9G       7.8G       1.8M        39M       290M
-/+ buffers/cache:       3.6G       8.2G
Swap:         8.0G         0B       8.0G

             total       used       free     shared    buffers     cached
Mem:           11G       3.9G       7.8G       1.8M        39M       290M
-/+ buffers/cache:       3.6G       8.2G
Swap:         8.0G         0B       8.0G

             total       used       free     shared    buffers     cached
Mem:           11G       3.9G       7.8G       1.8M        39M       290M
-/+ buffers/cache:       3.6G       8.1G
Swap:         8.0G         0B       8.0G

             total       used       free     shared    buffers     cached
Mem:           11G       3.9G       7.8G       5.5M        39M       294M
-/+ buffers/cache:       3.6G       8.1G
Swap:         8.0G         0B       8.0G

             total       used       free     shared    buffers     cached
Mem:           11G       3.9G       7.8G       1.8M        39M       290M
-/+ buffers/cache:       3.6G       8.1G
Swap:         8.0G         0B       8.0G

             total       used       free     shared    buffers     cached
Mem:           11G       4.0G       7.8G       1.8M        39M       290M
-/+ buffers/cache:       3.6G       8.1G
Swap:         8.0G         0B       8.0G

             total       used       free     shared    buffers     cached
Mem:           11G       4.0G       7.8G       1.8M        39M       290M
-/+ buffers/cache:       3.6G       8.1G
Swap:         8.0G         0B       8.0G

             total       used       free     shared    buffers     cached
Mem:           11G       4.0G       7.8G       1.8M        39M       290M
-/+ buffers/cache:       3.7G       8.1G
Swap:         8.0G         0B       8.0G

             total       used       free     shared    buffers     cached
Mem:           11G       4.0G       7.7G       1.8M        39M       290M
-/+ buffers/cache:       3.7G       8.1G
Swap:         8.0G         0B       8.0G

             total       used       free     shared    buffers     cached
Mem:           11G       4.0G       7.7G       1.8M        39M       290M
-/+ buffers/cache:       3.7G       8.1G
Swap:         8.0G         0B       8.0G

             total       used       free     shared    buffers     cached
Mem:           11G       4.0G       7.7G       1.8M        39M       290M
-/+ buffers/cache:       3.7G       8.0G
Swap:         8.0G         0B       8.0G

             total       used       free     shared    buffers     cached
Mem:           11G       4.0G       7.7G       1.8M        39M       290M
-/+ buffers/cache:       3.7G       8.0G
Swap:         8.0G         0B       8.0G

             total       used       free     shared    buffers     cached
Mem:           11G       4.0G       7.7G       1.8M        39M       290M
-/+ buffers/cache:       3.7G       8.0G
Swap:         8.0G         0B       8.0G

             total       used       free     shared    buffers     cached
Mem:           11G       4.1G       7.7G       1.8M        39M       290M
-/+ buffers/cache:       3.7G       8.0G
Swap:         8.0G         0B       8.0G

             total       used       free     shared    buffers     cached
Mem:           11G       4.1G       7.7G       1.8M        39M       290M
-/+ buffers/cache:       3.7G       8.0G
Swap:         8.0G         0B       8.0G

             total       used       free     shared    buffers     cached
Mem:           11G       4.1G       7.7G       1.8M        39M       290M
-/+ buffers/cache:       3.8G       8.0G
Swap:         8.0G         0B       8.0G

             total       used       free     shared    buffers     cached
Mem:           11G       4.1G       7.6G       1.8M        39M       290M
-/+ buffers/cache:       3.8G       8.0G
Swap:         8.0G         0B       8.0G

             total       used       free     shared    buffers     cached
Mem:           11G       4.1G       7.6G       1.8M        39M       290M
-/+ buffers/cache:       3.8G       8.0G
Swap:         8.0G         0B       8.0G

             total       used       free     shared    buffers     cached
Mem:           11G       4.1G       7.6G       1.8M        39M       290M
-/+ buffers/cache:       3.8G       7.9G
Swap:         8.0G         0B       8.0G

             total       used       free     shared    buffers     cached
Mem:           11G       4.1G       7.6G       1.8M        39M       290M
-/+ buffers/cache:       3.8G       7.9G
Swap:         8.0G         0B       8.0G

             total       used       free     shared    buffers     cached
Mem:           11G       4.1G       7.6G       1.8M        39M       290M
-/+ buffers/cache:       3.8G       7.9G
Swap:         8.0G         0B       8.0G

             total       used       free     shared    buffers     cached
Mem:           11G       4.1G       7.6G       1.8M        39M       290M
-/+ buffers/cache:       3.8G       7.9G
Swap:         8.0G         0B       8.0G

             total       used       free     shared    buffers     cached
Mem:           11G       4.2G       7.6G       1.8M        39M       290M
-/+ buffers/cache:       3.8G       7.9G
Swap:         8.0G         0B       8.0G

             total       used       free     shared    buffers     cached
Mem:           11G       4.2G       7.6G       1.8M        39M       290M
-/+ buffers/cache:       3.9G       7.9G
Swap:         8.0G         0B       8.0G

             total       used       free     shared    buffers     cached
Mem:           11G       4.2G       7.5G       1.8M        39M       290M
-/+ buffers/cache:       3.9G       7.9G
Swap:         8.0G         0B       8.0G

             total       used       free     shared    buffers     cached
Mem:           11G       4.2G       7.5G       1.8M        39M       290M
-/+ buffers/cache:       3.9G       7.9G
Swap:         8.0G         0B       8.0G

             total       used       free     shared    buffers     cached
Mem:           11G       4.2G       7.5G       1.8M        39M       290M
-/+ buffers/cache:       3.9G       7.9G
Swap:         8.0G         0B       8.0G

             total       used       free     shared    buffers     cached
Mem:           11G       4.2G       7.5G       1.8M        39M       290M
-/+ buffers/cache:       3.9G       7.9G
Swap:         8.0G         0B       8.0G

             total       used       free     shared    buffers     cached
Mem:           11G       4.2G       7.5G       1.8M        39M       290M
-/+ buffers/cache:       3.9G       7.9G
Swap:         8.0G         0B       8.0G

             total       used       free     shared    buffers     cached
Mem:           11G       4.2G       7.5G       1.8M        39M       290M
-/+ buffers/cache:       3.9G       7.9G
Swap:         8.0G         0B       8.0G

             total       used       free     shared    buffers     cached
Mem:           11G       4.2G       7.5G       1.8M        39M       290M
-/+ buffers/cache:       3.9G       7.8G
Swap:         8.0G         0B       8.0G

             total       used       free     shared    buffers     cached
Mem:           11G       4.2G       7.5G       1.8M        39M       290M
-/+ buffers/cache:       3.9G       7.8G
Swap:         8.0G         0B       8.0G

             total       used       free     shared    buffers     cached
Mem:           11G       4.2G       7.5G       1.8M        39M       290M
-/+ buffers/cache:       3.9G       7.8G
Swap:         8.0G         0B       8.0G

             total       used       free     shared    buffers     cached
Mem:           11G       4.2G       7.5G       1.8M        39M       290M
-/+ buffers/cache:       3.9G       7.8G
Swap:         8.0G         0B       8.0G

             total       used       free     shared    buffers     cached
Mem:           11G       4.2G       7.5G       1.8M        39M       290M
-/+ buffers/cache:       3.9G       7.8G
Swap:         8.0G         0B       8.0G

             total       used       free     shared    buffers     cached
Mem:           11G       4.2G       7.5G       1.8M        39M       290M
-/+ buffers/cache:       3.9G       7.8G
Swap:         8.0G         0B       8.0G

             total       used       free     shared    buffers     cached
Mem:           11G       4.2G       7.5G       1.8M        39M       290M
-/+ buffers/cache:       3.9G       7.8G
Swap:         8.0G         0B       8.0G

             total       used       free     shared    buffers     cached
Mem:           11G       4.2G       7.5G       1.8M        39M       290M
-/+ buffers/cache:       3.9G       7.8G
Swap:         8.0G         0B       8.0G

             total       used       free     shared    buffers     cached
Mem:           11G       4.2G       7.5G       1.8M        39M       290M
-/+ buffers/cache:       3.9G       7.8G
Swap:         8.0G         0B       8.0G

             total       used       free     shared    buffers     cached
Mem:           11G       4.3G       7.5G       1.8M        39M       290M
-/+ buffers/cache:       3.9G       7.8G
Swap:         8.0G         0B       8.0G

             total       used       free     shared    buffers     cached
Mem:           11G       4.3G       7.5G       1.8M        39M       290M
-/+ buffers/cache:       4.0G       7.8G
Swap:         8.0G         0B       8.0G

             total       used       free     shared    buffers     cached
Mem:           11G       4.3G       7.4G       1.8M        39M       290M
-/+ buffers/cache:       4.0G       7.8G
Swap:         8.0G         0B       8.0G

             total       used       free     shared    buffers     cached
Mem:           11G       4.3G       7.4G       1.8M        39M       290M
-/+ buffers/cache:       4.0G       7.7G
Swap:         8.0G         0B       8.0G

             total       used       free     shared    buffers     cached
Mem:           11G       4.3G       7.4G       1.8M        39M       290M
-/+ buffers/cache:       4.0G       7.7G
Swap:         8.0G         0B       8.0G

             total       used       free     shared    buffers     cached
Mem:           11G       4.3G       7.4G       1.8M        39M       290M
-/+ buffers/cache:       4.0G       7.7G
Swap:         8.0G         0B       8.0G

             total       used       free     shared    buffers     cached
Mem:           11G       4.4G       7.4G       1.8M        39M       291M
-/+ buffers/cache:       4.0G       7.7G
Swap:         8.0G         0B       8.0G
