>>> Readying Destination to Recieve VM
>>> Tap Device tap0 Already in Use
>>> Successfull Started Destination
>>> Tap Device tap0 Already in Use
>>> Starting VM in Source
>>> VM Up & Running
>>> Starting Workingset in VM
>>> Started Workingset in VM, Process ID : 2093
{"QMP": {"version": {"qemu": {"micro": 2, "minor": 1, "major": 8}, "package": ""}, "capabilities": ["oob"]}}
{"return": {}}
Starting PreCopy Migartion
{"return": {}}
Starting Iterations ...
Iteration 1 
# Pages Selected to Transfer : 266450
Iteration 0 
# Pages Received in Current Iteration : 0
Iteration 1 
# Pages Transferred in Current Iteration : 260937
Fake Dirty Count : 0
Iteration 2 
# Pages Selected to Transfer : 1585
Function : migration_completion 
# Pages Received in Current Iteration : 260937
Iteration 2 
# Pages Transferred in Current Iteration : 5775
Fake Dirty Count : 273
# Pages Received in Current Iteration : 5775
>>> Checking for Migration Status
>>> Migration Completed
root@10.22.196.195:/home/vmuser/Desktop/cpu_usage.log
/mnt/nfs/samindu/mrmpplm/Data-and-Logs/Experiment-Data/dtrack-bmap_2025-02-11_1/Vanilla_PreCopy_2025-02-11_2/Workingset_2025-02-11_1/RAM1024/Experiment2/
receiving incremental file list
cpu_usage.log
              0   0%    0.00kB/s    0:00:00               32 100%   31.25kB/s    0:00:00 (xfr#1, to-chk=0/1)

sent 43 bytes  received 128 bytes  20.12 bytes/sec
total size is 32  speedup is 0.19
root@10.22.196.195:/home/vmuser/Desktop/mem_usage.log
/mnt/nfs/samindu/mrmpplm/Data-and-Logs/Experiment-Data/dtrack-bmap_2025-02-11_1/Vanilla_PreCopy_2025-02-11_2/Workingset_2025-02-11_1/RAM1024/Experiment2/
receiving incremental file list
mem_usage.log
              0   0%    0.00kB/s    0:00:00           50,126 100%   47.80MB/s    0:00:00 (xfr#1, to-chk=0/1)

sent 43 bytes  received 50,227 bytes  5,291.58 bytes/sec
total size is 50,126  speedup is 1.00
root@10.22.196.195:/home/vmuser/Desktop/net_usage.log
/mnt/nfs/samindu/mrmpplm/Data-and-Logs/Experiment-Data/dtrack-bmap_2025-02-11_1/Vanilla_PreCopy_2025-02-11_2/Workingset_2025-02-11_1/RAM1024/Experiment2/
>>> rsync command failed with error code 255.
