  Time           eth0       
HH:MM:SS   KB/s in  KB/s out
08:30:34      0.00      0.00
08:30:35      0.00      0.00
08:30:36      0.33      0.00
08:30:37      0.12      0.06
08:30:38      0.00      0.00
08:30:39      0.00      0.00
08:30:40      0.00      0.04
08:30:41      0.33      0.00
08:30:42      0.00      0.08
08:30:43      1.93      0.35
08:30:44      1.33      3.09
08:30:45      0.00      0.00
08:30:46      0.00      0.00
08:30:47      0.12      0.00
08:30:48      0.00      0.00
08:30:49      0.00      0.00
08:30:50      0.00      0.00
08:30:51      0.33      0.00
08:30:52      0.06      0.00
08:30:53      2.11      0.47
08:30:54      1.38      3.50
08:30:55      0.33      0.00
  Time           eth0       
HH:MM:SS   KB/s in  KB/s out
08:30:56      0.00      0.00
08:30:57      0.06      0.00
08:30:58      0.00      0.00
08:30:59      0.33      0.00
08:31:00      0.00      0.00
08:31:01      0.00      0.00
08:31:02      0.00      0.00
08:31:03      0.00      0.00
08:31:04      0.00      0.00
08:31:05      0.00      0.00
08:31:06  11333.23    716.60
08:31:07  16414.96   1037.61
08:31:08  17004.05   1074.12
08:31:09  16104.26   1018.17
08:31:10  15368.12    971.17
08:31:11  16646.01   1051.56
08:31:12  16096.78   1017.00
08:31:13  13627.05    861.73
08:31:14  15128.33    955.80
08:31:15  15766.77    996.58
08:31:16  15870.77   1002.94
08:31:17  14089.22    890.62
  Time           eth0       
HH:MM:SS   KB/s in  KB/s out
08:31:18  14190.43    896.60
08:31:19  16092.56   1016.95
08:31:20  11193.14    707.89
08:31:21  15406.83    973.98
08:31:22  15236.34    962.91
08:31:23  15042.99    950.62
08:31:24  15340.41    969.42
08:31:25  15363.03    970.70
08:31:26  15746.42    994.86
08:31:27  15881.84   1003.54
08:31:28  16113.76   1018.65
08:31:29  14267.82    901.49
08:31:30  14378.86    908.51
08:31:31  15031.76    949.75
08:31:32  15849.29   1001.94
08:31:33  15362.77    970.62
08:31:34  16472.54   1041.18
08:31:35   8729.53    551.74
08:31:36  15376.57    972.01
08:31:37  16807.77   1062.07
08:31:38  16364.74   1034.51
08:31:39  15932.97   1006.72
  Time           eth0       
HH:MM:SS   KB/s in  KB/s out
08:31:40  15541.56    982.06
08:31:41  15987.73   1010.25
08:31:42  15465.22    977.45
08:31:43  15671.11    990.17
08:31:44  15658.37    990.03
08:31:45  15786.04    997.23
08:31:46  16244.27   1026.90
08:31:47  15957.42   1008.12
08:31:48  14270.57    902.02
08:31:49  14189.08    896.50
08:31:50  13861.02    875.79
08:31:51  14213.03    898.25
08:31:52  14038.58    887.51
08:31:53  14607.10    922.77
08:31:54  14501.53    916.19
08:31:55  14370.82    908.22
08:31:56  14609.37    923.22
08:31:57  15343.31    969.89
08:31:58  14672.66    927.37
08:31:59  15281.04    965.67
08:32:00  15604.83    985.77
08:32:01  16241.95   1026.54
  Time           eth0       
HH:MM:SS   KB/s in  KB/s out
08:32:02  15989.42   1010.65
08:32:03  14754.06    932.34
08:32:04  13571.54    857.28
08:32:05   8204.55    518.87
08:32:06   4357.28    276.01
08:32:07  13822.53    873.33
08:32:08  14222.53    898.70
08:32:09  13626.30    861.53
08:32:10  13635.61    861.47
08:32:11  14211.56    898.28
08:32:12  13513.83    853.56
08:32:13  14101.41    891.56
08:32:14  14500.21    916.04
08:32:15  14967.49    945.85
08:32:16  15781.83    997.46
08:32:17  16472.42   1040.81
08:32:18  16051.47   1014.71
08:32:19  15576.27    983.82
08:32:20  14425.99    911.76
08:32:21  15237.68    962.98
08:32:22  14970.43    946.33
08:32:23  15030.07    949.80
  Time           eth0       
HH:MM:SS   KB/s in  KB/s out
08:32:24  15501.51    979.24
08:32:25  15254.14    963.80
08:32:26  15312.15    967.63
08:32:27  15159.86    958.01
08:32:28  15129.53    956.59
08:32:29  15490.55    978.38
08:32:30  15078.07    952.90
08:32:31  15684.63    991.10
08:32:32  15044.50    951.15
08:32:33  13618.71    860.33
08:32:34  13473.91    851.40
08:32:35  13727.07    867.32
08:32:36  14216.78    898.56
08:32:37  13827.20    873.87
08:32:38  14579.78    921.64
08:32:39  14628.20    924.46
08:32:40  14514.38    916.79
08:32:41  14123.87    892.47
08:32:42  14274.97    902.36
08:32:43  15183.17    959.61
08:32:44  14101.57    890.84
08:32:45  14896.11    941.49
  Time           eth0       
HH:MM:SS   KB/s in  KB/s out
08:32:46  13872.32    876.79
08:32:47  15057.75    951.54
08:32:48  14920.76    942.90
08:32:49  15569.29    983.52
08:32:50  14598.92    922.92
08:32:51  14638.52    924.99
08:32:52  14655.48    925.85
08:32:53  15162.67    958.18
08:32:54  16207.07   1024.26
08:32:55  16192.71   1023.21
08:32:56  15288.74    966.37
08:32:57  14877.09    940.05
08:32:58  14730.29    930.64
08:32:59  14473.63    914.64
08:33:00  13375.84    845.27
08:33:01  14165.26    895.57
08:33:02  14621.29    923.69
08:33:03  14763.52    932.89
08:33:04  14511.98    917.14
08:33:05  16119.44   1018.63
08:33:06  15792.33    997.91
08:33:07   7319.33    462.61
  Time           eth0       
HH:MM:SS   KB/s in  KB/s out
08:33:08      6.91      1.14
08:33:09   4519.83    287.00
08:33:10  16703.87   1055.22
08:33:11  15225.99    962.48
08:33:12  14843.70    937.81
08:33:13  13853.16    875.72
08:33:14  14476.08    914.44
08:33:15  14829.16    937.24
08:33:16  13511.34    853.62
08:33:17  14756.38    932.80
08:33:18  14945.38    944.60
08:33:19  14370.06    908.22
08:33:20  14360.75    907.15
08:33:21  15152.98    957.50
08:33:22  15541.69    982.50
08:33:23  17088.43   1079.57
08:33:24  15216.59    961.45
08:33:25  15429.20    975.25
08:33:26  14325.50    905.21
08:33:27  14534.65    918.43
08:33:28  15242.64    963.24
08:33:29  13360.20    844.35
  Time           eth0       
HH:MM:SS   KB/s in  KB/s out
08:33:30  14131.13    893.29
08:33:31  15502.68    979.75
08:33:32  14541.25    918.34
08:33:33  14384.81    909.01
08:33:34  12006.21    759.22
08:33:35  12244.36    773.48
08:33:36  11830.60    747.98
08:33:37  11223.14    709.14
08:33:38  14239.11    899.61
08:33:39  14236.32    899.50
08:33:40  12943.49    817.80
08:33:41  14492.51    916.03
08:33:42  16083.51   1016.60
08:33:43  14057.72    888.43
08:33:44  12460.38    786.99
08:33:45  14479.96    915.04
08:33:46  13347.40    843.55
08:33:47  15609.28    986.48
08:33:48  14753.90    932.57
08:33:49  14972.75    946.18
08:33:50  14892.69    940.98
08:33:51  15368.97    971.49
  Time           eth0       
HH:MM:SS   KB/s in  KB/s out
08:33:52  15382.66    972.10
08:33:53  15088.08    953.15
08:33:54  15232.70    962.46
08:33:55  15005.85    948.76
08:33:56  15390.50    972.51
08:33:57  14953.22    944.59
08:33:58  13789.71    871.57
08:33:59  14503.79    916.81
08:34:00  13293.95    839.73
08:34:01  13672.62    864.10
08:34:02  13876.35    876.97
08:34:03  14562.00    920.23
08:34:04  13821.42    873.50
08:34:05  14231.92    899.37
08:34:06  11213.06    708.45
08:34:07  10477.44    662.33
08:34:08  10196.33    644.49
08:34:09   9934.57    627.42
08:34:10  10227.96    646.49
08:34:11  10123.62    639.53
08:34:12   9764.64    617.21
08:34:13  10127.37    639.89
  Time           eth0       
HH:MM:SS   KB/s in  KB/s out
08:34:14  10227.32    646.23
08:34:15  10640.45    672.77
08:34:16  10396.30    656.69
08:34:17   9918.76    626.78
08:34:18  10765.23    680.30
08:34:19  10703.09    676.44
08:34:20  11474.03    725.08
08:34:21  10343.25    653.99
08:34:22  10994.30    694.27
08:34:23  11061.85    699.04
08:34:24  10575.16    668.79
08:34:25  11355.97    717.12
08:34:26  11422.07    721.88
08:34:27  11322.07    715.46
08:34:28  11227.51    709.44
08:34:29  10839.28    685.26
08:34:30  11902.33    752.01
08:34:31  10887.64    688.37
08:34:32  11244.80    710.17
08:34:33  12423.36    785.01
08:34:34  12830.37    810.87
08:34:35  12034.90    760.87
  Time           eth0       
HH:MM:SS   KB/s in  KB/s out
08:34:36  12803.36    809.09
08:34:37  12032.03    759.99
08:34:38   8940.49    565.51
08:34:39  12677.83    801.62
08:34:40  12865.87    812.90
08:34:41  13512.17    854.17
08:34:42  13553.26    856.05
08:34:43  13594.55    859.38
08:34:44  11409.58    721.02
08:34:45  11348.07    716.89
08:34:46  11101.27    701.53
08:34:47   9368.21    591.94
08:34:48  12003.28    758.61
08:34:49  12452.71    787.06
08:34:50  12430.98    785.70
08:34:51  10345.94    653.73
08:34:52  11688.30    738.27
08:34:53  11025.42    697.15
08:34:54  13247.84    837.11
08:34:55  12432.97    785.83
08:34:56  12057.11    761.86
08:34:57  12324.50    778.47
  Time           eth0       
HH:MM:SS   KB/s in  KB/s out
08:34:58  12170.36    769.09
08:34:59  12834.65    811.43
08:35:00  13279.13    839.16
08:35:01  14021.82    886.16
08:35:02  12438.44    785.60
08:35:03  13910.63    879.33
08:35:04  13079.99    826.65
08:35:05  13376.75    844.97
08:35:06  13302.51    841.14
08:35:07  12782.04    807.22
08:35:08  13131.46    829.90
08:35:09  14256.16    901.12
08:35:10  13037.62    823.97
08:35:11  13100.20    827.90
08:35:12  14568.95    920.31
08:35:13  12025.61    759.94
08:35:14  13361.66    844.52
08:35:15  12655.53    799.90
08:35:16  12687.66    801.78
08:35:17  12454.29    786.89
08:35:18  12121.92    765.89
08:35:19  12061.68    762.37
  Time           eth0       
HH:MM:SS   KB/s in  KB/s out
08:35:20  12644.71    799.27
08:35:21  12868.48    812.75
08:35:22  11642.12    736.07
08:35:23  13394.34    846.51
08:35:24  13664.03    863.48
08:35:25  12749.31    805.36
08:35:26  12457.40    787.25
08:35:27  12445.21    786.48
08:35:28   5240.50    331.40
08:35:29      2.72      0.63
08:35:30     13.86      1.48
08:35:31      7.07      1.32
08:35:32      6.95      0.59
08:35:33      6.95      1.21
08:35:34     13.80      1.77
08:35:35    110.06     32.81
08:35:36  15616.73   1065.64
