>>> Readying Destination to Recieve VM
>>> Tap Device tap0 Already in Use
>>> Successfull Started Destination
>>> Tap Device tap0 Already in Use
>>> Starting VM in Source
>>> VM Up & Running
>>> Starting Memcached in VM
>>> Started Memcached in VM, Process ID : 2207
>>> Starting Memaslap in Client
>>> Started Memaslap in Client, Process ID : 75182
>>> Enabling XBZRLE
{"QMP": {"version": {"qemu": {"micro": 2, "minor": 1, "major": 8}, "package": ""}, "capabilities": ["oob"]}}
{"return": {}}
{"return": {}}
{"QMP": {"version": {"qemu": {"micro": 2, "minor": 1, "major": 8}, "package": ""}, "capabilities": ["oob"]}}
{"return": {}}
{"return": {}}
>>> Enabling HBFDP
{"QMP": {"version": {"qemu": {"micro": 2, "minor": 1, "major": 8}, "package": ""}, "capabilities": ["oob"]}}
{"return": {}}
{"return": {}}
{"QMP": {"version": {"qemu": {"micro": 2, "minor": 1, "major": 8}, "package": ""}, "capabilities": ["oob"]}}
{"return": {}}
{"return": {}}
{"QMP": {"version": {"qemu": {"micro": 2, "minor": 1, "major": 8}, "package": ""}, "capabilities": ["oob"]}}
{"return": {}}
Starting PreCopy Migartion
{"return": {}}
Starting Iterations ...
Iteration 1 
Iteration 0 
# Pages Received in Current Iteration : 0
Iteration 1 
# Pages Transferred in Current Iteration : 3150034
Fake Dirty Count : 0
Iteration 2 
# Pages Received in Current Iteration : 3150034
Iteration 2 
# Pages Transferred in Current Iteration : 44852
Fake Dirty Count : 85810
Iteration 3 
# Pages Received in Current Iteration : 44852
Iteration 3 
# Pages Transferred in Current Iteration : 7851
Fake Dirty Count : 15077
Iteration 4 
# Pages Received in Current Iteration : 7851
Iteration 4 
# Pages Transferred in Current Iteration : 2475
Fake Dirty Count : 2546
Iteration 5 
# Pages Received in Current Iteration : 2475
Function : migration_completion 
Iteration 5 
# Pages Transferred in Current Iteration : 1116
Fake Dirty Count : 731
# Pages Received in Current Iteration : 1116
>>> Checking for Migration Status
>>> Migration Completed
>>> Ping Failed : VM is Not Responding after Migration
