             total       used       free     shared    buffers     cached
Mem:          3.9G       660M       3.2G       3.2M        41M       287M
-/+ buffers/cache:       331M       3.5G
Swap:         8.0G         0B       8.0G

             total       used       free     shared    buffers     cached
Mem:          3.9G       660M       3.2G       3.3M        41M       287M
-/+ buffers/cache:       331M       3.5G
Swap:         8.0G         0B       8.0G

             total       used       free     shared    buffers     cached
Mem:          3.9G       660M       3.2G       3.3M        41M       287M
-/+ buffers/cache:       331M       3.5G
Swap:         8.0G         0B       8.0G

             total       used       free     shared    buffers     cached
Mem:          3.9G       660M       3.2G       3.3M        41M       287M
-/+ buffers/cache:       331M       3.5G
Swap:         8.0G         0B       8.0G

             total       used       free     shared    buffers     cached
Mem:          3.9G       660M       3.2G       3.3M        41M       287M
-/+ buffers/cache:       331M       3.5G
Swap:         8.0G         0B       8.0G

             total       used       free     shared    buffers     cached
Mem:          3.9G       660M       3.2G       3.3M        41M       287M
-/+ buffers/cache:       331M       3.5G
Swap:         8.0G         0B       8.0G

             total       used       free     shared    buffers     cached
Mem:          3.9G       660M       3.2G       3.3M        41M       287M
-/+ buffers/cache:       331M       3.5G
Swap:         8.0G         0B       8.0G

             total       used       free     shared    buffers     cached
Mem:          3.9G       660M       3.2G       3.3M        41M       287M
-/+ buffers/cache:       331M       3.5G
Swap:         8.0G         0B       8.0G

             total       used       free     shared    buffers     cached
Mem:          3.9G       660M       3.2G       3.3M        41M       287M
-/+ buffers/cache:       331M       3.5G
Swap:         8.0G         0B       8.0G

             total       used       free     shared    buffers     cached
Mem:          3.9G       659M       3.2G       3.3M        41M       287M
-/+ buffers/cache:       330M       3.5G
Swap:         8.0G         0B       8.0G

             total       used       free     shared    buffers     cached
Mem:          3.9G       659M       3.2G       3.3M        41M       287M
-/+ buffers/cache:       330M       3.5G
Swap:         8.0G         0B       8.0G

             total       used       free     shared    buffers     cached
Mem:          3.9G       661M       3.2G       3.3M        41M       287M
-/+ buffers/cache:       331M       3.5G
Swap:         8.0G         0B       8.0G

             total       used       free     shared    buffers     cached
Mem:          3.9G       661M       3.2G       3.3M        41M       287M
-/+ buffers/cache:       331M       3.5G
Swap:         8.0G         0B       8.0G

             total       used       free     shared    buffers     cached
Mem:          3.9G       665M       3.2G       3.3M        41M       287M
-/+ buffers/cache:       335M       3.5G
Swap:         8.0G         0B       8.0G

             total       used       free     shared    buffers     cached
Mem:          3.9G       684M       3.2G       3.3M        41M       288M
-/+ buffers/cache:       354M       3.5G
Swap:         8.0G         0B       8.0G

             total       used       free     shared    buffers     cached
Mem:          3.9G       673M       3.2G       3.3M        41M       290M
-/+ buffers/cache:       341M       3.5G
Swap:         8.0G         0B       8.0G

             total       used       free     shared    buffers     cached
Mem:          3.9G       722M       3.2G       3.3M        42M       291M
-/+ buffers/cache:       388M       3.5G
Swap:         8.0G         0B       8.0G

             total       used       free     shared    buffers     cached
Mem:          3.9G       740M       3.1G       3.3M        42M       292M
-/+ buffers/cache:       405M       3.5G
Swap:         8.0G         0B       8.0G

             total       used       free     shared    buffers     cached
Mem:          3.9G       741M       3.1G       3.3M        42M       292M
-/+ buffers/cache:       407M       3.5G
Swap:         8.0G         0B       8.0G

             total       used       free     shared    buffers     cached
Mem:          3.9G       724M       3.2G       3.3M        42M       293M
-/+ buffers/cache:       389M       3.5G
Swap:         8.0G         0B       8.0G

             total       used       free     shared    buffers     cached
Mem:          3.9G       727M       3.1G       3.3M        42M       296M
-/+ buffers/cache:       388M       3.5G
Swap:         8.0G         0B       8.0G

             total       used       free     shared    buffers     cached
Mem:          3.9G       727M       3.1G       3.3M        42M       296M
-/+ buffers/cache:       388M       3.5G
Swap:         8.0G         0B       8.0G

             total       used       free     shared    buffers     cached
Mem:          3.9G       727M       3.1G       3.3M        42M       296M
-/+ buffers/cache:       388M       3.5G
Swap:         8.0G         0B       8.0G

             total       used       free     shared    buffers     cached
Mem:          3.9G       727M       3.1G       3.3M        42M       296M
-/+ buffers/cache:       388M       3.5G
Swap:         8.0G         0B       8.0G

             total       used       free     shared    buffers     cached
Mem:          3.9G       727M       3.1G       3.3M        42M       296M
-/+ buffers/cache:       388M       3.5G
Swap:         8.0G         0B       8.0G

             total       used       free     shared    buffers     cached
Mem:          3.9G       727M       3.1G       3.3M        42M       296M
-/+ buffers/cache:       388M       3.5G
Swap:         8.0G         0B       8.0G

             total       used       free     shared    buffers     cached
Mem:          3.9G       727M       3.1G       3.3M        42M       296M
-/+ buffers/cache:       388M       3.5G
Swap:         8.0G         0B       8.0G

             total       used       free     shared    buffers     cached
Mem:          3.9G       727M       3.1G       3.3M        42M       296M
-/+ buffers/cache:       388M       3.5G
Swap:         8.0G         0B       8.0G

             total       used       free     shared    buffers     cached
Mem:          3.9G       727M       3.1G       3.3M        42M       296M
-/+ buffers/cache:       388M       3.5G
Swap:         8.0G         0B       8.0G

             total       used       free     shared    buffers     cached
Mem:          3.9G       727M       3.1G       3.3M        42M       296M
-/+ buffers/cache:       388M       3.5G
Swap:         8.0G         0B       8.0G

             total       used       free     shared    buffers     cached
Mem:          3.9G       727M       3.1G       3.3M        42M       296M
-/+ buffers/cache:       388M       3.5G
Swap:         8.0G         0B       8.0G

             total       used       free     shared    buffers     cached
Mem:          3.9G       727M       3.1G       3.3M        42M       296M
-/+ buffers/cache:       388M       3.5G
Swap:         8.0G         0B       8.0G

             total       used       free     shared    buffers     cached
Mem:          3.9G       727M       3.1G       3.3M        42M       296M
-/+ buffers/cache:       388M       3.5G
Swap:         8.0G         0B       8.0G

             total       used       free     shared    buffers     cached
Mem:          3.9G       732M       3.1G       3.3M        42M       296M
-/+ buffers/cache:       393M       3.5G
Swap:         8.0G         0B       8.0G

             total       used       free     shared    buffers     cached
Mem:          3.9G       750M       3.1G       3.3M        42M       296M
-/+ buffers/cache:       411M       3.5G
Swap:         8.0G         0B       8.0G

             total       used       free     shared    buffers     cached
Mem:          3.9G       768M       3.1G       3.3M        42M       296M
-/+ buffers/cache:       429M       3.4G
Swap:         8.0G         0B       8.0G

             total       used       free     shared    buffers     cached
Mem:          3.9G       784M       3.1G       3.3M        42M       296M
-/+ buffers/cache:       445M       3.4G
Swap:         8.0G         0B       8.0G

             total       used       free     shared    buffers     cached
Mem:          3.9G       801M       3.1G       3.3M        42M       296M
-/+ buffers/cache:       462M       3.4G
Swap:         8.0G         0B       8.0G

             total       used       free     shared    buffers     cached
Mem:          3.9G       818M       3.1G       3.3M        42M       296M
-/+ buffers/cache:       479M       3.4G
Swap:         8.0G         0B       8.0G

             total       used       free     shared    buffers     cached
Mem:          3.9G       835M       3.0G       3.3M        42M       296M
-/+ buffers/cache:       496M       3.4G
Swap:         8.0G         0B       8.0G

             total       used       free     shared    buffers     cached
Mem:          3.9G       851M       3.0G       3.3M        42M       296M
-/+ buffers/cache:       511M       3.4G
Swap:         8.0G         0B       8.0G

             total       used       free     shared    buffers     cached
Mem:          3.9G       868M       3.0G       3.3M        42M       296M
-/+ buffers/cache:       529M       3.3G
Swap:         8.0G         0B       8.0G

             total       used       free     shared    buffers     cached
Mem:          3.9G       885M       3.0G       3.3M        42M       296M
-/+ buffers/cache:       546M       3.3G
Swap:         8.0G         0B       8.0G

             total       used       free     shared    buffers     cached
Mem:          3.9G       903M       3.0G       3.3M        42M       296M
-/+ buffers/cache:       563M       3.3G
Swap:         8.0G         0B       8.0G

             total       used       free     shared    buffers     cached
Mem:          3.9G       919M       3.0G       3.3M        42M       296M
-/+ buffers/cache:       580M       3.3G
Swap:         8.0G         0B       8.0G

             total       used       free     shared    buffers     cached
Mem:          3.9G       936M       2.9G       3.3M        42M       296M
-/+ buffers/cache:       596M       3.3G
Swap:         8.0G         0B       8.0G

             total       used       free     shared    buffers     cached
Mem:          3.9G       952M       2.9G       3.3M        42M       296M
-/+ buffers/cache:       612M       3.3G
Swap:         8.0G         0B       8.0G

             total       used       free     shared    buffers     cached
Mem:          3.9G       966M       2.9G       3.3M        42M       296M
-/+ buffers/cache:       626M       3.2G
Swap:         8.0G         0B       8.0G

             total       used       free     shared    buffers     cached
Mem:          3.9G       981M       2.9G       3.3M        42M       296M
-/+ buffers/cache:       642M       3.2G
Swap:         8.0G         0B       8.0G

             total       used       free     shared    buffers     cached
Mem:          3.9G       997M       2.9G       3.3M        42M       296M
-/+ buffers/cache:       658M       3.2G
Swap:         8.0G         0B       8.0G

             total       used       free     shared    buffers     cached
Mem:          3.9G       1.0G       2.9G       3.3M        42M       296M
-/+ buffers/cache:       674M       3.2G
Swap:         8.0G         0B       8.0G

             total       used       free     shared    buffers     cached
Mem:          3.9G       1.0G       2.9G       3.3M        42M       296M
-/+ buffers/cache:       689M       3.2G
Swap:         8.0G         0B       8.0G

             total       used       free     shared    buffers     cached
Mem:          3.9G       1.0G       2.8G       3.3M        42M       296M
-/+ buffers/cache:       704M       3.2G
Swap:         8.0G         0B       8.0G

             total       used       free     shared    buffers     cached
Mem:          3.9G       1.0G       2.8G       3.3M        42M       296M
-/+ buffers/cache:       720M       3.2G
Swap:         8.0G         0B       8.0G

             total       used       free     shared    buffers     cached
Mem:          3.9G       1.1G       2.8G       3.3M        42M       296M
-/+ buffers/cache:       736M       3.1G
Swap:         8.0G         0B       8.0G

             total       used       free     shared    buffers     cached
Mem:          3.9G       1.1G       2.8G       3.3M        42M       296M
-/+ buffers/cache:       751M       3.1G
Swap:         8.0G         0B       8.0G

             total       used       free     shared    buffers     cached
Mem:          3.9G       1.1G       2.8G       3.3M        42M       296M
-/+ buffers/cache:       766M       3.1G
Swap:         8.0G         0B       8.0G

             total       used       free     shared    buffers     cached
Mem:          3.9G       1.1G       2.8G       3.3M        42M       296M
-/+ buffers/cache:       782M       3.1G
Swap:         8.0G         0B       8.0G

             total       used       free     shared    buffers     cached
Mem:          3.9G       1.1G       2.7G       3.3M        42M       296M
-/+ buffers/cache:       798M       3.1G
Swap:         8.0G         0B       8.0G

             total       used       free     shared    buffers     cached
Mem:          3.9G       1.1G       2.7G       3.3M        42M       296M
-/+ buffers/cache:       813M       3.1G
Swap:         8.0G         0B       8.0G

             total       used       free     shared    buffers     cached
Mem:          3.9G       1.1G       2.7G       3.3M        42M       296M
-/+ buffers/cache:       829M       3.0G
Swap:         8.0G         0B       8.0G

             total       used       free     shared    buffers     cached
Mem:          3.9G       1.2G       2.7G       3.3M        42M       296M
-/+ buffers/cache:       839M       3.0G
Swap:         8.0G         0B       8.0G

             total       used       free     shared    buffers     cached
Mem:          3.9G       1.2G       2.7G       3.3M        42M       296M
-/+ buffers/cache:       856M       3.0G
Swap:         8.0G         0B       8.0G

             total       used       free     shared    buffers     cached
Mem:          3.9G       1.2G       2.7G       3.3M        42M       296M
-/+ buffers/cache:       872M       3.0G
Swap:         8.0G         0B       8.0G

             total       used       free     shared    buffers     cached
Mem:          3.9G       1.2G       2.7G       3.3M        42M       296M
-/+ buffers/cache:       888M       3.0G
Swap:         8.0G         0B       8.0G

             total       used       free     shared    buffers     cached
Mem:          3.9G       1.2G       2.6G       3.3M        42M       296M
-/+ buffers/cache:       905M       3.0G
Swap:         8.0G         0B       8.0G

             total       used       free     shared    buffers     cached
Mem:          3.9G       1.2G       2.6G       3.3M        42M       296M
-/+ buffers/cache:       921M       3.0G
Swap:         8.0G         0B       8.0G

             total       used       free     shared    buffers     cached
Mem:          3.9G       1.2G       2.6G       3.3M        42M       296M
-/+ buffers/cache:       937M       2.9G
Swap:         8.0G         0B       8.0G

             total       used       free     shared    buffers     cached
Mem:          3.9G       1.3G       2.6G       3.3M        42M       296M
-/+ buffers/cache:       952M       2.9G
Swap:         8.0G         0B       8.0G

             total       used       free     shared    buffers     cached
Mem:          3.9G       1.3G       2.6G       3.3M        42M       296M
-/+ buffers/cache:       968M       2.9G
Swap:         8.0G         0B       8.0G

             total       used       free     shared    buffers     cached
Mem:          3.9G       1.3G       2.6G       3.3M        42M       296M
-/+ buffers/cache:       985M       2.9G
Swap:         8.0G         0B       8.0G

             total       used       free     shared    buffers     cached
Mem:          3.9G       1.3G       2.5G       3.3M        42M       296M
-/+ buffers/cache:       1.0G       2.9G
Swap:         8.0G         0B       8.0G

             total       used       free     shared    buffers     cached
Mem:          3.9G       1.3G       2.5G       3.3M        42M       296M
-/+ buffers/cache:       1.0G       2.9G
Swap:         8.0G         0B       8.0G

             total       used       free     shared    buffers     cached
Mem:          3.9G       1.3G       2.5G       3.3M        42M       297M
-/+ buffers/cache:       1.0G       2.8G
Swap:         8.0G         0B       8.0G

             total       used       free     shared    buffers     cached
Mem:          3.9G       1.4G       2.5G       3.3M        42M       297M
-/+ buffers/cache:       1.0G       2.8G
Swap:         8.0G         0B       8.0G

             total       used       free     shared    buffers     cached
Mem:          3.9G       1.4G       2.5G       3.3M        42M       297M
-/+ buffers/cache:       1.0G       2.8G
Swap:         8.0G         0B       8.0G

             total       used       free     shared    buffers     cached
Mem:          3.9G       1.4G       2.5G       3.3M        42M       297M
-/+ buffers/cache:       1.1G       2.8G
Swap:         8.0G         0B       8.0G

             total       used       free     shared    buffers     cached
Mem:          3.9G       1.4G       2.5G       3.3M        42M       297M
-/+ buffers/cache:       1.1G       2.8G
Swap:         8.0G         0B       8.0G

             total       used       free     shared    buffers     cached
Mem:          3.9G       1.4G       2.4G       3.3M        42M       297M
-/+ buffers/cache:       1.1G       2.8G
Swap:         8.0G         0B       8.0G

             total       used       free     shared    buffers     cached
Mem:          3.9G       1.4G       2.4G       3.3M        42M       297M
-/+ buffers/cache:       1.1G       2.7G
Swap:         8.0G         0B       8.0G

             total       used       free     shared    buffers     cached
Mem:          3.9G       1.5G       2.4G       3.3M        42M       297M
-/+ buffers/cache:       1.1G       2.7G
Swap:         8.0G         0B       8.0G

             total       used       free     shared    buffers     cached
Mem:          3.9G       1.5G       2.4G       3.3M        42M       297M
-/+ buffers/cache:       1.1G       2.7G
Swap:         8.0G         0B       8.0G

             total       used       free     shared    buffers     cached
Mem:          3.9G       1.5G       2.4G       3.3M        42M       297M
-/+ buffers/cache:       1.2G       2.7G
Swap:         8.0G         0B       8.0G

             total       used       free     shared    buffers     cached
Mem:          3.9G       1.5G       2.4G       3.3M        42M       297M
-/+ buffers/cache:       1.2G       2.7G
Swap:         8.0G         0B       8.0G

             total       used       free     shared    buffers     cached
Mem:          3.9G       1.5G       2.3G       3.3M        42M       297M
-/+ buffers/cache:       1.2G       2.7G
Swap:         8.0G         0B       8.0G

             total       used       free     shared    buffers     cached
Mem:          3.9G       1.5G       2.3G       3.3M        42M       297M
-/+ buffers/cache:       1.2G       2.7G
Swap:         8.0G         0B       8.0G

             total       used       free     shared    buffers     cached
Mem:          3.9G       1.6G       2.3G       3.3M        42M       297M
-/+ buffers/cache:       1.2G       2.6G
Swap:         8.0G         0B       8.0G

             total       used       free     shared    buffers     cached
Mem:          3.9G       1.6G       2.3G       3.3M        42M       297M
-/+ buffers/cache:       1.2G       2.6G
Swap:         8.0G         0B       8.0G

             total       used       free     shared    buffers     cached
Mem:          3.9G       1.6G       2.3G       3.3M        42M       297M
-/+ buffers/cache:       1.3G       2.6G
Swap:         8.0G         0B       8.0G

             total       used       free     shared    buffers     cached
Mem:          3.9G       1.6G       2.3G       3.3M        42M       297M
-/+ buffers/cache:       1.3G       2.6G
Swap:         8.0G         0B       8.0G

             total       used       free     shared    buffers     cached
Mem:          3.9G       1.6G       2.3G       3.3M        42M       297M
-/+ buffers/cache:       1.3G       2.6G
Swap:         8.0G         0B       8.0G

             total       used       free     shared    buffers     cached
Mem:          3.9G       1.6G       2.2G       3.3M        42M       297M
-/+ buffers/cache:       1.3G       2.6G
Swap:         8.0G         0B       8.0G

             total       used       free     shared    buffers     cached
Mem:          3.9G       1.6G       2.2G       3.3M        42M       297M
-/+ buffers/cache:       1.3G       2.6G
Swap:         8.0G         0B       8.0G

             total       used       free     shared    buffers     cached
Mem:          3.9G       1.6G       2.2G       3.3M        42M       297M
-/+ buffers/cache:       1.3G       2.5G
Swap:         8.0G         0B       8.0G

             total       used       free     shared    buffers     cached
Mem:          3.9G       1.7G       2.2G       3.3M        42M       297M
-/+ buffers/cache:       1.3G       2.5G
Swap:         8.0G         0B       8.0G

             total       used       free     shared    buffers     cached
Mem:          3.9G       1.7G       2.2G       3.3M        42M       297M
-/+ buffers/cache:       1.3G       2.5G
Swap:         8.0G         0B       8.0G

             total       used       free     shared    buffers     cached
Mem:          3.9G       1.7G       2.2G       3.3M        42M       297M
-/+ buffers/cache:       1.4G       2.5G
Swap:         8.0G         0B       8.0G

             total       used       free     shared    buffers     cached
Mem:          3.9G       1.7G       2.1G       3.3M        42M       297M
-/+ buffers/cache:       1.4G       2.5G
Swap:         8.0G         0B       8.0G

             total       used       free     shared    buffers     cached
Mem:          3.9G       1.7G       2.1G       3.3M        42M       297M
-/+ buffers/cache:       1.4G       2.5G
Swap:         8.0G         0B       8.0G

             total       used       free     shared    buffers     cached
Mem:          3.9G       1.7G       2.1G       3.3M        42M       297M
-/+ buffers/cache:       1.4G       2.4G
Swap:         8.0G         0B       8.0G

             total       used       free     shared    buffers     cached
Mem:          3.9G       1.8G       2.1G       3.3M        42M       297M
-/+ buffers/cache:       1.4G       2.4G
Swap:         8.0G         0B       8.0G

             total       used       free     shared    buffers     cached
Mem:          3.9G       1.8G       2.1G       3.3M        42M       297M
-/+ buffers/cache:       1.4G       2.4G
Swap:         8.0G         0B       8.0G

             total       used       free     shared    buffers     cached
Mem:          3.9G       1.8G       2.1G       3.3M        42M       297M
-/+ buffers/cache:       1.5G       2.4G
Swap:         8.0G         0B       8.0G

             total       used       free     shared    buffers     cached
Mem:          3.9G       1.8G       2.0G       3.3M        42M       297M
-/+ buffers/cache:       1.5G       2.4G
Swap:         8.0G         0B       8.0G

             total       used       free     shared    buffers     cached
Mem:          3.9G       1.8G       2.0G       3.3M        42M       297M
-/+ buffers/cache:       1.5G       2.4G
Swap:         8.0G         0B       8.0G

             total       used       free     shared    buffers     cached
Mem:          3.9G       1.8G       2.0G       3.3M        42M       297M
-/+ buffers/cache:       1.5G       2.3G
Swap:         8.0G         0B       8.0G

             total       used       free     shared    buffers     cached
Mem:          3.9G       1.9G       2.0G       3.3M        42M       297M
-/+ buffers/cache:       1.5G       2.3G
Swap:         8.0G         0B       8.0G

             total       used       free     shared    buffers     cached
Mem:          3.9G       1.9G       2.0G       3.3M        42M       297M
-/+ buffers/cache:       1.5G       2.3G
Swap:         8.0G         0B       8.0G

             total       used       free     shared    buffers     cached
Mem:          3.9G       1.9G       2.0G       3.3M        42M       297M
-/+ buffers/cache:       1.6G       2.3G
Swap:         8.0G         0B       8.0G

             total       used       free     shared    buffers     cached
Mem:          3.9G       1.9G       1.9G       3.3M        42M       297M
-/+ buffers/cache:       1.6G       2.3G
Swap:         8.0G         0B       8.0G

             total       used       free     shared    buffers     cached
Mem:          3.9G       1.9G       1.9G       3.3M        42M       297M
-/+ buffers/cache:       1.6G       2.3G
Swap:         8.0G         0B       8.0G

             total       used       free     shared    buffers     cached
Mem:          3.9G       1.9G       1.9G       3.3M        42M       297M
-/+ buffers/cache:       1.6G       2.2G
Swap:         8.0G         0B       8.0G

             total       used       free     shared    buffers     cached
Mem:          3.9G       2.0G       1.9G       3.3M        42M       297M
-/+ buffers/cache:       1.6G       2.2G
Swap:         8.0G         0B       8.0G

             total       used       free     shared    buffers     cached
Mem:          3.9G       2.0G       1.9G       3.3M        42M       297M
-/+ buffers/cache:       1.6G       2.2G
Swap:         8.0G         0B       8.0G

             total       used       free     shared    buffers     cached
Mem:          3.9G       2.0G       1.9G       3.3M        42M       297M
-/+ buffers/cache:       1.7G       2.2G
Swap:         8.0G         0B       8.0G

             total       used       free     shared    buffers     cached
Mem:          3.9G       2.0G       1.9G       3.3M        42M       297M
-/+ buffers/cache:       1.7G       2.2G
Swap:         8.0G         0B       8.0G

             total       used       free     shared    buffers     cached
Mem:          3.9G       2.0G       1.8G       3.3M        42M       297M
-/+ buffers/cache:       1.7G       2.2G
Swap:         8.0G         0B       8.0G

             total       used       free     shared    buffers     cached
Mem:          3.9G       2.0G       1.8G       3.3M        42M       297M
-/+ buffers/cache:       1.7G       2.2G
Swap:         8.0G         0B       8.0G

             total       used       free     shared    buffers     cached
Mem:          3.9G       2.1G       1.8G       3.3M        42M       297M
-/+ buffers/cache:       1.7G       2.1G
Swap:         8.0G         0B       8.0G

             total       used       free     shared    buffers     cached
Mem:          3.9G       2.1G       1.8G       3.3M        42M       297M
-/+ buffers/cache:       1.7G       2.1G
Swap:         8.0G         0B       8.0G

             total       used       free     shared    buffers     cached
Mem:          3.9G       2.1G       1.8G       3.3M        42M       297M
-/+ buffers/cache:       1.8G       2.1G
Swap:         8.0G         0B       8.0G

             total       used       free     shared    buffers     cached
Mem:          3.9G       2.1G       1.8G       3.3M        42M       297M
-/+ buffers/cache:       1.8G       2.1G
Swap:         8.0G         0B       8.0G

             total       used       free     shared    buffers     cached
Mem:          3.9G       2.1G       1.7G       3.3M        42M       297M
-/+ buffers/cache:       1.8G       2.1G
Swap:         8.0G         0B       8.0G

             total       used       free     shared    buffers     cached
Mem:          3.9G       2.1G       1.7G       3.3M        42M       297M
-/+ buffers/cache:       1.8G       2.1G
Swap:         8.0G         0B       8.0G

             total       used       free     shared    buffers     cached
Mem:          3.9G       2.1G       1.7G       3.3M        42M       297M
-/+ buffers/cache:       1.8G       2.0G
Swap:         8.0G         0B       8.0G

             total       used       free     shared    buffers     cached
Mem:          3.9G       2.2G       1.7G       3.3M        42M       297M
-/+ buffers/cache:       1.8G       2.0G
Swap:         8.0G         0B       8.0G

             total       used       free     shared    buffers     cached
Mem:          3.9G       2.2G       1.7G       3.3M        42M       297M
-/+ buffers/cache:       1.9G       2.0G
Swap:         8.0G         0B       8.0G

             total       used       free     shared    buffers     cached
Mem:          3.9G       2.2G       1.7G       3.3M        42M       297M
-/+ buffers/cache:       1.9G       2.0G
Swap:         8.0G         0B       8.0G

             total       used       free     shared    buffers     cached
Mem:          3.9G       2.2G       1.6G       3.3M        42M       297M
-/+ buffers/cache:       1.9G       2.0G
Swap:         8.0G         0B       8.0G

             total       used       free     shared    buffers     cached
Mem:          3.9G       2.2G       1.6G       3.3M        42M       297M
-/+ buffers/cache:       1.9G       2.0G
Swap:         8.0G         0B       8.0G

             total       used       free     shared    buffers     cached
Mem:          3.9G       2.2G       1.6G       3.3M        42M       297M
-/+ buffers/cache:       1.9G       1.9G
Swap:         8.0G         0B       8.0G

             total       used       free     shared    buffers     cached
Mem:          3.9G       2.3G       1.6G       3.3M        42M       297M
-/+ buffers/cache:       1.9G       1.9G
Swap:         8.0G         0B       8.0G

             total       used       free     shared    buffers     cached
Mem:          3.9G       2.3G       1.6G       3.3M        42M       297M
-/+ buffers/cache:       1.9G       1.9G
Swap:         8.0G         0B       8.0G

             total       used       free     shared    buffers     cached
Mem:          3.9G       2.3G       1.6G       3.3M        42M       297M
-/+ buffers/cache:       2.0G       1.9G
Swap:         8.0G         0B       8.0G

             total       used       free     shared    buffers     cached
Mem:          3.9G       2.3G       1.5G       3.3M        42M       297M
-/+ buffers/cache:       2.0G       1.9G
Swap:         8.0G         0B       8.0G

             total       used       free     shared    buffers     cached
Mem:          3.9G       2.3G       1.5G       3.3M        42M       297M
-/+ buffers/cache:       2.0G       1.9G
Swap:         8.0G         0B       8.0G

             total       used       free     shared    buffers     cached
Mem:          3.9G       2.3G       1.5G       3.3M        42M       297M
-/+ buffers/cache:       2.0G       1.8G
Swap:         8.0G         0B       8.0G

             total       used       free     shared    buffers     cached
Mem:          3.9G       2.4G       1.5G       3.3M        42M       297M
-/+ buffers/cache:       2.0G       1.8G
Swap:         8.0G         0B       8.0G

             total       used       free     shared    buffers     cached
Mem:          3.9G       2.4G       1.5G       3.3M        42M       297M
-/+ buffers/cache:       2.0G       1.8G
Swap:         8.0G         0B       8.0G

             total       used       free     shared    buffers     cached
Mem:          3.9G       2.4G       1.5G       3.3M        42M       297M
-/+ buffers/cache:       2.1G       1.8G
Swap:         8.0G         0B       8.0G

             total       used       free     shared    buffers     cached
Mem:          3.9G       2.4G       1.4G       3.3M        42M       297M
-/+ buffers/cache:       2.1G       1.8G
Swap:         8.0G         0B       8.0G

             total       used       free     shared    buffers     cached
Mem:          3.9G       2.4G       1.4G       3.3M        42M       297M
-/+ buffers/cache:       2.1G       1.8G
Swap:         8.0G         0B       8.0G

             total       used       free     shared    buffers     cached
Mem:          3.9G       2.4G       1.4G       3.3M        42M       297M
-/+ buffers/cache:       2.1G       1.7G
Swap:         8.0G         0B       8.0G

             total       used       free     shared    buffers     cached
Mem:          3.9G       2.5G       1.4G       3.3M        42M       297M
-/+ buffers/cache:       2.1G       1.7G
Swap:         8.0G         0B       8.0G

             total       used       free     shared    buffers     cached
Mem:          3.9G       2.5G       1.4G       3.3M        42M       297M
-/+ buffers/cache:       2.1G       1.7G
Swap:         8.0G         0B       8.0G

             total       used       free     shared    buffers     cached
Mem:          3.9G       2.5G       1.4G       3.3M        42M       297M
-/+ buffers/cache:       2.1G       1.7G
Swap:         8.0G         0B       8.0G

             total       used       free     shared    buffers     cached
Mem:          3.9G       2.5G       1.4G       3.3M        42M       297M
-/+ buffers/cache:       2.2G       1.7G
Swap:         8.0G         0B       8.0G

             total       used       free     shared    buffers     cached
Mem:          3.9G       2.5G       1.4G       3.3M        42M       297M
-/+ buffers/cache:       2.2G       1.7G
Swap:         8.0G         0B       8.0G

             total       used       free     shared    buffers     cached
Mem:          3.9G       2.5G       1.3G       3.3M        42M       297M
-/+ buffers/cache:       2.2G       1.7G
Swap:         8.0G         0B       8.0G

             total       used       free     shared    buffers     cached
Mem:          3.9G       2.5G       1.3G       3.3M        42M       297M
-/+ buffers/cache:       2.2G       1.7G
Swap:         8.0G         0B       8.0G

             total       used       free     shared    buffers     cached
Mem:          3.9G       2.5G       1.3G       3.3M        42M       297M
-/+ buffers/cache:       2.2G       1.6G
Swap:         8.0G         0B       8.0G

             total       used       free     shared    buffers     cached
Mem:          3.9G       2.6G       1.3G       3.3M        42M       297M
-/+ buffers/cache:       2.2G       1.6G
Swap:         8.0G         0B       8.0G

             total       used       free     shared    buffers     cached
Mem:          3.9G       2.6G       1.3G       3.3M        42M       297M
-/+ buffers/cache:       2.2G       1.6G
Swap:         8.0G         0B       8.0G

             total       used       free     shared    buffers     cached
Mem:          3.9G       2.6G       1.3G       3.3M        42M       297M
-/+ buffers/cache:       2.3G       1.6G
Swap:         8.0G         0B       8.0G

             total       used       free     shared    buffers     cached
Mem:          3.9G       2.6G       1.2G       3.3M        42M       297M
-/+ buffers/cache:       2.3G       1.6G
Swap:         8.0G         0B       8.0G

             total       used       free     shared    buffers     cached
Mem:          3.9G       2.6G       1.2G       3.3M        42M       297M
-/+ buffers/cache:       2.3G       1.6G
Swap:         8.0G         0B       8.0G

             total       used       free     shared    buffers     cached
Mem:          3.9G       2.6G       1.2G       3.3M        42M       297M
-/+ buffers/cache:       2.3G       1.5G
Swap:         8.0G         0B       8.0G

             total       used       free     shared    buffers     cached
Mem:          3.9G       2.7G       1.2G       3.3M        42M       297M
-/+ buffers/cache:       2.3G       1.5G
Swap:         8.0G         0B       8.0G

             total       used       free     shared    buffers     cached
Mem:          3.9G       2.7G       1.2G       3.3M        42M       297M
-/+ buffers/cache:       2.4G       1.5G
Swap:         8.0G         0B       8.0G

             total       used       free     shared    buffers     cached
Mem:          3.9G       2.7G       1.2G       3.3M        42M       297M
-/+ buffers/cache:       2.4G       1.5G
Swap:         8.0G         0B       8.0G

             total       used       free     shared    buffers     cached
Mem:          3.9G       2.7G       1.1G       3.3M        42M       297M
-/+ buffers/cache:       2.4G       1.5G
Swap:         8.0G         0B       8.0G

             total       used       free     shared    buffers     cached
Mem:          3.9G       2.7G       1.1G       3.3M        42M       297M
-/+ buffers/cache:       2.4G       1.5G
Swap:         8.0G         0B       8.0G

             total       used       free     shared    buffers     cached
Mem:          3.9G       2.7G       1.1G       3.3M        42M       297M
-/+ buffers/cache:       2.4G       1.4G
Swap:         8.0G         0B       8.0G

             total       used       free     shared    buffers     cached
Mem:          3.9G       2.8G       1.1G       3.3M        42M       297M
-/+ buffers/cache:       2.4G       1.4G
Swap:         8.0G         0B       8.0G

             total       used       free     shared    buffers     cached
Mem:          3.9G       2.8G       1.1G       3.3M        42M       297M
-/+ buffers/cache:       2.5G       1.4G
Swap:         8.0G         0B       8.0G

             total       used       free     shared    buffers     cached
Mem:          3.9G       2.8G       1.1G       3.3M        42M       297M
-/+ buffers/cache:       2.5G       1.4G
Swap:         8.0G         0B       8.0G

             total       used       free     shared    buffers     cached
Mem:          3.9G       2.8G       1.0G       3.3M        42M       297M
-/+ buffers/cache:       2.5G       1.4G
Swap:         8.0G         0B       8.0G

             total       used       free     shared    buffers     cached
Mem:          3.9G       2.8G       1.0G       3.3M        42M       297M
-/+ buffers/cache:       2.5G       1.4G
Swap:         8.0G         0B       8.0G

             total       used       free     shared    buffers     cached
Mem:          3.9G       2.8G       1.0G       3.3M        42M       297M
-/+ buffers/cache:       2.5G       1.3G
Swap:         8.0G         0B       8.0G

             total       used       free     shared    buffers     cached
Mem:          3.9G       2.9G       1.0G       3.3M        42M       297M
-/+ buffers/cache:       2.5G       1.3G
Swap:         8.0G         0B       8.0G

             total       used       free     shared    buffers     cached
Mem:          3.9G       2.9G       1.0G       3.3M        42M       297M
-/+ buffers/cache:       2.5G       1.3G
Swap:         8.0G         0B       8.0G

             total       used       free     shared    buffers     cached
Mem:          3.9G       2.9G       985M       3.3M        42M       297M
-/+ buffers/cache:       2.6G       1.3G
Swap:         8.0G         0B       8.0G

             total       used       free     shared    buffers     cached
Mem:          3.9G       2.9G       968M       3.3M        42M       297M
-/+ buffers/cache:       2.6G       1.3G
Swap:         8.0G         0B       8.0G

             total       used       free     shared    buffers     cached
Mem:          3.9G       2.9G       952M       3.3M        42M       297M
-/+ buffers/cache:       2.6G       1.3G
Swap:         8.0G         0B       8.0G

             total       used       free     shared    buffers     cached
Mem:          3.9G       2.9G       937M       3.3M        42M       297M
-/+ buffers/cache:       2.6G       1.2G
Swap:         8.0G         0B       8.0G

             total       used       free     shared    buffers     cached
Mem:          3.9G       3.0G       922M       3.3M        42M       297M
-/+ buffers/cache:       2.6G       1.2G
Swap:         8.0G         0B       8.0G

             total       used       free     shared    buffers     cached
Mem:          3.9G       3.0G       907M       3.3M        42M       297M
-/+ buffers/cache:       2.6G       1.2G
Swap:         8.0G         0B       8.0G

             total       used       free     shared    buffers     cached
Mem:          3.9G       3.0G       895M       3.3M        42M       297M
-/+ buffers/cache:       2.7G       1.2G
Swap:         8.0G         0B       8.0G

             total       used       free     shared    buffers     cached
Mem:          3.9G       3.0G       882M       3.3M        42M       297M
-/+ buffers/cache:       2.7G       1.2G
Swap:         8.0G         0B       8.0G

             total       used       free     shared    buffers     cached
Mem:          3.9G       3.0G       869M       3.3M        42M       297M
-/+ buffers/cache:       2.7G       1.2G
Swap:         8.0G         0B       8.0G

             total       used       free     shared    buffers     cached
Mem:          3.9G       3.0G       855M       3.3M        42M       297M
-/+ buffers/cache:       2.7G       1.2G
Swap:         8.0G         0B       8.0G

             total       used       free     shared    buffers     cached
Mem:          3.9G       3.0G       843M       3.3M        42M       297M
-/+ buffers/cache:       2.7G       1.2G
Swap:         8.0G         0B       8.0G

             total       used       free     shared    buffers     cached
Mem:          3.9G       3.0G       832M       3.3M        42M       297M
-/+ buffers/cache:       2.7G       1.1G
Swap:         8.0G         0B       8.0G

             total       used       free     shared    buffers     cached
Mem:          3.9G       3.1G       819M       3.3M        42M       297M
-/+ buffers/cache:       2.7G       1.1G
Swap:         8.0G         0B       8.0G

             total       used       free     shared    buffers     cached
Mem:          3.9G       3.1G       806M       3.3M        42M       297M
-/+ buffers/cache:       2.7G       1.1G
Swap:         8.0G         0B       8.0G

             total       used       free     shared    buffers     cached
Mem:          3.9G       3.1G       794M       3.3M        42M       297M
-/+ buffers/cache:       2.8G       1.1G
Swap:         8.0G         0B       8.0G

             total       used       free     shared    buffers     cached
Mem:          3.9G       3.1G       782M       3.3M        42M       297M
-/+ buffers/cache:       2.8G       1.1G
Swap:         8.0G         0B       8.0G

             total       used       free     shared    buffers     cached
Mem:          3.9G       3.1G       770M       3.3M        42M       297M
-/+ buffers/cache:       2.8G       1.1G
Swap:         8.0G         0B       8.0G

             total       used       free     shared    buffers     cached
Mem:          3.9G       3.1G       756M       3.3M        42M       297M
-/+ buffers/cache:       2.8G       1.1G
Swap:         8.0G         0B       8.0G

             total       used       free     shared    buffers     cached
Mem:          3.9G       3.1G       745M       3.3M        42M       297M
-/+ buffers/cache:       2.8G       1.1G
Swap:         8.0G         0B       8.0G

             total       used       free     shared    buffers     cached
Mem:          3.9G       3.1G       732M       3.3M        42M       297M
-/+ buffers/cache:       2.8G       1.0G
Swap:         8.0G         0B       8.0G

             total       used       free     shared    buffers     cached
Mem:          3.9G       3.2G       720M       3.3M        42M       297M
-/+ buffers/cache:       2.8G       1.0G
Swap:         8.0G         0B       8.0G

             total       used       free     shared    buffers     cached
Mem:          3.9G       3.2G       707M       3.3M        42M       297M
-/+ buffers/cache:       2.8G       1.0G
Swap:         8.0G         0B       8.0G

             total       used       free     shared    buffers     cached
Mem:          3.9G       3.2G       695M       3.3M        42M       297M
-/+ buffers/cache:       2.8G       1.0G
Swap:         8.0G         0B       8.0G

             total       used       free     shared    buffers     cached
Mem:          3.9G       3.2G       683M       3.3M        42M       297M
-/+ buffers/cache:       2.9G       1.0G
Swap:         8.0G         0B       8.0G

             total       used       free     shared    buffers     cached
Mem:          3.9G       3.2G       671M       3.3M        42M       297M
-/+ buffers/cache:       2.9G       1.0G
Swap:         8.0G         0B       8.0G

             total       used       free     shared    buffers     cached
Mem:          3.9G       3.2G       658M       3.3M        42M       297M
-/+ buffers/cache:       2.9G       998M
Swap:         8.0G         0B       8.0G

             total       used       free     shared    buffers     cached
Mem:          3.9G       3.2G       646M       3.3M        42M       297M
-/+ buffers/cache:       2.9G       986M
Swap:         8.0G         0B       8.0G

             total       used       free     shared    buffers     cached
Mem:          3.9G       3.2G       634M       3.3M        42M       297M
-/+ buffers/cache:       2.9G       974M
Swap:         8.0G         0B       8.0G

             total       used       free     shared    buffers     cached
Mem:          3.9G       3.3G       623M       3.3M        42M       297M
-/+ buffers/cache:       2.9G       963M
Swap:         8.0G         0B       8.0G

             total       used       free     shared    buffers     cached
Mem:          3.9G       3.3G       611M       3.3M        42M       297M
-/+ buffers/cache:       2.9G       951M
Swap:         8.0G         0B       8.0G

             total       used       free     shared    buffers     cached
Mem:          3.9G       3.3G       600M       3.3M        42M       297M
-/+ buffers/cache:       2.9G       940M
Swap:         8.0G         0B       8.0G

             total       used       free     shared    buffers     cached
Mem:          3.9G       3.3G       588M       3.3M        42M       297M
-/+ buffers/cache:       3.0G       928M
Swap:         8.0G         0B       8.0G

             total       used       free     shared    buffers     cached
Mem:          3.9G       3.3G       577M       3.3M        42M       297M
-/+ buffers/cache:       3.0G       917M
Swap:         8.0G         0B       8.0G

             total       used       free     shared    buffers     cached
Mem:          3.9G       3.3G       565M       3.3M        42M       297M
-/+ buffers/cache:       3.0G       905M
Swap:         8.0G         0B       8.0G

             total       used       free     shared    buffers     cached
Mem:          3.9G       3.3G       553M       3.3M        42M       297M
-/+ buffers/cache:       3.0G       893M
Swap:         8.0G         0B       8.0G

             total       used       free     shared    buffers     cached
Mem:          3.9G       3.3G       541M       3.3M        42M       297M
-/+ buffers/cache:       3.0G       881M
Swap:         8.0G         0B       8.0G

             total       used       free     shared    buffers     cached
Mem:          3.9G       3.3G       529M       3.3M        42M       297M
-/+ buffers/cache:       3.0G       869M
Swap:         8.0G         0B       8.0G

             total       used       free     shared    buffers     cached
Mem:          3.9G       3.4G       517M       3.3M        42M       297M
-/+ buffers/cache:       3.0G       857M
Swap:         8.0G         0B       8.0G

             total       used       free     shared    buffers     cached
Mem:          3.9G       3.4G       503M       3.3M        42M       297M
-/+ buffers/cache:       3.0G       843M
Swap:         8.0G         0B       8.0G

             total       used       free     shared    buffers     cached
Mem:          3.9G       3.4G       492M       3.3M        42M       297M
-/+ buffers/cache:       3.0G       832M
Swap:         8.0G         0B       8.0G

             total       used       free     shared    buffers     cached
Mem:          3.9G       3.4G       483M       3.3M        42M       297M
-/+ buffers/cache:       3.1G       823M
Swap:         8.0G         0B       8.0G

             total       used       free     shared    buffers     cached
Mem:          3.9G       3.4G       468M       3.3M        42M       297M
-/+ buffers/cache:       3.1G       809M
Swap:         8.0G         0B       8.0G

             total       used       free     shared    buffers     cached
Mem:          3.9G       3.4G       454M       3.3M        42M       297M
-/+ buffers/cache:       3.1G       794M
Swap:         8.0G         0B       8.0G

             total       used       free     shared    buffers     cached
Mem:          3.9G       3.4G       440M       3.3M        42M       297M
-/+ buffers/cache:       3.1G       780M
Swap:         8.0G         0B       8.0G

             total       used       free     shared    buffers     cached
Mem:          3.9G       3.4G       425M       3.3M        42M       297M
-/+ buffers/cache:       3.1G       766M
Swap:         8.0G         0B       8.0G

             total       used       free     shared    buffers     cached
Mem:          3.9G       3.5G       412M       3.3M        42M       297M
-/+ buffers/cache:       3.1G       753M
Swap:         8.0G         0B       8.0G

             total       used       free     shared    buffers     cached
Mem:          3.9G       3.5G       399M       3.3M        42M       297M
-/+ buffers/cache:       3.1G       740M
Swap:         8.0G         0B       8.0G

             total       used       free     shared    buffers     cached
Mem:          3.9G       3.5G       386M       3.3M        42M       297M
-/+ buffers/cache:       3.1G       727M
Swap:         8.0G         0B       8.0G

             total       used       free     shared    buffers     cached
Mem:          3.9G       3.5G       372M       3.3M        42M       297M
-/+ buffers/cache:       3.2G       713M
Swap:         8.0G         0B       8.0G

             total       used       free     shared    buffers     cached
Mem:          3.9G       3.5G       359M       3.3M        42M       297M
-/+ buffers/cache:       3.2G       700M
Swap:         8.0G         0B       8.0G

             total       used       free     shared    buffers     cached
Mem:          3.9G       3.5G       344M       3.3M        42M       297M
-/+ buffers/cache:       3.2G       685M
Swap:         8.0G         0B       8.0G

             total       used       free     shared    buffers     cached
Mem:          3.9G       3.5G       330M       3.3M        42M       297M
-/+ buffers/cache:       3.2G       671M
Swap:         8.0G         0B       8.0G

             total       used       free     shared    buffers     cached
Mem:          3.9G       3.5G       316M       3.3M        42M       297M
-/+ buffers/cache:       3.2G       657M
Swap:         8.0G         0B       8.0G

             total       used       free     shared    buffers     cached
Mem:          3.9G       3.6G       302M       3.3M        42M       297M
-/+ buffers/cache:       3.2G       642M
Swap:         8.0G         0B       8.0G

             total       used       free     shared    buffers     cached
Mem:          3.9G       3.6G       288M       3.3M        42M       297M
-/+ buffers/cache:       3.2G       628M
Swap:         8.0G         0B       8.0G

             total       used       free     shared    buffers     cached
Mem:          3.9G       3.6G       274M       3.3M        42M       297M
-/+ buffers/cache:       3.3G       614M
Swap:         8.0G         0B       8.0G

             total       used       free     shared    buffers     cached
Mem:          3.9G       3.6G       259M       3.3M        42M       297M
-/+ buffers/cache:       3.3G       599M
Swap:         8.0G         0B       8.0G

             total       used       free     shared    buffers     cached
Mem:          3.9G       3.6G       246M       3.3M        42M       297M
-/+ buffers/cache:       3.3G       586M
Swap:         8.0G         0B       8.0G

             total       used       free     shared    buffers     cached
Mem:          3.9G       3.6G       233M       3.3M        42M       297M
-/+ buffers/cache:       3.3G       573M
Swap:         8.0G         0B       8.0G

             total       used       free     shared    buffers     cached
Mem:          3.9G       3.6G       218M       3.3M        42M       297M
-/+ buffers/cache:       3.3G       558M
Swap:         8.0G         0B       8.0G

             total       used       free     shared    buffers     cached
Mem:          3.9G       3.7G       205M       3.3M        42M       297M
-/+ buffers/cache:       3.3G       545M
Swap:         8.0G         0B       8.0G

             total       used       free     shared    buffers     cached
Mem:          3.9G       3.7G       191M       3.3M        42M       297M
-/+ buffers/cache:       3.3G       531M
Swap:         8.0G         0B       8.0G

             total       used       free     shared    buffers     cached
Mem:          3.9G       3.7G       177M       3.3M        42M       297M
-/+ buffers/cache:       3.4G       517M
Swap:         8.0G         0B       8.0G

             total       used       free     shared    buffers     cached
Mem:          3.9G       3.7G       163M       3.3M        42M       297M
-/+ buffers/cache:       3.4G       503M
Swap:         8.0G         0B       8.0G

             total       used       free     shared    buffers     cached
Mem:          3.9G       3.7G       149M       3.3M        42M       297M
-/+ buffers/cache:       3.4G       489M
Swap:         8.0G         0B       8.0G

             total       used       free     shared    buffers     cached
Mem:          3.9G       3.7G       135M       3.3M        42M       297M
-/+ buffers/cache:       3.4G       475M
Swap:         8.0G         0B       8.0G

             total       used       free     shared    buffers     cached
Mem:          3.9G       3.7G       121M       3.3M        42M       297M
-/+ buffers/cache:       3.4G       461M
Swap:         8.0G         0B       8.0G

             total       used       free     shared    buffers     cached
Mem:          3.9G       3.8G       108M       3.3M        42M       297M
-/+ buffers/cache:       3.4G       448M
Swap:         8.0G         0B       8.0G

             total       used       free     shared    buffers     cached
Mem:          3.9G       3.7G       127M       3.3M        14M       292M
-/+ buffers/cache:       3.4G       434M
Swap:         8.0G         0B       8.0G

             total       used       free     shared    buffers     cached
Mem:          3.9G       3.7G       114M       3.3M        14M       292M
-/+ buffers/cache:       3.4G       421M
Swap:         8.0G         0B       8.0G

             total       used       free     shared    buffers     cached
Mem:          3.9G       3.7G       141M       3.3M        14M       252M
-/+ buffers/cache:       3.5G       407M
Swap:         8.0G       712K       8.0G

             total       used       free     shared    buffers     cached
Mem:          3.9G       3.7G       126M       3.2M        14M       251M
-/+ buffers/cache:       3.5G       392M
Swap:         8.0G       712K       8.0G

             total       used       free     shared    buffers     cached
Mem:          3.9G       3.8G       110M       3.2M        14M       251M
-/+ buffers/cache:       3.5G       376M
Swap:         8.0G       712K       8.0G

             total       used       free     shared    buffers     cached
Mem:          3.9G       3.7G       126M       2.9M        14M       222M
-/+ buffers/cache:       3.5G       363M
Swap:         8.0G       9.6M       8.0G

             total       used       free     shared    buffers     cached
Mem:          3.9G       3.8G       110M       2.9M        14M       222M
-/+ buffers/cache:       3.5G       347M
Swap:         8.0G       9.6M       8.0G

             total       used       free     shared    buffers     cached
Mem:          3.9G       3.7G       140M       2.9M       3.4M       190M
-/+ buffers/cache:       3.5G       334M
Swap:         8.0G        12M       8.0G

             total       used       free     shared    buffers     cached
Mem:          3.9G       3.7G       125M       2.9M       3.4M       190M
-/+ buffers/cache:       3.5G       319M
Swap:         8.0G        12M       8.0G

             total       used       free     shared    buffers     cached
Mem:          3.9G       3.8G       110M       2.9M       3.4M       190M
-/+ buffers/cache:       3.6G       303M
Swap:         8.0G        12M       8.0G

             total       used       free     shared    buffers     cached
Mem:          3.9G       3.7G       163M       2.8M       1.2M       129M
-/+ buffers/cache:       3.6G       293M
Swap:         8.0G        22M       8.0G

             total       used       free     shared    buffers     cached
Mem:          3.9G       3.7G       164M       2.8M       1.2M       123M
-/+ buffers/cache:       3.6G       289M
Swap:         8.0G        22M       8.0G

             total       used       free     shared    buffers     cached
Mem:          3.9G       3.7G       151M       2.8M       1.2M       123M
-/+ buffers/cache:       3.6G       276M
Swap:         8.0G        22M       8.0G

             total       used       free     shared    buffers     cached
Mem:          3.9G       3.7G       133M       2.8M       1.2M       126M
-/+ buffers/cache:       3.6G       261M
Swap:         8.0G        22M       8.0G

             total       used       free     shared    buffers     cached
Mem:          3.9G       3.7G       116M       2.8M       1.2M       127M
-/+ buffers/cache:       3.6G       246M
Swap:         8.0G        22M       8.0G

             total       used       free     shared    buffers     cached
Mem:          3.9G       3.8G       108M       2.8M       1.2M       120M
-/+ buffers/cache:       3.6G       230M
Swap:         8.0G        22M       8.0G

             total       used       free     shared    buffers     cached
Mem:          3.9G       3.8G       110M       2.8M       1.2M       108M
-/+ buffers/cache:       3.6G       220M
Swap:         8.0G        22M       8.0G

             total       used       free     shared    buffers     cached
Mem:          3.9G       3.7G       126M       2.8M       1.2M        84M
-/+ buffers/cache:       3.7G       212M
Swap:         8.0G        22M       8.0G

             total       used       free     shared    buffers     cached
Mem:          3.9G       3.7G       114M       2.8M       1.2M        84M
-/+ buffers/cache:       3.7G       199M
Swap:         8.0G        22M       8.0G

             total       used       free     shared    buffers     cached
Mem:          3.9G       3.8G       101M       2.8M       1.2M        84M
-/+ buffers/cache:       3.7G       186M
Swap:         8.0G        22M       8.0G

             total       used       free     shared    buffers     cached
Mem:          3.9G       3.8G       109M       2.8M       1.0M        66M
-/+ buffers/cache:       3.7G       177M
Swap:         8.0G        22M       8.0G

             total       used       free     shared    buffers     cached
Mem:          3.9G       3.7G       111M       2.8M        76K        52M
-/+ buffers/cache:       3.7G       165M
Swap:         8.0G        22M       8.0G

             total       used       free     shared    buffers     cached
Mem:          3.9G       3.7G       122M       2.8M        76K        31M
-/+ buffers/cache:       3.7G       154M
Swap:         8.0G        22M       8.0G

             total       used       free     shared    buffers     cached
Mem:          3.9G       3.8G       110M       2.8M       224K        31M
-/+ buffers/cache:       3.7G       142M
Swap:         8.0G        22M       8.0G

             total       used       free     shared    buffers     cached
Mem:          3.9G       3.7G       116M       2.6M       488K        21M
-/+ buffers/cache:       3.7G       138M
Swap:         8.0G        37M       8.0G

             total       used       free     shared    buffers     cached
Mem:          3.9G       3.8G       104M       2.6M       488K        21M
-/+ buffers/cache:       3.7G       126M
Swap:         8.0G        37M       8.0G

             total       used       free     shared    buffers     cached
Mem:          3.9G       3.8G        97M       2.6M       1.3M        32M
-/+ buffers/cache:       3.7G       131M
Swap:         8.0G        53M       7.9G

             total       used       free     shared    buffers     cached
Mem:          3.9G       3.7G       117M       6.2M       5.4M        50M
-/+ buffers/cache:       3.7G       172M
Swap:         8.0G       125M       7.9G

             total       used       free     shared    buffers     cached
Mem:          3.9G       3.7G       112M       6.2M       3.8M        54M
-/+ buffers/cache:       3.7G       170M
Swap:         8.0G       137M       7.9G

             total       used       free     shared    buffers     cached
Mem:          3.9G       3.7G       120M       2.5M       3.1M        57M
-/+ buffers/cache:       3.7G       181M
Swap:         8.0G       162M       7.8G

             total       used       free     shared    buffers     cached
Mem:          3.9G       3.8G       104M       2.5M       3.1M        59M
-/+ buffers/cache:       3.7G       166M
Swap:         8.0G       162M       7.8G

             total       used       free     shared    buffers     cached
Mem:          3.9G       3.8G       107M       2.5M       3.1M        58M
-/+ buffers/cache:       3.7G       169M
Swap:         8.0G       172M       7.8G

             total       used       free     shared    buffers     cached
Mem:          3.9G       3.7G       111M       2.5M       3.1M        57M
-/+ buffers/cache:       3.7G       172M
Swap:         8.0G       191M       7.8G

             total       used       free     shared    buffers     cached
Mem:          3.9G       3.7G       115M       2.5M       2.9M        55M
-/+ buffers/cache:       3.7G       174M
Swap:         8.0G       203M       7.8G

             total       used       free     shared    buffers     cached
Mem:          3.9G       3.7G       117M       2.5M       2.7M        52M
-/+ buffers/cache:       3.7G       172M
Swap:         8.0G       213M       7.8G

             total       used       free     shared    buffers     cached
Mem:          3.9G       3.7G       113M       2.5M       2.9M        53M
-/+ buffers/cache:       3.7G       169M
Swap:         8.0G       212M       7.8G

             total       used       free     shared    buffers     cached
Mem:          3.9G       3.8G       110M       2.5M       2.9M        53M
-/+ buffers/cache:       3.7G       167M
Swap:         8.0G       211M       7.8G

             total       used       free     shared    buffers     cached
Mem:          3.9G       3.8G       107M       2.5M       2.9M        53M
-/+ buffers/cache:       3.7G       163M
Swap:         8.0G       210M       7.8G

             total       used       free     shared    buffers     cached
Mem:          3.9G       3.7G       143M       2.5M       416K        37M
-/+ buffers/cache:       3.7G       181M
Swap:         8.0G       246M       7.8G

             total       used       free     shared    buffers     cached
Mem:          3.9G       3.7G       138M       2.5M       416K        37M
-/+ buffers/cache:       3.7G       176M
Swap:         8.0G       243M       7.8G

             total       used       free     shared    buffers     cached
Mem:          3.9G       3.7G       132M       2.5M       416K        37M
-/+ buffers/cache:       3.7G       170M
Swap:         8.0G       241M       7.8G

             total       used       free     shared    buffers     cached
Mem:          3.9G       3.7G       127M       2.5M       424K        37M
-/+ buffers/cache:       3.7G       166M
Swap:         8.0G       240M       7.8G

             total       used       free     shared    buffers     cached
Mem:          3.9G       3.7G       121M       2.5M       424K        37M
-/+ buffers/cache:       3.7G       159M
Swap:         8.0G       240M       7.8G

             total       used       free     shared    buffers     cached
Mem:          3.9G       3.7G       125M       2.5M       424K        37M
-/+ buffers/cache:       3.7G       164M
Swap:         8.0G       240M       7.8G

             total       used       free     shared    buffers     cached
Mem:          3.9G       3.8G       109M       2.5M       424K        37M
-/+ buffers/cache:       3.7G       148M
Swap:         8.0G       240M       7.8G

             total       used       free     shared    buffers     cached
Mem:          3.9G       3.7G       123M       2.5M       240K        24M
-/+ buffers/cache:       3.7G       148M
Swap:         8.0G       243M       7.8G

             total       used       free     shared    buffers     cached
Mem:          3.9G       3.8G       106M       2.5M       960K        25M
-/+ buffers/cache:       3.7G       132M
Swap:         8.0G       243M       7.8G

             total       used       free     shared    buffers     cached
Mem:          3.9G       3.7G       116M       2.5M       160K        10M
-/+ buffers/cache:       3.7G       126M
Swap:         8.0G       250M       7.8G

             total       used       free     shared    buffers     cached
Mem:          3.9G       3.7G       127M       2.5M       292K        14M
-/+ buffers/cache:       3.7G       141M
Swap:         8.0G       310M       7.7G

             total       used       free     shared    buffers     cached
Mem:          3.9G       3.8G       108M       2.5M       296K        20M
-/+ buffers/cache:       3.7G       129M
Swap:         8.0G       310M       7.7G

             total       used       free     shared    buffers     cached
Mem:          3.9G       3.7G       117M       2.5M       296K        17M
-/+ buffers/cache:       3.7G       135M
Swap:         8.0G       310M       7.7G

             total       used       free     shared    buffers     cached
Mem:          3.9G       3.8G       106M       2.5M       296K        17M
-/+ buffers/cache:       3.7G       124M
Swap:         8.0G       310M       7.7G

             total       used       free     shared    buffers     cached
Mem:          3.9G       3.7G       114M       2.5M       528K        17M
-/+ buffers/cache:       3.7G       132M
Swap:         8.0G       329M       7.7G

             total       used       free     shared    buffers     cached
Mem:          3.9G       3.8G       108M       2.5M       528K        17M
-/+ buffers/cache:       3.7G       126M
Swap:         8.0G       329M       7.7G

             total       used       free     shared    buffers     cached
Mem:          3.9G       3.8G       105M       2.5M       528K        17M
-/+ buffers/cache:       3.7G       122M
Swap:         8.0G       329M       7.7G

             total       used       free     shared    buffers     cached
Mem:          3.9G       3.8G       104M       2.5M       528K        17M
-/+ buffers/cache:       3.7G       122M
Swap:         8.0G       329M       7.7G

             total       used       free     shared    buffers     cached
Mem:          3.9G       3.8G       103M       2.5M       528K        17M
-/+ buffers/cache:       3.7G       121M
Swap:         8.0G       329M       7.7G

             total       used       free     shared    buffers     cached
Mem:          3.9G       3.7G       118M       2.5M       528K        17M
-/+ buffers/cache:       3.7G       135M
Swap:         8.0G       335M       7.7G

             total       used       free     shared    buffers     cached
Mem:          3.9G       3.7G       111M       2.5M       1.5M        21M
-/+ buffers/cache:       3.7G       134M
Swap:         8.0G       335M       7.7G

             total       used       free     shared    buffers     cached
Mem:          3.9G       3.7G       132M       2.5M       5.7M        36M
-/+ buffers/cache:       3.7G       174M
Swap:         8.0G       381M       7.6G
