>>> Readying Destination to Recieve VM
>>> Tap Device tap0 Already in Use
>>> Successfull Started Destination
>>> Tap Device tap0 Already in Use
>>> Starting VM in Source
>>> VM Up & Running
>>> Starting Memcached in VM
>>> Started Memcached in VM, Process ID : 2113
>>> Starting Memaslap in Client
>>> Started Memaslap in Client, Process ID : 108203
{"QMP": {"version": {"qemu": {"micro": 2, "minor": 1, "major": 8}, "package": ""}, "capabilities": ["oob"]}}
{"return": {}}
{"return": {}}
{"QMP": {"version": {"qemu": {"micro": 2, "minor": 1, "major": 8}, "package": ""}, "capabilities": ["oob"]}}
{"return": {}}
{"return": {}}
>>> Enabling Data Compression
{"QMP": {"version": {"qemu": {"micro": 2, "minor": 1, "major": 8}, "package": ""}, "capabilities": ["oob"]}}
{"return": {}}
{"return": {}}
{"QMP": {"version": {"qemu": {"micro": 2, "minor": 1, "major": 8}, "package": ""}, "capabilities": ["oob"]}}
{"return": {}}
{"return": {}}
>>> Enabling Dtrack
{"QMP": {"version": {"qemu": {"micro": 2, "minor": 1, "major": 8}, "package": ""}, "capabilities": ["oob"]}}
{"return": {}}
{"return": {}}
{"QMP": {"version": {"qemu": {"micro": 2, "minor": 1, "major": 8}, "package": ""}, "capabilities": ["oob"]}}
{"return": {}}
Starting PreCopy Migartion
{"return": {}}
Starting Iterations ...
Iteration 1 
# Pages Selected to Transfer : 2101458
Iteration 0 
# Pages Received in Current Iteration : 0
Iteration 1 
# Pages Transferred in Current Iteration : 262263
Fake Dirty Count : 0
Iteration 2 
# Pages Selected to Transfer : 1839204
# Pages Received in Current Iteration : 262263
Iteration 2 
# Pages Transferred in Current Iteration : 1839149
Fake Dirty Count : 0
Iteration 3 
# Pages Selected to Transfer : 66
Function : migration_completion 
# Pages Transferred in Current Iteration : 66
Fake Dirty Count : 5
# Pages Received in Current Iteration : 1839149
Iteration 3 
# Pages Received in Current Iteration : 66
>>> Checking for Migration Status
>>> Migration Completed
root@10.22.196.195:/home/vmuser/Desktop/cpu_usage.log
/mnt/nfs/samindu/mrmpplm/Data-and-Logs/Experiment-Data/final_2025-02-20_1/Memcached_2025-02-20_1/Dtrack_Compress_PreCopy_2025-02-21_1/RAM8192/Experiment9
receiving incremental file list
cpu_usage.log
              0   0%    0.00kB/s    0:00:00           17,714 100%   16.89MB/s    0:00:00 (xfr#1, to-chk=0/1)

sent 43 bytes  received 17,811 bytes  35,708.00 bytes/sec
total size is 17,714  speedup is 0.99
root@10.22.196.195:/home/vmuser/Desktop/mem_usage.log
/mnt/nfs/samindu/mrmpplm/Data-and-Logs/Experiment-Data/final_2025-02-20_1/Memcached_2025-02-20_1/Dtrack_Compress_PreCopy_2025-02-21_1/RAM8192/Experiment9
receiving incremental file list
mem_usage.log
              0   0%    0.00kB/s    0:00:00           63,062 100%   60.14MB/s    0:00:00 (xfr#1, to-chk=0/1)

sent 43 bytes  received 63,163 bytes  126,412.00 bytes/sec
total size is 63,062  speedup is 1.00
root@10.22.196.195:/home/vmuser/Desktop/net_usage.log
/mnt/nfs/samindu/mrmpplm/Data-and-Logs/Experiment-Data/final_2025-02-20_1/Memcached_2025-02-20_1/Dtrack_Compress_PreCopy_2025-02-21_1/RAM8192/Experiment9
receiving incremental file list
net_usage.log
              0   0%    0.00kB/s    0:00:00            8,642 100%    8.24MB/s    0:00:00 (xfr#1, to-chk=0/1)

sent 43 bytes  received 8,739 bytes  5,854.67 bytes/sec
total size is 8,642  speedup is 0.98
