             total       used       free     shared    buffers     cached
Mem:          7.8G       668M       7.1G       3.4M        41M       287M
-/+ buffers/cache:       339M       7.5G
Swap:         8.0G         0B       8.0G

             total       used       free     shared    buffers     cached
Mem:          7.8G       667M       7.1G       3.4M        41M       287M
-/+ buffers/cache:       338M       7.5G
Swap:         8.0G         0B       8.0G

             total       used       free     shared    buffers     cached
Mem:          7.8G       667M       7.1G       3.4M        41M       287M
-/+ buffers/cache:       338M       7.5G
Swap:         8.0G         0B       8.0G

             total       used       free     shared    buffers     cached
Mem:          7.8G       667M       7.1G       3.4M        41M       287M
-/+ buffers/cache:       337M       7.5G
Swap:         8.0G         0B       8.0G

             total       used       free     shared    buffers     cached
Mem:          7.8G       667M       7.1G       3.4M        41M       287M
-/+ buffers/cache:       337M       7.5G
Swap:         8.0G         0B       8.0G

             total       used       free     shared    buffers     cached
Mem:          7.8G       667M       7.1G       3.4M        41M       287M
-/+ buffers/cache:       337M       7.5G
Swap:         8.0G         0B       8.0G

             total       used       free     shared    buffers     cached
Mem:          7.8G       667M       7.1G       3.4M        41M       287M
-/+ buffers/cache:       337M       7.5G
Swap:         8.0G         0B       8.0G

             total       used       free     shared    buffers     cached
Mem:          7.8G       667M       7.1G       3.4M        41M       287M
-/+ buffers/cache:       337M       7.5G
Swap:         8.0G         0B       8.0G

             total       used       free     shared    buffers     cached
Mem:          7.8G       667M       7.1G       3.4M        41M       287M
-/+ buffers/cache:       337M       7.5G
Swap:         8.0G         0B       8.0G

             total       used       free     shared    buffers     cached
Mem:          7.8G       667M       7.1G       3.4M        41M       287M
-/+ buffers/cache:       337M       7.5G
Swap:         8.0G         0B       8.0G

             total       used       free     shared    buffers     cached
Mem:          7.8G       667M       7.1G       3.4M        41M       287M
-/+ buffers/cache:       338M       7.5G
Swap:         8.0G         0B       8.0G

             total       used       free     shared    buffers     cached
Mem:          7.8G       669M       7.1G       3.4M        41M       288M
-/+ buffers/cache:       339M       7.5G
Swap:         8.0G         0B       8.0G

             total       used       free     shared    buffers     cached
Mem:          7.8G       669M       7.1G       3.4M        41M       288M
-/+ buffers/cache:       339M       7.5G
Swap:         8.0G         0B       8.0G

             total       used       free     shared    buffers     cached
Mem:          7.8G       672M       7.1G       3.4M        41M       288M
-/+ buffers/cache:       342M       7.5G
Swap:         8.0G         0B       8.0G

             total       used       free     shared    buffers     cached
Mem:          7.8G       691M       7.1G       3.4M        41M       288M
-/+ buffers/cache:       361M       7.4G
Swap:         8.0G         0B       8.0G

             total       used       free     shared    buffers     cached
Mem:          7.8G       686M       7.1G       3.4M        41M       290M
-/+ buffers/cache:       354M       7.5G
Swap:         8.0G         0B       8.0G

             total       used       free     shared    buffers     cached
Mem:          7.8G       729M       7.1G       3.4M        41M       291M
-/+ buffers/cache:       395M       7.4G
Swap:         8.0G         0B       8.0G

             total       used       free     shared    buffers     cached
Mem:          7.8G       747M       7.1G       3.4M        42M       292M
-/+ buffers/cache:       413M       7.4G
Swap:         8.0G         0B       8.0G

             total       used       free     shared    buffers     cached
Mem:          7.8G       749M       7.1G       3.4M        42M       292M
-/+ buffers/cache:       414M       7.4G
Swap:         8.0G         0B       8.0G

             total       used       free     shared    buffers     cached
Mem:          7.8G       735M       7.1G       3.4M        42M       293M
-/+ buffers/cache:       399M       7.4G
Swap:         8.0G         0B       8.0G

             total       used       free     shared    buffers     cached
Mem:          7.8G       734M       7.1G       3.4M        42M       297M
-/+ buffers/cache:       395M       7.4G
Swap:         8.0G         0B       8.0G

             total       used       free     shared    buffers     cached
Mem:          7.8G       735M       7.1G       3.5M        42M       297M
-/+ buffers/cache:       396M       7.4G
Swap:         8.0G         0B       8.0G

             total       used       free     shared    buffers     cached
Mem:          7.8G       735M       7.1G       3.5M        42M       297M
-/+ buffers/cache:       395M       7.4G
Swap:         8.0G         0B       8.0G

             total       used       free     shared    buffers     cached
Mem:          7.8G       735M       7.1G       3.5M        42M       297M
-/+ buffers/cache:       395M       7.4G
Swap:         8.0G         0B       8.0G

             total       used       free     shared    buffers     cached
Mem:          7.8G       735M       7.1G       3.5M        42M       297M
-/+ buffers/cache:       395M       7.4G
Swap:         8.0G         0B       8.0G

             total       used       free     shared    buffers     cached
Mem:          7.8G       735M       7.1G       3.5M        42M       297M
-/+ buffers/cache:       395M       7.4G
Swap:         8.0G         0B       8.0G

             total       used       free     shared    buffers     cached
Mem:          7.8G       735M       7.1G       3.5M        42M       297M
-/+ buffers/cache:       395M       7.4G
Swap:         8.0G         0B       8.0G

             total       used       free     shared    buffers     cached
Mem:          7.8G       735M       7.1G       3.5M        42M       297M
-/+ buffers/cache:       395M       7.4G
Swap:         8.0G         0B       8.0G

             total       used       free     shared    buffers     cached
Mem:          7.8G       735M       7.1G       3.5M        42M       297M
-/+ buffers/cache:       395M       7.4G
Swap:         8.0G         0B       8.0G

             total       used       free     shared    buffers     cached
Mem:          7.8G       735M       7.1G       3.5M        42M       297M
-/+ buffers/cache:       395M       7.4G
Swap:         8.0G         0B       8.0G

             total       used       free     shared    buffers     cached
Mem:          7.8G       735M       7.1G       3.5M        42M       297M
-/+ buffers/cache:       395M       7.4G
Swap:         8.0G         0B       8.0G

             total       used       free     shared    buffers     cached
Mem:          7.8G       735M       7.1G       3.5M        42M       297M
-/+ buffers/cache:       395M       7.4G
Swap:         8.0G         0B       8.0G

             total       used       free     shared    buffers     cached
Mem:          7.8G       735M       7.1G       3.5M        42M       297M
-/+ buffers/cache:       395M       7.4G
Swap:         8.0G         0B       8.0G

             total       used       free     shared    buffers     cached
Mem:          7.8G       743M       7.1G       3.5M        42M       297M
-/+ buffers/cache:       403M       7.4G
Swap:         8.0G         0B       8.0G

             total       used       free     shared    buffers     cached
Mem:          7.8G       759M       7.1G       3.5M        42M       297M
-/+ buffers/cache:       419M       7.4G
Swap:         8.0G         0B       8.0G

             total       used       free     shared    buffers     cached
Mem:          7.8G       776M       7.0G       3.5M        42M       297M
-/+ buffers/cache:       436M       7.4G
Swap:         8.0G         0B       8.0G

             total       used       free     shared    buffers     cached
Mem:          7.8G       793M       7.0G       3.5M        42M       297M
-/+ buffers/cache:       453M       7.4G
Swap:         8.0G         0B       8.0G

             total       used       free     shared    buffers     cached
Mem:          7.8G       810M       7.0G       3.5M        42M       297M
-/+ buffers/cache:       470M       7.3G
Swap:         8.0G         0B       8.0G

             total       used       free     shared    buffers     cached
Mem:          7.8G       828M       7.0G       3.5M        42M       297M
-/+ buffers/cache:       488M       7.3G
Swap:         8.0G         0B       8.0G

             total       used       free     shared    buffers     cached
Mem:          7.8G       846M       7.0G       3.5M        42M       297M
-/+ buffers/cache:       506M       7.3G
Swap:         8.0G         0B       8.0G

             total       used       free     shared    buffers     cached
Mem:          7.8G       861M       7.0G       3.5M        42M       297M
-/+ buffers/cache:       522M       7.3G
Swap:         8.0G         0B       8.0G

             total       used       free     shared    buffers     cached
Mem:          7.8G       875M       6.9G       3.5M        42M       297M
-/+ buffers/cache:       536M       7.3G
Swap:         8.0G         0B       8.0G

             total       used       free     shared    buffers     cached
Mem:          7.8G       891M       6.9G       3.5M        42M       297M
-/+ buffers/cache:       552M       7.3G
Swap:         8.0G         0B       8.0G

             total       used       free     shared    buffers     cached
Mem:          7.8G       908M       6.9G       3.5M        42M       297M
-/+ buffers/cache:       569M       7.2G
Swap:         8.0G         0B       8.0G

             total       used       free     shared    buffers     cached
Mem:          7.8G       924M       6.9G       3.5M        42M       297M
-/+ buffers/cache:       585M       7.2G
Swap:         8.0G         0B       8.0G

             total       used       free     shared    buffers     cached
Mem:          7.8G       941M       6.9G       3.5M        42M       297M
-/+ buffers/cache:       602M       7.2G
Swap:         8.0G         0B       8.0G

             total       used       free     shared    buffers     cached
Mem:          7.8G       958M       6.9G       3.5M        42M       297M
-/+ buffers/cache:       618M       7.2G
Swap:         8.0G         0B       8.0G

             total       used       free     shared    buffers     cached
Mem:          7.8G       971M       6.8G       3.5M        42M       297M
-/+ buffers/cache:       631M       7.2G
Swap:         8.0G         0B       8.0G

             total       used       free     shared    buffers     cached
Mem:          7.8G       988M       6.8G       3.5M        42M       297M
-/+ buffers/cache:       648M       7.2G
Swap:         8.0G         0B       8.0G

             total       used       free     shared    buffers     cached
Mem:          7.8G       1.0G       6.8G       3.5M        42M       297M
-/+ buffers/cache:       665M       7.1G
Swap:         8.0G         0B       8.0G

             total       used       free     shared    buffers     cached
Mem:          7.8G       1.0G       6.8G       3.5M        42M       297M
-/+ buffers/cache:       681M       7.1G
Swap:         8.0G         0B       8.0G

             total       used       free     shared    buffers     cached
Mem:          7.8G       1.0G       6.8G       3.5M        42M       297M
-/+ buffers/cache:       698M       7.1G
Swap:         8.0G         0B       8.0G

             total       used       free     shared    buffers     cached
Mem:          7.8G       1.0G       6.8G       3.5M        42M       297M
-/+ buffers/cache:       714M       7.1G
Swap:         8.0G         0B       8.0G

             total       used       free     shared    buffers     cached
Mem:          7.8G       1.0G       6.8G       3.5M        42M       297M
-/+ buffers/cache:       731M       7.1G
Swap:         8.0G         0B       8.0G

             total       used       free     shared    buffers     cached
Mem:          7.8G       1.1G       6.7G       3.5M        42M       297M
-/+ buffers/cache:       747M       7.1G
Swap:         8.0G         0B       8.0G

             total       used       free     shared    buffers     cached
Mem:          7.8G       1.1G       6.7G       3.5M        42M       297M
-/+ buffers/cache:       763M       7.1G
Swap:         8.0G         0B       8.0G

             total       used       free     shared    buffers     cached
Mem:          7.8G       1.1G       6.7G       3.5M        42M       297M
-/+ buffers/cache:       780M       7.0G
Swap:         8.0G         0B       8.0G

             total       used       free     shared    buffers     cached
Mem:          7.8G       1.1G       6.7G       3.5M        42M       297M
-/+ buffers/cache:       797M       7.0G
Swap:         8.0G         0B       8.0G

             total       used       free     shared    buffers     cached
Mem:          7.8G       1.1G       6.7G       3.5M        42M       297M
-/+ buffers/cache:       814M       7.0G
Swap:         8.0G         0B       8.0G

             total       used       free     shared    buffers     cached
Mem:          7.8G       1.1G       6.7G       3.5M        42M       297M
-/+ buffers/cache:       831M       7.0G
Swap:         8.0G         0B       8.0G

             total       used       free     shared    buffers     cached
Mem:          7.8G       1.2G       6.6G       3.5M        42M       297M
-/+ buffers/cache:       844M       7.0G
Swap:         8.0G         0B       8.0G

             total       used       free     shared    buffers     cached
Mem:          7.8G       1.2G       6.6G       3.5M        42M       297M
-/+ buffers/cache:       855M       7.0G
Swap:         8.0G         0B       8.0G

             total       used       free     shared    buffers     cached
Mem:          7.8G       1.2G       6.6G       3.5M        42M       297M
-/+ buffers/cache:       871M       6.9G
Swap:         8.0G         0B       8.0G

             total       used       free     shared    buffers     cached
Mem:          7.8G       1.2G       6.6G       3.5M        42M       297M
-/+ buffers/cache:       886M       6.9G
Swap:         8.0G         0B       8.0G

             total       used       free     shared    buffers     cached
Mem:          7.8G       1.2G       6.6G       3.5M        42M       297M
-/+ buffers/cache:       903M       6.9G
Swap:         8.0G         0B       8.0G

             total       used       free     shared    buffers     cached
Mem:          7.8G       1.2G       6.6G       3.5M        42M       297M
-/+ buffers/cache:       919M       6.9G
Swap:         8.0G         0B       8.0G

             total       used       free     shared    buffers     cached
Mem:          7.8G       1.2G       6.6G       3.5M        42M       297M
-/+ buffers/cache:       935M       6.9G
Swap:         8.0G         0B       8.0G

             total       used       free     shared    buffers     cached
Mem:          7.8G       1.3G       6.5G       3.5M        42M       297M
-/+ buffers/cache:       952M       6.9G
Swap:         8.0G         0B       8.0G

             total       used       free     shared    buffers     cached
Mem:          7.8G       1.3G       6.5G       3.5M        42M       297M
-/+ buffers/cache:       967M       6.9G
Swap:         8.0G         0B       8.0G

             total       used       free     shared    buffers     cached
Mem:          7.8G       1.3G       6.5G       3.5M        42M       297M
-/+ buffers/cache:       984M       6.8G
Swap:         8.0G         0B       8.0G

             total       used       free     shared    buffers     cached
Mem:          7.8G       1.3G       6.5G       3.5M        42M       297M
-/+ buffers/cache:       1.0G       6.8G
Swap:         8.0G         0B       8.0G

             total       used       free     shared    buffers     cached
Mem:          7.8G       1.3G       6.5G       3.5M        42M       297M
-/+ buffers/cache:       1.0G       6.8G
Swap:         8.0G         0B       8.0G

             total       used       free     shared    buffers     cached
Mem:          7.8G       1.3G       6.5G       3.5M        42M       297M
-/+ buffers/cache:       1.0G       6.8G
Swap:         8.0G         0B       8.0G

             total       used       free     shared    buffers     cached
Mem:          7.8G       1.4G       6.4G       3.5M        42M       297M
-/+ buffers/cache:       1.0G       6.8G
Swap:         8.0G         0B       8.0G

             total       used       free     shared    buffers     cached
Mem:          7.8G       1.4G       6.4G       3.5M        42M       297M
-/+ buffers/cache:       1.0G       6.8G
Swap:         8.0G         0B       8.0G

             total       used       free     shared    buffers     cached
Mem:          7.8G       1.4G       6.4G       3.5M        42M       297M
-/+ buffers/cache:       1.1G       6.7G
Swap:         8.0G         0B       8.0G

             total       used       free     shared    buffers     cached
Mem:          7.8G       1.4G       6.4G       3.5M        42M       297M
-/+ buffers/cache:       1.1G       6.7G
Swap:         8.0G         0B       8.0G

             total       used       free     shared    buffers     cached
Mem:          7.8G       1.4G       6.4G       3.5M        42M       297M
-/+ buffers/cache:       1.1G       6.7G
Swap:         8.0G         0B       8.0G

             total       used       free     shared    buffers     cached
Mem:          7.8G       1.4G       6.4G       3.5M        42M       297M
-/+ buffers/cache:       1.1G       6.7G
Swap:         8.0G         0B       8.0G

             total       used       free     shared    buffers     cached
Mem:          7.8G       1.5G       6.3G       3.5M        42M       297M
-/+ buffers/cache:       1.1G       6.7G
Swap:         8.0G         0B       8.0G

             total       used       free     shared    buffers     cached
Mem:          7.8G       1.5G       6.3G       3.5M        42M       297M
-/+ buffers/cache:       1.1G       6.7G
Swap:         8.0G         0B       8.0G

             total       used       free     shared    buffers     cached
Mem:          7.8G       1.5G       6.3G       3.5M        42M       297M
-/+ buffers/cache:       1.2G       6.6G
Swap:         8.0G         0B       8.0G

             total       used       free     shared    buffers     cached
Mem:          7.8G       1.5G       6.3G       3.5M        42M       297M
-/+ buffers/cache:       1.2G       6.6G
Swap:         8.0G         0B       8.0G

             total       used       free     shared    buffers     cached
Mem:          7.8G       1.5G       6.3G       3.5M        42M       297M
-/+ buffers/cache:       1.2G       6.6G
Swap:         8.0G         0B       8.0G

             total       used       free     shared    buffers     cached
Mem:          7.8G       1.5G       6.3G       3.5M        42M       297M
-/+ buffers/cache:       1.2G       6.6G
Swap:         8.0G         0B       8.0G

             total       used       free     shared    buffers     cached
Mem:          7.8G       1.6G       6.2G       3.5M        42M       297M
-/+ buffers/cache:       1.2G       6.6G
Swap:         8.0G         0B       8.0G

             total       used       free     shared    buffers     cached
Mem:          7.8G       1.6G       6.2G       3.5M        42M       297M
-/+ buffers/cache:       1.2G       6.6G
Swap:         8.0G         0B       8.0G

             total       used       free     shared    buffers     cached
Mem:          7.8G       1.6G       6.2G       3.5M        42M       297M
-/+ buffers/cache:       1.3G       6.5G
Swap:         8.0G         0B       8.0G

             total       used       free     shared    buffers     cached
Mem:          7.8G       1.6G       6.2G       3.5M        42M       297M
-/+ buffers/cache:       1.3G       6.5G
Swap:         8.0G         0B       8.0G

             total       used       free     shared    buffers     cached
Mem:          7.8G       1.6G       6.2G       3.5M        42M       297M
-/+ buffers/cache:       1.3G       6.5G
Swap:         8.0G         0B       8.0G

             total       used       free     shared    buffers     cached
Mem:          7.8G       1.6G       6.2G       3.5M        42M       297M
-/+ buffers/cache:       1.3G       6.5G
Swap:         8.0G         0B       8.0G

             total       used       free     shared    buffers     cached
Mem:          7.8G       1.6G       6.2G       3.5M        42M       297M
-/+ buffers/cache:       1.3G       6.5G
Swap:         8.0G         0B       8.0G

             total       used       free     shared    buffers     cached
Mem:          7.8G       1.7G       6.1G       3.5M        42M       297M
-/+ buffers/cache:       1.3G       6.5G
Swap:         8.0G         0B       8.0G

             total       used       free     shared    buffers     cached
Mem:          7.8G       1.7G       6.1G       3.5M        42M       297M
-/+ buffers/cache:       1.3G       6.5G
Swap:         8.0G         0B       8.0G

             total       used       free     shared    buffers     cached
Mem:          7.8G       1.7G       6.1G       3.5M        42M       297M
-/+ buffers/cache:       1.4G       6.4G
Swap:         8.0G         0B       8.0G

             total       used       free     shared    buffers     cached
Mem:          7.8G       1.7G       6.1G       3.5M        42M       297M
-/+ buffers/cache:       1.4G       6.4G
Swap:         8.0G         0B       8.0G

             total       used       free     shared    buffers     cached
Mem:          7.8G       1.7G       6.1G       3.5M        42M       297M
-/+ buffers/cache:       1.4G       6.4G
Swap:         8.0G         0B       8.0G

             total       used       free     shared    buffers     cached
Mem:          7.8G       1.7G       6.1G       3.5M        42M       297M
-/+ buffers/cache:       1.4G       6.4G
Swap:         8.0G         0B       8.0G

             total       used       free     shared    buffers     cached
Mem:          7.8G       1.7G       6.1G       3.5M        42M       297M
-/+ buffers/cache:       1.4G       6.4G
Swap:         8.0G         0B       8.0G

             total       used       free     shared    buffers     cached
Mem:          7.8G       1.8G       6.0G       3.5M        42M       297M
-/+ buffers/cache:       1.4G       6.4G
Swap:         8.0G         0B       8.0G

             total       used       free     shared    buffers     cached
Mem:          7.8G       1.8G       6.0G       3.5M        42M       297M
-/+ buffers/cache:       1.4G       6.4G
Swap:         8.0G         0B       8.0G

             total       used       free     shared    buffers     cached
Mem:          7.8G       1.8G       6.0G       3.5M        42M       297M
-/+ buffers/cache:       1.5G       6.3G
Swap:         8.0G         0B       8.0G

             total       used       free     shared    buffers     cached
Mem:          7.8G       1.8G       6.0G       3.5M        42M       297M
-/+ buffers/cache:       1.5G       6.3G
Swap:         8.0G         0B       8.0G

             total       used       free     shared    buffers     cached
Mem:          7.8G       1.8G       6.0G       3.5M        42M       297M
-/+ buffers/cache:       1.5G       6.3G
Swap:         8.0G         0B       8.0G

             total       used       free     shared    buffers     cached
Mem:          7.8G       1.8G       6.0G       3.5M        42M       297M
-/+ buffers/cache:       1.5G       6.3G
Swap:         8.0G         0B       8.0G

             total       used       free     shared    buffers     cached
Mem:          7.8G       1.9G       5.9G       3.5M        42M       297M
-/+ buffers/cache:       1.5G       6.3G
Swap:         8.0G         0B       8.0G

             total       used       free     shared    buffers     cached
Mem:          7.8G       1.9G       5.9G       3.5M        42M       297M
-/+ buffers/cache:       1.5G       6.3G
Swap:         8.0G         0B       8.0G

             total       used       free     shared    buffers     cached
Mem:          7.8G       1.9G       5.9G       3.5M        42M       297M
-/+ buffers/cache:       1.6G       6.2G
Swap:         8.0G         0B       8.0G

             total       used       free     shared    buffers     cached
Mem:          7.8G       1.9G       5.9G       3.5M        42M       297M
-/+ buffers/cache:       1.6G       6.2G
Swap:         8.0G         0B       8.0G

             total       used       free     shared    buffers     cached
Mem:          7.8G       1.9G       5.9G       3.5M        42M       297M
-/+ buffers/cache:       1.6G       6.2G
Swap:         8.0G         0B       8.0G

             total       used       free     shared    buffers     cached
Mem:          7.8G       1.9G       5.9G       3.5M        42M       297M
-/+ buffers/cache:       1.6G       6.2G
Swap:         8.0G         0B       8.0G

             total       used       free     shared    buffers     cached
Mem:          7.8G       2.0G       5.8G       3.5M        42M       297M
-/+ buffers/cache:       1.6G       6.2G
Swap:         8.0G         0B       8.0G

             total       used       free     shared    buffers     cached
Mem:          7.8G       2.0G       5.8G       3.5M        42M       297M
-/+ buffers/cache:       1.6G       6.2G
Swap:         8.0G         0B       8.0G

             total       used       free     shared    buffers     cached
Mem:          7.8G       2.0G       5.8G       3.5M        42M       297M
-/+ buffers/cache:       1.7G       6.1G
Swap:         8.0G         0B       8.0G

             total       used       free     shared    buffers     cached
Mem:          7.8G       2.0G       5.8G       3.5M        42M       297M
-/+ buffers/cache:       1.7G       6.1G
Swap:         8.0G         0B       8.0G

             total       used       free     shared    buffers     cached
Mem:          7.8G       2.0G       5.8G       3.5M        42M       297M
-/+ buffers/cache:       1.7G       6.1G
Swap:         8.0G         0B       8.0G

             total       used       free     shared    buffers     cached
Mem:          7.8G       2.0G       5.8G       3.5M        42M       297M
-/+ buffers/cache:       1.7G       6.1G
Swap:         8.0G         0B       8.0G

             total       used       free     shared    buffers     cached
Mem:          7.8G       2.0G       5.7G       3.5M        42M       297M
-/+ buffers/cache:       1.7G       6.1G
Swap:         8.0G         0B       8.0G

             total       used       free     shared    buffers     cached
Mem:          7.8G       2.1G       5.7G       3.5M        42M       297M
-/+ buffers/cache:       1.7G       6.1G
Swap:         8.0G         0B       8.0G

             total       used       free     shared    buffers     cached
Mem:          7.8G       2.1G       5.7G       3.5M        42M       297M
-/+ buffers/cache:       1.7G       6.0G
Swap:         8.0G         0B       8.0G

             total       used       free     shared    buffers     cached
Mem:          7.8G       2.1G       5.7G       3.5M        42M       297M
-/+ buffers/cache:       1.8G       6.0G
Swap:         8.0G         0B       8.0G

             total       used       free     shared    buffers     cached
Mem:          7.8G       2.1G       5.7G       3.5M        42M       297M
-/+ buffers/cache:       1.8G       6.0G
Swap:         8.0G         0B       8.0G

             total       used       free     shared    buffers     cached
Mem:          7.8G       2.1G       5.7G       3.5M        42M       297M
-/+ buffers/cache:       1.8G       6.0G
Swap:         8.0G         0B       8.0G

             total       used       free     shared    buffers     cached
Mem:          7.8G       2.1G       5.6G       3.5M        42M       297M
-/+ buffers/cache:       1.8G       6.0G
Swap:         8.0G         0B       8.0G

             total       used       free     shared    buffers     cached
Mem:          7.8G       2.2G       5.6G       3.5M        42M       297M
-/+ buffers/cache:       1.8G       6.0G
Swap:         8.0G         0B       8.0G

             total       used       free     shared    buffers     cached
Mem:          7.8G       2.2G       5.6G       3.5M        42M       297M
-/+ buffers/cache:       1.8G       6.0G
Swap:         8.0G         0B       8.0G

             total       used       free     shared    buffers     cached
Mem:          7.8G       2.2G       5.6G       3.5M        42M       297M
-/+ buffers/cache:       1.9G       5.9G
Swap:         8.0G         0B       8.0G

             total       used       free     shared    buffers     cached
Mem:          7.8G       2.2G       5.6G       3.5M        42M       297M
-/+ buffers/cache:       1.9G       5.9G
Swap:         8.0G         0B       8.0G

             total       used       free     shared    buffers     cached
Mem:          7.8G       2.2G       5.6G       3.5M        42M       297M
-/+ buffers/cache:       1.9G       5.9G
Swap:         8.0G         0B       8.0G

             total       used       free     shared    buffers     cached
Mem:          7.8G       2.2G       5.6G       3.5M        42M       297M
-/+ buffers/cache:       1.9G       5.9G
Swap:         8.0G         0B       8.0G

             total       used       free     shared    buffers     cached
Mem:          7.8G       2.3G       5.5G       3.5M        42M       297M
-/+ buffers/cache:       1.9G       5.9G
Swap:         8.0G         0B       8.0G

             total       used       free     shared    buffers     cached
Mem:          7.8G       2.3G       5.5G       3.5M        42M       297M
-/+ buffers/cache:       1.9G       5.9G
Swap:         8.0G         0B       8.0G

             total       used       free     shared    buffers     cached
Mem:          7.8G       2.3G       5.5G       3.5M        42M       297M
-/+ buffers/cache:       2.0G       5.8G
Swap:         8.0G         0B       8.0G

             total       used       free     shared    buffers     cached
Mem:          7.8G       2.3G       5.5G       3.5M        42M       297M
-/+ buffers/cache:       2.0G       5.8G
Swap:         8.0G         0B       8.0G

             total       used       free     shared    buffers     cached
Mem:          7.8G       2.3G       5.5G       3.5M        42M       297M
-/+ buffers/cache:       2.0G       5.8G
Swap:         8.0G         0B       8.0G

             total       used       free     shared    buffers     cached
Mem:          7.8G       2.3G       5.5G       3.5M        42M       297M
-/+ buffers/cache:       2.0G       5.8G
Swap:         8.0G         0B       8.0G

             total       used       free     shared    buffers     cached
Mem:          7.8G       2.4G       5.4G       3.5M        42M       297M
-/+ buffers/cache:       2.0G       5.8G
Swap:         8.0G         0B       8.0G

             total       used       free     shared    buffers     cached
Mem:          7.8G       2.4G       5.4G       3.5M        42M       297M
-/+ buffers/cache:       2.0G       5.8G
Swap:         8.0G         0B       8.0G

             total       used       free     shared    buffers     cached
Mem:          7.8G       2.4G       5.4G       3.5M        42M       297M
-/+ buffers/cache:       2.1G       5.7G
Swap:         8.0G         0B       8.0G

             total       used       free     shared    buffers     cached
Mem:          7.8G       2.4G       5.4G       3.5M        42M       297M
-/+ buffers/cache:       2.1G       5.7G
Swap:         8.0G         0B       8.0G

             total       used       free     shared    buffers     cached
Mem:          7.8G       2.4G       5.4G       3.5M        42M       297M
-/+ buffers/cache:       2.1G       5.7G
Swap:         8.0G         0B       8.0G

             total       used       free     shared    buffers     cached
Mem:          7.8G       2.4G       5.4G       3.5M        42M       297M
-/+ buffers/cache:       2.1G       5.7G
Swap:         8.0G         0B       8.0G

             total       used       free     shared    buffers     cached
Mem:          7.8G       2.5G       5.3G       3.5M        42M       297M
-/+ buffers/cache:       2.1G       5.7G
Swap:         8.0G         0B       8.0G

             total       used       free     shared    buffers     cached
Mem:          7.8G       2.5G       5.3G       3.5M        42M       297M
-/+ buffers/cache:       2.1G       5.7G
Swap:         8.0G         0B       8.0G

             total       used       free     shared    buffers     cached
Mem:          7.8G       2.5G       5.3G       3.5M        42M       297M
-/+ buffers/cache:       2.1G       5.7G
Swap:         8.0G         0B       8.0G

             total       used       free     shared    buffers     cached
Mem:          7.8G       2.5G       5.3G       3.5M        42M       297M
-/+ buffers/cache:       2.1G       5.6G
Swap:         8.0G         0B       8.0G

             total       used       free     shared    buffers     cached
Mem:          7.8G       2.5G       5.3G       3.5M        42M       297M
-/+ buffers/cache:       2.2G       5.6G
Swap:         8.0G         0B       8.0G

             total       used       free     shared    buffers     cached
Mem:          7.8G       2.5G       5.3G       3.5M        42M       297M
-/+ buffers/cache:       2.2G       5.6G
Swap:         8.0G         0B       8.0G

             total       used       free     shared    buffers     cached
Mem:          7.8G       2.5G       5.3G       3.5M        42M       297M
-/+ buffers/cache:       2.2G       5.6G
Swap:         8.0G         0B       8.0G

             total       used       free     shared    buffers     cached
Mem:          7.8G       2.5G       5.3G       3.5M        42M       297M
-/+ buffers/cache:       2.2G       5.6G
Swap:         8.0G         0B       8.0G

             total       used       free     shared    buffers     cached
Mem:          7.8G       2.6G       5.2G       3.5M        42M       297M
-/+ buffers/cache:       2.2G       5.6G
Swap:         8.0G         0B       8.0G

             total       used       free     shared    buffers     cached
Mem:          7.8G       2.6G       5.2G       3.5M        42M       297M
-/+ buffers/cache:       2.2G       5.6G
Swap:         8.0G         0B       8.0G

             total       used       free     shared    buffers     cached
Mem:          7.8G       2.6G       5.2G       3.5M        42M       297M
-/+ buffers/cache:       2.3G       5.5G
Swap:         8.0G         0B       8.0G

             total       used       free     shared    buffers     cached
Mem:          7.8G       2.6G       5.2G       3.5M        42M       297M
-/+ buffers/cache:       2.3G       5.5G
Swap:         8.0G         0B       8.0G

             total       used       free     shared    buffers     cached
Mem:          7.8G       2.6G       5.2G       3.5M        42M       297M
-/+ buffers/cache:       2.3G       5.5G
Swap:         8.0G         0B       8.0G

             total       used       free     shared    buffers     cached
Mem:          7.8G       2.6G       5.2G       3.5M        42M       297M
-/+ buffers/cache:       2.3G       5.5G
Swap:         8.0G         0B       8.0G

             total       used       free     shared    buffers     cached
Mem:          7.8G       2.6G       5.1G       3.5M        42M       297M
-/+ buffers/cache:       2.3G       5.5G
Swap:         8.0G         0B       8.0G

             total       used       free     shared    buffers     cached
Mem:          7.8G       2.7G       5.1G       3.5M        42M       297M
-/+ buffers/cache:       2.3G       5.5G
Swap:         8.0G         0B       8.0G

             total       used       free     shared    buffers     cached
Mem:          7.8G       2.7G       5.1G       3.5M        42M       297M
-/+ buffers/cache:       2.3G       5.4G
Swap:         8.0G         0B       8.0G

             total       used       free     shared    buffers     cached
Mem:          7.8G       2.7G       5.1G       3.5M        42M       297M
-/+ buffers/cache:       2.4G       5.4G
Swap:         8.0G         0B       8.0G

             total       used       free     shared    buffers     cached
Mem:          7.8G       2.7G       5.1G       3.5M        42M       297M
-/+ buffers/cache:       2.4G       5.4G
Swap:         8.0G         0B       8.0G

             total       used       free     shared    buffers     cached
Mem:          7.8G       2.7G       5.1G       3.5M        42M       297M
-/+ buffers/cache:       2.4G       5.4G
Swap:         8.0G         0B       8.0G

             total       used       free     shared    buffers     cached
Mem:          7.8G       2.7G       5.1G       3.5M        42M       297M
-/+ buffers/cache:       2.4G       5.4G
Swap:         8.0G         0B       8.0G

             total       used       free     shared    buffers     cached
Mem:          7.8G       2.8G       5.0G       3.5M        42M       297M
-/+ buffers/cache:       2.4G       5.4G
Swap:         8.0G         0B       8.0G

             total       used       free     shared    buffers     cached
Mem:          7.8G       2.8G       5.0G       3.5M        42M       297M
-/+ buffers/cache:       2.4G       5.4G
Swap:         8.0G         0B       8.0G

             total       used       free     shared    buffers     cached
Mem:          7.8G       2.8G       5.0G       3.5M        42M       297M
-/+ buffers/cache:       2.5G       5.3G
Swap:         8.0G         0B       8.0G

             total       used       free     shared    buffers     cached
Mem:          7.8G       2.8G       5.0G       3.5M        42M       297M
-/+ buffers/cache:       2.5G       5.3G
Swap:         8.0G         0B       8.0G

             total       used       free     shared    buffers     cached
Mem:          7.8G       2.8G       5.0G       3.5M        42M       297M
-/+ buffers/cache:       2.5G       5.3G
Swap:         8.0G         0B       8.0G

             total       used       free     shared    buffers     cached
Mem:          7.8G       2.8G       5.0G       3.5M        42M       297M
-/+ buffers/cache:       2.5G       5.3G
Swap:         8.0G         0B       8.0G

             total       used       free     shared    buffers     cached
Mem:          7.8G       2.9G       4.9G       3.5M        42M       297M
-/+ buffers/cache:       2.5G       5.3G
Swap:         8.0G         0B       8.0G

             total       used       free     shared    buffers     cached
Mem:          7.8G       2.9G       4.9G       3.5M        42M       297M
-/+ buffers/cache:       2.5G       5.3G
Swap:         8.0G         0B       8.0G

             total       used       free     shared    buffers     cached
Mem:          7.8G       2.9G       4.9G       3.5M        42M       297M
-/+ buffers/cache:       2.6G       5.2G
Swap:         8.0G         0B       8.0G

             total       used       free     shared    buffers     cached
Mem:          7.8G       2.9G       4.9G       3.5M        42M       297M
-/+ buffers/cache:       2.6G       5.2G
Swap:         8.0G         0B       8.0G

             total       used       free     shared    buffers     cached
Mem:          7.8G       2.9G       4.9G       3.5M        42M       297M
-/+ buffers/cache:       2.6G       5.2G
Swap:         8.0G         0B       8.0G

             total       used       free     shared    buffers     cached
Mem:          7.8G       2.9G       4.9G       3.5M        42M       297M
-/+ buffers/cache:       2.6G       5.2G
Swap:         8.0G         0B       8.0G

             total       used       free     shared    buffers     cached
Mem:          7.8G       2.9G       4.9G       3.5M        42M       297M
-/+ buffers/cache:       2.6G       5.2G
Swap:         8.0G         0B       8.0G

             total       used       free     shared    buffers     cached
Mem:          7.8G       3.0G       4.8G       3.5M        42M       297M
-/+ buffers/cache:       2.6G       5.2G
Swap:         8.0G         0B       8.0G

             total       used       free     shared    buffers     cached
Mem:          7.8G       3.0G       4.8G       3.5M        42M       297M
-/+ buffers/cache:       2.6G       5.2G
Swap:         8.0G         0B       8.0G

             total       used       free     shared    buffers     cached
Mem:          7.8G       3.0G       4.8G       3.5M        42M       297M
-/+ buffers/cache:       2.7G       5.1G
Swap:         8.0G         0B       8.0G

             total       used       free     shared    buffers     cached
Mem:          7.8G       3.0G       4.8G       3.5M        42M       297M
-/+ buffers/cache:       2.7G       5.1G
Swap:         8.0G         0B       8.0G

             total       used       free     shared    buffers     cached
Mem:          7.8G       3.0G       4.8G       3.5M        42M       297M
-/+ buffers/cache:       2.7G       5.1G
Swap:         8.0G         0B       8.0G

             total       used       free     shared    buffers     cached
Mem:          7.8G       3.0G       4.8G       3.5M        42M       297M
-/+ buffers/cache:       2.7G       5.1G
Swap:         8.0G         0B       8.0G

             total       used       free     shared    buffers     cached
Mem:          7.8G       3.0G       4.8G       3.5M        42M       297M
-/+ buffers/cache:       2.7G       5.1G
Swap:         8.0G         0B       8.0G

             total       used       free     shared    buffers     cached
Mem:          7.8G       3.0G       4.8G       3.5M        42M       297M
-/+ buffers/cache:       2.7G       5.1G
Swap:         8.0G         0B       8.0G

             total       used       free     shared    buffers     cached
Mem:          7.8G       3.0G       4.8G       3.5M        42M       297M
-/+ buffers/cache:       2.7G       5.1G
Swap:         8.0G         0B       8.0G

             total       used       free     shared    buffers     cached
Mem:          7.8G       3.0G       4.8G       3.5M        42M       297M
-/+ buffers/cache:       2.7G       5.1G
Swap:         8.0G         0B       8.0G

             total       used       free     shared    buffers     cached
Mem:          7.8G       3.0G       4.8G       3.5M        42M       297M
-/+ buffers/cache:       2.7G       5.1G
Swap:         8.0G         0B       8.0G

             total       used       free     shared    buffers     cached
Mem:          7.8G       3.0G       4.8G       3.5M        42M       297M
-/+ buffers/cache:       2.7G       5.1G
Swap:         8.0G         0B       8.0G

             total       used       free     shared    buffers     cached
Mem:          7.8G       3.0G       4.8G       3.5M        42M       297M
-/+ buffers/cache:       2.7G       5.1G
Swap:         8.0G         0B       8.0G

             total       used       free     shared    buffers     cached
Mem:          7.8G       3.0G       4.8G       3.5M        42M       297M
-/+ buffers/cache:       2.7G       5.1G
Swap:         8.0G         0B       8.0G

             total       used       free     shared    buffers     cached
Mem:          7.8G       3.0G       4.8G       3.5M        42M       297M
-/+ buffers/cache:       2.7G       5.1G
Swap:         8.0G         0B       8.0G

             total       used       free     shared    buffers     cached
Mem:          7.8G       3.1G       4.7G       3.5M        42M       297M
-/+ buffers/cache:       2.7G       5.1G
Swap:         8.0G         0B       8.0G

             total       used       free     shared    buffers     cached
Mem:          7.8G       3.1G       4.7G       3.5M        42M       297M
-/+ buffers/cache:       2.7G       5.1G
Swap:         8.0G         0B       8.0G

             total       used       free     shared    buffers     cached
Mem:          7.8G       3.1G       4.7G       3.5M        42M       297M
-/+ buffers/cache:       2.7G       5.1G
Swap:         8.0G         0B       8.0G

             total       used       free     shared    buffers     cached
Mem:          7.8G       3.1G       4.7G       3.5M        42M       297M
-/+ buffers/cache:       2.8G       5.0G
Swap:         8.0G         0B       8.0G

             total       used       free     shared    buffers     cached
Mem:          7.8G       3.1G       4.7G       3.5M        42M       297M
-/+ buffers/cache:       2.8G       5.0G
Swap:         8.0G         0B       8.0G

             total       used       free     shared    buffers     cached
Mem:          7.8G       3.1G       4.7G       3.5M        42M       297M
-/+ buffers/cache:       2.8G       5.0G
Swap:         8.0G         0B       8.0G

             total       used       free     shared    buffers     cached
Mem:          7.8G       3.1G       4.7G       3.5M        42M       297M
-/+ buffers/cache:       2.8G       5.0G
Swap:         8.0G         0B       8.0G

             total       used       free     shared    buffers     cached
Mem:          7.8G       3.1G       4.7G       3.5M        42M       297M
-/+ buffers/cache:       2.8G       5.0G
Swap:         8.0G         0B       8.0G

             total       used       free     shared    buffers     cached
Mem:          7.8G       3.1G       4.7G       3.5M        42M       297M
-/+ buffers/cache:       2.8G       5.0G
Swap:         8.0G         0B       8.0G

             total       used       free     shared    buffers     cached
Mem:          7.8G       3.1G       4.6G       3.5M        42M       297M
-/+ buffers/cache:       2.8G       5.0G
Swap:         8.0G         0B       8.0G

             total       used       free     shared    buffers     cached
Mem:          7.8G       3.2G       4.6G       3.5M        42M       297M
-/+ buffers/cache:       2.8G       5.0G
Swap:         8.0G         0B       8.0G

             total       used       free     shared    buffers     cached
Mem:          7.8G       3.2G       4.6G       3.5M        42M       297M
-/+ buffers/cache:       2.8G       5.0G
Swap:         8.0G         0B       8.0G

             total       used       free     shared    buffers     cached
Mem:          7.8G       3.2G       4.6G       3.5M        42M       297M
-/+ buffers/cache:       2.8G       5.0G
Swap:         8.0G         0B       8.0G

             total       used       free     shared    buffers     cached
Mem:          7.8G       3.2G       4.6G       3.5M        42M       297M
-/+ buffers/cache:       2.8G       5.0G
Swap:         8.0G         0B       8.0G

             total       used       free     shared    buffers     cached
Mem:          7.8G       3.2G       4.6G       3.5M        42M       297M
-/+ buffers/cache:       2.8G       5.0G
Swap:         8.0G         0B       8.0G

             total       used       free     shared    buffers     cached
Mem:          7.8G       3.2G       4.6G       3.5M        42M       297M
-/+ buffers/cache:       2.8G       5.0G
Swap:         8.0G         0B       8.0G

             total       used       free     shared    buffers     cached
Mem:          7.8G       3.2G       4.6G       3.5M        42M       297M
-/+ buffers/cache:       2.8G       5.0G
Swap:         8.0G         0B       8.0G

             total       used       free     shared    buffers     cached
Mem:          7.8G       3.2G       4.6G       3.5M        42M       297M
-/+ buffers/cache:       2.8G       5.0G
Swap:         8.0G         0B       8.0G

             total       used       free     shared    buffers     cached
Mem:          7.8G       3.2G       4.6G       3.5M        42M       297M
-/+ buffers/cache:       2.8G       4.9G
Swap:         8.0G         0B       8.0G

             total       used       free     shared    buffers     cached
Mem:          7.8G       3.2G       4.6G       3.5M        42M       297M
-/+ buffers/cache:       2.8G       4.9G
Swap:         8.0G         0B       8.0G

             total       used       free     shared    buffers     cached
Mem:          7.8G       3.2G       4.6G       3.5M        42M       297M
-/+ buffers/cache:       2.9G       4.9G
Swap:         8.0G         0B       8.0G

             total       used       free     shared    buffers     cached
Mem:          7.8G       3.2G       4.6G       3.5M        42M       297M
-/+ buffers/cache:       2.9G       4.9G
Swap:         8.0G         0B       8.0G

             total       used       free     shared    buffers     cached
Mem:          7.8G       3.2G       4.6G       3.5M        42M       297M
-/+ buffers/cache:       2.9G       4.9G
Swap:         8.0G         0B       8.0G

             total       used       free     shared    buffers     cached
Mem:          7.8G       3.2G       4.6G       3.5M        42M       297M
-/+ buffers/cache:       2.9G       4.9G
Swap:         8.0G         0B       8.0G

             total       used       free     shared    buffers     cached
Mem:          7.8G       3.2G       4.6G       3.5M        42M       297M
-/+ buffers/cache:       2.9G       4.9G
Swap:         8.0G         0B       8.0G

             total       used       free     shared    buffers     cached
Mem:          7.8G       3.2G       4.6G       3.5M        42M       297M
-/+ buffers/cache:       2.9G       4.9G
Swap:         8.0G         0B       8.0G

             total       used       free     shared    buffers     cached
Mem:          7.8G       3.2G       4.6G       3.5M        42M       297M
-/+ buffers/cache:       2.9G       4.9G
Swap:         8.0G         0B       8.0G

             total       used       free     shared    buffers     cached
Mem:          7.8G       3.2G       4.6G       3.5M        42M       297M
-/+ buffers/cache:       2.9G       4.9G
Swap:         8.0G         0B       8.0G

             total       used       free     shared    buffers     cached
Mem:          7.8G       3.2G       4.6G       3.5M        42M       297M
-/+ buffers/cache:       2.9G       4.9G
Swap:         8.0G         0B       8.0G

             total       used       free     shared    buffers     cached
Mem:          7.8G       3.2G       4.6G       3.5M        42M       297M
-/+ buffers/cache:       2.9G       4.9G
Swap:         8.0G         0B       8.0G

             total       used       free     shared    buffers     cached
Mem:          7.8G       3.2G       4.6G       3.5M        42M       297M
-/+ buffers/cache:       2.9G       4.9G
Swap:         8.0G         0B       8.0G

             total       used       free     shared    buffers     cached
Mem:          7.8G       3.2G       4.6G       3.5M        42M       297M
-/+ buffers/cache:       2.9G       4.9G
Swap:         8.0G         0B       8.0G

             total       used       free     shared    buffers     cached
Mem:          7.8G       3.3G       4.5G       3.5M        42M       297M
-/+ buffers/cache:       2.9G       4.9G
Swap:         8.0G         0B       8.0G

             total       used       free     shared    buffers     cached
Mem:          7.8G       3.3G       4.5G       3.5M        42M       297M
-/+ buffers/cache:       2.9G       4.9G
Swap:         8.0G         0B       8.0G

             total       used       free     shared    buffers     cached
Mem:          7.8G       3.3G       4.5G       3.5M        42M       297M
-/+ buffers/cache:       3.0G       4.8G
Swap:         8.0G         0B       8.0G

             total       used       free     shared    buffers     cached
Mem:          7.8G       3.3G       4.5G       3.5M        42M       297M
-/+ buffers/cache:       3.0G       4.8G
Swap:         8.0G         0B       8.0G

             total       used       free     shared    buffers     cached
Mem:          7.8G       3.3G       4.5G       3.5M        42M       297M
-/+ buffers/cache:       3.0G       4.8G
Swap:         8.0G         0B       8.0G

             total       used       free     shared    buffers     cached
Mem:          7.8G       3.3G       4.5G       3.5M        42M       297M
-/+ buffers/cache:       3.0G       4.8G
Swap:         8.0G         0B       8.0G

             total       used       free     shared    buffers     cached
Mem:          7.8G       3.3G       4.5G       3.5M        42M       297M
-/+ buffers/cache:       3.0G       4.8G
Swap:         8.0G         0B       8.0G

             total       used       free     shared    buffers     cached
Mem:          7.8G       3.3G       4.4G       3.5M        42M       297M
-/+ buffers/cache:       3.0G       4.8G
Swap:         8.0G         0B       8.0G

             total       used       free     shared    buffers     cached
Mem:          7.8G       3.4G       4.4G       3.5M        42M       297M
-/+ buffers/cache:       3.0G       4.8G
Swap:         8.0G         0B       8.0G

             total       used       free     shared    buffers     cached
Mem:          7.8G       3.4G       4.4G       3.5M        42M       297M
-/+ buffers/cache:       3.0G       4.8G
Swap:         8.0G         0B       8.0G

             total       used       free     shared    buffers     cached
Mem:          7.8G       3.4G       4.4G       3.5M        42M       297M
-/+ buffers/cache:       3.1G       4.7G
Swap:         8.0G         0B       8.0G

             total       used       free     shared    buffers     cached
Mem:          7.8G       3.4G       4.4G       3.5M        42M       297M
-/+ buffers/cache:       3.1G       4.7G
Swap:         8.0G         0B       8.0G

             total       used       free     shared    buffers     cached
Mem:          7.8G       3.4G       4.4G       3.5M        42M       297M
-/+ buffers/cache:       3.1G       4.7G
Swap:         8.0G         0B       8.0G

             total       used       free     shared    buffers     cached
Mem:          7.8G       3.4G       4.4G       3.5M        42M       297M
-/+ buffers/cache:       3.1G       4.7G
Swap:         8.0G         0B       8.0G

             total       used       free     shared    buffers     cached
Mem:          7.8G       3.4G       4.4G       3.5M        42M       297M
-/+ buffers/cache:       3.1G       4.7G
Swap:         8.0G         0B       8.0G

             total       used       free     shared    buffers     cached
Mem:          7.8G       3.4G       4.3G       3.5M        42M       297M
-/+ buffers/cache:       3.1G       4.7G
Swap:         8.0G         0B       8.0G

             total       used       free     shared    buffers     cached
Mem:          7.8G       3.5G       4.3G       3.5M        42M       297M
-/+ buffers/cache:       3.1G       4.7G
Swap:         8.0G         0B       8.0G

             total       used       free     shared    buffers     cached
Mem:          7.8G       3.5G       4.3G       3.5M        42M       297M
-/+ buffers/cache:       3.1G       4.7G
Swap:         8.0G         0B       8.0G

             total       used       free     shared    buffers     cached
Mem:          7.8G       3.5G       4.3G       3.5M        42M       297M
-/+ buffers/cache:       3.2G       4.6G
Swap:         8.0G         0B       8.0G

             total       used       free     shared    buffers     cached
Mem:          7.8G       3.5G       4.3G       3.5M        42M       297M
-/+ buffers/cache:       3.2G       4.6G
Swap:         8.0G         0B       8.0G

             total       used       free     shared    buffers     cached
Mem:          7.8G       3.5G       4.3G       3.5M        42M       297M
-/+ buffers/cache:       3.2G       4.6G
Swap:         8.0G         0B       8.0G

             total       used       free     shared    buffers     cached
Mem:          7.8G       3.5G       4.3G       3.5M        42M       297M
-/+ buffers/cache:       3.2G       4.6G
Swap:         8.0G         0B       8.0G

             total       used       free     shared    buffers     cached
Mem:          7.8G       3.5G       4.3G       3.5M        42M       297M
-/+ buffers/cache:       3.2G       4.6G
Swap:         8.0G         0B       8.0G

             total       used       free     shared    buffers     cached
Mem:          7.8G       3.5G       4.2G       3.5M        42M       297M
-/+ buffers/cache:       3.2G       4.6G
Swap:         8.0G         0B       8.0G

             total       used       free     shared    buffers     cached
Mem:          7.8G       3.6G       4.2G       3.5M        42M       297M
-/+ buffers/cache:       3.2G       4.6G
Swap:         8.0G         0B       8.0G

             total       used       free     shared    buffers     cached
Mem:          7.8G       3.6G       4.2G       3.5M        42M       297M
-/+ buffers/cache:       3.2G       4.5G
Swap:         8.0G         0B       8.0G

             total       used       free     shared    buffers     cached
Mem:          7.8G       3.6G       4.2G       3.5M        42M       297M
-/+ buffers/cache:       3.3G       4.5G
Swap:         8.0G         0B       8.0G

             total       used       free     shared    buffers     cached
Mem:          7.8G       3.6G       4.2G       3.5M        42M       297M
-/+ buffers/cache:       3.3G       4.5G
Swap:         8.0G         0B       8.0G

             total       used       free     shared    buffers     cached
Mem:          7.8G       3.6G       4.2G       3.5M        42M       297M
-/+ buffers/cache:       3.3G       4.5G
Swap:         8.0G         0B       8.0G

             total       used       free     shared    buffers     cached
Mem:          7.8G       3.6G       4.2G       3.5M        42M       297M
-/+ buffers/cache:       3.3G       4.5G
Swap:         8.0G         0B       8.0G

             total       used       free     shared    buffers     cached
Mem:          7.8G       3.6G       4.2G       3.5M        42M       297M
-/+ buffers/cache:       3.3G       4.5G
Swap:         8.0G         0B       8.0G

             total       used       free     shared    buffers     cached
Mem:          7.8G       3.6G       4.1G       3.5M        42M       297M
-/+ buffers/cache:       3.3G       4.5G
Swap:         8.0G         0B       8.0G

             total       used       free     shared    buffers     cached
Mem:          7.8G       3.7G       4.1G       3.5M        42M       297M
-/+ buffers/cache:       3.3G       4.5G
Swap:         8.0G         0B       8.0G

             total       used       free     shared    buffers     cached
Mem:          7.8G       3.7G       4.1G       3.5M        42M       297M
-/+ buffers/cache:       3.3G       4.5G
Swap:         8.0G         0B       8.0G

             total       used       free     shared    buffers     cached
Mem:          7.8G       3.7G       4.1G       3.5M        42M       297M
-/+ buffers/cache:       3.3G       4.5G
Swap:         8.0G         0B       8.0G

             total       used       free     shared    buffers     cached
Mem:          7.8G       3.7G       4.1G       3.5M        42M       297M
-/+ buffers/cache:       3.3G       4.4G
Swap:         8.0G         0B       8.0G

             total       used       free     shared    buffers     cached
Mem:          7.8G       3.7G       4.1G       3.5M        42M       297M
-/+ buffers/cache:       3.4G       4.4G
Swap:         8.0G         0B       8.0G

             total       used       free     shared    buffers     cached
Mem:          7.8G       3.7G       4.1G       3.5M        42M       297M
-/+ buffers/cache:       3.4G       4.4G
Swap:         8.0G         0B       8.0G

             total       used       free     shared    buffers     cached
Mem:          7.8G       3.7G       4.1G       3.5M        42M       297M
-/+ buffers/cache:       3.4G       4.4G
Swap:         8.0G         0B       8.0G

             total       used       free     shared    buffers     cached
Mem:          7.8G       3.7G       4.1G       3.5M        42M       297M
-/+ buffers/cache:       3.4G       4.4G
Swap:         8.0G         0B       8.0G

             total       used       free     shared    buffers     cached
Mem:          7.8G       3.7G       4.1G       3.5M        42M       297M
-/+ buffers/cache:       3.4G       4.4G
Swap:         8.0G         0B       8.0G

             total       used       free     shared    buffers     cached
Mem:          7.8G       3.7G       4.1G       3.5M        42M       297M
-/+ buffers/cache:       3.4G       4.4G
Swap:         8.0G         0B       8.0G

             total       used       free     shared    buffers     cached
Mem:          7.8G       3.8G       4.0G       7.1M        42M       301M
-/+ buffers/cache:       3.4G       4.4G
Swap:         8.0G         0B       8.0G

             total       used       free     shared    buffers     cached
Mem:          7.8G       3.8G       4.0G       3.4M        42M       297M
-/+ buffers/cache:       3.4G       4.4G
Swap:         8.0G         0B       8.0G

             total       used       free     shared    buffers     cached
Mem:          7.8G       3.8G       4.0G       3.5M        42M       297M
-/+ buffers/cache:       3.4G       4.4G
Swap:         8.0G         0B       8.0G

             total       used       free     shared    buffers     cached
Mem:          7.8G       3.8G       4.0G       3.5M        42M       297M
-/+ buffers/cache:       3.5G       4.3G
Swap:         8.0G         0B       8.0G

             total       used       free     shared    buffers     cached
Mem:          7.8G       3.8G       4.0G       3.5M        42M       297M
-/+ buffers/cache:       3.5G       4.3G
Swap:         8.0G         0B       8.0G

             total       used       free     shared    buffers     cached
Mem:          7.8G       3.8G       4.0G       3.5M        42M       297M
-/+ buffers/cache:       3.5G       4.3G
Swap:         8.0G         0B       8.0G

             total       used       free     shared    buffers     cached
Mem:          7.8G       3.8G       4.0G       3.5M        42M       297M
-/+ buffers/cache:       3.5G       4.3G
Swap:         8.0G         0B       8.0G

             total       used       free     shared    buffers     cached
Mem:          7.8G       3.8G       4.0G       3.5M        42M       297M
-/+ buffers/cache:       3.5G       4.3G
Swap:         8.0G         0B       8.0G

             total       used       free     shared    buffers     cached
Mem:          7.8G       3.8G       4.0G       3.5M        42M       297M
-/+ buffers/cache:       3.5G       4.3G
Swap:         8.0G         0B       8.0G

             total       used       free     shared    buffers     cached
Mem:          7.8G       3.9G       3.9G       3.5M        42M       297M
-/+ buffers/cache:       3.5G       4.3G
Swap:         8.0G         0B       8.0G

             total       used       free     shared    buffers     cached
Mem:          7.8G       3.9G       3.9G       3.5M        42M       297M
-/+ buffers/cache:       3.5G       4.3G
Swap:         8.0G         0B       8.0G

             total       used       free     shared    buffers     cached
Mem:          7.8G       3.9G       3.9G       3.5M        42M       297M
-/+ buffers/cache:       3.5G       4.3G
Swap:         8.0G         0B       8.0G

             total       used       free     shared    buffers     cached
Mem:          7.8G       3.9G       3.9G       3.5M        42M       297M
-/+ buffers/cache:       3.6G       4.2G
Swap:         8.0G         0B       8.0G

             total       used       free     shared    buffers     cached
Mem:          7.8G       3.9G       3.9G       3.5M        42M       297M
-/+ buffers/cache:       3.6G       4.2G
Swap:         8.0G         0B       8.0G

             total       used       free     shared    buffers     cached
Mem:          7.8G       3.9G       3.9G       3.5M        42M       297M
-/+ buffers/cache:       3.6G       4.2G
Swap:         8.0G         0B       8.0G

             total       used       free     shared    buffers     cached
Mem:          7.8G       3.9G       3.9G       3.5M        42M       297M
-/+ buffers/cache:       3.6G       4.2G
Swap:         8.0G         0B       8.0G

             total       used       free     shared    buffers     cached
Mem:          7.8G       3.9G       3.9G       3.5M        42M       297M
-/+ buffers/cache:       3.6G       4.2G
Swap:         8.0G         0B       8.0G

             total       used       free     shared    buffers     cached
Mem:          7.8G       3.9G       3.8G       3.5M        42M       297M
-/+ buffers/cache:       3.6G       4.2G
Swap:         8.0G         0B       8.0G

             total       used       free     shared    buffers     cached
Mem:          7.8G       4.0G       3.8G       3.5M        42M       297M
-/+ buffers/cache:       3.6G       4.2G
Swap:         8.0G         0B       8.0G

             total       used       free     shared    buffers     cached
Mem:          7.8G       4.0G       3.8G       3.5M        42M       297M
-/+ buffers/cache:       3.6G       4.2G
Swap:         8.0G         0B       8.0G

             total       used       free     shared    buffers     cached
Mem:          7.8G       4.0G       3.8G       3.5M        42M       297M
-/+ buffers/cache:       3.7G       4.1G
Swap:         8.0G         0B       8.0G

             total       used       free     shared    buffers     cached
Mem:          7.8G       4.0G       3.8G       3.5M        42M       297M
-/+ buffers/cache:       3.7G       4.1G
Swap:         8.0G         0B       8.0G

             total       used       free     shared    buffers     cached
Mem:          7.8G       4.0G       3.8G       3.5M        42M       297M
-/+ buffers/cache:       3.7G       4.1G
Swap:         8.0G         0B       8.0G

             total       used       free     shared    buffers     cached
Mem:          7.8G       4.0G       3.8G       3.5M        42M       297M
-/+ buffers/cache:       3.7G       4.1G
Swap:         8.0G         0B       8.0G

             total       used       free     shared    buffers     cached
Mem:          7.8G       4.0G       3.8G       3.5M        42M       297M
-/+ buffers/cache:       3.7G       4.1G
Swap:         8.0G         0B       8.0G

             total       used       free     shared    buffers     cached
Mem:          7.8G       4.0G       3.8G       3.5M        42M       297M
-/+ buffers/cache:       3.7G       4.1G
Swap:         8.0G         0B       8.0G

             total       used       free     shared    buffers     cached
Mem:          7.8G       4.0G       3.7G       3.5M        42M       297M
-/+ buffers/cache:       3.7G       4.1G
Swap:         8.0G         0B       8.0G

             total       used       free     shared    buffers     cached
Mem:          7.8G       4.1G       3.7G       3.5M        42M       297M
-/+ buffers/cache:       3.7G       4.1G
Swap:         8.0G         0B       8.0G

             total       used       free     shared    buffers     cached
Mem:          7.8G       4.1G       3.7G       3.5M        42M       297M
-/+ buffers/cache:       3.7G       4.1G
Swap:         8.0G         0B       8.0G

             total       used       free     shared    buffers     cached
Mem:          7.8G       4.1G       3.7G       3.5M        42M       297M
-/+ buffers/cache:       3.7G       4.1G
Swap:         8.0G         0B       8.0G

             total       used       free     shared    buffers     cached
Mem:          7.8G       4.1G       3.7G       3.5M        42M       297M
-/+ buffers/cache:       3.8G       4.0G
Swap:         8.0G         0B       8.0G

             total       used       free     shared    buffers     cached
Mem:          7.8G       4.1G       3.7G       3.5M        42M       297M
-/+ buffers/cache:       3.8G       4.0G
Swap:         8.0G         0B       8.0G

             total       used       free     shared    buffers     cached
Mem:          7.8G       4.1G       3.7G       3.5M        42M       297M
-/+ buffers/cache:       3.8G       4.0G
Swap:         8.0G         0B       8.0G

             total       used       free     shared    buffers     cached
Mem:          7.8G       4.1G       3.7G       3.5M        42M       298M
-/+ buffers/cache:       3.8G       4.0G
Swap:         8.0G         0B       8.0G
