>>> Readying Destination to Recieve VM
>>> Tap Device tap0 Already in Use
>>> Successfull Started Destination
>>> Tap Device tap0 Already in Use
>>> Starting VM in Source
>>> VM Up & Running
>>> Starting Memcached in VM
>>> Started Memcached in VM, Process ID : 2119
>>> Starting Memaslap in Client
>>> Started Memaslap in Client, Process ID : 68445
>>> Enabling HBFDP
{"QMP": {"version": {"qemu": {"micro": 2, "minor": 1, "major": 8}, "package": ""}, "capabilities": ["oob"]}}
{"return": {}}
{"return": {}}
{"QMP": {"version": {"qemu": {"micro": 2, "minor": 1, "major": 8}, "package": ""}, "capabilities": ["oob"]}}
{"return": {}}
Starting PreCopy Migartion
{"return": {}}
Starting Iterations ...
Iteration 1 
# Pages Selected to Transfer : 4198610
Iteration 0 
# Pages Received in Current Iteration : 0
Iteration 1 
# Pages Transferred in Current Iteration : 4198610
Fake Dirty Count : 0
Iteration 2 
# Pages Received in Current Iteration : 4198610
# Pages Selected to Transfer : 372284
Iteration 2 
# Pages Transferred in Current Iteration : 114329
Fake Dirty Count : 257955
Iteration 3 
# Pages Selected to Transfer : 180104
# Pages Received in Current Iteration : 114329
Iteration 3 
# Pages Transferred in Current Iteration : 107262
Fake Dirty Count : 72842
Iteration 4 
# Pages Selected to Transfer : 359947
# Pages Received in Current Iteration : 107262
Iteration 4 
# Pages Transferred in Current Iteration : 291125
Fake Dirty Count : 68822
Iteration 5 
# Pages Selected to Transfer : 762890
# Pages Received in Current Iteration : 291125
Iteration 5 
# Pages Transferred in Current Iteration : 672848
Fake Dirty Count : 90042
Iteration 6 
# Pages Selected to Transfer : 376251
# Pages Received in Current Iteration : 672848
Iteration 6 
# Pages Transferred in Current Iteration : 248138
Fake Dirty Count : 128113
Iteration 7 
# Pages Selected to Transfer : 39226
# Pages Received in Current Iteration : 248138
Iteration 7 
# Pages Transferred in Current Iteration : 32998
Fake Dirty Count : 6228
Iteration 8 
# Pages Selected to Transfer : 11806
# Pages Received in Current Iteration : 32998
Iteration 8 
# Pages Transferred in Current Iteration : 6228
Fake Dirty Count : 5578
Iteration 9 
# Pages Selected to Transfer : 3647
Function : migration_completion 
# Pages Received in Current Iteration : 6228
Iteration 9 
# Pages Transferred in Current Iteration : 1896
Fake Dirty Count : 1751
# Pages Received in Current Iteration : 1896
>>> Checking for Migration Status
>>> Checking for Migration Status
>>> Migration Completed
root@10.22.196.195:/home/vmuser/Desktop/cpu_usage.log
/mnt/nfs/samindu/mrmpplm/Data-and-Logs/Experiment-Data/final_2025-02-16_1/Memcached_2025-02-16_1/HBFDP_PreCopy.SHA1_2025-02-17_1/RAM16384/Experiment8
receiving incremental file list
cpu_usage.log
              0   0%    0.00kB/s    0:00:00           17,714 100%   16.89MB/s    0:00:00 (xfr#1, to-chk=0/1)

sent 43 bytes  received 17,810 bytes  11,902.00 bytes/sec
total size is 17,714  speedup is 0.99
root@10.22.196.195:/home/vmuser/Desktop/mem_usage.log
/mnt/nfs/samindu/mrmpplm/Data-and-Logs/Experiment-Data/final_2025-02-16_1/Memcached_2025-02-16_1/HBFDP_PreCopy.SHA1_2025-02-17_1/RAM16384/Experiment8
receiving incremental file list
mem_usage.log
              0   0%    0.00kB/s    0:00:00           97,019 100%   92.52MB/s    0:00:00 (xfr#1, to-chk=0/1)

sent 43 bytes  received 97,128 bytes  64,780.67 bytes/sec
total size is 97,019  speedup is 1.00
root@10.22.196.195:/home/vmuser/Desktop/net_usage.log
/mnt/nfs/samindu/mrmpplm/Data-and-Logs/Experiment-Data/final_2025-02-16_1/Memcached_2025-02-16_1/HBFDP_PreCopy.SHA1_2025-02-17_1/RAM16384/Experiment8
receiving incremental file list
net_usage.log
              0   0%    0.00kB/s    0:00:00           13,311 100%   12.69MB/s    0:00:00 (xfr#1, to-chk=0/1)

sent 43 bytes  received 13,408 bytes  26,902.00 bytes/sec
total size is 13,311  speedup is 0.99
