             total       used       free     shared    buffers     cached
Mem:          7.8G       674M       7.1G       3.4M        38M       289M
-/+ buffers/cache:       346M       7.5G
Swap:         8.0G         0B       8.0G

             total       used       free     shared    buffers     cached
Mem:          7.8G       673M       7.1G       1.6M        38M       288M
-/+ buffers/cache:       346M       7.5G
Swap:         8.0G         0B       8.0G

             total       used       free     shared    buffers     cached
Mem:          7.8G       673M       7.1G       1.6M        38M       288M
-/+ buffers/cache:       346M       7.5G
Swap:         8.0G         0B       8.0G

             total       used       free     shared    buffers     cached
Mem:          7.8G       673M       7.1G       1.6M        38M       288M
-/+ buffers/cache:       346M       7.5G
Swap:         8.0G         0B       8.0G

             total       used       free     shared    buffers     cached
Mem:          7.8G       673M       7.1G       1.6M        38M       288M
-/+ buffers/cache:       346M       7.5G
Swap:         8.0G         0B       8.0G

             total       used       free     shared    buffers     cached
Mem:          7.8G       673M       7.1G       1.6M        38M       288M
-/+ buffers/cache:       346M       7.5G
Swap:         8.0G         0B       8.0G

             total       used       free     shared    buffers     cached
Mem:          7.8G       672M       7.1G       1.6M        38M       288M
-/+ buffers/cache:       346M       7.5G
Swap:         8.0G         0B       8.0G

             total       used       free     shared    buffers     cached
Mem:          7.8G       672M       7.1G       1.6M        38M       288M
-/+ buffers/cache:       345M       7.5G
Swap:         8.0G         0B       8.0G

             total       used       free     shared    buffers     cached
Mem:          7.8G       672M       7.1G       1.6M        38M       288M
-/+ buffers/cache:       345M       7.5G
Swap:         8.0G         0B       8.0G

             total       used       free     shared    buffers     cached
Mem:          7.8G       675M       7.1G       1.6M        38M       288M
-/+ buffers/cache:       348M       7.5G
Swap:         8.0G         0B       8.0G

             total       used       free     shared    buffers     cached
Mem:          7.8G       692M       7.1G       1.6M        38M       288M
-/+ buffers/cache:       365M       7.4G
Swap:         8.0G         0B       8.0G

             total       used       free     shared    buffers     cached
Mem:          7.8G       703M       7.1G       1.6M        38M       288M
-/+ buffers/cache:       376M       7.4G
Swap:         8.0G         0B       8.0G

             total       used       free     shared    buffers     cached
Mem:          7.8G       681M       7.1G       1.6M        38M       289M
-/+ buffers/cache:       353M       7.5G
Swap:         8.0G         0B       8.0G

             total       used       free     shared    buffers     cached
Mem:          7.8G       682M       7.1G       1.6M        38M       289M
-/+ buffers/cache:       353M       7.5G
Swap:         8.0G         0B       8.0G

             total       used       free     shared    buffers     cached
Mem:          7.8G       682M       7.1G       1.6M        38M       289M
-/+ buffers/cache:       353M       7.5G
Swap:         8.0G         0B       8.0G

             total       used       free     shared    buffers     cached
Mem:          7.8G       682M       7.1G       1.6M        38M       289M
-/+ buffers/cache:       353M       7.5G
Swap:         8.0G         0B       8.0G

             total       used       free     shared    buffers     cached
Mem:          7.8G       682M       7.1G       1.6M        38M       289M
-/+ buffers/cache:       353M       7.5G
Swap:         8.0G         0B       8.0G

             total       used       free     shared    buffers     cached
Mem:          7.8G       682M       7.1G       1.6M        38M       289M
-/+ buffers/cache:       353M       7.5G
Swap:         8.0G         0B       8.0G

             total       used       free     shared    buffers     cached
Mem:          7.8G       682M       7.1G       1.6M        38M       289M
-/+ buffers/cache:       353M       7.5G
Swap:         8.0G         0B       8.0G

             total       used       free     shared    buffers     cached
Mem:          7.8G       682M       7.1G       1.6M        38M       289M
-/+ buffers/cache:       353M       7.5G
Swap:         8.0G         0B       8.0G

             total       used       free     shared    buffers     cached
Mem:          7.8G       682M       7.1G       1.6M        38M       289M
-/+ buffers/cache:       353M       7.5G
Swap:         8.0G         0B       8.0G

             total       used       free     shared    buffers     cached
Mem:          7.8G       682M       7.1G       1.6M        38M       289M
-/+ buffers/cache:       354M       7.5G
Swap:         8.0G         0B       8.0G

             total       used       free     shared    buffers     cached
Mem:          7.8G       682M       7.1G       1.6M        38M       289M
-/+ buffers/cache:       353M       7.5G
Swap:         8.0G         0B       8.0G

             total       used       free     shared    buffers     cached
Mem:          7.8G       682M       7.1G       1.6M        38M       289M
-/+ buffers/cache:       353M       7.5G
Swap:         8.0G         0B       8.0G

             total       used       free     shared    buffers     cached
Mem:          7.8G       682M       7.1G       1.6M        38M       289M
-/+ buffers/cache:       353M       7.5G
Swap:         8.0G         0B       8.0G

             total       used       free     shared    buffers     cached
Mem:          7.8G       682M       7.1G       1.6M        38M       289M
-/+ buffers/cache:       353M       7.5G
Swap:         8.0G         0B       8.0G

             total       used       free     shared    buffers     cached
Mem:          7.8G       682M       7.1G       1.6M        38M       289M
-/+ buffers/cache:       353M       7.5G
Swap:         8.0G         0B       8.0G

             total       used       free     shared    buffers     cached
Mem:          7.8G       682M       7.1G       1.6M        38M       289M
-/+ buffers/cache:       353M       7.5G
Swap:         8.0G         0B       8.0G

             total       used       free     shared    buffers     cached
Mem:          7.8G       682M       7.1G       1.6M        38M       289M
-/+ buffers/cache:       353M       7.5G
Swap:         8.0G         0B       8.0G

             total       used       free     shared    buffers     cached
Mem:          7.8G       682M       7.1G       1.6M        38M       289M
-/+ buffers/cache:       353M       7.5G
Swap:         8.0G         0B       8.0G

             total       used       free     shared    buffers     cached
Mem:          7.8G       682M       7.1G       1.6M        38M       289M
-/+ buffers/cache:       353M       7.5G
Swap:         8.0G         0B       8.0G

             total       used       free     shared    buffers     cached
Mem:          7.8G       682M       7.1G       1.6M        38M       289M
-/+ buffers/cache:       353M       7.5G
Swap:         8.0G         0B       8.0G

             total       used       free     shared    buffers     cached
Mem:          7.8G       682M       7.1G       1.6M        38M       289M
-/+ buffers/cache:       353M       7.5G
Swap:         8.0G         0B       8.0G

             total       used       free     shared    buffers     cached
Mem:          7.8G       690M       7.1G       1.6M        38M       289M
-/+ buffers/cache:       361M       7.4G
Swap:         8.0G         0B       8.0G

             total       used       free     shared    buffers     cached
Mem:          7.8G       711M       7.1G       1.6M        38M       289M
-/+ buffers/cache:       382M       7.4G
Swap:         8.0G         0B       8.0G

             total       used       free     shared    buffers     cached
Mem:          7.8G       731M       7.1G       1.6M        38M       289M
-/+ buffers/cache:       403M       7.4G
Swap:         8.0G         0B       8.0G

             total       used       free     shared    buffers     cached
Mem:          7.8G       750M       7.1G       1.6M        38M       289M
-/+ buffers/cache:       421M       7.4G
Swap:         8.0G         0B       8.0G

             total       used       free     shared    buffers     cached
Mem:          7.8G       766M       7.0G       1.6M        38M       289M
-/+ buffers/cache:       437M       7.4G
Swap:         8.0G         0B       8.0G

             total       used       free     shared    buffers     cached
Mem:          7.8G       781M       7.0G       1.6M        38M       289M
-/+ buffers/cache:       452M       7.4G
Swap:         8.0G         0B       8.0G

             total       used       free     shared    buffers     cached
Mem:          7.8G       795M       7.0G       1.6M        38M       289M
-/+ buffers/cache:       466M       7.3G
Swap:         8.0G         0B       8.0G

             total       used       free     shared    buffers     cached
Mem:          7.8G       810M       7.0G       1.6M        38M       289M
-/+ buffers/cache:       482M       7.3G
Swap:         8.0G         0B       8.0G

             total       used       free     shared    buffers     cached
Mem:          7.8G       825M       7.0G       1.6M        38M       289M
-/+ buffers/cache:       497M       7.3G
Swap:         8.0G         0B       8.0G

             total       used       free     shared    buffers     cached
Mem:          7.8G       841M       7.0G       1.6M        38M       289M
-/+ buffers/cache:       512M       7.3G
Swap:         8.0G         0B       8.0G

             total       used       free     shared    buffers     cached
Mem:          7.8G       862M       7.0G       1.6M        38M       289M
-/+ buffers/cache:       533M       7.3G
Swap:         8.0G         0B       8.0G

             total       used       free     shared    buffers     cached
Mem:          7.8G       880M       6.9G       1.6M        38M       289M
-/+ buffers/cache:       551M       7.3G
Swap:         8.0G         0B       8.0G

             total       used       free     shared    buffers     cached
Mem:          7.8G       899M       6.9G       1.6M        38M       289M
-/+ buffers/cache:       570M       7.2G
Swap:         8.0G         0B       8.0G

             total       used       free     shared    buffers     cached
Mem:          7.8G       916M       6.9G       1.6M        38M       289M
-/+ buffers/cache:       587M       7.2G
Swap:         8.0G         0B       8.0G

             total       used       free     shared    buffers     cached
Mem:          7.8G       937M       6.9G       1.6M        38M       289M
-/+ buffers/cache:       608M       7.2G
Swap:         8.0G         0B       8.0G

             total       used       free     shared    buffers     cached
Mem:          7.8G       955M       6.9G       1.6M        38M       289M
-/+ buffers/cache:       626M       7.2G
Swap:         8.0G         0B       8.0G

             total       used       free     shared    buffers     cached
Mem:          7.8G       971M       6.8G       1.6M        38M       289M
-/+ buffers/cache:       642M       7.2G
Swap:         8.0G         0B       8.0G

             total       used       free     shared    buffers     cached
Mem:          7.8G       988M       6.8G       1.6M        38M       289M
-/+ buffers/cache:       659M       7.2G
Swap:         8.0G         0B       8.0G

             total       used       free     shared    buffers     cached
Mem:          7.8G       1.0G       6.8G       1.6M        38M       289M
-/+ buffers/cache:       674M       7.1G
Swap:         8.0G         0B       8.0G

             total       used       free     shared    buffers     cached
Mem:          7.8G       1.0G       6.8G       1.6M        38M       289M
-/+ buffers/cache:       690M       7.1G
Swap:         8.0G         0B       8.0G

             total       used       free     shared    buffers     cached
Mem:          7.8G       1.0G       6.8G       1.6M        38M       289M
-/+ buffers/cache:       708M       7.1G
Swap:         8.0G         0B       8.0G

             total       used       free     shared    buffers     cached
Mem:          7.8G       1.0G       6.8G       1.6M        38M       289M
-/+ buffers/cache:       723M       7.1G
Swap:         8.0G         0B       8.0G

             total       used       free     shared    buffers     cached
Mem:          7.8G       1.0G       6.8G       1.6M        38M       289M
-/+ buffers/cache:       739M       7.1G
Swap:         8.0G         0B       8.0G

             total       used       free     shared    buffers     cached
Mem:          7.8G       1.1G       6.7G       1.6M        38M       289M
-/+ buffers/cache:       754M       7.1G
Swap:         8.0G         0B       8.0G

             total       used       free     shared    buffers     cached
Mem:          7.8G       1.1G       6.7G       1.6M        38M       289M
-/+ buffers/cache:       771M       7.0G
Swap:         8.0G         0B       8.0G

             total       used       free     shared    buffers     cached
Mem:          7.8G       1.1G       6.7G       1.6M        38M       289M
-/+ buffers/cache:       788M       7.0G
Swap:         8.0G         0B       8.0G

             total       used       free     shared    buffers     cached
Mem:          7.8G       1.1G       6.7G       1.6M        38M       289M
-/+ buffers/cache:       801M       7.0G
Swap:         8.0G         0B       8.0G

             total       used       free     shared    buffers     cached
Mem:          7.8G       1.1G       6.7G       1.6M        38M       289M
-/+ buffers/cache:       812M       7.0G
Swap:         8.0G         0B       8.0G

             total       used       free     shared    buffers     cached
Mem:          7.8G       1.1G       6.7G       1.6M        38M       289M
-/+ buffers/cache:       827M       7.0G
Swap:         8.0G         0B       8.0G

             total       used       free     shared    buffers     cached
Mem:          7.8G       1.1G       6.7G       1.6M        38M       289M
-/+ buffers/cache:       844M       7.0G
Swap:         8.0G         0B       8.0G

             total       used       free     shared    buffers     cached
Mem:          7.8G       1.2G       6.6G       1.6M        38M       289M
-/+ buffers/cache:       860M       7.0G
Swap:         8.0G         0B       8.0G

             total       used       free     shared    buffers     cached
Mem:          7.8G       1.2G       6.6G       1.6M        38M       289M
-/+ buffers/cache:       874M       6.9G
Swap:         8.0G         0B       8.0G

             total       used       free     shared    buffers     cached
Mem:          7.8G       1.2G       6.6G       1.6M        38M       289M
-/+ buffers/cache:       890M       6.9G
Swap:         8.0G         0B       8.0G

             total       used       free     shared    buffers     cached
Mem:          7.8G       1.2G       6.6G       1.6M        38M       289M
-/+ buffers/cache:       905M       6.9G
Swap:         8.0G         0B       8.0G

             total       used       free     shared    buffers     cached
Mem:          7.8G       1.2G       6.6G       1.6M        38M       289M
-/+ buffers/cache:       921M       6.9G
Swap:         8.0G         0B       8.0G

             total       used       free     shared    buffers     cached
Mem:          7.8G       1.2G       6.6G       1.6M        38M       289M
-/+ buffers/cache:       937M       6.9G
Swap:         8.0G         0B       8.0G

             total       used       free     shared    buffers     cached
Mem:          7.8G       1.3G       6.5G       1.6M        38M       290M
-/+ buffers/cache:       953M       6.9G
Swap:         8.0G         0B       8.0G

             total       used       free     shared    buffers     cached
Mem:          7.8G       1.3G       6.5G       1.6M        38M       290M
-/+ buffers/cache:       968M       6.9G
Swap:         8.0G         0B       8.0G

             total       used       free     shared    buffers     cached
Mem:          7.8G       1.3G       6.5G       1.6M        38M       290M
-/+ buffers/cache:       983M       6.8G
Swap:         8.0G         0B       8.0G

             total       used       free     shared    buffers     cached
Mem:          7.8G       1.3G       6.5G       1.6M        38M       290M
-/+ buffers/cache:       999M       6.8G
Swap:         8.0G         0B       8.0G

             total       used       free     shared    buffers     cached
Mem:          7.8G       1.3G       6.5G       1.6M        38M       290M
-/+ buffers/cache:       1.0G       6.8G
Swap:         8.0G         0B       8.0G

             total       used       free     shared    buffers     cached
Mem:          7.8G       1.3G       6.5G       1.6M        38M       290M
-/+ buffers/cache:       1.0G       6.8G
Swap:         8.0G         0B       8.0G

             total       used       free     shared    buffers     cached
Mem:          7.8G       1.3G       6.5G       1.6M        38M       290M
-/+ buffers/cache:       1.0G       6.8G
Swap:         8.0G         0B       8.0G

             total       used       free     shared    buffers     cached
Mem:          7.8G       1.4G       6.4G       1.6M        38M       290M
-/+ buffers/cache:       1.0G       6.8G
Swap:         8.0G         0B       8.0G

             total       used       free     shared    buffers     cached
Mem:          7.8G       1.4G       6.4G       1.6M        38M       290M
-/+ buffers/cache:       1.1G       6.7G
Swap:         8.0G         0B       8.0G

             total       used       free     shared    buffers     cached
Mem:          7.8G       1.4G       6.4G       1.6M        38M       290M
-/+ buffers/cache:       1.1G       6.7G
Swap:         8.0G         0B       8.0G

             total       used       free     shared    buffers     cached
Mem:          7.8G       1.4G       6.4G       1.6M        38M       290M
-/+ buffers/cache:       1.1G       6.7G
Swap:         8.0G         0B       8.0G

             total       used       free     shared    buffers     cached
Mem:          7.8G       1.4G       6.4G       1.6M        38M       290M
-/+ buffers/cache:       1.1G       6.7G
Swap:         8.0G         0B       8.0G

             total       used       free     shared    buffers     cached
Mem:          7.8G       1.4G       6.4G       1.6M        38M       290M
-/+ buffers/cache:       1.1G       6.7G
Swap:         8.0G         0B       8.0G

             total       used       free     shared    buffers     cached
Mem:          7.8G       1.5G       6.3G       1.6M        38M       290M
-/+ buffers/cache:       1.1G       6.7G
Swap:         8.0G         0B       8.0G

             total       used       free     shared    buffers     cached
Mem:          7.8G       1.5G       6.3G       1.6M        38M       290M
-/+ buffers/cache:       1.1G       6.6G
Swap:         8.0G         0B       8.0G

             total       used       free     shared    buffers     cached
Mem:          7.8G       1.5G       6.3G       1.6M        38M       290M
-/+ buffers/cache:       1.2G       6.6G
Swap:         8.0G         0B       8.0G

             total       used       free     shared    buffers     cached
Mem:          7.8G       1.5G       6.3G       1.6M        38M       290M
-/+ buffers/cache:       1.2G       6.6G
Swap:         8.0G         0B       8.0G

             total       used       free     shared    buffers     cached
Mem:          7.8G       1.5G       6.3G       1.6M        38M       290M
-/+ buffers/cache:       1.2G       6.6G
Swap:         8.0G         0B       8.0G

             total       used       free     shared    buffers     cached
Mem:          7.8G       1.5G       6.3G       1.6M        38M       290M
-/+ buffers/cache:       1.2G       6.6G
Swap:         8.0G         0B       8.0G

             total       used       free     shared    buffers     cached
Mem:          7.8G       1.5G       6.2G       1.6M        38M       290M
-/+ buffers/cache:       1.2G       6.6G
Swap:         8.0G         0B       8.0G

             total       used       free     shared    buffers     cached
Mem:          7.8G       1.6G       6.2G       1.6M        38M       290M
-/+ buffers/cache:       1.2G       6.6G
Swap:         8.0G         0B       8.0G

             total       used       free     shared    buffers     cached
Mem:          7.8G       1.6G       6.2G       1.6M        38M       290M
-/+ buffers/cache:       1.3G       6.5G
Swap:         8.0G         0B       8.0G

             total       used       free     shared    buffers     cached
Mem:          7.8G       1.6G       6.2G       1.6M        38M       290M
-/+ buffers/cache:       1.3G       6.5G
Swap:         8.0G         0B       8.0G

             total       used       free     shared    buffers     cached
Mem:          7.8G       1.6G       6.2G       1.6M        38M       290M
-/+ buffers/cache:       1.3G       6.5G
Swap:         8.0G         0B       8.0G

             total       used       free     shared    buffers     cached
Mem:          7.8G       1.6G       6.2G       1.6M        38M       290M
-/+ buffers/cache:       1.3G       6.5G
Swap:         8.0G         0B       8.0G

             total       used       free     shared    buffers     cached
Mem:          7.8G       1.6G       6.2G       1.6M        38M       290M
-/+ buffers/cache:       1.3G       6.5G
Swap:         8.0G         0B       8.0G

             total       used       free     shared    buffers     cached
Mem:          7.8G       1.7G       6.1G       1.6M        38M       290M
-/+ buffers/cache:       1.3G       6.5G
Swap:         8.0G         0B       8.0G

             total       used       free     shared    buffers     cached
Mem:          7.8G       1.7G       6.1G       1.6M        38M       290M
-/+ buffers/cache:       1.4G       6.4G
Swap:         8.0G         0B       8.0G

             total       used       free     shared    buffers     cached
Mem:          7.8G       1.7G       6.1G       1.6M        38M       290M
-/+ buffers/cache:       1.4G       6.4G
Swap:         8.0G         0B       8.0G

             total       used       free     shared    buffers     cached
Mem:          7.8G       1.7G       6.1G       1.6M        38M       290M
-/+ buffers/cache:       1.4G       6.4G
Swap:         8.0G         0B       8.0G

             total       used       free     shared    buffers     cached
Mem:          7.8G       1.7G       6.1G       1.6M        38M       290M
-/+ buffers/cache:       1.4G       6.4G
Swap:         8.0G         0B       8.0G

             total       used       free     shared    buffers     cached
Mem:          7.8G       1.7G       6.1G       1.6M        38M       290M
-/+ buffers/cache:       1.4G       6.4G
Swap:         8.0G         0B       8.0G

             total       used       free     shared    buffers     cached
Mem:          7.8G       1.7G       6.1G       1.6M        38M       290M
-/+ buffers/cache:       1.4G       6.4G
Swap:         8.0G         0B       8.0G

             total       used       free     shared    buffers     cached
Mem:          7.8G       1.8G       6.0G       1.6M        38M       290M
-/+ buffers/cache:       1.4G       6.4G
Swap:         8.0G         0B       8.0G

             total       used       free     shared    buffers     cached
Mem:          7.8G       1.8G       6.0G       1.6M        38M       290M
-/+ buffers/cache:       1.5G       6.3G
Swap:         8.0G         0B       8.0G

             total       used       free     shared    buffers     cached
Mem:          7.8G       1.8G       6.0G       1.6M        38M       290M
-/+ buffers/cache:       1.5G       6.3G
Swap:         8.0G         0B       8.0G

             total       used       free     shared    buffers     cached
Mem:          7.8G       1.8G       6.0G       1.6M        38M       290M
-/+ buffers/cache:       1.5G       6.3G
Swap:         8.0G         0B       8.0G

             total       used       free     shared    buffers     cached
Mem:          7.8G       1.8G       6.0G       1.6M        38M       290M
-/+ buffers/cache:       1.5G       6.3G
Swap:         8.0G         0B       8.0G

             total       used       free     shared    buffers     cached
Mem:          7.8G       1.8G       6.0G       1.6M        38M       290M
-/+ buffers/cache:       1.5G       6.3G
Swap:         8.0G         0B       8.0G

             total       used       free     shared    buffers     cached
Mem:          7.8G       1.9G       5.9G       1.6M        38M       290M
-/+ buffers/cache:       1.5G       6.3G
Swap:         8.0G         0B       8.0G

             total       used       free     shared    buffers     cached
Mem:          7.8G       1.9G       5.9G       1.6M        38M       290M
-/+ buffers/cache:       1.5G       6.3G
Swap:         8.0G         0B       8.0G

             total       used       free     shared    buffers     cached
Mem:          7.8G       1.9G       5.9G       1.6M        38M       290M
-/+ buffers/cache:       1.6G       6.2G
Swap:         8.0G         0B       8.0G

             total       used       free     shared    buffers     cached
Mem:          7.8G       1.9G       5.9G       1.6M        38M       290M
-/+ buffers/cache:       1.6G       6.2G
Swap:         8.0G         0B       8.0G

             total       used       free     shared    buffers     cached
Mem:          7.8G       1.9G       5.9G       1.6M        38M       290M
-/+ buffers/cache:       1.6G       6.2G
Swap:         8.0G         0B       8.0G

             total       used       free     shared    buffers     cached
Mem:          7.8G       1.9G       5.9G       1.6M        38M       290M
-/+ buffers/cache:       1.6G       6.2G
Swap:         8.0G         0B       8.0G

             total       used       free     shared    buffers     cached
Mem:          7.8G       2.0G       5.8G       1.6M        38M       290M
-/+ buffers/cache:       1.6G       6.2G
Swap:         8.0G         0B       8.0G

             total       used       free     shared    buffers     cached
Mem:          7.8G       2.0G       5.8G       1.6M        38M       290M
-/+ buffers/cache:       1.6G       6.2G
Swap:         8.0G         0B       8.0G

             total       used       free     shared    buffers     cached
Mem:          7.8G       2.0G       5.8G       1.6M        38M       290M
-/+ buffers/cache:       1.7G       6.1G
Swap:         8.0G         0B       8.0G

             total       used       free     shared    buffers     cached
Mem:          7.8G       2.0G       5.8G       1.6M        38M       290M
-/+ buffers/cache:       1.7G       6.1G
Swap:         8.0G         0B       8.0G

             total       used       free     shared    buffers     cached
Mem:          7.8G       2.0G       5.8G       1.6M        38M       290M
-/+ buffers/cache:       1.7G       6.1G
Swap:         8.0G         0B       8.0G

             total       used       free     shared    buffers     cached
Mem:          7.8G       2.0G       5.8G       1.6M        38M       290M
-/+ buffers/cache:       1.7G       6.1G
Swap:         8.0G         0B       8.0G

             total       used       free     shared    buffers     cached
Mem:          7.8G       2.1G       5.7G       1.6M        38M       290M
-/+ buffers/cache:       1.7G       6.1G
Swap:         8.0G         0B       8.0G

             total       used       free     shared    buffers     cached
Mem:          7.8G       2.1G       5.7G       1.6M        38M       290M
-/+ buffers/cache:       1.7G       6.0G
Swap:         8.0G         0B       8.0G

             total       used       free     shared    buffers     cached
Mem:          7.8G       2.1G       5.7G       1.6M        38M       290M
-/+ buffers/cache:       1.8G       6.0G
Swap:         8.0G         0B       8.0G

             total       used       free     shared    buffers     cached
Mem:          7.8G       2.1G       5.7G       1.6M        38M       290M
-/+ buffers/cache:       1.8G       6.0G
Swap:         8.0G         0B       8.0G

             total       used       free     shared    buffers     cached
Mem:          7.8G       2.1G       5.7G       1.6M        38M       290M
-/+ buffers/cache:       1.8G       6.0G
Swap:         8.0G         0B       8.0G

             total       used       free     shared    buffers     cached
Mem:          7.8G       2.1G       5.7G       1.6M        38M       290M
-/+ buffers/cache:       1.8G       6.0G
Swap:         8.0G         0B       8.0G

             total       used       free     shared    buffers     cached
Mem:          7.8G       2.1G       5.6G       1.6M        38M       290M
-/+ buffers/cache:       1.8G       6.0G
Swap:         8.0G         0B       8.0G

             total       used       free     shared    buffers     cached
Mem:          7.8G       2.2G       5.6G       1.6M        38M       290M
-/+ buffers/cache:       1.8G       6.0G
Swap:         8.0G         0B       8.0G

             total       used       free     shared    buffers     cached
Mem:          7.8G       2.2G       5.6G       1.6M        38M       290M
-/+ buffers/cache:       1.9G       5.9G
Swap:         8.0G         0B       8.0G

             total       used       free     shared    buffers     cached
Mem:          7.8G       2.2G       5.6G       1.6M        38M       290M
-/+ buffers/cache:       1.9G       5.9G
Swap:         8.0G         0B       8.0G

             total       used       free     shared    buffers     cached
Mem:          7.8G       2.2G       5.6G       1.6M        38M       290M
-/+ buffers/cache:       1.9G       5.9G
Swap:         8.0G         0B       8.0G

             total       used       free     shared    buffers     cached
Mem:          7.8G       2.2G       5.6G       1.6M        38M       290M
-/+ buffers/cache:       1.9G       5.9G
Swap:         8.0G         0B       8.0G

             total       used       free     shared    buffers     cached
Mem:          7.8G       2.2G       5.6G       1.6M        38M       290M
-/+ buffers/cache:       1.9G       5.9G
Swap:         8.0G         0B       8.0G

             total       used       free     shared    buffers     cached
Mem:          7.8G       2.3G       5.5G       1.6M        38M       290M
-/+ buffers/cache:       1.9G       5.9G
Swap:         8.0G         0B       8.0G

             total       used       free     shared    buffers     cached
Mem:          7.8G       2.3G       5.5G       1.6M        38M       290M
-/+ buffers/cache:       2.0G       5.8G
Swap:         8.0G         0B       8.0G

             total       used       free     shared    buffers     cached
Mem:          7.8G       2.3G       5.5G       1.6M        38M       290M
-/+ buffers/cache:       2.0G       5.8G
Swap:         8.0G         0B       8.0G

             total       used       free     shared    buffers     cached
Mem:          7.8G       2.3G       5.5G       1.6M        38M       290M
-/+ buffers/cache:       2.0G       5.8G
Swap:         8.0G         0B       8.0G

             total       used       free     shared    buffers     cached
Mem:          7.8G       2.3G       5.5G       1.6M        38M       290M
-/+ buffers/cache:       2.0G       5.8G
Swap:         8.0G         0B       8.0G

             total       used       free     shared    buffers     cached
Mem:          7.8G       2.3G       5.5G       1.6M        38M       290M
-/+ buffers/cache:       2.0G       5.8G
Swap:         8.0G         0B       8.0G

             total       used       free     shared    buffers     cached
Mem:          7.8G       2.3G       5.4G       1.6M        38M       290M
-/+ buffers/cache:       2.0G       5.8G
Swap:         8.0G         0B       8.0G

             total       used       free     shared    buffers     cached
Mem:          7.8G       2.4G       5.4G       1.6M        38M       290M
-/+ buffers/cache:       2.0G       5.8G
Swap:         8.0G         0B       8.0G

             total       used       free     shared    buffers     cached
Mem:          7.8G       2.4G       5.4G       1.6M        38M       290M
-/+ buffers/cache:       2.1G       5.7G
Swap:         8.0G         0B       8.0G

             total       used       free     shared    buffers     cached
Mem:          7.8G       2.4G       5.4G       1.6M        38M       290M
-/+ buffers/cache:       2.1G       5.7G
Swap:         8.0G         0B       8.0G

             total       used       free     shared    buffers     cached
Mem:          7.8G       2.4G       5.4G       1.6M        38M       290M
-/+ buffers/cache:       2.1G       5.7G
Swap:         8.0G         0B       8.0G

             total       used       free     shared    buffers     cached
Mem:          7.8G       2.4G       5.4G       1.6M        38M       290M
-/+ buffers/cache:       2.1G       5.7G
Swap:         8.0G         0B       8.0G

             total       used       free     shared    buffers     cached
Mem:          7.8G       2.4G       5.4G       1.6M        38M       290M
-/+ buffers/cache:       2.1G       5.7G
Swap:         8.0G         0B       8.0G

             total       used       free     shared    buffers     cached
Mem:          7.8G       2.4G       5.4G       1.6M        38M       290M
-/+ buffers/cache:       2.1G       5.7G
Swap:         8.0G         0B       8.0G

             total       used       free     shared    buffers     cached
Mem:          7.8G       2.4G       5.3G       1.6M        38M       290M
-/+ buffers/cache:       2.1G       5.7G
Swap:         8.0G         0B       8.0G

             total       used       free     shared    buffers     cached
Mem:          7.8G       2.5G       5.3G       1.6M        38M       290M
-/+ buffers/cache:       2.1G       5.7G
Swap:         8.0G         0B       8.0G

             total       used       free     shared    buffers     cached
Mem:          7.8G       2.5G       5.3G       1.6M        38M       290M
-/+ buffers/cache:       2.2G       5.6G
Swap:         8.0G         0B       8.0G

             total       used       free     shared    buffers     cached
Mem:          7.8G       2.5G       5.3G       1.6M        38M       290M
-/+ buffers/cache:       2.2G       5.6G
Swap:         8.0G         0B       8.0G

             total       used       free     shared    buffers     cached
Mem:          7.8G       2.5G       5.3G       1.6M        38M       290M
-/+ buffers/cache:       2.2G       5.6G
Swap:         8.0G         0B       8.0G

             total       used       free     shared    buffers     cached
Mem:          7.8G       2.5G       5.3G       1.6M        38M       290M
-/+ buffers/cache:       2.2G       5.6G
Swap:         8.0G         0B       8.0G

             total       used       free     shared    buffers     cached
Mem:          7.8G       2.5G       5.3G       1.6M        38M       290M
-/+ buffers/cache:       2.2G       5.6G
Swap:         8.0G         0B       8.0G

             total       used       free     shared    buffers     cached
Mem:          7.8G       2.6G       5.2G       1.6M        38M       290M
-/+ buffers/cache:       2.2G       5.6G
Swap:         8.0G         0B       8.0G

             total       used       free     shared    buffers     cached
Mem:          7.8G       2.6G       5.2G       1.6M        38M       290M
-/+ buffers/cache:       2.2G       5.5G
Swap:         8.0G         0B       8.0G

             total       used       free     shared    buffers     cached
Mem:          7.8G       2.6G       5.2G       1.6M        38M       290M
-/+ buffers/cache:       2.3G       5.5G
Swap:         8.0G         0B       8.0G

             total       used       free     shared    buffers     cached
Mem:          7.8G       2.6G       5.2G       1.6M        38M       290M
-/+ buffers/cache:       2.3G       5.5G
Swap:         8.0G         0B       8.0G

             total       used       free     shared    buffers     cached
Mem:          7.8G       2.6G       5.2G       1.6M        38M       290M
-/+ buffers/cache:       2.3G       5.5G
Swap:         8.0G         0B       8.0G

             total       used       free     shared    buffers     cached
Mem:          7.8G       2.6G       5.2G       1.6M        38M       290M
-/+ buffers/cache:       2.3G       5.5G
Swap:         8.0G         0B       8.0G

             total       used       free     shared    buffers     cached
Mem:          7.8G       2.6G       5.2G       1.6M        38M       290M
-/+ buffers/cache:       2.3G       5.5G
Swap:         8.0G         0B       8.0G

             total       used       free     shared    buffers     cached
Mem:          7.8G       2.7G       5.1G       1.6M        38M       290M
-/+ buffers/cache:       2.3G       5.5G
Swap:         8.0G         0B       8.0G

             total       used       free     shared    buffers     cached
Mem:          7.8G       2.7G       5.1G       1.6M        38M       290M
-/+ buffers/cache:       2.4G       5.4G
Swap:         8.0G         0B       8.0G

             total       used       free     shared    buffers     cached
Mem:          7.8G       2.7G       5.1G       1.6M        38M       290M
-/+ buffers/cache:       2.4G       5.4G
Swap:         8.0G         0B       8.0G

             total       used       free     shared    buffers     cached
Mem:          7.8G       2.7G       5.1G       1.6M        38M       290M
-/+ buffers/cache:       2.4G       5.4G
Swap:         8.0G         0B       8.0G

             total       used       free     shared    buffers     cached
Mem:          7.8G       2.7G       5.1G       1.6M        38M       290M
-/+ buffers/cache:       2.4G       5.4G
Swap:         8.0G         0B       8.0G

             total       used       free     shared    buffers     cached
Mem:          7.8G       2.7G       5.1G       1.6M        38M       290M
-/+ buffers/cache:       2.4G       5.4G
Swap:         8.0G         0B       8.0G

             total       used       free     shared    buffers     cached
Mem:          7.8G       2.8G       5.0G       1.6M        38M       290M
-/+ buffers/cache:       2.4G       5.4G
Swap:         8.0G         0B       8.0G

             total       used       free     shared    buffers     cached
Mem:          7.8G       2.8G       5.0G       1.6M        38M       290M
-/+ buffers/cache:       2.4G       5.4G
Swap:         8.0G         0B       8.0G

             total       used       free     shared    buffers     cached
Mem:          7.8G       2.8G       5.0G       1.6M        38M       290M
-/+ buffers/cache:       2.5G       5.3G
Swap:         8.0G         0B       8.0G

             total       used       free     shared    buffers     cached
Mem:          7.8G       2.8G       5.0G       1.6M        38M       290M
-/+ buffers/cache:       2.5G       5.3G
Swap:         8.0G         0B       8.0G

             total       used       free     shared    buffers     cached
Mem:          7.8G       2.8G       5.0G       1.6M        38M       290M
-/+ buffers/cache:       2.5G       5.3G
Swap:         8.0G         0B       8.0G

             total       used       free     shared    buffers     cached
Mem:          7.8G       2.8G       5.0G       1.6M        38M       290M
-/+ buffers/cache:       2.5G       5.3G
Swap:         8.0G         0B       8.0G

             total       used       free     shared    buffers     cached
Mem:          7.8G       2.8G       5.0G       1.6M        38M       290M
-/+ buffers/cache:       2.5G       5.3G
Swap:         8.0G         0B       8.0G

             total       used       free     shared    buffers     cached
Mem:          7.8G       2.9G       4.9G       1.6M        38M       290M
-/+ buffers/cache:       2.5G       5.3G
Swap:         8.0G         0B       8.0G

             total       used       free     shared    buffers     cached
Mem:          7.8G       2.9G       4.9G       1.6M        38M       290M
-/+ buffers/cache:       2.5G       5.3G
Swap:         8.0G         0B       8.0G

             total       used       free     shared    buffers     cached
Mem:          7.8G       2.9G       4.9G       1.6M        38M       290M
-/+ buffers/cache:       2.6G       5.2G
Swap:         8.0G         0B       8.0G

             total       used       free     shared    buffers     cached
Mem:          7.8G       2.9G       4.9G       1.6M        38M       290M
-/+ buffers/cache:       2.6G       5.2G
Swap:         8.0G         0B       8.0G

             total       used       free     shared    buffers     cached
Mem:          7.8G       2.9G       4.9G       1.6M        38M       290M
-/+ buffers/cache:       2.6G       5.2G
Swap:         8.0G         0B       8.0G

             total       used       free     shared    buffers     cached
Mem:          7.8G       2.9G       4.9G       1.6M        38M       290M
-/+ buffers/cache:       2.6G       5.2G
Swap:         8.0G         0B       8.0G

             total       used       free     shared    buffers     cached
Mem:          7.8G       2.9G       4.9G       1.6M        38M       290M
-/+ buffers/cache:       2.6G       5.2G
Swap:         8.0G         0B       8.0G

             total       used       free     shared    buffers     cached
Mem:          7.8G       2.9G       4.9G       1.6M        38M       290M
-/+ buffers/cache:       2.6G       5.2G
Swap:         8.0G         0B       8.0G

             total       used       free     shared    buffers     cached
Mem:          7.8G       2.9G       4.9G       1.6M        38M       290M
-/+ buffers/cache:       2.6G       5.2G
Swap:         8.0G         0B       8.0G

             total       used       free     shared    buffers     cached
Mem:          7.8G       3.0G       4.8G       1.6M        38M       290M
-/+ buffers/cache:       2.6G       5.2G
Swap:         8.0G         0B       8.0G

             total       used       free     shared    buffers     cached
Mem:          7.8G       3.0G       4.8G       1.6M        38M       290M
-/+ buffers/cache:       2.6G       5.2G
Swap:         8.0G         0B       8.0G

             total       used       free     shared    buffers     cached
Mem:          7.8G       3.0G       4.8G       1.6M        38M       290M
-/+ buffers/cache:       2.7G       5.1G
Swap:         8.0G         0B       8.0G

             total       used       free     shared    buffers     cached
Mem:          7.8G       3.0G       4.8G       1.6M        38M       290M
-/+ buffers/cache:       2.7G       5.1G
Swap:         8.0G         0B       8.0G

             total       used       free     shared    buffers     cached
Mem:          7.8G       3.0G       4.8G       1.6M        38M       290M
-/+ buffers/cache:       2.7G       5.1G
Swap:         8.0G         0B       8.0G

             total       used       free     shared    buffers     cached
Mem:          7.8G       3.0G       4.8G       1.6M        38M       290M
-/+ buffers/cache:       2.7G       5.1G
Swap:         8.0G         0B       8.0G

             total       used       free     shared    buffers     cached
Mem:          7.8G       3.0G       4.8G       1.6M        38M       290M
-/+ buffers/cache:       2.7G       5.1G
Swap:         8.0G         0B       8.0G

             total       used       free     shared    buffers     cached
Mem:          7.8G       3.0G       4.8G       1.6M        38M       290M
-/+ buffers/cache:       2.7G       5.1G
Swap:         8.0G         0B       8.0G

             total       used       free     shared    buffers     cached
Mem:          7.8G       3.1G       4.7G       1.6M        38M       290M
-/+ buffers/cache:       2.7G       5.1G
Swap:         8.0G         0B       8.0G

             total       used       free     shared    buffers     cached
Mem:          7.8G       3.1G       4.7G       1.6M        38M       290M
-/+ buffers/cache:       2.7G       5.1G
Swap:         8.0G         0B       8.0G

             total       used       free     shared    buffers     cached
Mem:          7.8G       3.1G       4.7G       1.6M        38M       290M
-/+ buffers/cache:       2.8G       5.0G
Swap:         8.0G         0B       8.0G

             total       used       free     shared    buffers     cached
Mem:          7.8G       3.1G       4.7G       1.6M        38M       290M
-/+ buffers/cache:       2.8G       5.0G
Swap:         8.0G         0B       8.0G

             total       used       free     shared    buffers     cached
Mem:          7.8G       3.1G       4.7G       1.6M        38M       290M
-/+ buffers/cache:       2.8G       5.0G
Swap:         8.0G         0B       8.0G

             total       used       free     shared    buffers     cached
Mem:          7.8G       3.1G       4.7G       1.6M        38M       290M
-/+ buffers/cache:       2.8G       5.0G
Swap:         8.0G         0B       8.0G

             total       used       free     shared    buffers     cached
Mem:          7.8G       3.1G       4.7G       1.6M        38M       290M
-/+ buffers/cache:       2.8G       5.0G
Swap:         8.0G         0B       8.0G

             total       used       free     shared    buffers     cached
Mem:          7.8G       3.1G       4.7G       1.6M        38M       290M
-/+ buffers/cache:       2.8G       5.0G
Swap:         8.0G         0B       8.0G

             total       used       free     shared    buffers     cached
Mem:          7.8G       3.1G       4.7G       1.6M        38M       290M
-/+ buffers/cache:       2.8G       5.0G
Swap:         8.0G         0B       8.0G

             total       used       free     shared    buffers     cached
Mem:          7.8G       3.1G       4.7G       1.6M        38M       290M
-/+ buffers/cache:       2.8G       5.0G
Swap:         8.0G         0B       8.0G

             total       used       free     shared    buffers     cached
Mem:          7.8G       3.2G       4.6G       1.6M        38M       290M
-/+ buffers/cache:       2.8G       5.0G
Swap:         8.0G         0B       8.0G

             total       used       free     shared    buffers     cached
Mem:          7.8G       3.2G       4.6G       1.6M        38M       290M
-/+ buffers/cache:       2.8G       5.0G
Swap:         8.0G         0B       8.0G

             total       used       free     shared    buffers     cached
Mem:          7.8G       3.2G       4.6G       1.6M        38M       290M
-/+ buffers/cache:       2.8G       4.9G
Swap:         8.0G         0B       8.0G

             total       used       free     shared    buffers     cached
Mem:          7.8G       3.2G       4.6G       1.6M        38M       290M
-/+ buffers/cache:       2.9G       4.9G
Swap:         8.0G         0B       8.0G

             total       used       free     shared    buffers     cached
Mem:          7.8G       3.2G       4.6G       1.6M        38M       290M
-/+ buffers/cache:       2.9G       4.9G
Swap:         8.0G         0B       8.0G

             total       used       free     shared    buffers     cached
Mem:          7.8G       3.2G       4.6G       1.6M        38M       290M
-/+ buffers/cache:       2.9G       4.9G
Swap:         8.0G         0B       8.0G

             total       used       free     shared    buffers     cached
Mem:          7.8G       3.2G       4.6G       1.6M        38M       290M
-/+ buffers/cache:       2.9G       4.9G
Swap:         8.0G         0B       8.0G

             total       used       free     shared    buffers     cached
Mem:          7.8G       3.2G       4.6G       1.6M        38M       290M
-/+ buffers/cache:       2.9G       4.9G
Swap:         8.0G         0B       8.0G

             total       used       free     shared    buffers     cached
Mem:          7.8G       3.2G       4.6G       1.6M        38M       290M
-/+ buffers/cache:       2.9G       4.9G
Swap:         8.0G         0B       8.0G

             total       used       free     shared    buffers     cached
Mem:          7.8G       3.2G       4.6G       1.6M        38M       290M
-/+ buffers/cache:       2.9G       4.9G
Swap:         8.0G         0B       8.0G

             total       used       free     shared    buffers     cached
Mem:          7.8G       3.2G       4.5G       1.6M        38M       290M
-/+ buffers/cache:       2.9G       4.9G
Swap:         8.0G         0B       8.0G

             total       used       free     shared    buffers     cached
Mem:          7.8G       3.3G       4.5G       1.6M        38M       290M
-/+ buffers/cache:       2.9G       4.9G
Swap:         8.0G         0B       8.0G

             total       used       free     shared    buffers     cached
Mem:          7.8G       3.3G       4.5G       1.6M        38M       290M
-/+ buffers/cache:       2.9G       4.8G
Swap:         8.0G         0B       8.0G

             total       used       free     shared    buffers     cached
Mem:          7.8G       3.3G       4.5G       1.6M        38M       290M
-/+ buffers/cache:       3.0G       4.8G
Swap:         8.0G         0B       8.0G

             total       used       free     shared    buffers     cached
Mem:          7.8G       3.3G       4.5G       1.6M        38M       290M
-/+ buffers/cache:       3.0G       4.8G
Swap:         8.0G         0B       8.0G

             total       used       free     shared    buffers     cached
Mem:          7.8G       3.3G       4.5G       1.6M        38M       290M
-/+ buffers/cache:       3.0G       4.8G
Swap:         8.0G         0B       8.0G

             total       used       free     shared    buffers     cached
Mem:          7.8G       3.3G       4.5G       1.6M        38M       290M
-/+ buffers/cache:       3.0G       4.8G
Swap:         8.0G         0B       8.0G

             total       used       free     shared    buffers     cached
Mem:          7.8G       3.3G       4.5G       1.6M        38M       290M
-/+ buffers/cache:       3.0G       4.8G
Swap:         8.0G         0B       8.0G

             total       used       free     shared    buffers     cached
Mem:          7.8G       3.3G       4.5G       1.6M        38M       290M
-/+ buffers/cache:       3.0G       4.8G
Swap:         8.0G         0B       8.0G

             total       used       free     shared    buffers     cached
Mem:          7.8G       3.3G       4.5G       1.6M        38M       290M
-/+ buffers/cache:       3.0G       4.8G
Swap:         8.0G         0B       8.0G

             total       used       free     shared    buffers     cached
Mem:          7.8G       3.3G       4.5G       1.6M        38M       290M
-/+ buffers/cache:       3.0G       4.8G
Swap:         8.0G         0B       8.0G

             total       used       free     shared    buffers     cached
Mem:          7.8G       3.3G       4.5G       1.6M        38M       290M
-/+ buffers/cache:       3.0G       4.8G
Swap:         8.0G         0B       8.0G

             total       used       free     shared    buffers     cached
Mem:          7.8G       3.3G       4.5G       1.6M        38M       290M
-/+ buffers/cache:       3.0G       4.8G
Swap:         8.0G         0B       8.0G

             total       used       free     shared    buffers     cached
Mem:          7.8G       3.3G       4.5G       1.6M        38M       290M
-/+ buffers/cache:       3.0G       4.8G
Swap:         8.0G         0B       8.0G

             total       used       free     shared    buffers     cached
Mem:          7.8G       3.3G       4.5G       1.6M        38M       290M
-/+ buffers/cache:       3.0G       4.8G
Swap:         8.0G         0B       8.0G

             total       used       free     shared    buffers     cached
Mem:          7.8G       3.4G       4.4G       1.6M        38M       290M
-/+ buffers/cache:       3.0G       4.8G
Swap:         8.0G         0B       8.0G

             total       used       free     shared    buffers     cached
Mem:          7.8G       3.4G       4.4G       1.6M        38M       290M
-/+ buffers/cache:       3.1G       4.7G
Swap:         8.0G         0B       8.0G

             total       used       free     shared    buffers     cached
Mem:          7.8G       3.4G       4.4G       1.6M        38M       290M
-/+ buffers/cache:       3.1G       4.7G
Swap:         8.0G         0B       8.0G

             total       used       free     shared    buffers     cached
Mem:          7.8G       3.4G       4.4G       1.6M        38M       290M
-/+ buffers/cache:       3.1G       4.7G
Swap:         8.0G         0B       8.0G

             total       used       free     shared    buffers     cached
Mem:          7.8G       3.4G       4.4G       1.6M        38M       290M
-/+ buffers/cache:       3.1G       4.7G
Swap:         8.0G         0B       8.0G

             total       used       free     shared    buffers     cached
Mem:          7.8G       3.4G       4.4G       1.6M        38M       290M
-/+ buffers/cache:       3.1G       4.7G
Swap:         8.0G         0B       8.0G

             total       used       free     shared    buffers     cached
Mem:          7.8G       3.4G       4.3G       1.6M        38M       290M
-/+ buffers/cache:       3.1G       4.7G
Swap:         8.0G         0B       8.0G

             total       used       free     shared    buffers     cached
Mem:          7.8G       3.5G       4.3G       1.6M        39M       290M
-/+ buffers/cache:       3.1G       4.7G
Swap:         8.0G         0B       8.0G

             total       used       free     shared    buffers     cached
Mem:          7.8G       3.5G       4.3G       1.6M        39M       290M
-/+ buffers/cache:       3.2G       4.6G
Swap:         8.0G         0B       8.0G

             total       used       free     shared    buffers     cached
Mem:          7.8G       3.5G       4.3G       1.6M        39M       290M
-/+ buffers/cache:       3.2G       4.6G
Swap:         8.0G         0B       8.0G

             total       used       free     shared    buffers     cached
Mem:          7.8G       3.5G       4.3G       1.6M        39M       290M
-/+ buffers/cache:       3.2G       4.6G
Swap:         8.0G         0B       8.0G

             total       used       free     shared    buffers     cached
Mem:          7.8G       3.5G       4.3G       1.6M        39M       290M
-/+ buffers/cache:       3.2G       4.6G
Swap:         8.0G         0B       8.0G

             total       used       free     shared    buffers     cached
Mem:          7.8G       3.5G       4.3G       1.6M        39M       290M
-/+ buffers/cache:       3.2G       4.6G
Swap:         8.0G         0B       8.0G

             total       used       free     shared    buffers     cached
Mem:          7.8G       3.5G       4.3G       1.6M        39M       290M
-/+ buffers/cache:       3.2G       4.6G
Swap:         8.0G         0B       8.0G

             total       used       free     shared    buffers     cached
Mem:          7.8G       3.6G       4.2G       1.6M        39M       290M
-/+ buffers/cache:       3.2G       4.6G
Swap:         8.0G         0B       8.0G

             total       used       free     shared    buffers     cached
Mem:          7.8G       3.6G       4.2G       1.6M        39M       290M
-/+ buffers/cache:       3.2G       4.5G
Swap:         8.0G         0B       8.0G

             total       used       free     shared    buffers     cached
Mem:          7.8G       3.6G       4.2G       1.6M        39M       290M
-/+ buffers/cache:       3.3G       4.5G
Swap:         8.0G         0B       8.0G

             total       used       free     shared    buffers     cached
Mem:          7.8G       3.6G       4.2G       1.6M        39M       290M
-/+ buffers/cache:       3.3G       4.5G
Swap:         8.0G         0B       8.0G

             total       used       free     shared    buffers     cached
Mem:          7.8G       3.6G       4.2G       1.6M        39M       290M
-/+ buffers/cache:       3.3G       4.5G
Swap:         8.0G         0B       8.0G

             total       used       free     shared    buffers     cached
Mem:          7.8G       3.6G       4.2G       1.6M        39M       290M
-/+ buffers/cache:       3.3G       4.5G
Swap:         8.0G         0B       8.0G

             total       used       free     shared    buffers     cached
Mem:          7.8G       3.6G       4.2G       1.6M        39M       290M
-/+ buffers/cache:       3.3G       4.5G
Swap:         8.0G         0B       8.0G

             total       used       free     shared    buffers     cached
Mem:          7.8G       3.7G       4.1G       1.6M        39M       290M
-/+ buffers/cache:       3.3G       4.5G
Swap:         8.0G         0B       8.0G

             total       used       free     shared    buffers     cached
Mem:          7.8G       3.7G       4.1G       1.6M        39M       290M
-/+ buffers/cache:       3.4G       4.4G
Swap:         8.0G         0B       8.0G

             total       used       free     shared    buffers     cached
Mem:          7.8G       3.7G       4.1G       1.6M        39M       290M
-/+ buffers/cache:       3.4G       4.4G
Swap:         8.0G         0B       8.0G

             total       used       free     shared    buffers     cached
Mem:          7.8G       3.7G       4.1G       1.6M        39M       290M
-/+ buffers/cache:       3.4G       4.4G
Swap:         8.0G         0B       8.0G

             total       used       free     shared    buffers     cached
Mem:          7.8G       3.7G       4.1G       1.6M        39M       290M
-/+ buffers/cache:       3.4G       4.4G
Swap:         8.0G         0B       8.0G

             total       used       free     shared    buffers     cached
Mem:          7.8G       3.7G       4.1G       1.6M        39M       290M
-/+ buffers/cache:       3.4G       4.4G
Swap:         8.0G         0B       8.0G

             total       used       free     shared    buffers     cached
Mem:          7.8G       3.7G       4.1G       1.6M        39M       290M
-/+ buffers/cache:       3.4G       4.4G
Swap:         8.0G         0B       8.0G

             total       used       free     shared    buffers     cached
Mem:          7.8G       3.7G       4.1G       1.6M        39M       290M
-/+ buffers/cache:       3.4G       4.4G
Swap:         8.0G         0B       8.0G

             total       used       free     shared    buffers     cached
Mem:          7.8G       3.8G       4.0G       1.6M        39M       290M
-/+ buffers/cache:       3.4G       4.4G
Swap:         8.0G         0B       8.0G

             total       used       free     shared    buffers     cached
Mem:          7.8G       3.8G       4.0G       1.6M        39M       290M
-/+ buffers/cache:       3.4G       4.4G
Swap:         8.0G         0B       8.0G

             total       used       free     shared    buffers     cached
Mem:          7.8G       3.8G       4.0G       1.6M        39M       290M
-/+ buffers/cache:       3.5G       4.3G
Swap:         8.0G         0B       8.0G

             total       used       free     shared    buffers     cached
Mem:          7.8G       3.8G       4.0G       1.6M        39M       290M
-/+ buffers/cache:       3.5G       4.3G
Swap:         8.0G         0B       8.0G

             total       used       free     shared    buffers     cached
Mem:          7.8G       3.8G       4.0G       1.6M        39M       290M
-/+ buffers/cache:       3.5G       4.3G
Swap:         8.0G         0B       8.0G

             total       used       free     shared    buffers     cached
Mem:          7.8G       3.8G       4.0G       1.6M        39M       290M
-/+ buffers/cache:       3.5G       4.3G
Swap:         8.0G         0B       8.0G

             total       used       free     shared    buffers     cached
Mem:          7.8G       3.8G       4.0G       1.6M        39M       290M
-/+ buffers/cache:       3.5G       4.3G
Swap:         8.0G         0B       8.0G

             total       used       free     shared    buffers     cached
Mem:          7.8G       3.9G       3.9G       5.3M        39M       294M
-/+ buffers/cache:       3.5G       4.3G
Swap:         8.0G         0B       8.0G

             total       used       free     shared    buffers     cached
Mem:          7.8G       3.9G       3.9G       1.7M        39M       290M
-/+ buffers/cache:       3.5G       4.3G
Swap:         8.0G         0B       8.0G

             total       used       free     shared    buffers     cached
Mem:          7.8G       3.9G       3.9G       1.6M        39M       290M
-/+ buffers/cache:       3.6G       4.2G
Swap:         8.0G         0B       8.0G

             total       used       free     shared    buffers     cached
Mem:          7.8G       3.9G       3.9G       1.6M        39M       290M
-/+ buffers/cache:       3.6G       4.2G
Swap:         8.0G         0B       8.0G

             total       used       free     shared    buffers     cached
Mem:          7.8G       3.9G       3.9G       1.6M        39M       290M
-/+ buffers/cache:       3.6G       4.2G
Swap:         8.0G         0B       8.0G

             total       used       free     shared    buffers     cached
Mem:          7.8G       3.9G       3.9G       1.6M        39M       290M
-/+ buffers/cache:       3.6G       4.2G
Swap:         8.0G         0B       8.0G

             total       used       free     shared    buffers     cached
Mem:          7.8G       3.9G       3.9G       1.6M        39M       290M
-/+ buffers/cache:       3.6G       4.2G
Swap:         8.0G         0B       8.0G

             total       used       free     shared    buffers     cached
Mem:          7.8G       3.9G       3.8G       1.6M        39M       290M
-/+ buffers/cache:       3.6G       4.2G
Swap:         8.0G         0B       8.0G

             total       used       free     shared    buffers     cached
Mem:          7.8G       4.0G       3.8G       1.6M        39M       290M
-/+ buffers/cache:       3.6G       4.2G
Swap:         8.0G         0B       8.0G

             total       used       free     shared    buffers     cached
Mem:          7.8G       4.0G       3.8G       1.6M        39M       290M
-/+ buffers/cache:       3.7G       4.1G
Swap:         8.0G         0B       8.0G

             total       used       free     shared    buffers     cached
Mem:          7.8G       4.0G       3.8G       1.6M        39M       290M
-/+ buffers/cache:       3.7G       4.1G
Swap:         8.0G         0B       8.0G

             total       used       free     shared    buffers     cached
Mem:          7.8G       4.0G       3.8G       1.6M        39M       290M
-/+ buffers/cache:       3.7G       4.1G
Swap:         8.0G         0B       8.0G

             total       used       free     shared    buffers     cached
Mem:          7.8G       4.0G       3.8G       1.6M        39M       290M
-/+ buffers/cache:       3.7G       4.1G
Swap:         8.0G         0B       8.0G

             total       used       free     shared    buffers     cached
Mem:          7.8G       4.0G       3.8G       1.6M        39M       290M
-/+ buffers/cache:       3.7G       4.1G
Swap:         8.0G         0B       8.0G

             total       used       free     shared    buffers     cached
Mem:          7.8G       4.0G       3.7G       1.6M        39M       290M
-/+ buffers/cache:       3.7G       4.1G
Swap:         8.0G         0B       8.0G

             total       used       free     shared    buffers     cached
Mem:          7.8G       4.1G       3.7G       1.6M        39M       290M
-/+ buffers/cache:       3.7G       4.1G
Swap:         8.0G         0B       8.0G

             total       used       free     shared    buffers     cached
Mem:          7.8G       4.1G       3.7G       1.6M        39M       290M
-/+ buffers/cache:       3.8G       4.0G
Swap:         8.0G         0B       8.0G

             total       used       free     shared    buffers     cached
Mem:          7.8G       4.1G       3.7G       1.6M        39M       290M
-/+ buffers/cache:       3.8G       4.0G
Swap:         8.0G         0B       8.0G

             total       used       free     shared    buffers     cached
Mem:          7.8G       4.1G       3.7G       1.6M        39M       290M
-/+ buffers/cache:       3.8G       4.0G
Swap:         8.0G         0B       8.0G

             total       used       free     shared    buffers     cached
Mem:          7.8G       4.1G       3.7G       1.6M        39M       290M
-/+ buffers/cache:       3.8G       4.0G
Swap:         8.0G         0B       8.0G

             total       used       free     shared    buffers     cached
Mem:          7.8G       4.1G       3.7G       1.6M        39M       290M
-/+ buffers/cache:       3.8G       4.0G
Swap:         8.0G         0B       8.0G

             total       used       free     shared    buffers     cached
Mem:          7.8G       4.1G       3.6G       1.6M        39M       290M
-/+ buffers/cache:       3.8G       4.0G
Swap:         8.0G         0B       8.0G

             total       used       free     shared    buffers     cached
Mem:          7.8G       4.2G       3.6G       1.6M        39M       290M
-/+ buffers/cache:       3.8G       4.0G
Swap:         8.0G         0B       8.0G

             total       used       free     shared    buffers     cached
Mem:          7.8G       4.2G       3.6G       1.6M        39M       290M
-/+ buffers/cache:       3.9G       3.9G
Swap:         8.0G         0B       8.0G

             total       used       free     shared    buffers     cached
Mem:          7.8G       4.2G       3.6G       1.6M        39M       290M
-/+ buffers/cache:       3.9G       3.9G
Swap:         8.0G         0B       8.0G

             total       used       free     shared    buffers     cached
Mem:          7.8G       4.2G       3.6G       1.6M        39M       290M
-/+ buffers/cache:       3.9G       3.9G
Swap:         8.0G         0B       8.0G

             total       used       free     shared    buffers     cached
Mem:          7.8G       4.2G       3.6G       1.6M        39M       290M
-/+ buffers/cache:       3.9G       3.9G
Swap:         8.0G         0B       8.0G

             total       used       free     shared    buffers     cached
Mem:          7.8G       4.2G       3.6G       1.6M        39M       290M
-/+ buffers/cache:       3.9G       3.9G
Swap:         8.0G         0B       8.0G

             total       used       free     shared    buffers     cached
Mem:          7.8G       4.2G       3.6G       1.6M        39M       290M
-/+ buffers/cache:       3.9G       3.9G
Swap:         8.0G         0B       8.0G

             total       used       free     shared    buffers     cached
Mem:          7.8G       4.2G       3.6G       1.6M        39M       290M
-/+ buffers/cache:       3.9G       3.9G
Swap:         8.0G         0B       8.0G

             total       used       free     shared    buffers     cached
Mem:          7.8G       4.2G       3.6G       1.6M        39M       290M
-/+ buffers/cache:       3.9G       3.9G
Swap:         8.0G         0B       8.0G

             total       used       free     shared    buffers     cached
Mem:          7.8G       4.2G       3.6G       1.6M        39M       290M
-/+ buffers/cache:       3.9G       3.9G
Swap:         8.0G         0B       8.0G

             total       used       free     shared    buffers     cached
Mem:          7.8G       4.2G       3.6G       1.6M        39M       290M
-/+ buffers/cache:       3.9G       3.9G
Swap:         8.0G         0B       8.0G

             total       used       free     shared    buffers     cached
Mem:          7.8G       4.2G       3.6G       1.6M        39M       290M
-/+ buffers/cache:       3.9G       3.9G
Swap:         8.0G         0B       8.0G

             total       used       free     shared    buffers     cached
Mem:          7.8G       4.2G       3.6G       1.6M        39M       290M
-/+ buffers/cache:       3.9G       3.9G
Swap:         8.0G         0B       8.0G

             total       used       free     shared    buffers     cached
Mem:          7.8G       4.2G       3.6G       1.6M        39M       290M
-/+ buffers/cache:       3.9G       3.9G
Swap:         8.0G         0B       8.0G

             total       used       free     shared    buffers     cached
Mem:          7.8G       4.2G       3.6G       1.6M        39M       290M
-/+ buffers/cache:       3.9G       3.9G
Swap:         8.0G         0B       8.0G
