Linux 4.4.0-142-generic (vm) 	2025-02-22 	_x86_64_	(1 CPU)

03:41:48     CPU    %usr   %nice    %sys %iowait    %irq   %soft  %steal  %guest  %gnice   %idle
03:41:49     all   51.00    0.00   19.00    0.00    0.00    0.00    0.00    0.00    0.00   30.00
03:41:50     all   12.00    0.00    2.00    1.00    0.00    0.00    0.00    0.00    0.00   85.00
03:41:51     all    0.00    0.00    1.00    0.00    0.00    0.00    0.00    0.00    0.00   99.00
03:41:52     all    0.00    0.00    0.00    0.00    0.00    0.00    0.00    0.00    0.00  100.00
03:41:53     all    0.00    0.00    0.00    6.06    0.00    0.00    0.00    0.00    0.00   93.94
03:41:54     all    0.00    0.00    0.99    0.00    0.00    0.00    0.00    0.00    0.00   99.01
03:41:55     all    0.00    0.00    0.00    8.16    0.00    0.00    0.00    0.00    0.00   91.84
03:41:56     all    0.99    0.00    0.00    0.00    0.00    0.00    0.00    0.00    0.00   99.01
03:41:57     all    9.09    0.00    2.02    0.00    0.00    0.00    0.00    0.00    0.00   88.89
03:41:58     all    0.00   16.16    4.04    1.01    0.00    0.00    0.00    0.00    0.00   78.79
03:41:59     all    7.00   88.00    5.00    0.00    0.00    0.00    0.00    0.00    0.00    0.00
03:42:00     all   21.21   58.59   15.15    2.02    0.00    0.00    0.00    0.00    0.00    3.03
03:42:01     all   20.79    0.00    3.96    9.90    0.00    0.00    0.00    0.00    0.00   65.35
03:42:02     all   11.00    0.00    2.00    0.00    0.00    0.00    0.00    0.00    0.00   87.00
03:42:03     all    0.00    0.00    0.00    0.00    0.00    0.00    0.00    0.00    0.00  100.00
03:42:04     all    0.00    0.00    0.00    0.00    0.00    0.00    0.00    0.00    0.00  100.00
03:42:05     all    0.00    0.00    0.99    0.00    0.00    0.00    0.00    0.00    0.00   99.01
03:42:06     all    1.01    0.00    0.00    7.07    0.00    0.00    0.00    0.00    0.00   91.92
03:42:07     all    0.00    0.00    0.00    0.00    0.00    0.00    0.00    0.00    0.00  100.00
03:42:08     all    0.00    0.00    0.00    0.00    0.00    0.00    0.00    0.00    0.00  100.00
03:42:09     all   12.12    0.00    3.03    0.00    0.00    0.00    0.00    0.00    0.00   84.85
03:42:10     all   16.67    0.00    5.88    0.98    0.00    0.00    0.00    0.00    0.00   76.47
03:42:11     all    0.00    0.00    0.00    7.07    0.00    0.00    0.00    0.00    0.00   92.93
03:42:12     all    0.00    0.00    0.00    0.00    0.00    0.00    0.00    0.00    0.00  100.00
03:42:13     all    0.00    0.00    0.00    0.00    0.00    0.00    0.00    0.00    0.00  100.00
03:42:14     all    0.99    0.00    0.00    0.00    0.00    0.00    0.00    0.00    0.00   99.01
03:42:15     all    0.00    0.00    0.00    0.00    0.00    0.00    0.00    0.00    0.00  100.00
03:42:16     all    0.00    0.00    0.00    0.00    0.00    0.00    0.00    0.00    0.00  100.00
03:42:17     all    0.00    0.00    1.00    7.00    0.00    0.00    0.00    0.00    0.00   92.00
03:42:18     all    0.00    0.00    0.00    0.00    0.00    0.00    0.00    0.00    0.00  100.00
03:42:19     all    0.00    0.00    0.00    0.00    0.00    0.00    0.00    0.00    0.00  100.00
03:42:20     all    0.00    0.00    0.00    0.00    0.00    0.00    0.00    0.00    0.00  100.00
03:42:21     all    0.00    0.00    0.00    0.00    0.00    0.00    0.00    0.00    0.00  100.00
03:42:22     all   18.89    0.00   14.44    4.44    0.00    3.33    0.00    0.00    0.00   58.89
03:42:23     all   19.79    0.00   17.71    0.00    0.00    3.12    0.00    0.00    0.00   59.38
03:42:24     all   17.78    0.00   15.56    0.00    0.00    3.33    0.00    0.00    0.00   63.33
03:42:25     all   22.45    0.00   19.39    0.00    0.00    1.02    0.00    0.00    0.00   57.14
03:42:26     all   17.24    0.00   12.64    0.00    0.00    3.45    0.00    0.00    0.00   66.67
03:42:27     all   22.73    0.00   17.05    4.55    0.00    2.27    0.00    0.00    0.00   53.41
03:42:28     all   35.87    0.00   10.87    0.00    0.00    2.17    0.00    0.00    0.00   51.09
03:42:29     all   15.38    0.00   17.58    0.00    0.00    4.40    0.00    0.00    0.00   62.64
03:42:30     all   17.58    0.00   13.19    0.00    0.00    5.49    0.00    0.00    0.00   63.74
03:42:31     all   29.03    0.00   18.28    0.00    0.00    2.15    0.00    0.00    0.00   50.54
03:42:32     all   24.72    0.00   13.48   12.36    0.00    3.37    0.00    0.00    0.00   46.07
03:42:33     all   15.05    0.00   21.51    2.15    0.00    5.38    0.00    0.00    0.00   55.91
03:42:34     all   37.76    0.00   20.41    0.00    0.00    1.02    0.00    0.00    0.00   40.82
03:42:35     all   18.60    0.00   20.93    0.00    0.00    2.33    0.00    0.00    0.00   58.14
03:42:36     all   18.68    0.00   20.88    0.00    0.00    3.30    0.00    0.00    0.00   57.14
03:42:37     all   21.98    0.00   19.78    0.00    0.00    3.30    0.00    0.00    0.00   54.95
03:42:38     all   16.67    0.00   23.33    4.44    0.00    2.22    0.00    0.00    0.00   53.33
03:42:39     all   15.73    0.00   25.84    0.00    0.00    3.37    0.00    0.00    0.00   55.06
03:42:40     all   15.38    0.00   25.27    0.00    0.00    5.49    0.00    0.00    0.00   53.85
03:42:41     all   13.33    0.00   23.33    0.00    0.00    2.22    0.00    0.00    0.00   61.11
03:42:42     all   17.24    0.00   22.99    0.00    0.00    3.45    0.00    0.00    0.00   56.32
03:42:43     all   19.59    0.00   26.80   12.37    0.00    3.09    0.00    0.00    0.00   38.14
03:42:44     all   25.53    0.00   20.21    0.00    0.00    1.06    0.00    0.00    0.00   53.19
03:42:45     all   20.00    0.00   21.11    0.00    0.00    4.44    0.00    0.00    0.00   54.44
03:42:46     all   18.48    0.00   22.83    0.00    0.00    1.09    0.00    0.00    0.00   57.61
03:42:47     all   16.09    0.00   22.99    0.00    0.00    3.45    0.00    0.00    0.00   57.47
03:42:48     all   20.65    0.00   21.74    4.35    0.00    3.26    0.00    0.00    0.00   50.00
03:42:49     all   70.00    0.00    9.00    0.00    0.00    1.00    0.00    0.00    0.00   20.00
03:42:50     all   20.22    0.00   20.22    7.87    0.00    1.12    0.00    0.00    0.00   50.56
03:42:51     all   22.99    0.00   18.39    0.00    0.00    3.45    0.00    0.00    0.00   55.17
03:42:52     all   12.09    0.00   28.57    0.00    0.00    2.20    0.00    0.00    0.00   57.14
03:42:53     all   16.85    0.00   20.22    0.00    0.00    3.37    0.00    0.00    0.00   59.55
03:42:54     all   13.33    0.00   24.44    0.00    0.00    3.33    0.00    0.00    0.00   58.89
03:42:55     all   19.77    0.00   17.44    4.65    0.00    2.33    0.00    0.00    0.00   55.81
03:42:56     all   20.88    0.00   20.88    0.00    0.00    3.30    0.00    0.00    0.00   54.95
03:42:57     all   28.28    0.00   24.24    2.02    0.00    4.04    0.00    0.00    0.00   41.41
03:42:58     all   28.89    0.00   16.67    0.00    0.00    3.33    0.00    0.00    0.00   51.11
03:42:59     all   27.08    0.00   19.79    5.21    0.00    3.12    0.00    0.00    0.00   44.79
03:43:00     all   14.61    0.00   26.97   23.60    0.00    3.37    0.00    0.00    0.00   31.46
03:43:01     all   25.00    0.00   19.57    3.26    0.00    2.17    0.00    0.00    0.00   50.00
03:43:02     all   19.79    0.00   23.96    0.00    0.00    4.17    0.00    0.00    0.00   52.08
03:43:03     all   20.21    0.00   20.21    0.00    0.00    4.26    0.00    0.00    0.00   55.32
03:43:04     all   18.28    0.00   26.88    0.00    0.00    2.15    0.00    0.00    0.00   52.69
03:43:05     all   20.22    0.00   15.73   58.43    0.00    5.62    0.00    0.00    0.00    0.00
03:43:06     all   16.30    0.00   25.00   28.26    0.00    3.26    0.00    0.00    0.00   27.17
03:43:07     all   19.10    0.00   23.60    0.00    0.00    2.25    0.00    0.00    0.00   55.06
03:43:08     all   18.89    0.00   25.56    0.00    0.00    3.33    0.00    0.00    0.00   52.22
03:43:09     all   16.30    0.00   21.74    0.00    0.00    4.35    0.00    0.00    0.00   57.61
03:43:10     all   26.04    0.00   22.92   30.21    0.00    2.08    0.00    0.00    0.00   18.75
03:43:11     all   27.84    0.00   21.65   45.36    0.00    5.15    0.00    0.00    0.00    0.00
03:43:12     all   29.90    0.00   16.49   24.74    0.00    4.12    0.00    0.00    0.00   24.74
03:43:13     all   66.06    0.00    7.34    0.00    0.00    0.00    0.00    0.00    0.00   26.61
03:43:14     all   63.39    0.00    8.04    0.89    0.00    1.79    0.00    0.00    0.00   25.89
03:43:15     all   73.15    0.00    4.63    2.78    0.00    0.00    0.00    0.00    0.00   19.44
03:43:16     all   77.98    0.00    0.92    3.67    0.00    0.92    0.00    0.00    0.00   16.51
03:43:17     all   79.09    0.00    2.73    0.00    0.00    0.91    0.00    0.00    0.00   17.27
03:43:18     all   82.14    0.00    1.79    0.89    0.00    0.00    0.00    0.00    0.00   15.18
03:43:19     all   83.93    0.00    0.00    0.89    0.00    0.00    0.00    0.00    0.00   15.18
03:43:20     all   83.93    0.00    0.89    0.00    0.00    0.00    0.00    0.00    0.00   15.18
03:43:21     all   87.85    0.00    0.93    4.67    0.00    0.00    0.00    0.00    0.00    6.54
03:43:22     all   82.46    0.00    0.88    0.88    0.00    0.88    0.00    0.00    0.00   14.91
03:43:23     all   85.45    0.00    0.91    0.91    0.00    0.00    0.00    0.00    0.00   12.73
03:43:24     all   85.59    0.00    0.90    0.90    0.00    0.00    0.00    0.00    0.00   12.61
03:43:25     all   85.59    0.00    0.00    0.90    0.00    0.90    0.00    0.00    0.00   12.61
03:43:26     all   86.36    0.00    0.91    7.27    0.00    0.00    0.00    0.00    0.00    5.45
03:43:27     all   89.09    0.00    0.91    0.91    0.00    0.00    0.00    0.00    0.00    9.09
03:43:28     all   87.39    0.00    0.00    0.90    0.00    0.00    0.00    0.00    0.00   11.71
03:43:29     all   89.72    0.00    1.87    0.00    0.00    0.00    0.00    0.00    0.00    8.41
03:43:30     all   86.00    0.00   14.00    0.00    0.00    0.00    0.00    0.00    0.00    0.00
03:43:31     all   85.86    0.00   14.14    0.00    0.00    0.00    0.00    0.00    0.00    0.00
03:43:32     all   92.08    0.00    7.92    0.00    0.00    0.00    0.00    0.00    0.00    0.00
03:43:33     all  100.00    0.00    0.00    0.00    0.00    0.00    0.00    0.00    0.00    0.00
03:43:34     all   88.89    0.00   11.11    0.00    0.00    0.00    0.00    0.00    0.00    0.00
03:43:35     all   88.00    0.00   12.00    0.00    0.00    0.00    0.00    0.00    0.00    0.00
03:43:36     all   82.00    0.00   18.00    0.00    0.00    0.00    0.00    0.00    0.00    0.00
03:43:37     all   90.00    0.00   10.00    0.00    0.00    0.00    0.00    0.00    0.00    0.00
03:43:38     all   78.00    0.00   22.00    0.00    0.00    0.00    0.00    0.00    0.00    0.00
03:43:39     all   85.15    0.00   14.85    0.00    0.00    0.00    0.00    0.00    0.00    0.00
03:43:40     all   82.00    0.00   18.00    0.00    0.00    0.00    0.00    0.00    0.00    0.00
03:43:41     all   88.24    0.00    8.82    0.98    0.00    0.00    0.00    0.00    0.00    1.96
03:43:42     all   82.14    0.00    0.00   13.39    0.00    0.89    0.00    0.00    0.00    3.57
03:43:43     all   74.55    0.00    2.73   21.82    0.00    0.91    0.00    0.00    0.00    0.00
03:43:44     all   81.08    0.00    0.90   17.12    0.00    0.90    0.00    0.00    0.00    0.00
03:43:45     all   81.98    0.00    1.80    5.41    0.00    0.00    0.00    0.00    0.00   10.81
03:43:46     all   81.98    0.00    0.90    0.90    0.00    0.00    0.00    0.00    0.00   16.22
03:43:47     all   84.68    0.00    0.90    2.70    0.00    0.00    0.00    0.00    0.00   11.71
03:43:48     all   83.78    0.00    2.70    1.80    0.00    0.00    0.00    0.00    0.00   11.71
03:43:49     all   91.67    0.00    0.00    0.93    0.00    0.00    0.00    0.00    0.00    7.41
03:43:50     all   89.91    0.00    0.00    0.92    0.00    0.92    0.00    0.00    0.00    8.26
03:43:51     all   90.91    0.00    0.00    0.91    0.00    0.00    0.00    0.00    0.00    8.18
03:43:52     all   89.91    0.00    0.92    0.00    0.00    0.00    0.00    0.00    0.00    9.17
03:43:53     all   89.09    0.00    0.00    3.64    0.00    0.00    0.00    0.00    0.00    7.27
03:43:54     all   88.29    0.00    0.90    0.90    0.00    0.00    0.00    0.00    0.00    9.91
03:43:55     all   89.09    0.00    0.00    0.91    0.00    0.00    0.00    0.00    0.00   10.00
03:43:56     all   89.91    0.00    0.00    0.00    0.00    0.00    0.00    0.00    0.00   10.09
03:43:57     all   88.18    0.00    1.82    1.82    0.00    0.00    0.00    0.00    0.00    8.18
03:43:58     all   92.52    0.00    0.93    1.87    0.00    0.00    0.00    0.00    0.00    4.67
03:43:59     all   91.59    0.00    0.00    0.93    0.00    0.00    0.00    0.00    0.00    7.48
03:44:00     all   90.09    0.00    0.90    0.90    0.00    0.00    0.00    0.00    0.00    8.11
03:44:01     all   80.95    0.00    8.57    4.76    0.00    0.00    0.00    0.00    0.00    5.71
03:44:02     all   92.52    0.00    0.93    0.93    0.00    0.00    0.00    0.00    0.00    5.61
03:44:03     all   92.45    0.00    0.00    1.89    0.00    0.00    0.00    0.00    0.00    5.66
03:44:04     all   91.74    0.00    0.92    7.34    0.00    0.00    0.00    0.00    0.00    0.00
03:44:05     all   93.46    0.00    0.00    0.00    0.00    0.00    0.00    0.00    0.00    6.54
03:44:06     all   92.52    0.00    0.00    0.93    0.00    0.00    0.00    0.00    0.00    6.54
03:44:07     all   93.40    0.00    0.00    0.94    0.00    0.00    0.00    0.00    0.00    5.66
03:44:08     all   94.39    0.00    0.00    0.93    0.00    0.00    0.00    0.00    0.00    4.67
03:44:09     all   94.29    0.00    0.00    0.95    0.00    0.00    0.00    0.00    0.00    4.76
03:44:10     all   94.29    0.00    0.00    0.95    0.00    0.00    0.00    0.00    0.00    4.76
03:44:11     all   92.52    0.00    0.93    0.93    0.00    0.00    0.00    0.00    0.00    5.61
03:44:12     all   94.34    0.00    0.00    0.00    0.00    0.00    0.00    0.00    0.00    5.66
03:44:13     all   92.45    0.00    0.00    0.94    0.00    0.00    0.00    0.00    0.00    6.60
03:44:14     all   92.45    0.00    0.94    0.94    0.00    0.00    0.00    0.00    0.00    5.66
03:44:15     all   90.83    0.00    0.00    1.83    0.00    0.92    0.00    0.00    0.00    6.42
03:44:16     all   93.46    0.00    0.00    0.00    0.00    0.00    0.00    0.00    0.00    6.54
03:44:17     all   93.40    0.00    0.00    0.94    0.00    0.00    0.00    0.00    0.00    5.66
03:44:18     all   93.40    0.00    0.00    0.94    0.00    0.00    0.00    0.00    0.00    5.66
03:44:19     all   91.59    0.00    0.93    1.87    0.00    0.00    0.00    0.00    0.00    5.61
03:44:20     all   92.52    0.00    0.00    1.87    0.00    0.00    0.00    0.00    0.00    5.61
03:44:21     all   92.45    0.00    0.00    0.94    0.00    0.00    0.00    0.00    0.00    6.60
03:44:22     all   92.59    0.00    0.00    0.93    0.00    0.93    0.00    0.00    0.00    5.56
03:44:23     all   92.45    0.00    0.00    0.00    0.00    0.00    0.00    0.00    0.00    7.55
03:44:24     all   91.67    0.00    0.00    0.93    0.00    0.00    0.00    0.00    0.00    7.41
03:44:25     all   90.00    0.00    0.00    1.82    0.00    0.00    0.00    0.00    0.00    8.18
03:44:26     all   90.74    0.00    1.85    0.00    0.00    0.00    0.00    0.00    0.00    7.41
03:44:27     all   92.52    0.00    0.00    0.93    0.00    0.00    0.00    0.00    0.00    6.54
03:44:28     all   89.09    0.00    0.91    1.82    0.00    0.00    0.00    0.00    0.00    8.18
03:44:29     all   91.74    0.00    0.00    0.92    0.00    0.00    0.00    0.00    0.00    7.34
03:44:30     all   92.52    0.00    0.00    0.93    0.00    0.00    0.00    0.00    0.00    6.54
03:44:31     all   88.99    0.00    0.92    0.92    0.00    0.00    0.00    0.00    0.00    9.17
03:44:32     all   90.74    0.00    0.00    0.93    0.00    0.00    0.00    0.00    0.00    8.33
03:44:33     all   91.67    0.00    0.00    0.93    0.00    0.00    0.00    0.00    0.00    7.41
03:44:34     all   90.00    0.00    0.00    0.91    0.00    0.00    0.00    0.00    0.00    9.09
03:44:35     all   92.59    0.00    0.00    1.85    0.00    0.00    0.00    0.00    0.00    5.56
03:44:36     all   93.46    0.00    0.00    0.00    0.00    0.00    0.00    0.00    0.00    6.54
03:44:37     all   91.67    0.00    0.00    0.93    0.00    0.00    0.00    0.00    0.00    7.41
03:44:38     all   90.00    0.00    0.91    0.91    0.00    0.00    0.00    0.00    0.00    8.18
03:44:39     all   91.59    0.00    0.93    0.93    0.00    0.00    0.00    0.00    0.00    6.54
03:44:40     all   89.81    0.00    0.93    0.93    0.00    0.00    0.00    0.00    0.00    8.33
03:44:41     all   93.40    0.00    0.00    2.83    0.00    0.00    0.00    0.00    0.00    3.77
03:44:42     all   91.67    0.00    0.00    0.93    0.00    0.00    0.00    0.00    0.00    7.41
03:44:43     all   93.27    0.00    0.00    0.00    0.00    0.00    0.00    0.00    0.00    6.73
03:44:44     all   90.74    0.00    0.00    1.85    0.00    0.00    0.00    0.00    0.00    7.41
03:44:45     all   91.67    0.00    0.93    0.00    0.00    0.00    0.00    0.00    0.00    7.41
03:44:46     all   89.91    0.00    0.92    1.83    0.00    0.00    0.00    0.00    0.00    7.34
03:44:47     all   91.43    0.00    1.90    0.00    0.00    0.00    0.00    0.00    0.00    6.67
03:44:48     all   77.60    0.00    0.00    0.80    0.00    0.00    0.00    0.00    0.00   21.60
Average:     all   56.30    0.89    6.83    2.64    0.00    0.86    0.00    0.00    0.00   32.48
