>>> Readying Destination to Recieve VM
>>> Tap Device tap0 Already in Use
>>> Successfull Started Destination
>>> Tap Device tap0 Already in Use
>>> Starting VM in Source
>>> VM Up & Running
>>> Starting Memcached in VM
>>> Started Memcached in VM, Process ID : 2125
>>> Starting Memaslap in Client
>>> Started Memaslap in Client, Process ID : 37585
>>> Enabling XBZRLE
{"QMP": {"version": {"qemu": {"micro": 2, "minor": 1, "major": 8}, "package": ""}, "capabilities": ["oob"]}}
{"return": {}}
{"return": {}}
{"QMP": {"version": {"qemu": {"micro": 2, "minor": 1, "major": 8}, "package": ""}, "capabilities": ["oob"]}}
{"return": {}}
{"return": {}}
{"QMP": {"version": {"qemu": {"micro": 2, "minor": 1, "major": 8}, "package": ""}, "capabilities": ["oob"]}}
{"return": {}}
Starting PreCopy Migartion
{"return": {}}
Starting Iterations ...
Iteration 1 
# Pages Selected to Transfer : 1052882
Iteration 0 
# Pages Received in Current Iteration : 0
Iteration 1 
# Pages Transferred in Current Iteration : 1052882
Fake Dirty Count : 0
Iteration 2 
# Pages Selected to Transfer : 63651
# Pages Received in Current Iteration : 1052882
Iteration 2 
# Pages Transferred in Current Iteration : 63651
Fake Dirty Count : 44225
Iteration 3 
# Pages Selected to Transfer : 8544
# Pages Received in Current Iteration : 63651
Iteration 3 
# Pages Transferred in Current Iteration : 6997
Fake Dirty Count : 4835
Iteration 4 
# Pages Selected to Transfer : 1339
Function : migration_completion 
# Pages Transferred in Current Iteration : 826
Fake Dirty Count : 787
# Pages Received in Current Iteration : 6997
Iteration 4 
# Pages Received in Current Iteration : 826
>>> Checking for Migration Status
>>> Migration Completed
root@10.22.196.195:/home/vmuser/Desktop/cpu_usage.log
/mnt/nfs/samindu/mrmpplm/Data-and-Logs/Experiment-Data/final_2025-02-16_1/Memcached_2025-02-16_1/XBZRLE_PreCopy_2025-02-16_1/RAM4096/Experiment10
receiving incremental file list
cpu_usage.log
              0   0%    0.00kB/s    0:00:00           17,714 100%   16.89MB/s    0:00:00 (xfr#1, to-chk=0/1)

sent 43 bytes  received 17,810 bytes  11,902.00 bytes/sec
total size is 17,714  speedup is 0.99
root@10.22.196.195:/home/vmuser/Desktop/mem_usage.log
/mnt/nfs/samindu/mrmpplm/Data-and-Logs/Experiment-Data/final_2025-02-16_1/Memcached_2025-02-16_1/XBZRLE_PreCopy_2025-02-16_1/RAM4096/Experiment10
receiving incremental file list
mem_usage.log
              0   0%    0.00kB/s    0:00:00           69,299 100%   66.09MB/s    0:00:00 (xfr#1, to-chk=0/1)

sent 43 bytes  received 69,408 bytes  46,300.67 bytes/sec
total size is 69,299  speedup is 1.00
root@10.22.196.195:/home/vmuser/Desktop/net_usage.log
/mnt/nfs/samindu/mrmpplm/Data-and-Logs/Experiment-Data/final_2025-02-16_1/Memcached_2025-02-16_1/XBZRLE_PreCopy_2025-02-16_1/RAM4096/Experiment10
receiving incremental file list
net_usage.log
              0   0%    0.00kB/s    0:00:00            9,483 100%    9.04MB/s    0:00:00 (xfr#1, to-chk=0/1)

sent 43 bytes  received 9,579 bytes  6,414.67 bytes/sec
total size is 9,483  speedup is 0.99
